
 KGRN: job = CuMg_1.62_3.35 isno =   0 Func = SCA

           Shape function for IQ =  1

           Shape function for IQ =  2

 Mgaunt:   Generate real Gaunt numbers

 Setsym:   Set up the site-group symmetry elements for IQ=  1

           E     C3-   C211  C212  sigm  c3-   c211  c212


 Setsym:   Set up the site-group symmetry elements for IQ=  2

           E     C3-   C211  C212  sigm  c3-   c211  c212


           The irreducible Brillouin zone will be increased 
           by applying the following missing symmetry elements:

           C3+   C221  c3+   c221  I3+   I221  i3+   i221

 Atomc:    Atomic calculations for: Cu  

 Atomc:    Atomic calculations converged

           Number of core electrons  17.99995748
 Atomc:    Atomic calculations for: Mg  

 Atomc:    Atomic calculations converged

           Number of core electrons   9.99965387

 KMESHMP : Monkhorst-Pack k-mesh parameters, NKX,NKY,NKZ= 21 21 21

 Setkms:   NKVEC =     1331

 Blochs:   Bloch sum of slope matrix => array
  1  1  -1.10  3.2353 -1.4915  0.3979 -0.1416  0.0540 -0.0210  0.0076
  2  1  -1.08  3.1341 -1.4417  0.3718 -0.1279  0.0471 -0.0177  0.0062
  3  1  -1.00  2.7478 -1.2361  0.2733 -0.0806  0.0255 -0.0082  0.0025
  4  1  -0.84  2.1178 -0.8383  0.1257 -0.0251  0.0054 -0.0012  0.0002
  5  1  -0.64  1.4816 -0.3376  0.0204 -0.0016  0.0001 -0.0000  0.0000
  6  1  -0.44  1.2811  0.1549  0.0043  0.0002  0.0000  0.0000  0.0000
  7  1  -0.28  1.7561  0.5676  0.0576  0.0078  0.0011  0.0002  0.0000
  8  1  -0.16  2.1616  0.8688  0.1350  0.0280  0.0062  0.0014  0.0003
  9  1  -0.08  2.4545  1.0615  0.2016  0.0510  0.0138  0.0038  0.0010
 10  1  -0.04  2.6349  1.1709  0.2452  0.0685  0.0205  0.0062  0.0018
 11  1  -0.02  2.7320  1.2271  0.2693  0.0788  0.0247  0.0079  0.0024
 12  1  -0.01  2.7787  1.2535  0.2810  0.0840  0.0269  0.0088  0.0027
 13  1  -0.00  2.7989  1.2647  0.2861  0.0863  0.0279  0.0092  0.0028
 14  1  -0.00  2.8064  1.2689  0.2880  0.0872  0.0283  0.0093  0.0029
 15  1  -0.00  2.8086  1.2702  0.2886  0.0874  0.0284  0.0094  0.0029
 16  1  -0.00  2.8090  1.2704  0.2887  0.0875  0.0284  0.0094  0.0029

 Slfcns:   Start LDA iterations by KKR, XC = Perdew-Wang 96 LDA, Soft-core-A 

 Wmsg: Iteration     1 Etot =    -399.027468 err =  3.85501872
       Dyson loops  31 EF   =      -0.046516 err =  0.04272017 DOS(E_F)=   11.23 hx = 0.10100
       QSCA =  0.0034
       QCPA =  0.2130  0.0000

 Wmsg: Iteration     2 Etot =    -399.031983 err =  0.00451527
       Dyson loops  31 EF   =      -0.073764 err =  0.02832339 DOS(E_F)=   14.52 hx = 0.08080
       QSCA =  0.0060
       QCPA =  0.3355  0.0000

 Wmsg: Iteration     3 Etot =    -399.035321 err =  0.00333819
       Dyson loops  31 EF   =      -0.111287 err =  0.03794868 DOS(E_F)=   11.94 hx = 0.06464
       QSCA =  0.0076
       QCPA =  0.4057  0.0000

 Wmsg: Iteration     4 Etot =    -399.042552 err =  0.00723036
       Dyson loops  31 EF   =      -0.111170 err =  0.00083715 DOS(E_F)=    9.00 hx = 0.05171
       QSCA =  0.0085
       QCPA =  0.4499  0.0000

 Wmsg: Iteration     5 Etot =    -399.043718 err =  0.00116671
       Dyson loops  31 EF   =      -0.125587 err =  0.01479733 DOS(E_F)=   13.54 hx = 0.04137
       QSCA =  0.0093
       QCPA =  0.4749  0.0000

 Wmsg: Iteration     6 Etot =    -399.044124 err =  0.00040597
       Dyson loops  31 EF   =      -0.121429 err =  0.00395221 DOS(E_F)=   11.36 hx = 0.02068
       QSCA =  0.0097
       QCPA =  0.4900  0.0000

 Wmsg: Iteration     7 Etot =    -399.045733 err =  0.00160895
       Dyson loops  31 EF   =      -0.119925 err =  0.00132005 DOS(E_F)=    8.26 hx = 0.01034
       QSCA =  0.0101
       QCPA =  0.4998  0.0000

 Update:   Potential etc. stored on FOR002

 Wmsg: Iteration     8 Etot =    -399.046608 err =  0.00087432
       Dyson loops  31 EF   =      -0.118977 err =  0.00082495 DOS(E_F)=   11.18 hx = 0.00517
       QSCA =  0.0104
       QCPA =  0.5058  0.0000

 Wmsg: Iteration     9 Etot =    -399.047077 err =  0.00046907
       Dyson loops  31 EF   =      -0.124578 err =  0.00578148 DOS(E_F)=   13.75 hx = 0.00578
       QSCA =  0.0106
       QCPA =  0.5094  0.0000

 Wmsg: Iteration    10 Etot =    -399.047346 err =  0.00026951
       Dyson loops  31 EF   =      -0.122561 err =  0.00198263 DOS(E_F)=    8.27 hx = 0.00289
       QSCA =  0.0107
       QCPA =  0.5122  0.0000

 Wmsg: Iteration    11 Etot =    -399.047526 err =  0.00017988
       Dyson loops  31 EF   =      -0.121228 err =  0.00126931 DOS(E_F)=   10.77 hx = 0.00145
       QSCA =  0.0108
       QCPA =  0.5138  0.0000

 Wmsg: Iteration    12 Etot =    -399.047705 err =  0.00017910
       Dyson loops  31 EF   =      -0.121063 err =  0.00009773 DOS(E_F)=   13.73 hx = 0.00100
       QSCA =  0.0109
       QCPA =  0.5146  0.0000

 Wmsg: Iteration    13 Etot =    -399.047809 err =  0.00010412
       Dyson loops  31 EF   =      -0.121668 err =  0.00063453 DOS(E_F)=   13.74 hx = 0.00100
       QSCA =  0.0110
       QCPA =  0.5152  0.0000

 Wmsg: Iteration    14 Etot =    -399.047879 err =  0.00006924
       Dyson loops  31 EF   =      -0.121505 err =  0.00014200 DOS(E_F)=   13.75 hx = 0.00100
       QSCA =  0.0110
       QCPA =  0.5156  0.0000

 Update:   Potential etc. stored on FOR002

 Wmsg: Iteration    15 Etot =    -399.047933 err =  0.00005467
       Dyson loops  31 EF   =      -0.121565 err =  0.00007399 DOS(E_F)=   13.76 hx = 0.00100
       QSCA =  0.0111
       QCPA =  0.5158  0.0000

 Wmsg: Iteration    16 Etot =    -399.047971 err =  0.00003778
       Dyson loops  31 EF   =      -0.121652 err =  0.00009682 DOS(E_F)=   13.75 hx = 0.00100
       QSCA =  0.0111
       QCPA =  0.5160  0.0000

 Wmsg: Iteration    17 Etot =    -399.047998 err =  0.00002740
       Dyson loops  31 EF   =      -0.121727 err =  0.00008199 DOS(E_F)=   13.75 hx = 0.00100
       QSCA =  0.0111
       QCPA =  0.5161  0.0000

 Wmsg: Iteration    18 Etot =    -399.048018 err =  0.00001996
       Dyson loops  31 EF   =      -0.121784 err =  0.00006305 DOS(E_F)=   13.75 hx = 0.00100
       QSCA =  0.0111
       QCPA =  0.5162  0.0000

 Wmsg: Iteration    19 Etot =    -399.048033 err =  0.00001458
       Dyson loops  31 EF   =      -0.121827 err =  0.00004699 DOS(E_F)=   13.76 hx = 0.00100
       QSCA =  0.0111
       QCPA =  0.5162  0.0000

 Wmsg: Iteration    20 Etot =    -399.048044 err =  0.00001066
       Dyson loops  31 EF   =      -0.121859 err =  0.00003465 DOS(E_F)=   13.76 hx = 0.00100
       QSCA =  0.0111
       QCPA =  0.5163  0.0000

 Wmsg: Iteration    21 Etot =    -399.048051 err =  0.00000780
       Dyson loops  31 EF   =      -0.121883 err =  0.00002547 DOS(E_F)=   13.76 hx = 0.00100
       QSCA =  0.0111
       QCPA =  0.5163  0.0000

 Update:   Potential etc. stored on FOR002

 Wmsg: Iteration    22 Etot =    -399.048057 err =  0.00000571
       Dyson loops  31 EF   =      -0.121900 err =  0.00001871 DOS(E_F)=   13.76 hx = 0.00100
       QSCA =  0.0111
       QCPA =  0.5163  0.0000

 Wmsg: Iteration    23 Etot =    -399.048061 err =  0.00000419
       Dyson loops  31 EF   =      -0.121912 err =  0.00001375 DOS(E_F)=   13.76 hx = 0.00100
       QSCA =  0.0111
       QCPA =  0.5163  0.0000

 Wmsg: Iteration    24 Etot =    -399.048064 err =  0.00000307
       Dyson loops  31 EF   =      -0.121922 err =  0.00001010 DOS(E_F)=   13.76 hx = 0.00100
       QSCA =  0.0111
       QCPA =  0.5163  0.0000

 Wmsg: Iteration    25 Etot =    -399.048067 err =  0.00000225
       Dyson loops  31 EF   =      -0.121928 err =  0.00000743 DOS(E_F)=   13.77 hx = 0.00100
       QSCA =  0.0111
       QCPA =  0.5163  0.0000

 Wmsg: Iteration    26 Etot =    -399.048068 err =  0.00000166
       Dyson loops  31 EF   =      -0.121933 err =  0.00000547 DOS(E_F)=   13.77 hx = 0.00100
       QSCA =  0.0111
       QCPA =  0.5163  0.0000

 Wmsg: Iteration    27 Etot =    -399.048070 err =  0.00000122
       Dyson loops  31 EF   =      -0.121937 err =  0.00000402 DOS(E_F)=   13.77 hx = 0.00100
       QSCA =  0.0111
       QCPA =  0.5163  0.0000

 Wmsg: Iteration    28 Etot =    -399.048070 err =  0.00000089
       Dyson loops  31 EF   =      -0.121940 err =  0.00000296 DOS(E_F)=   13.77 hx = 0.00100
       QSCA =  0.0111
       QCPA =  0.5163  0.0000

 Update:   Potential etc. stored on FOR002

 Wmsg: Iteration    29 Etot =    -399.048071 err =  0.00000065
       Dyson loops  31 EF   =      -0.121942 err =  0.00000218 DOS(E_F)=   13.77 hx = 0.00100
       QSCA =  0.0111
       QCPA =  0.5163  0.0000

 Wmsg: Iteration    30 Etot =    -399.048072 err =  0.00000048
       Dyson loops  31 EF   =      -0.121943 err =  0.00000161 DOS(E_F)=   13.77 hx = 0.00100
       QSCA =  0.0111
       QCPA =  0.5163  0.0000

 Wmsg: Iteration    31 Etot =    -399.048072 err =  0.00000035
       Dyson loops  31 EF   =      -0.121944 err =  0.00000119 DOS(E_F)=   13.77 hx = 0.00100
       QSCA =  0.0111
       QCPA =  0.5163  0.0000

 Wmsg: Iteration    32 Etot =    -399.048072 err =  0.00000026
       Dyson loops  31 EF   =      -0.121945 err =  0.00000088 DOS(E_F)=   13.77 hx = 0.00100
       QSCA =  0.0111
       QCPA =  0.5163  0.0000

 Wmsg: Iteration    33 Etot =    -399.048072 err =  0.00000019
       Dyson loops  31 EF   =      -0.121946 err =  0.00000065 DOS(E_F)=   13.77 hx = 0.00100
       QSCA =  0.0111
       QCPA =  0.5163  0.0000

 Wmsg: Iteration    34 Etot =    -399.048073 err =  0.00000014
       Dyson loops  31 EF   =      -0.121946 err =  0.00000048 DOS(E_F)=   13.77 hx = 0.00100
       QSCA =  0.0111
       QCPA =  0.5163  0.0000

 Wmsg: Iteration    35 Etot =    -399.048073 err =  0.00000010
       Dyson loops  31 EF   =      -0.121947 err =  0.00000035 DOS(E_F)=   13.77 hx = 0.00100
       QSCA =  0.0111
       QCPA =  0.5163  0.0000

 Update:   Potential etc. stored on FOR002

 Wmsg: Iteration    36 Etot =    -399.048073 err =  0.00000008
       Dyson loops  31 EF   =      -0.121947 err =  0.00000026 DOS(E_F)=   13.77 hx = 0.00100
       QSCA =  0.0111
       QCPA =  0.5163  0.0000

 Wmsg: Iteration    37 Etot =    -399.048073 err =  0.00000006
       Dyson loops  31 EF   =      -0.121947 err =  0.00000019 DOS(E_F)=   13.77 hx = 0.00100
       QSCA =  0.0111
       QCPA =  0.5163  0.0000

 Wmsg: Iteration    38 Etot =    -399.048073 err =  0.00000004
       Dyson loops  31 EF   =      -0.121947 err =  0.00000014 DOS(E_F)=   13.77 hx = 0.00100
       QSCA =  0.0111
       QCPA =  0.5163  0.0000

 Wmsg: Iteration    39 Etot =    -399.048073 err =  0.00000003
       Dyson loops  31 EF   =      -0.121947 err =  0.00000011 DOS(E_F)=   13.77 hx = 0.00100
       QSCA =  0.0111
       QCPA =  0.5163  0.0000

 Wmsg: Iteration    40 Etot =    -399.048073 err =  0.00000002
       Dyson loops  31 EF   =      -0.121947 err =  0.00000008 DOS(E_F)=   13.77 hx = 0.00100
       QSCA =  0.0111
       QCPA =  0.5163  0.0000

 Wmsg: Iteration    41 Etot =    -399.048073 err =  0.00000002
       Dyson loops  31 EF   =      -0.121947 err =  0.00000006 DOS(E_F)=   13.77 hx = 0.00100
       QSCA =  0.0111
       QCPA =  0.5163  0.0000

 Wmsg: Iteration    42 Etot =    -399.048073 err =  0.00000001
       Dyson loops  31 EF   =      -0.121947 err =  0.00000004 DOS(E_F)=   13.77 hx = 0.00100
       QSCA =  0.0111
       QCPA =  0.5163  0.0000

 Update:   Potential etc. stored on FOR002

 Wmsg: Iteration    43 Etot =    -399.048073 err =  0.00000001
       Dyson loops  31 EF   =      -0.121947 err =  0.00000003 DOS(E_F)=   13.77 hx = 0.00100
       QSCA =  0.0111
       QCPA =  0.5163  0.0000

 Wmsg: Iteration    44 Etot =    -399.048073 err =  0.00000001
       Dyson loops  31 EF   =      -0.121948 err =  0.00000002 DOS(E_F)=   13.77 hx = 0.00100
       QSCA =  0.0111
       QCPA =  0.5163  0.0000

 Wmsg: Iteration    45 Etot =    -399.048073 err =  0.00000000
       Dyson loops  31 EF   =      -0.121948 err =  0.00000002 DOS(E_F)=   13.77 hx = 0.00100
       QSCA =  0.0111
       QCPA =  0.5163  0.0000

 Wmsg: Iteration    46 Etot =    -399.048073 err =  0.00000000
       Dyson loops  31 EF   =      -0.121948 err =  0.00000001 DOS(E_F)=   13.77 hx = 0.00100
       QSCA =  0.0111
       QCPA =  0.5163  0.0000

 Wmsg: Iteration    47 Etot =    -399.048073 err =  0.00000000
       Dyson loops  31 EF   =      -0.121948 err =  0.00000001 DOS(E_F)=   13.77 hx = 0.00100
       QSCA =  0.0111
       QCPA =  0.5163  0.0000

 Update:   Potential etc. stored on FOR002

 Dospth: CPA equation for IS =  1 converged in  1- 1 iterations

 KGRN:     Calculation of the full charge density, lmaxh =  8

 Kkrfcd:   NOS(Ef) =  3.999920 ELT =  4.000000

 Mgaunt:   Generate real Gaunt numbers

 Grnfcd:   Construct the full charge density

 Eldens:   Calculate multipole moments

 Eldens:   delQ = -0.000080 QTI =  0.278556 -0.000040

 Rotchd:   Perform the 3D rotations

 Fcdupd:   Full charge density stored on FOR010

 KGRN: Calculation finished at 09:35 on 19-Jan-26
 
  Total time for the self-consistency loop:      39.026
  Total linear iterations time :      26.017
