 SWS optimization for CuMg at c/a=1.0000                             

 Equation_of_state fitted by the modified Morse EOS          23-Jan-26  14:50

       R           Etot             Efit            Prs          Set
    2.51598    -400.43113200    -400.42594089   1703.87034       1
    2.53906    -400.44705100    -400.44627031   1528.59458       1
    2.56213    -400.46209600    -400.46484945   1372.29950       1
    2.58521    -400.48310900    -400.48183764   1232.79138       1
    2.60829    -400.49614300    -400.49737852   1108.14994       1
    2.63136    -400.50842300    -400.51160167    996.69145       1
    2.65444    -400.51999800    -400.52462366    896.94134       1
    2.67752    -400.53611300    -400.53655151    807.59039       1
    2.70059    -400.54607100    -400.54748056    727.49746       1
    2.72367    -400.55542900    -400.55749774    655.65177       1
    2.74675    -400.56840900    -400.56668195    591.16040       1
    2.76982    -400.57640200    -400.57510485    533.23342       1
    2.79290    -400.58389200    -400.58283158    481.17114       1
    2.81598    -400.59423500    -400.58992140    434.35299       1

 FITMO88: ***** fsumsq=.1006378605E-03, IFAIL =  2, ICALL = 200

          Ground state parameters:

          Rwseq    =               NaN au.
          V_eq     =               NaN au.^3
          Eeq      =   -401.8496350193 Ry
          Bmod     =               NaN kBar
          B'       =               NaN
          Gamma    =               NaN

           Morse curve parameters:
           a        =     -0.0760659106
           b        =   2004.0020365235
           c        = 851332.9964490704
           lambda   =      3.6010626748

 FITMO88: Calculated total energy is quite different from one
          obtained by polinomial fit!!!
          Obtained value is    -401.8496350193
          Polinoms gave         -400.5936593883
          This could indicate a pecularity at the binding energy curve.
