
 KGRN: job = CuMg_1.00_3.45 isno =   0 Func = SCA

           Shape function for IQ =  1

 Mgaunt:   Generate real Gaunt numbers

 Setsym:   Set up the site-group symmetry elements for IQ=  1

           E     sigb  C31+  C31-  sigf  sige  C4z+  C4z-
           C2z   sigx  C2d   C4y-  S64-  S62+  sigy  C4x+
           C2c   S62-  S63+  siga  C33+  C34-  S4x+  S4y-
           I     C2b   S61-  S61+  C2f   C2e   S4z-  S4z+
           sigz  C2x   sigd  S4y+  C34+  C32-  C2y   S4x-
           sigc  C32+  C33-  C2a   S63-  S64+  C4x-  C4y+

 Atomc:    Atomic calculations for: Cu  

 Atomc:    Atomic calculations converged

           Number of core electrons  17.99997287
 Atomc:    Atomic calculations for: Mg  

 Atomc:    Atomic calculations converged

           Number of core electrons   9.99975795

 KMESHMP : Monkhorst-Pack k-mesh parameters, NKX,NKY,NKZ= 32 32 31

 Setkms:   NKVEC =     8193

 Blochs:   Bloch sum of slope matrix => array
  1  1  -1.10  3.6081 -2.2808  0.7846 -0.3259  0.1389 -0.0575  0.0202
  2  1  -1.08  3.4243 -2.2070  0.7346 -0.2953  0.1218 -0.0487  0.0166
  3  1  -1.00  2.7348 -1.9024  0.5458 -0.1891  0.0672 -0.0232  0.0068
  4  1  -0.84  1.6552 -1.3131  0.2600 -0.0622  0.0153 -0.0036  0.0007
  5  1  -0.64  0.6264 -0.5712  0.0492 -0.0051  0.0005 -0.0001  0.0000
  6  1  -0.44  0.1625  0.1584  0.0038  0.0001  0.0000  0.0000  0.0000
  7  1  -0.28  0.8740  0.7698  0.0894  0.0125  0.0018  0.0003  0.0000
  8  1  -0.16  1.5031  1.2162  0.2231  0.0494  0.0112  0.0025  0.0005
  9  1  -0.08  1.9698  1.5016  0.3401  0.0930  0.0261  0.0071  0.0016
 10  1  -0.04  2.2621  1.6637  0.4175  0.1265  0.0393  0.0119  0.0030
 11  1  -0.02  2.4209  1.7469  0.4603  0.1464  0.0478  0.0151  0.0041
 12  1  -0.01  2.4977  1.7860  0.4811  0.1565  0.0522  0.0169  0.0047
 13  1  -0.00  2.5309  1.8027  0.4901  0.1609  0.0542  0.0177  0.0049
 14  1  -0.00  2.5433  1.8089  0.4935  0.1626  0.0550  0.0180  0.0050
 15  1  -0.00  2.5470  1.8108  0.4945  0.1631  0.0552  0.0181  0.0051
 16  1  -0.00  2.5476  1.8111  0.4947  0.1632  0.0552  0.0181  0.0051

 Slfcns:   Start LDA iterations by KKR, XC = Perdew-Wang 96 LDA, Soft-core-A 

 Wmsg: Iteration     1 Etot =    -399.033815 err =  3.49071323
       Dyson loops  31 EF   =      -0.060563 err =  0.05674475 DOS(E_F)=    6.45 hx = 0.10100
       QSCA =  0.0048
       QCPA =  0.2181  0.0000

 Wmsg: Iteration     2 Etot =    -399.025603 err =  0.00821280
       Dyson loops  31 EF   =      -0.092964 err =  0.03352067 DOS(E_F)=    6.31 hx = 0.08080
       QSCA =  0.0083
       QCPA =  0.3367  0.0000

 Wmsg: Iteration     3 Etot =    -399.028849 err =  0.00324627
       Dyson loops  31 EF   =      -0.133733 err =  0.04131899 DOS(E_F)=    6.01 hx = 0.06464
       QSCA =  0.0102
       QCPA =  0.4032  0.0000

 Wmsg: Iteration     4 Etot =    -399.038014 err =  0.00916545
       Dyson loops  31 EF   =      -0.148527 err =  0.00103401 DOS(E_F)=    6.82 hx = 0.05171
       QSCA =  0.0111
       QCPA =  0.4483  0.0000

 Wmsg: Iteration     5 Etot =    -399.037163 err =  0.00085112
       Dyson loops  31 EF   =      -0.143127 err =  0.00944962 DOS(E_F)=    5.90 hx = 0.04137
       QSCA =  0.0117
       QCPA =  0.4730  0.0000

 Wmsg: Iteration     6 Etot =    -399.040017 err =  0.00285380
       Dyson loops  31 EF   =      -0.141171 err =  0.00160441 DOS(E_F)=    6.99 hx = 0.02068
       QSCA =  0.0122
       QCPA =  0.4874  0.0000

 Wmsg: Iteration     7 Etot =    -399.041342 err =  0.00132469
       Dyson loops  31 EF   =      -0.140985 err =  0.00001558 DOS(E_F)=    6.82 hx = 0.01034
       QSCA =  0.0126
       QCPA =  0.4962  0.0000

 Update:   Potential etc. stored on FOR002

 Wmsg: Iteration     8 Etot =    -399.041851 err =  0.00050911
       Dyson loops  31 EF   =      -0.151878 err =  0.01103370 DOS(E_F)=    6.51 hx = 0.01103
       QSCA =  0.0129
       QCPA =  0.5016  0.0000

 Wmsg: Iteration     9 Etot =    -399.042205 err =  0.00035389
       Dyson loops  31 EF   =      -0.147002 err =  0.00476640 DOS(E_F)=    6.88 hx = 0.00552
       QSCA =  0.0130
       QCPA =  0.5055  0.0000

 Wmsg: Iteration    10 Etot =    -399.042459 err =  0.00025406
       Dyson loops  31 EF   =      -0.145119 err =  0.00179084 DOS(E_F)=    6.85 hx = 0.00276
       QSCA =  0.0131
       QCPA =  0.5075  0.0000

 Wmsg: Iteration    11 Etot =    -399.042721 err =  0.00026183
       Dyson loops  31 EF   =      -0.144404 err =  0.00066504 DOS(E_F)=    6.83 hx = 0.00138
       QSCA =  0.0132
       QCPA =  0.5089  0.0000

 Wmsg: Iteration    12 Etot =    -399.042873 err =  0.00015282
       Dyson loops  31 EF   =      -0.144263 err =  0.00010256 DOS(E_F)=    6.69 hx = 0.00100
       QSCA =  0.0133
       QCPA =  0.5098  0.0000

 Wmsg: Iteration    13 Etot =    -399.042972 err =  0.00009852
       Dyson loops  31 EF   =      -0.144660 err =  0.00008610 DOS(E_F)=    6.58 hx = 0.00100
       QSCA =  0.0134
       QCPA =  0.5104  0.0000

 Wmsg: Iteration    14 Etot =    -399.043041 err =  0.00006895
       Dyson loops  31 EF   =      -0.144610 err =  0.00031074 DOS(E_F)=    6.64 hx = 0.00100
       QSCA =  0.0134
       QCPA =  0.5108  0.0000

 Update:   Potential etc. stored on FOR002

 Wmsg: Iteration    15 Etot =    -399.043092 err =  0.00005110
       Dyson loops  31 EF   =      -0.144631 err =  0.00003649 DOS(E_F)=    6.58 hx = 0.00100
       QSCA =  0.0135
       QCPA =  0.5110  0.0000

 Wmsg: Iteration    16 Etot =    -399.043128 err =  0.00003645
       Dyson loops  31 EF   =      -0.144685 err =  0.00006556 DOS(E_F)=    6.55 hx = 0.00100
       QSCA =  0.0135
       QCPA =  0.5112  0.0000

 Wmsg: Iteration    17 Etot =    -399.043155 err =  0.00002661
       Dyson loops  31 EF   =      -0.144743 err =  0.00006628 DOS(E_F)=    6.55 hx = 0.00100
       QSCA =  0.0135
       QCPA =  0.5113  0.0000

 Wmsg: Iteration    18 Etot =    -399.043175 err =  0.00001943
       Dyson loops  31 EF   =      -0.144796 err =  0.00005801 DOS(E_F)=    6.55 hx = 0.00100
       QSCA =  0.0135
       QCPA =  0.5114  0.0000

 Wmsg: Iteration    19 Etot =    -399.043189 err =  0.00001420
       Dyson loops  31 EF   =      -0.144839 err =  0.00004724 DOS(E_F)=    6.55 hx = 0.00100
       QSCA =  0.0135
       QCPA =  0.5115  0.0000

 Wmsg: Iteration    20 Etot =    -399.043199 err =  0.00001039
       Dyson loops  31 EF   =      -0.144873 err =  0.00003700 DOS(E_F)=    6.55 hx = 0.00100
       QSCA =  0.0135
       QCPA =  0.5115  0.0000

 Wmsg: Iteration    21 Etot =    -399.043207 err =  0.00000760
       Dyson loops  31 EF   =      -0.144899 err =  0.00002832 DOS(E_F)=    6.55 hx = 0.00100
       QSCA =  0.0135
       QCPA =  0.5115  0.0000

 Update:   Potential etc. stored on FOR002

 Wmsg: Iteration    22 Etot =    -399.043212 err =  0.00000557
       Dyson loops  31 EF   =      -0.144919 err =  0.00002137 DOS(E_F)=    6.56 hx = 0.00100
       QSCA =  0.0135
       QCPA =  0.5116  0.0000

 Wmsg: Iteration    23 Etot =    -399.043216 err =  0.00000408
       Dyson loops  31 EF   =      -0.144933 err =  0.00001599 DOS(E_F)=    6.56 hx = 0.00100
       QSCA =  0.0136
       QCPA =  0.5116  0.0000

 Wmsg: Iteration    24 Etot =    -399.043219 err =  0.00000299
       Dyson loops  31 EF   =      -0.144944 err =  0.00001189 DOS(E_F)=    6.56 hx = 0.00100
       QSCA =  0.0136
       QCPA =  0.5116  0.0000

 Wmsg: Iteration    25 Etot =    -399.043222 err =  0.00000220
       Dyson loops  31 EF   =      -0.144953 err =  0.00000882 DOS(E_F)=    6.56 hx = 0.00100
       QSCA =  0.0136
       QCPA =  0.5116  0.0000

 Wmsg: Iteration    26 Etot =    -399.043223 err =  0.00000161
       Dyson loops  31 EF   =      -0.144959 err =  0.00000652 DOS(E_F)=    6.56 hx = 0.00100
       QSCA =  0.0136
       QCPA =  0.5116  0.0000

 Wmsg: Iteration    27 Etot =    -399.043224 err =  0.00000118
       Dyson loops  31 EF   =      -0.144963 err =  0.00000482 DOS(E_F)=    6.56 hx = 0.00100
       QSCA =  0.0136
       QCPA =  0.5116  0.0000

 Wmsg: Iteration    28 Etot =    -399.043225 err =  0.00000087
       Dyson loops  31 EF   =      -0.144966 err =  0.00000354 DOS(E_F)=    6.56 hx = 0.00100
       QSCA =  0.0136
       QCPA =  0.5116  0.0000

 Update:   Potential etc. stored on FOR002

 Wmsg: Iteration    29 Etot =    -399.043226 err =  0.00000063
       Dyson loops  31 EF   =      -0.144969 err =  0.00000260 DOS(E_F)=    6.56 hx = 0.00100
       QSCA =  0.0136
       QCPA =  0.5116  0.0000

 Wmsg: Iteration    30 Etot =    -399.043226 err =  0.00000046
       Dyson loops  31 EF   =      -0.144971 err =  0.00000191 DOS(E_F)=    6.56 hx = 0.00100
       QSCA =  0.0136
       QCPA =  0.5116  0.0000

 Wmsg: Iteration    31 Etot =    -399.043227 err =  0.00000034
       Dyson loops  31 EF   =      -0.144972 err =  0.00000140 DOS(E_F)=    6.57 hx = 0.00100
       QSCA =  0.0136
       QCPA =  0.5116  0.0000

 Wmsg: Iteration    32 Etot =    -399.043227 err =  0.00000025
       Dyson loops  31 EF   =      -0.144973 err =  0.00000103 DOS(E_F)=    6.57 hx = 0.00100
       QSCA =  0.0136
       QCPA =  0.5116  0.0000

 Wmsg: Iteration    33 Etot =    -399.043227 err =  0.00000018
       Dyson loops  31 EF   =      -0.144973 err =  0.00000076 DOS(E_F)=    6.57 hx = 0.00100
       QSCA =  0.0136
       QCPA =  0.5116  0.0000

 Wmsg: Iteration    34 Etot =    -399.043227 err =  0.00000014
       Dyson loops  31 EF   =      -0.144974 err =  0.00000056 DOS(E_F)=    6.57 hx = 0.00100
       QSCA =  0.0136
       QCPA =  0.5116  0.0000

 Wmsg: Iteration    35 Etot =    -399.043227 err =  0.00000010
       Dyson loops  31 EF   =      -0.144974 err =  0.00000041 DOS(E_F)=    6.57 hx = 0.00100
       QSCA =  0.0136
       QCPA =  0.5116  0.0000

 Update:   Potential etc. stored on FOR002

 Wmsg: Iteration    36 Etot =    -399.043227 err =  0.00000007
       Dyson loops  31 EF   =      -0.144975 err =  0.00000030 DOS(E_F)=    6.57 hx = 0.00100
       QSCA =  0.0136
       QCPA =  0.5116  0.0000

 Wmsg: Iteration    37 Etot =    -399.043227 err =  0.00000005
       Dyson loops  31 EF   =      -0.144975 err =  0.00000022 DOS(E_F)=    6.57 hx = 0.00100
       QSCA =  0.0136
       QCPA =  0.5116  0.0000

 Wmsg: Iteration    38 Etot =    -399.043227 err =  0.00000004
       Dyson loops  31 EF   =      -0.144975 err =  0.00000017 DOS(E_F)=    6.57 hx = 0.00100
       QSCA =  0.0136
       QCPA =  0.5116  0.0000

 Wmsg: Iteration    39 Etot =    -399.043228 err =  0.00000003
       Dyson loops  31 EF   =      -0.144975 err =  0.00000012 DOS(E_F)=    6.57 hx = 0.00100
       QSCA =  0.0136
       QCPA =  0.5116  0.0000

 Wmsg: Iteration    40 Etot =    -399.043228 err =  0.00000002
       Dyson loops  31 EF   =      -0.144975 err =  0.00000009 DOS(E_F)=    6.57 hx = 0.00100
       QSCA =  0.0136
       QCPA =  0.5116  0.0000

 Wmsg: Iteration    41 Etot =    -399.043228 err =  0.00000002
       Dyson loops  31 EF   =      -0.144975 err =  0.00000007 DOS(E_F)=    6.57 hx = 0.00100
       QSCA =  0.0136
       QCPA =  0.5116  0.0000

 Wmsg: Iteration    42 Etot =    -399.043228 err =  0.00000001
       Dyson loops  31 EF   =      -0.144975 err =  0.00000005 DOS(E_F)=    6.57 hx = 0.00100
       QSCA =  0.0136
       QCPA =  0.5116  0.0000

 Update:   Potential etc. stored on FOR002

 Wmsg: Iteration    43 Etot =    -399.043228 err =  0.00000001
       Dyson loops  31 EF   =      -0.144975 err =  0.00000004 DOS(E_F)=    6.57 hx = 0.00100
       QSCA =  0.0136
       QCPA =  0.5116  0.0000

 Wmsg: Iteration    44 Etot =    -399.043228 err =  0.00000001
       Dyson loops  31 EF   =      -0.144975 err =  0.00000003 DOS(E_F)=    6.57 hx = 0.00100
       QSCA =  0.0136
       QCPA =  0.5116  0.0000

 Wmsg: Iteration    45 Etot =    -399.043228 err =  0.00000000
       Dyson loops  31 EF   =      -0.144975 err =  0.00000002 DOS(E_F)=    6.57 hx = 0.00100
       QSCA =  0.0136
       QCPA =  0.5116  0.0000

 Wmsg: Iteration    46 Etot =    -399.043228 err =  0.00000000
       Dyson loops  31 EF   =      -0.144975 err =  0.00000001 DOS(E_F)=    6.57 hx = 0.00100
       QSCA =  0.0136
       QCPA =  0.5116  0.0000

 Wmsg: Iteration    47 Etot =    -399.043228 err =  0.00000000
       Dyson loops  31 EF   =      -0.144975 err =  0.00000001 DOS(E_F)=    6.57 hx = 0.00100
       QSCA =  0.0136
       QCPA =  0.5116  0.0000

 Wmsg: Iteration    48 Etot =    -399.043228 err =  0.00000000
       Dyson loops  31 EF   =      -0.144975 err =  0.00000001 DOS(E_F)=    6.57 hx = 0.00100
       QSCA =  0.0136
       QCPA =  0.5116  0.0000

 Update:   Potential etc. stored on FOR002

 Dospth: CPA equation for IS =  1 converged in  1- 1 iterations

 KGRN:     Calculation of the full charge density, lmaxh =  8

 Kkrfcd:   NOS(Ef) =  1.999961 ELT =  2.000000

 Mgaunt:   Generate real Gaunt numbers

 Grnfcd:   Construct the full charge density

 Eldens:   Calculate multipole moments

 Eldens:   delQ = -0.000039 QTI =  0.334404 -0.000039

 Rotchd:   Perform the 3D rotations

 Fcdupd:   Full charge density stored on FOR010

 KGRN: Calculation finished at 15:39 on 23-Jan-26
 
  Total time for the self-consistency loop:      46.095
  Total linear iterations time :      26.845
