
 KGRN: job = CuMg_1.00_2.65 isno =   0 Func = SCA

           Shape function for IQ =  1

 Mgaunt:   Generate real Gaunt numbers

 Setsym:   Set up the site-group symmetry elements for IQ=  1

           E     sigb  C31+  C31-  sigf  sige  C4z+  C4z-
           C2z   sigx  C2d   C4y-  S64-  S62+  sigy  C4x+
           C2c   S62-  S63+  siga  C33+  C34-  S4x+  S4y-
           I     C2b   S61-  S61+  C2f   C2e   S4z-  S4z+
           sigz  C2x   sigd  S4y+  C34+  C32-  C2y   S4x-
           sigc  C32+  C33-  C2a   S63-  S64+  C4x-  C4y+

 Atomc:    Atomic calculations for: Cu  

 Atomc:    Atomic calculations converged

           Number of core electrons  17.99901112
 Atomc:    Atomic calculations for: Mg  

 Atomc:    Atomic calculations converged

           Number of core electrons   9.99576626

 KMESHMP : Monkhorst-Pack k-mesh parameters, NKX,NKY,NKZ= 32 32 31

 Setkms:   NKVEC =     8193

 Blochs:   Bloch sum of slope matrix => array
  1  1  -1.10  1.1061 -0.9436  0.1343 -0.0231  0.0041 -0.0007  0.0001
  2  1  -1.08  1.0465 -0.9001  0.1222 -0.0200  0.0034 -0.0005  0.0001
  3  1  -1.00  0.8107 -0.7204  0.0783 -0.0103  0.0014 -0.0002  0.0000
  4  1  -0.84  0.3954 -0.3727  0.0209 -0.0014  0.0001 -0.0000  0.0000
  5  1  -0.64  0.0659  0.0650  0.0006  0.0000  0.0000  0.0000  0.0000
  6  1  -0.44  0.5364  0.4955  0.0370  0.0033  0.0003  0.0000  0.0000
  7  1  -0.28  0.9875  0.8562  0.1106  0.0172  0.0028  0.0004  0.0001
  8  1  -0.16  1.3574  1.1196  0.1891  0.0385  0.0081  0.0016  0.0003
  9  1  -0.08  1.6152  1.2880  0.2502  0.0587  0.0141  0.0033  0.0007
 10  1  -0.04  1.7699  1.3836  0.2887  0.0728  0.0188  0.0047  0.0010
 11  1  -0.02  1.8519  1.4328  0.3096  0.0808  0.0216  0.0056  0.0012
 12  1  -0.01  1.8910  1.4558  0.3197  0.0848  0.0231  0.0061  0.0014
 13  1  -0.00  1.9078  1.4657  0.3240  0.0865  0.0237  0.0063  0.0014
 14  1  -0.00  1.9140  1.4693  0.3256  0.0871  0.0239  0.0064  0.0014
 15  1  -0.00  1.9159  1.4704  0.3261  0.0873  0.0240  0.0064  0.0015
 16  1  -0.00  1.9162  1.4706  0.3262  0.0874  0.0240  0.0064  0.0015

 Slfcns:   Start LDA iterations by KKR, XC = Perdew-Wang 96 LDA, Soft-core-A 

 Wmsg: Iteration     1 Etot =    -398.959983 err =  7.61363303
       Dyson loops  31 EF   =       0.104318 err =  0.11179876 DOS(E_F)=    4.22 hx = 0.11180
       QSCA = -0.0092
       QCPA =  0.3808  0.0000

 Wmsg: Iteration     2 Etot =    -398.922124 err =  0.03785893
       Dyson loops  31 EF   =       0.150433 err =  0.04347657 DOS(E_F)=    3.35 hx = 0.08944
       QSCA = -0.0151
       QCPA =  0.3465  0.0000

 Wmsg: Iteration     3 Etot =    -398.923651 err =  0.00152761
       Dyson loops  31 EF   =       0.169087 err =  0.01696134 DOS(E_F)=    3.59 hx = 0.07155
       QSCA = -0.0188
       QCPA =  0.3727  0.0000

 Wmsg: Iteration     4 Etot =    -398.930823 err =  0.00717144
       Dyson loops  31 EF   =       0.176379 err =  0.00653971 DOS(E_F)=    3.32 hx = 0.05724
       QSCA = -0.0214
       QCPA =  0.3968  0.0000

 Wmsg: Iteration     5 Etot =    -398.935510 err =  0.00468732
       Dyson loops  31 EF   =       0.177303 err =  0.00007429 DOS(E_F)=    3.91 hx = 0.04579
       QSCA = -0.0231
       QCPA =  0.4119  0.0000

 Wmsg: Iteration     6 Etot =    -398.937427 err =  0.00191695
       Dyson loops  31 EF   =       0.165666 err =  0.00171527 DOS(E_F)=    3.94 hx = 0.02290
       QSCA = -0.0243
       QCPA =  0.4228  0.0000

 Wmsg: Iteration     7 Etot =    -398.938455 err =  0.00102760
       Dyson loops  31 EF   =       0.168565 err =  0.00774630 DOS(E_F)=    3.99 hx = 0.01145
       QSCA = -0.0252
       QCPA =  0.4295  0.0000

 Update:   Potential etc. stored on FOR002

 Wmsg: Iteration     8 Etot =    -398.939861 err =  0.00140647
       Dyson loops  31 EF   =       0.169592 err =  0.00076062 DOS(E_F)=    4.02 hx = 0.00572
       QSCA = -0.0257
       QCPA =  0.4338  0.0000

 Wmsg: Iteration     9 Etot =    -398.940606 err =  0.00074458
       Dyson loops  31 EF   =       0.164235 err =  0.00034117 DOS(E_F)=    3.96 hx = 0.00286
       QSCA = -0.0262
       QCPA =  0.4373  0.0000

 Wmsg: Iteration    10 Etot =    -398.941070 err =  0.00046460
       Dyson loops  31 EF   =       0.166037 err =  0.00347316 DOS(E_F)=    3.90 hx = 0.00347
       QSCA = -0.0264
       QCPA =  0.4390  0.0000

 Wmsg: Iteration    11 Etot =    -398.941416 err =  0.00034586
       Dyson loops  31 EF   =       0.166836 err =  0.00071609 DOS(E_F)=    4.05 hx = 0.00174
       QSCA = -0.0266
       QCPA =  0.4405  0.0000

 Wmsg: Iteration    12 Etot =    -398.941668 err =  0.00025179
       Dyson loops  31 EF   =       0.166970 err =  0.00007931 DOS(E_F)=    3.96 hx = 0.00100
       QSCA = -0.0268
       QCPA =  0.4417  0.0000

 Wmsg: Iteration    13 Etot =    -398.941848 err =  0.00018050
       Dyson loops  31 EF   =       0.166186 err =  0.00016914 DOS(E_F)=    3.94 hx = 0.00100
       QSCA = -0.0269
       QCPA =  0.4424  0.0000

 Wmsg: Iteration    14 Etot =    -398.941974 err =  0.00012555
       Dyson loops  31 EF   =       0.166298 err =  0.00058122 DOS(E_F)=    3.95 hx = 0.00100
       QSCA = -0.0270
       QCPA =  0.4428  0.0000

 Update:   Potential etc. stored on FOR002

 Wmsg: Iteration    15 Etot =    -398.942069 err =  0.00009472
       Dyson loops  31 EF   =       0.166290 err =  0.00002948 DOS(E_F)=    3.94 hx = 0.00100
       QSCA = -0.0270
       QCPA =  0.4432  0.0000

 Wmsg: Iteration    16 Etot =    -398.942136 err =  0.00006743
       Dyson loops  31 EF   =       0.166216 err =  0.00009203 DOS(E_F)=    3.93 hx = 0.00100
       QSCA = -0.0271
       QCPA =  0.4434  0.0000

 Wmsg: Iteration    17 Etot =    -398.942185 err =  0.00004876
       Dyson loops  31 EF   =       0.166127 err =  0.00010008 DOS(E_F)=    3.93 hx = 0.00100
       QSCA = -0.0271
       QCPA =  0.4435  0.0000

 Wmsg: Iteration    18 Etot =    -398.942220 err =  0.00003532
       Dyson loops  31 EF   =       0.166047 err =  0.00008902 DOS(E_F)=    3.93 hx = 0.00100
       QSCA = -0.0271
       QCPA =  0.4436  0.0000

 Wmsg: Iteration    19 Etot =    -398.942246 err =  0.00002564
       Dyson loops  31 EF   =       0.165981 err =  0.00007257 DOS(E_F)=    3.93 hx = 0.00100
       QSCA = -0.0271
       QCPA =  0.4437  0.0000

 Wmsg: Iteration    20 Etot =    -398.942264 err =  0.00001864
       Dyson loops  31 EF   =       0.165928 err =  0.00005659 DOS(E_F)=    3.93 hx = 0.00100
       QSCA = -0.0272
       QCPA =  0.4437  0.0000

 Wmsg: Iteration    21 Etot =    -398.942278 err =  0.00001357
       Dyson loops  31 EF   =       0.165889 err =  0.00004303 DOS(E_F)=    3.93 hx = 0.00100
       QSCA = -0.0272
       QCPA =  0.4437  0.0000

 Update:   Potential etc. stored on FOR002

 Wmsg: Iteration    22 Etot =    -398.942288 err =  0.00000988
       Dyson loops  31 EF   =       0.165859 err =  0.00003224 DOS(E_F)=    3.93 hx = 0.00100
       QSCA = -0.0272
       QCPA =  0.4437  0.0000

 Wmsg: Iteration    23 Etot =    -398.942295 err =  0.00000721
       Dyson loops  31 EF   =       0.165837 err =  0.00002393 DOS(E_F)=    3.93 hx = 0.00100
       QSCA = -0.0272
       QCPA =  0.4437  0.0000

 Wmsg: Iteration    24 Etot =    -398.942300 err =  0.00000526
       Dyson loops  31 EF   =       0.165820 err =  0.00001767 DOS(E_F)=    3.93 hx = 0.00100
       QSCA = -0.0272
       QCPA =  0.4437  0.0000

 Wmsg: Iteration    25 Etot =    -398.942304 err =  0.00000384
       Dyson loops  31 EF   =       0.165808 err =  0.00001300 DOS(E_F)=    3.93 hx = 0.00100
       QSCA = -0.0272
       QCPA =  0.4438  0.0000

 Wmsg: Iteration    26 Etot =    -398.942307 err =  0.00000280
       Dyson loops  31 EF   =       0.165799 err =  0.00000954 DOS(E_F)=    3.94 hx = 0.00100
       QSCA = -0.0272
       QCPA =  0.4438  0.0000

 Wmsg: Iteration    27 Etot =    -398.942309 err =  0.00000205
       Dyson loops  31 EF   =       0.165793 err =  0.00000700 DOS(E_F)=    3.94 hx = 0.00100
       QSCA = -0.0272
       QCPA =  0.4438  0.0000

 Wmsg: Iteration    28 Etot =    -398.942310 err =  0.00000150
       Dyson loops  31 EF   =       0.165788 err =  0.00000513 DOS(E_F)=    3.94 hx = 0.00100
       QSCA = -0.0272
       QCPA =  0.4438  0.0000

 Update:   Potential etc. stored on FOR002

 Wmsg: Iteration    29 Etot =    -398.942312 err =  0.00000110
       Dyson loops  31 EF   =       0.165785 err =  0.00000375 DOS(E_F)=    3.94 hx = 0.00100
       QSCA = -0.0272
       QCPA =  0.4438  0.0000

 Wmsg: Iteration    30 Etot =    -398.942312 err =  0.00000080
       Dyson loops  31 EF   =       0.165782 err =  0.00000274 DOS(E_F)=    3.94 hx = 0.00100
       QSCA = -0.0272
       QCPA =  0.4438  0.0000

 Wmsg: Iteration    31 Etot =    -398.942313 err =  0.00000058
       Dyson loops  31 EF   =       0.165780 err =  0.00000200 DOS(E_F)=    3.94 hx = 0.00100
       QSCA = -0.0272
       QCPA =  0.4438  0.0000

 Wmsg: Iteration    32 Etot =    -398.942313 err =  0.00000043
       Dyson loops  31 EF   =       0.165779 err =  0.00000146 DOS(E_F)=    3.94 hx = 0.00100
       QSCA = -0.0272
       QCPA =  0.4438  0.0000

 Wmsg: Iteration    33 Etot =    -398.942314 err =  0.00000031
       Dyson loops  31 EF   =       0.165778 err =  0.00000107 DOS(E_F)=    3.94 hx = 0.00100
       QSCA = -0.0272
       QCPA =  0.4438  0.0000

 Wmsg: Iteration    34 Etot =    -398.942314 err =  0.00000023
       Dyson loops  31 EF   =       0.165777 err =  0.00000078 DOS(E_F)=    3.94 hx = 0.00100
       QSCA = -0.0272
       QCPA =  0.4437  0.0000

 Wmsg: Iteration    35 Etot =    -398.942314 err =  0.00000017
       Dyson loops  31 EF   =       0.165777 err =  0.00000057 DOS(E_F)=    3.94 hx = 0.00100
       QSCA = -0.0272
       QCPA =  0.4437  0.0000

 Update:   Potential etc. stored on FOR002

 Wmsg: Iteration    36 Etot =    -398.942314 err =  0.00000012
       Dyson loops  31 EF   =       0.165776 err =  0.00000042 DOS(E_F)=    3.94 hx = 0.00100
       QSCA = -0.0272
       QCPA =  0.4437  0.0000

 Wmsg: Iteration    37 Etot =    -398.942314 err =  0.00000009
       Dyson loops  31 EF   =       0.165776 err =  0.00000031 DOS(E_F)=    3.94 hx = 0.00100
       QSCA = -0.0272
       QCPA =  0.4437  0.0000

 Wmsg: Iteration    38 Etot =    -398.942314 err =  0.00000007
       Dyson loops  31 EF   =       0.165776 err =  0.00000023 DOS(E_F)=    3.94 hx = 0.00100
       QSCA = -0.0272
       QCPA =  0.4437  0.0000

 Wmsg: Iteration    39 Etot =    -398.942314 err =  0.00000005
       Dyson loops  31 EF   =       0.165776 err =  0.00000017 DOS(E_F)=    3.94 hx = 0.00100
       QSCA = -0.0272
       QCPA =  0.4437  0.0000

 Wmsg: Iteration    40 Etot =    -398.942314 err =  0.00000004
       Dyson loops  31 EF   =       0.165775 err =  0.00000012 DOS(E_F)=    3.94 hx = 0.00100
       QSCA = -0.0272
       QCPA =  0.4437  0.0000

 Wmsg: Iteration    41 Etot =    -398.942314 err =  0.00000003
       Dyson loops  31 EF   =       0.165775 err =  0.00000009 DOS(E_F)=    3.94 hx = 0.00100
       QSCA = -0.0272
       QCPA =  0.4437  0.0000

 Wmsg: Iteration    42 Etot =    -398.942315 err =  0.00000002
       Dyson loops  31 EF   =       0.165775 err =  0.00000007 DOS(E_F)=    3.94 hx = 0.00100
       QSCA = -0.0272
       QCPA =  0.4437  0.0000

 Update:   Potential etc. stored on FOR002

 Wmsg: Iteration    43 Etot =    -398.942315 err =  0.00000001
       Dyson loops  31 EF   =       0.165775 err =  0.00000005 DOS(E_F)=    3.94 hx = 0.00100
       QSCA = -0.0272
       QCPA =  0.4437  0.0000

 Wmsg: Iteration    44 Etot =    -398.942315 err =  0.00000001
       Dyson loops  31 EF   =       0.165775 err =  0.00000004 DOS(E_F)=    3.94 hx = 0.00100
       QSCA = -0.0272
       QCPA =  0.4437  0.0000

 Wmsg: Iteration    45 Etot =    -398.942315 err =  0.00000001
       Dyson loops  31 EF   =       0.165775 err =  0.00000003 DOS(E_F)=    3.94 hx = 0.00100
       QSCA = -0.0272
       QCPA =  0.4437  0.0000

 Wmsg: Iteration    46 Etot =    -398.942315 err =  0.00000001
       Dyson loops  31 EF   =       0.165775 err =  0.00000002 DOS(E_F)=    3.94 hx = 0.00100
       QSCA = -0.0272
       QCPA =  0.4437  0.0000

 Wmsg: Iteration    47 Etot =    -398.942315 err =  0.00000000
       Dyson loops  31 EF   =       0.165775 err =  0.00000001 DOS(E_F)=    3.94 hx = 0.00100
       QSCA = -0.0272
       QCPA =  0.4437  0.0000

 Wmsg: Iteration    48 Etot =    -398.942315 err =  0.00000000
       Dyson loops  31 EF   =       0.165775 err =  0.00000001 DOS(E_F)=    3.94 hx = 0.00100
       QSCA = -0.0272
       QCPA =  0.4437  0.0000

 Wmsg: Iteration    49 Etot =    -398.942315 err =  0.00000000
       Dyson loops  31 EF   =       0.165775 err =  0.00000001 DOS(E_F)=    3.94 hx = 0.00100
       QSCA = -0.0272
       QCPA =  0.4437  0.0000

 Update:   Potential etc. stored on FOR002

 Update:   Potential etc. stored on FOR002

 Dospth: CPA equation for IS =  1 converged in  1- 1 iterations

 KGRN:     Calculation of the full charge density, lmaxh =  8

 Kkrfcd:   NOS(Ef) =  1.999977 ELT =  2.000000

 Mgaunt:   Generate real Gaunt numbers

 Grnfcd:   Construct the full charge density

 Eldens:   Calculate multipole moments

 Eldens:   delQ = -0.000023 QTI = -0.352237 -0.000023

 Rotchd:   Perform the 3D rotations

 Fcdupd:   Full charge density stored on FOR010

 KGRN: Calculation finished at 14:25 on 23-Jan-26
 
  Total time for the self-consistency loop:      38.351
  Total linear iterations time :      17.242
