
 KGRN: job = CuMg_1.00_2.92 isno =   0 Func = SCA

           Shape function for IQ =  1

 Mgaunt:   Generate real Gaunt numbers

 Setsym:   Set up the site-group symmetry elements for IQ=  1

           E     sigb  C31+  C31-  sigf  sige  C4z+  C4z-
           C2z   sigx  C2d   C4y-  S64-  S62+  sigy  C4x+
           C2c   S62-  S63+  siga  C33+  C34-  S4x+  S4y-
           I     C2b   S61-  S61+  C2f   C2e   S4z-  S4z+
           sigz  C2x   sigd  S4y+  C34+  C32-  C2y   S4x-
           sigc  C32+  C33-  C2a   S63-  S64+  C4x-  C4y+

 Atomc:    Atomic calculations for: Cu  

 Atomc:    Atomic calculations converged

           Number of core electrons  17.99970635
 Atomc:    Atomic calculations for: Mg  

 Atomc:    Atomic calculations converged

           Number of core electrons   9.99838904

 KMESHMP : Monkhorst-Pack k-mesh parameters, NKX,NKY,NKZ= 32 32 31

 Setkms:   NKVEC =     8193

 Blochs:   Bloch sum of slope matrix => array
  1  1  -1.10  1.6889 -1.3340  0.2684 -0.0652  0.0163 -0.0039  0.0008
  2  1  -1.08  1.6045 -1.2812  0.2476 -0.0578  0.0138 -0.0032  0.0006
  3  1  -1.00  1.2746 -1.0630  0.1704 -0.0330  0.0066 -0.0013  0.0002
  4  1  -0.84  0.7112 -0.6408  0.0619 -0.0072  0.0009 -0.0001  0.0000
  5  1  -0.64  0.1115 -0.1094  0.0018 -0.0000  0.0000 -0.0000  0.0000
  6  1  -0.44  0.4413  0.4132  0.0258  0.0019  0.0001  0.0000  0.0000
  7  1  -0.28  0.9809  0.8513  0.1093  0.0169  0.0027  0.0004  0.0001
  8  1  -0.16  1.4342  1.1710  0.2068  0.0441  0.0097  0.0020  0.0004
  9  1  -0.08  1.7565  1.3755  0.2853  0.0715  0.0184  0.0046  0.0010
 10  1  -0.04  1.9524  1.4916  0.3356  0.0912  0.0254  0.0069  0.0016
 11  1  -0.02  2.0570  1.5512  0.3629  0.1025  0.0297  0.0084  0.0020
 12  1  -0.01  2.1071  1.5792  0.3761  0.1082  0.0319  0.0091  0.0022
 13  1  -0.00  2.1287  1.5912  0.3819  0.1107  0.0329  0.0095  0.0023
 14  1  -0.00  2.1367  1.5956  0.3840  0.1116  0.0333  0.0096  0.0024
 15  1  -0.00  2.1391  1.5969  0.3846  0.1119  0.0334  0.0097  0.0024
 16  1  -0.00  2.1395  1.5972  0.3847  0.1119  0.0334  0.0097  0.0024

 Slfcns:   Start LDA iterations by KKR, XC = Perdew-Wang 96 LDA, Soft-core-A 

 Wmsg: Iteration     1 Etot =    -398.998280 err =  5.86910504
       Dyson loops  31 EF   =       0.027168 err =  0.03263459 DOS(E_F)=    4.26 hx = 0.10100
       QSCA = -0.0032
       QCPA =  0.1776  0.0000

 Wmsg: Iteration     2 Etot =    -399.006518 err =  0.00823805
       Dyson loops  31 EF   =       0.034691 err =  0.00537945 DOS(E_F)=    4.14 hx = 0.08080
       QSCA = -0.0053
       QCPA =  0.2970  0.0000

 Wmsg: Iteration     3 Etot =    -399.014794 err =  0.00827681
       Dyson loops  31 EF   =       0.035295 err =  0.00052233 DOS(E_F)=    4.69 hx = 0.06464
       QSCA = -0.0066
       QCPA =  0.3759  0.0000

 Wmsg: Iteration     4 Etot =    -399.017688 err =  0.00289337
       Dyson loops  31 EF   =       0.018733 err =  0.00235550 DOS(E_F)=    4.67 hx = 0.05171
       QSCA = -0.0074
       QCPA =  0.4247  0.0000

 Wmsg: Iteration     5 Etot =    -399.019209 err =  0.00152159
       Dyson loops  31 EF   =       0.022293 err =  0.01146705 DOS(E_F)=    4.60 hx = 0.04137
       QSCA = -0.0080
       QCPA =  0.4404  0.0000

 Wmsg: Iteration     6 Etot =    -399.021624 err =  0.00241469
       Dyson loops  31 EF   =       0.023463 err =  0.00074119 DOS(E_F)=    4.34 hx = 0.02068
       QSCA = -0.0084
       QCPA =  0.4610  0.0000

 Wmsg: Iteration     7 Etot =    -399.022911 err =  0.00128712
       Dyson loops  31 EF   =       0.004482 err =  0.00061946 DOS(E_F)=    4.62 hx = 0.01034
       QSCA = -0.0086
       QCPA =  0.4767  0.0000

 Update:   Potential etc. stored on FOR002

 Wmsg: Iteration     8 Etot =    -399.023574 err =  0.00066332
       Dyson loops  31 EF   =       0.011455 err =  0.01187252 DOS(E_F)=    5.04 hx = 0.01187
       QSCA = -0.0089
       QCPA =  0.4851  0.0000

 Wmsg: Iteration     9 Etot =    -399.024173 err =  0.00059834
       Dyson loops  31 EF   =       0.015719 err =  0.00414724 DOS(E_F)=    4.63 hx = 0.00594
       QSCA = -0.0090
       QCPA =  0.4874  0.0000

 Wmsg: Iteration    10 Etot =    -399.024525 err =  0.00035232
       Dyson loops  31 EF   =       0.017540 err =  0.00171784 DOS(E_F)=    4.37 hx = 0.00297
       QSCA = -0.0091
       QCPA =  0.4917  0.0000

 Wmsg: Iteration    11 Etot =    -399.024853 err =  0.00032762
       Dyson loops  31 EF   =       0.018241 err =  0.00064002 DOS(E_F)=    4.58 hx = 0.00148
       QSCA = -0.0092
       QCPA =  0.4929  0.0000

 Wmsg: Iteration    12 Etot =    -399.025063 err =  0.00021035
       Dyson loops  31 EF   =       0.018409 err =  0.00011478 DOS(E_F)=    4.64 hx = 0.00100
       QSCA = -0.0092
       QCPA =  0.4955  0.0000

 Wmsg: Iteration    13 Etot =    -399.025202 err =  0.00013882
       Dyson loops  31 EF   =       0.017910 err =  0.00009764 DOS(E_F)=    4.68 hx = 0.00100
       QSCA = -0.0092
       QCPA =  0.4973  0.0000

 Wmsg: Iteration    14 Etot =    -399.025299 err =  0.00009717
       Dyson loops  31 EF   =       0.017975 err =  0.00039744 DOS(E_F)=    4.66 hx = 0.00100
       QSCA = -0.0092
       QCPA =  0.4979  0.0000

 Update:   Potential etc. stored on FOR002

 Wmsg: Iteration    15 Etot =    -399.025371 err =  0.00007209
       Dyson loops  31 EF   =       0.017952 err =  0.00004116 DOS(E_F)=    4.68 hx = 0.00100
       QSCA = -0.0092
       QCPA =  0.4987  0.0000

 Wmsg: Iteration    16 Etot =    -399.025423 err =  0.00005167
       Dyson loops  31 EF   =       0.017884 err =  0.00008184 DOS(E_F)=    4.69 hx = 0.00100
       QSCA = -0.0092
       QCPA =  0.4992  0.0000

 Wmsg: Iteration    17 Etot =    -399.025460 err =  0.00003762
       Dyson loops  31 EF   =       0.017809 err =  0.00008487 DOS(E_F)=    4.69 hx = 0.00100
       QSCA = -0.0092
       QCPA =  0.4995  0.0000

 Wmsg: Iteration    18 Etot =    -399.025488 err =  0.00002738
       Dyson loops  31 EF   =       0.017742 err =  0.00007383 DOS(E_F)=    4.69 hx = 0.00100
       QSCA = -0.0092
       QCPA =  0.4997  0.0000

 Wmsg: Iteration    19 Etot =    -399.025508 err =  0.00001992
       Dyson loops  31 EF   =       0.017688 err =  0.00005955 DOS(E_F)=    4.69 hx = 0.00100
       QSCA = -0.0092
       QCPA =  0.4998  0.0000

 Wmsg: Iteration    20 Etot =    -399.025522 err =  0.00001451
       Dyson loops  31 EF   =       0.017645 err =  0.00004616 DOS(E_F)=    4.69 hx = 0.00100
       QSCA = -0.0092
       QCPA =  0.4998  0.0000

 Wmsg: Iteration    21 Etot =    -399.025533 err =  0.00001056
       Dyson loops  31 EF   =       0.017613 err =  0.00003497 DOS(E_F)=    4.69 hx = 0.00100
       QSCA = -0.0092
       QCPA =  0.4999  0.0000

 Update:   Potential etc. stored on FOR002

 Wmsg: Iteration    22 Etot =    -399.025541 err =  0.00000770
       Dyson loops  31 EF   =       0.017589 err =  0.00002614 DOS(E_F)=    4.69 hx = 0.00100
       QSCA = -0.0092
       QCPA =  0.4999  0.0000

 Wmsg: Iteration    23 Etot =    -399.025546 err =  0.00000561
       Dyson loops  31 EF   =       0.017571 err =  0.00001937 DOS(E_F)=    4.69 hx = 0.00100
       QSCA = -0.0092
       QCPA =  0.4999  0.0000

 Wmsg: Iteration    24 Etot =    -399.025550 err =  0.00000409
       Dyson loops  31 EF   =       0.017558 err =  0.00001428 DOS(E_F)=    4.69 hx = 0.00100
       QSCA = -0.0092
       QCPA =  0.4999  0.0000

 Wmsg: Iteration    25 Etot =    -399.025553 err =  0.00000299
       Dyson loops  31 EF   =       0.017548 err =  0.00001049 DOS(E_F)=    4.69 hx = 0.00100
       QSCA = -0.0092
       QCPA =  0.4999  0.0000

 Wmsg: Iteration    26 Etot =    -399.025555 err =  0.00000218
       Dyson loops  31 EF   =       0.017541 err =  0.00000769 DOS(E_F)=    4.69 hx = 0.00100
       QSCA = -0.0092
       QCPA =  0.4999  0.0000

 Wmsg: Iteration    27 Etot =    -399.025557 err =  0.00000159
       Dyson loops  31 EF   =       0.017536 err =  0.00000564 DOS(E_F)=    4.69 hx = 0.00100
       QSCA = -0.0092
       QCPA =  0.4999  0.0000

 Wmsg: Iteration    28 Etot =    -399.025558 err =  0.00000116
       Dyson loops  31 EF   =       0.017532 err =  0.00000413 DOS(E_F)=    4.69 hx = 0.00100
       QSCA = -0.0092
       QCPA =  0.4999  0.0000

 Update:   Potential etc. stored on FOR002

 Wmsg: Iteration    29 Etot =    -399.025559 err =  0.00000085
       Dyson loops  31 EF   =       0.017529 err =  0.00000303 DOS(E_F)=    4.69 hx = 0.00100
       QSCA = -0.0092
       QCPA =  0.4999  0.0000

 Wmsg: Iteration    30 Etot =    -399.025560 err =  0.00000061
       Dyson loops  31 EF   =       0.017527 err =  0.00000222 DOS(E_F)=    4.69 hx = 0.00100
       QSCA = -0.0092
       QCPA =  0.4999  0.0000

 Wmsg: Iteration    31 Etot =    -399.025560 err =  0.00000045
       Dyson loops  31 EF   =       0.017526 err =  0.00000163 DOS(E_F)=    4.69 hx = 0.00100
       QSCA = -0.0092
       QCPA =  0.4999  0.0000

 Wmsg: Iteration    32 Etot =    -399.025560 err =  0.00000033
       Dyson loops  31 EF   =       0.017525 err =  0.00000119 DOS(E_F)=    4.69 hx = 0.00100
       QSCA = -0.0092
       QCPA =  0.4999  0.0000

 Wmsg: Iteration    33 Etot =    -399.025561 err =  0.00000024
       Dyson loops  31 EF   =       0.017524 err =  0.00000087 DOS(E_F)=    4.69 hx = 0.00100
       QSCA = -0.0092
       QCPA =  0.4999  0.0000

 Wmsg: Iteration    34 Etot =    -399.025561 err =  0.00000018
       Dyson loops  31 EF   =       0.017523 err =  0.00000064 DOS(E_F)=    4.69 hx = 0.00100
       QSCA = -0.0092
       QCPA =  0.4999  0.0000

 Wmsg: Iteration    35 Etot =    -399.025561 err =  0.00000013
       Dyson loops  31 EF   =       0.017523 err =  0.00000047 DOS(E_F)=    4.69 hx = 0.00100
       QSCA = -0.0092
       QCPA =  0.4999  0.0000

 Update:   Potential etc. stored on FOR002

 Wmsg: Iteration    36 Etot =    -399.025561 err =  0.00000009
       Dyson loops  31 EF   =       0.017523 err =  0.00000034 DOS(E_F)=    4.69 hx = 0.00100
       QSCA = -0.0092
       QCPA =  0.4999  0.0000

 Wmsg: Iteration    37 Etot =    -399.025561 err =  0.00000007
       Dyson loops  31 EF   =       0.017522 err =  0.00000025 DOS(E_F)=    4.69 hx = 0.00100
       QSCA = -0.0092
       QCPA =  0.4999  0.0000

 Wmsg: Iteration    38 Etot =    -399.025561 err =  0.00000005
       Dyson loops  31 EF   =       0.017522 err =  0.00000019 DOS(E_F)=    4.69 hx = 0.00100
       QSCA = -0.0092
       QCPA =  0.4999  0.0000

 Wmsg: Iteration    39 Etot =    -399.025561 err =  0.00000004
       Dyson loops  31 EF   =       0.017522 err =  0.00000014 DOS(E_F)=    4.69 hx = 0.00100
       QSCA = -0.0092
       QCPA =  0.4999  0.0000

 Wmsg: Iteration    40 Etot =    -399.025561 err =  0.00000003
       Dyson loops  31 EF   =       0.017522 err =  0.00000010 DOS(E_F)=    4.69 hx = 0.00100
       QSCA = -0.0092
       QCPA =  0.4999  0.0000

 Wmsg: Iteration    41 Etot =    -399.025561 err =  0.00000002
       Dyson loops  31 EF   =       0.017522 err =  0.00000007 DOS(E_F)=    4.69 hx = 0.00100
       QSCA = -0.0092
       QCPA =  0.4999  0.0000

 Wmsg: Iteration    42 Etot =    -399.025561 err =  0.00000001
       Dyson loops  31 EF   =       0.017522 err =  0.00000005 DOS(E_F)=    4.69 hx = 0.00100
       QSCA = -0.0092
       QCPA =  0.4999  0.0000

 Update:   Potential etc. stored on FOR002

 Wmsg: Iteration    43 Etot =    -399.025561 err =  0.00000001
       Dyson loops  31 EF   =       0.017522 err =  0.00000004 DOS(E_F)=    4.69 hx = 0.00100
       QSCA = -0.0092
       QCPA =  0.4999  0.0000

 Wmsg: Iteration    44 Etot =    -399.025561 err =  0.00000001
       Dyson loops  31 EF   =       0.017522 err =  0.00000003 DOS(E_F)=    4.69 hx = 0.00100
       QSCA = -0.0092
       QCPA =  0.4999  0.0000

 Wmsg: Iteration    45 Etot =    -399.025561 err =  0.00000001
       Dyson loops  31 EF   =       0.017522 err =  0.00000002 DOS(E_F)=    4.69 hx = 0.00100
       QSCA = -0.0092
       QCPA =  0.4999  0.0000

 Wmsg: Iteration    46 Etot =    -399.025561 err =  0.00000000
       Dyson loops  31 EF   =       0.017522 err =  0.00000002 DOS(E_F)=    4.69 hx = 0.00100
       QSCA = -0.0092
       QCPA =  0.4999  0.0000

 Wmsg: Iteration    47 Etot =    -399.025561 err =  0.00000000
       Dyson loops  31 EF   =       0.017522 err =  0.00000001 DOS(E_F)=    4.69 hx = 0.00100
       QSCA = -0.0092
       QCPA =  0.4999  0.0000

 Wmsg: Iteration    48 Etot =    -399.025561 err =  0.00000000
       Dyson loops  31 EF   =       0.017522 err =  0.00000001 DOS(E_F)=    4.69 hx = 0.00100
       QSCA = -0.0092
       QCPA =  0.4999  0.0000

 Update:   Potential etc. stored on FOR002

 Dospth: CPA equation for IS =  1 converged in  1- 1 iterations

 KGRN:     Calculation of the full charge density, lmaxh =  8

 Kkrfcd:   NOS(Ef) =  1.999972 ELT =  2.000000

 Mgaunt:   Generate real Gaunt numbers

 Grnfcd:   Construct the full charge density

 Eldens:   Calculate multipole moments

 Eldens:   delQ = -0.000028 QTI = -0.047304 -0.000028

 Rotchd:   Perform the 3D rotations

 Fcdupd:   Full charge density stored on FOR010

 KGRN: Calculation finished at 15:03 on 23-Jan-26
 
  Total time for the self-consistency loop:      35.258
  Total linear iterations time :      16.231
