
 KGRN: job = CuMg_1.00_2.79 isno =   0 Func = SCA

           Shape function for IQ =  1

 Mgaunt:   Generate real Gaunt numbers

 Setsym:   Set up the site-group symmetry elements for IQ=  1

           E     sigb  C31+  C31-  sigf  sige  C4z+  C4z-
           C2z   sigx  C2d   C4y-  S64-  S62+  sigy  C4x+
           C2c   S62-  S63+  siga  C33+  C34-  S4x+  S4y-
           I     C2b   S61-  S61+  C2f   C2e   S4z-  S4z+
           sigz  C2x   sigd  S4y+  C34+  C32-  C2y   S4x-
           sigc  C32+  C33-  C2a   S63-  S64+  C4x-  C4y+

 Atomc:    Atomic calculations for: Cu  

 Atomc:    Atomic calculations converged

           Number of core electrons  17.99947316
 Atomc:    Atomic calculations for: Mg  

 Atomc:    Atomic calculations converged

           Number of core electrons   9.99743484

 KMESHMP : Monkhorst-Pack k-mesh parameters, NKX,NKY,NKZ= 32 32 31

 Setkms:   NKVEC =     8193

 Blochs:   Bloch sum of slope matrix => array
  1  1  -1.10  1.3855 -1.1385  0.1955 -0.0405  0.0086 -0.0018  0.0003
  2  1  -1.08  1.3143 -1.0903  0.1793 -0.0356  0.0073 -0.0014  0.0002
  3  1  -1.00  1.0343 -0.8910  0.1197 -0.0194  0.0032 -0.0005  0.0001
  4  1  -0.84  0.5484 -0.5057  0.0386 -0.0036  0.0003 -0.0000  0.0000
  5  1  -0.64  0.0208 -0.0205  0.0001 -0.0000  0.0000 -0.0000  0.0000
  6  1  -0.44  0.4912  0.4567  0.0315  0.0026  0.0002  0.0000  0.0000
  7  1  -0.28  0.9879  0.8565  0.1107  0.0173  0.0028  0.0004  0.0001
  8  1  -0.16  1.4004  1.1485  0.1989  0.0416  0.0089  0.0019  0.0003
  9  1  -0.08  1.6907  1.3351  0.2689  0.0654  0.0163  0.0039  0.0008
 10  1  -0.04  1.8660  1.4411  0.3132  0.0822  0.0221  0.0058  0.0013
 11  1  -0.02  1.9593  1.4956  0.3373  0.0919  0.0257  0.0070  0.0016
 12  1  -0.01  2.0039  1.5211  0.3490  0.0967  0.0275  0.0076  0.0018
 13  1  -0.00  2.0231  1.5321  0.3540  0.0988  0.0283  0.0079  0.0019
 14  1  -0.00  2.0302  1.5361  0.3559  0.0996  0.0286  0.0080  0.0019
 15  1  -0.00  2.0323  1.5373  0.3564  0.0998  0.0287  0.0080  0.0019
 16  1  -0.00  2.0327  1.5375  0.3565  0.0998  0.0287  0.0080  0.0019

 Slfcns:   Start LDA iterations by KKR, XC = Perdew-Wang 96 LDA, Soft-core-A 

 Wmsg: Iteration     1 Etot =    -398.978467 err =  6.65660128
       Dyson loops  31 EF   =       0.062004 err =  0.06840195 DOS(E_F)=    3.86 hx = 0.10100
       QSCA = -0.0072
       QCPA =  0.1722  0.0000

 Wmsg: Iteration     2 Etot =    -398.973220 err =  0.00524674
       Dyson loops  31 EF   =       0.087547 err =  0.02360397 DOS(E_F)=    3.43 hx = 0.08080
       QSCA = -0.0103
       QCPA =  0.2841  0.0000

 Wmsg: Iteration     3 Etot =    -398.980927 err =  0.00770765
       Dyson loops  31 EF   =       0.093929 err =  0.00442439 DOS(E_F)=    4.14 hx = 0.06464
       QSCA = -0.0123
       QCPA =  0.3508  0.0000

 Wmsg: Iteration     4 Etot =    -398.986995 err =  0.00606735
       Dyson loops  31 EF   =       0.095086 err =  0.00043055 DOS(E_F)=    3.85 hx = 0.05171
       QSCA = -0.0137
       QCPA =  0.3979  0.0000

 Wmsg: Iteration     5 Etot =    -398.989602 err =  0.00260706
       Dyson loops  31 EF   =       0.081909 err =  0.00177800 DOS(E_F)=    4.29 hx = 0.04137
       QSCA = -0.0147
       QCPA =  0.4286  0.0000

 Wmsg: Iteration     6 Etot =    -398.990852 err =  0.00125055
       Dyson loops  31 EF   =       0.084681 err =  0.00932019 DOS(E_F)=    4.05 hx = 0.02068
       QSCA = -0.0156
       QCPA =  0.4470  0.0000

 Wmsg: Iteration     7 Etot =    -398.992554 err =  0.00170173
       Dyson loops  31 EF   =       0.085987 err =  0.00096280 DOS(E_F)=    4.25 hx = 0.01034
       QSCA = -0.0161
       QCPA =  0.4574  0.0000

 Update:   Potential etc. stored on FOR002

 Wmsg: Iteration     8 Etot =    -398.993545 err =  0.00099112
       Dyson loops  31 EF   =       0.076371 err =  0.00051667 DOS(E_F)=    4.30 hx = 0.00517
       QSCA = -0.0164
       QCPA =  0.4653  0.0000

 Wmsg: Iteration     9 Etot =    -398.994071 err =  0.00052547
       Dyson loops  31 EF   =       0.079789 err =  0.00602085 DOS(E_F)=    3.80 hx = 0.00602
       QSCA = -0.0166
       QCPA =  0.4674  0.0000

 Wmsg: Iteration    10 Etot =    -398.994524 err =  0.00045372
       Dyson loops  31 EF   =       0.081762 err =  0.00184433 DOS(E_F)=    4.22 hx = 0.00301
       QSCA = -0.0167
       QCPA =  0.4710  0.0000

 Wmsg: Iteration    11 Etot =    -398.994831 err =  0.00030690
       Dyson loops  31 EF   =       0.082313 err =  0.00047150 DOS(E_F)=    4.39 hx = 0.00151
       QSCA = -0.0168
       QCPA =  0.4739  0.0000

 Wmsg: Iteration    12 Etot =    -398.995054 err =  0.00022274
       Dyson loops  31 EF   =       0.082372 err =  0.00000879 DOS(E_F)=    4.29 hx = 0.00100
       QSCA = -0.0169
       QCPA =  0.4759  0.0000

 Wmsg: Iteration    13 Etot =    -398.995208 err =  0.00015405
       Dyson loops  31 EF   =       0.081800 err =  0.00015573 DOS(E_F)=    4.26 hx = 0.00100
       QSCA = -0.0170
       QCPA =  0.4771  0.0000

 Wmsg: Iteration    14 Etot =    -398.995318 err =  0.00010947
       Dyson loops  31 EF   =       0.081824 err =  0.00045813 DOS(E_F)=    4.28 hx = 0.00100
       QSCA = -0.0170
       QCPA =  0.4777  0.0000

 Update:   Potential etc. stored on FOR002

 Wmsg: Iteration    15 Etot =    -398.995398 err =  0.00008088
       Dyson loops  31 EF   =       0.081783 err =  0.00006142 DOS(E_F)=    4.26 hx = 0.00100
       QSCA = -0.0170
       QCPA =  0.4782  0.0000

 Wmsg: Iteration    16 Etot =    -398.995457 err =  0.00005819
       Dyson loops  31 EF   =       0.081705 err =  0.00009243 DOS(E_F)=    4.26 hx = 0.00100
       QSCA = -0.0170
       QCPA =  0.4786  0.0000

 Wmsg: Iteration    17 Etot =    -398.995499 err =  0.00004221
       Dyson loops  31 EF   =       0.081624 err =  0.00009236 DOS(E_F)=    4.25 hx = 0.00100
       QSCA = -0.0171
       QCPA =  0.4788  0.0000

 Wmsg: Iteration    18 Etot =    -398.995529 err =  0.00003064
       Dyson loops  31 EF   =       0.081551 err =  0.00008061 DOS(E_F)=    4.25 hx = 0.00100
       QSCA = -0.0171
       QCPA =  0.4789  0.0000

 Wmsg: Iteration    19 Etot =    -398.995552 err =  0.00002226
       Dyson loops  31 EF   =       0.081491 err =  0.00006581 DOS(E_F)=    4.26 hx = 0.00100
       QSCA = -0.0171
       QCPA =  0.4790  0.0000

 Wmsg: Iteration    20 Etot =    -398.995568 err =  0.00001620
       Dyson loops  31 EF   =       0.081443 err =  0.00005171 DOS(E_F)=    4.26 hx = 0.00100
       QSCA = -0.0171
       QCPA =  0.4791  0.0000

 Wmsg: Iteration    21 Etot =    -398.995580 err =  0.00001179
       Dyson loops  31 EF   =       0.081407 err =  0.00003968 DOS(E_F)=    4.26 hx = 0.00100
       QSCA = -0.0171
       QCPA =  0.4791  0.0000

 Update:   Potential etc. stored on FOR002

 Wmsg: Iteration    22 Etot =    -398.995588 err =  0.00000859
       Dyson loops  31 EF   =       0.081379 err =  0.00002998 DOS(E_F)=    4.26 hx = 0.00100
       QSCA = -0.0171
       QCPA =  0.4791  0.0000

 Wmsg: Iteration    23 Etot =    -398.995595 err =  0.00000627
       Dyson loops  31 EF   =       0.081358 err =  0.00002243 DOS(E_F)=    4.26 hx = 0.00100
       QSCA = -0.0171
       QCPA =  0.4791  0.0000

 Wmsg: Iteration    24 Etot =    -398.995599 err =  0.00000457
       Dyson loops  31 EF   =       0.081342 err =  0.00001666 DOS(E_F)=    4.26 hx = 0.00100
       QSCA = -0.0171
       QCPA =  0.4791  0.0000

 Wmsg: Iteration    25 Etot =    -398.995603 err =  0.00000334
       Dyson loops  31 EF   =       0.081331 err =  0.00001232 DOS(E_F)=    4.26 hx = 0.00100
       QSCA = -0.0171
       QCPA =  0.4791  0.0000

 Wmsg: Iteration    26 Etot =    -398.995605 err =  0.00000244
       Dyson loops  31 EF   =       0.081323 err =  0.00000908 DOS(E_F)=    4.26 hx = 0.00100
       QSCA = -0.0171
       QCPA =  0.4791  0.0000

 Wmsg: Iteration    27 Etot =    -398.995607 err =  0.00000178
       Dyson loops  31 EF   =       0.081316 err =  0.00000667 DOS(E_F)=    4.26 hx = 0.00100
       QSCA = -0.0171
       QCPA =  0.4791  0.0000

 Wmsg: Iteration    28 Etot =    -398.995608 err =  0.00000130
       Dyson loops  31 EF   =       0.081312 err =  0.00000490 DOS(E_F)=    4.26 hx = 0.00100
       QSCA = -0.0171
       QCPA =  0.4791  0.0000

 Update:   Potential etc. stored on FOR002

 Wmsg: Iteration    29 Etot =    -398.995609 err =  0.00000095
       Dyson loops  31 EF   =       0.081308 err =  0.00000359 DOS(E_F)=    4.26 hx = 0.00100
       QSCA = -0.0171
       QCPA =  0.4791  0.0000

 Wmsg: Iteration    30 Etot =    -398.995610 err =  0.00000069
       Dyson loops  31 EF   =       0.081306 err =  0.00000263 DOS(E_F)=    4.26 hx = 0.00100
       QSCA = -0.0171
       QCPA =  0.4791  0.0000

 Wmsg: Iteration    31 Etot =    -398.995610 err =  0.00000050
       Dyson loops  31 EF   =       0.081304 err =  0.00000193 DOS(E_F)=    4.26 hx = 0.00100
       QSCA = -0.0171
       QCPA =  0.4791  0.0000

 Wmsg: Iteration    32 Etot =    -398.995611 err =  0.00000037
       Dyson loops  31 EF   =       0.081303 err =  0.00000141 DOS(E_F)=    4.26 hx = 0.00100
       QSCA = -0.0171
       QCPA =  0.4791  0.0000

 Wmsg: Iteration    33 Etot =    -398.995611 err =  0.00000027
       Dyson loops  31 EF   =       0.081302 err =  0.00000103 DOS(E_F)=    4.26 hx = 0.00100
       QSCA = -0.0171
       QCPA =  0.4791  0.0000

 Wmsg: Iteration    34 Etot =    -398.995611 err =  0.00000020
       Dyson loops  31 EF   =       0.081301 err =  0.00000076 DOS(E_F)=    4.26 hx = 0.00100
       QSCA = -0.0171
       QCPA =  0.4791  0.0000

 Wmsg: Iteration    35 Etot =    -398.995611 err =  0.00000015
       Dyson loops  31 EF   =       0.081301 err =  0.00000055 DOS(E_F)=    4.26 hx = 0.00100
       QSCA = -0.0171
       QCPA =  0.4791  0.0000

 Update:   Potential etc. stored on FOR002

 Wmsg: Iteration    36 Etot =    -398.995611 err =  0.00000011
       Dyson loops  31 EF   =       0.081300 err =  0.00000041 DOS(E_F)=    4.26 hx = 0.00100
       QSCA = -0.0171
       QCPA =  0.4791  0.0000

 Wmsg: Iteration    37 Etot =    -398.995611 err =  0.00000008
       Dyson loops  31 EF   =       0.081300 err =  0.00000030 DOS(E_F)=    4.26 hx = 0.00100
       QSCA = -0.0171
       QCPA =  0.4791  0.0000

 Wmsg: Iteration    38 Etot =    -398.995611 err =  0.00000006
       Dyson loops  31 EF   =       0.081300 err =  0.00000022 DOS(E_F)=    4.26 hx = 0.00100
       QSCA = -0.0171
       QCPA =  0.4791  0.0000

 Wmsg: Iteration    39 Etot =    -398.995611 err =  0.00000004
       Dyson loops  31 EF   =       0.081300 err =  0.00000016 DOS(E_F)=    4.26 hx = 0.00100
       QSCA = -0.0171
       QCPA =  0.4791  0.0000

 Wmsg: Iteration    40 Etot =    -398.995611 err =  0.00000003
       Dyson loops  31 EF   =       0.081300 err =  0.00000012 DOS(E_F)=    4.26 hx = 0.00100
       QSCA = -0.0171
       QCPA =  0.4791  0.0000

 Wmsg: Iteration    41 Etot =    -398.995611 err =  0.00000002
       Dyson loops  31 EF   =       0.081299 err =  0.00000009 DOS(E_F)=    4.26 hx = 0.00100
       QSCA = -0.0171
       QCPA =  0.4791  0.0000

 Wmsg: Iteration    42 Etot =    -398.995612 err =  0.00000002
       Dyson loops  31 EF   =       0.081299 err =  0.00000006 DOS(E_F)=    4.26 hx = 0.00100
       QSCA = -0.0171
       QCPA =  0.4791  0.0000

 Update:   Potential etc. stored on FOR002

 Wmsg: Iteration    43 Etot =    -398.995612 err =  0.00000001
       Dyson loops  31 EF   =       0.081299 err =  0.00000005 DOS(E_F)=    4.26 hx = 0.00100
       QSCA = -0.0171
       QCPA =  0.4791  0.0000

 Wmsg: Iteration    44 Etot =    -398.995612 err =  0.00000001
       Dyson loops  31 EF   =       0.081299 err =  0.00000003 DOS(E_F)=    4.26 hx = 0.00100
       QSCA = -0.0171
       QCPA =  0.4791  0.0000

 Wmsg: Iteration    45 Etot =    -398.995612 err =  0.00000001
       Dyson loops  31 EF   =       0.081299 err =  0.00000003 DOS(E_F)=    4.26 hx = 0.00100
       QSCA = -0.0171
       QCPA =  0.4791  0.0000

 Wmsg: Iteration    46 Etot =    -398.995612 err =  0.00000000
       Dyson loops  31 EF   =       0.081299 err =  0.00000002 DOS(E_F)=    4.26 hx = 0.00100
       QSCA = -0.0171
       QCPA =  0.4791  0.0000

 Wmsg: Iteration    47 Etot =    -398.995612 err =  0.00000000
       Dyson loops  31 EF   =       0.081299 err =  0.00000001 DOS(E_F)=    4.26 hx = 0.00100
       QSCA = -0.0171
       QCPA =  0.4791  0.0000

 Wmsg: Iteration    48 Etot =    -398.995612 err =  0.00000000
       Dyson loops  31 EF   =       0.081299 err =  0.00000001 DOS(E_F)=    4.26 hx = 0.00100
       QSCA = -0.0171
       QCPA =  0.4791  0.0000

 Wmsg: Iteration    49 Etot =    -398.995612 err =  0.00000000
       Dyson loops  31 EF   =       0.081299 err =  0.00000001 DOS(E_F)=    4.26 hx = 0.00100
       QSCA = -0.0171
       QCPA =  0.4791  0.0000

 Update:   Potential etc. stored on FOR002

 Update:   Potential etc. stored on FOR002

 Dospth: CPA equation for IS =  1 converged in  1- 1 iterations

 KGRN:     Calculation of the full charge density, lmaxh =  8

 Kkrfcd:   NOS(Ef) =  1.999974 ELT =  2.000000

 Mgaunt:   Generate real Gaunt numbers

 Grnfcd:   Construct the full charge density

 Eldens:   Calculate multipole moments

 Eldens:   delQ = -0.000026 QTI = -0.182855 -0.000026

 Rotchd:   Perform the 3D rotations

 Fcdupd:   Full charge density stored on FOR010

 KGRN: Calculation finished at 14:32 on 23-Jan-26
 
  Total time for the self-consistency loop:      37.698
  Total linear iterations time :      17.497
