
 KGRN: job = CuMg_1.00_2.89 isno =   0 Func = SCA

           Shape function for IQ =  1

 Mgaunt:   Generate real Gaunt numbers

 Setsym:   Set up the site-group symmetry elements for IQ=  1

           E     sigb  C31+  C31-  sigf  sige  C4z+  C4z-
           C2z   sigx  C2d   C4y-  S64-  S62+  sigy  C4x+
           C2c   S62-  S63+  siga  C33+  C34-  S4x+  S4y-
           I     C2b   S61-  S61+  C2f   C2e   S4z-  S4z+
           sigz  C2x   sigd  S4y+  C34+  C32-  C2y   S4x-
           sigc  C32+  C33-  C2a   S63-  S64+  C4x-  C4y+

 Atomc:    Atomic calculations for: Cu  

 Atomc:    Atomic calculations converged

           Number of core electrons  17.99966394
 Atomc:    Atomic calculations for: Mg  

 Atomc:    Atomic calculations converged

           Number of core electrons   9.99820641

 KMESHMP : Monkhorst-Pack k-mesh parameters, NKX,NKY,NKZ= 32 32 31

 Setkms:   NKVEC =     8193

 Blochs:   Bloch sum of slope matrix => array
  1  1  -1.10  1.6147 -1.2877  0.2501 -0.0586  0.0141 -0.0033  0.0007
  2  1  -1.08  1.5335 -1.2359  0.2304 -0.0519  0.0120 -0.0027  0.0005
  3  1  -1.00  1.2161 -1.0221  0.1576 -0.0293  0.0056 -0.0010  0.0002
  4  1  -0.84  0.6717 -0.6086  0.0559 -0.0062  0.0007 -0.0001  0.0000
  5  1  -0.64  0.0895 -0.0881  0.0012 -0.0000  0.0000 -0.0000  0.0000
  6  1  -0.44  0.4535  0.4239  0.0271  0.0021  0.0002  0.0000  0.0000
  7  1  -0.28  0.9832  0.8530  0.1097  0.0170  0.0027  0.0004  0.0001
  8  1  -0.16  1.4270  1.1662  0.2051  0.0436  0.0095  0.0020  0.0004
  9  1  -0.08  1.7417  1.3665  0.2816  0.0701  0.0179  0.0044  0.0009
 10  1  -0.04  1.9328  1.4802  0.3305  0.0891  0.0246  0.0066  0.0015
 11  1  -0.02  2.0347  1.5386  0.3571  0.1001  0.0288  0.0080  0.0019
 12  1  -0.01  2.0835  1.5661  0.3699  0.1055  0.0309  0.0088  0.0021
 13  1  -0.00  2.1045  1.5778  0.3754  0.1079  0.0318  0.0091  0.0022
 14  1  -0.00  2.1123  1.5821  0.3775  0.1088  0.0322  0.0092  0.0023
 15  1  -0.00  2.1146  1.5834  0.3781  0.1090  0.0323  0.0093  0.0023
 16  1  -0.00  2.1150  1.5836  0.3782  0.1091  0.0323  0.0093  0.0023

 Slfcns:   Start LDA iterations by KKR, XC = Perdew-Wang 96 LDA, Soft-core-A 

 Wmsg: Iteration     1 Etot =    -398.994047 err =  6.04300791
       Dyson loops  31 EF   =       0.034740 err =  0.04062360 DOS(E_F)=    4.37 hx = 0.10100
       QSCA = -0.0041
       QCPA =  0.1764  0.0000

 Wmsg: Iteration     2 Etot =    -399.000131 err =  0.00608441
       Dyson loops  31 EF   =       0.044829 err =  0.00763044 DOS(E_F)=    4.44 hx = 0.08080
       QSCA = -0.0063
       QCPA =  0.2886  0.0000

 Wmsg: Iteration     3 Etot =    -399.008028 err =  0.00789646
       Dyson loops  31 EF   =       0.047096 err =  0.00112843 DOS(E_F)=    4.42 hx = 0.06464
       QSCA = -0.0078
       QCPA =  0.3660  0.0000

 Wmsg: Iteration     4 Etot =    -399.012327 err =  0.00429964
       Dyson loops  31 EF   =       0.031629 err =  0.00144071 DOS(E_F)=    4.46 hx = 0.05171
       QSCA = -0.0088
       QCPA =  0.4170  0.0000

 Wmsg: Iteration     5 Etot =    -399.013491 err =  0.00116348
       Dyson loops  31 EF   =       0.035519 err =  0.01104072 DOS(E_F)=    4.44 hx = 0.04137
       QSCA = -0.0095
       QCPA =  0.4461  0.0000

 Wmsg: Iteration     6 Etot =    -399.015960 err =  0.00246909
       Dyson loops  31 EF   =       0.036853 err =  0.00088591 DOS(E_F)=    4.26 hx = 0.02068
       QSCA = -0.0099
       QCPA =  0.4641  0.0000

 Wmsg: Iteration     7 Etot =    -399.017333 err =  0.00137321
       Dyson loops  31 EF   =       0.018058 err =  0.00039751 DOS(E_F)=    4.64 hx = 0.01034
       QSCA = -0.0102
       QCPA =  0.4755  0.0000

 Update:   Potential etc. stored on FOR002

 Wmsg: Iteration     8 Etot =    -399.017992 err =  0.00065850
       Dyson loops  31 EF   =       0.025015 err =  0.01193446 DOS(E_F)=    4.98 hx = 0.01193
       QSCA = -0.0110
       QCPA =  0.4818  0.0000

 Wmsg: Iteration     9 Etot =    -399.018630 err =  0.00063864
       Dyson loops  31 EF   =       0.029314 err =  0.00420181 DOS(E_F)=    4.39 hx = 0.00597
       QSCA = -0.0110
       QCPA =  0.4775  0.0000

 Wmsg: Iteration    10 Etot =    -399.018992 err =  0.00036154
       Dyson loops  31 EF   =       0.031123 err =  0.00172617 DOS(E_F)=    4.26 hx = 0.00298
       QSCA = -0.0112
       QCPA =  0.4874  0.0000

 Wmsg: Iteration    11 Etot =    -399.019330 err =  0.00033836
       Dyson loops  31 EF   =       0.031856 err =  0.00063890 DOS(E_F)=    4.56 hx = 0.00149
       QSCA = -0.0111
       QCPA =  0.4893  0.0000

 Wmsg: Iteration    12 Etot =    -399.019531 err =  0.00020087
       Dyson loops  31 EF   =       0.031981 err =  0.00007905 DOS(E_F)=    4.65 hx = 0.00100
       QSCA = -0.0111
       QCPA =  0.4919  0.0000

 Wmsg: Iteration    13 Etot =    -399.019665 err =  0.00013394
       Dyson loops  31 EF   =       0.031451 err =  0.00011928 DOS(E_F)=    4.62 hx = 0.00100
       QSCA = -0.0110
       QCPA =  0.4936  0.0000

 Wmsg: Iteration    14 Etot =    -399.019756 err =  0.00009088
       Dyson loops  31 EF   =       0.031520 err =  0.00039760 DOS(E_F)=    4.65 hx = 0.00100
       QSCA = -0.0110
       QCPA =  0.4942  0.0000

 Update:   Potential etc. stored on FOR002

 Wmsg: Iteration    15 Etot =    -399.019826 err =  0.00007054
       Dyson loops  31 EF   =       0.031497 err =  0.00004014 DOS(E_F)=    4.62 hx = 0.00100
       QSCA = -0.0110
       QCPA =  0.4949  0.0000

 Wmsg: Iteration    16 Etot =    -399.019876 err =  0.00004990
       Dyson loops  31 EF   =       0.031433 err =  0.00007760 DOS(E_F)=    4.61 hx = 0.00100
       QSCA = -0.0110
       QCPA =  0.4953  0.0000

 Wmsg: Iteration    17 Etot =    -399.019912 err =  0.00003597
       Dyson loops  31 EF   =       0.031363 err =  0.00007924 DOS(E_F)=    4.61 hx = 0.00100
       QSCA = -0.0110
       QCPA =  0.4956  0.0000

 Wmsg: Iteration    18 Etot =    -399.019938 err =  0.00002604
       Dyson loops  31 EF   =       0.031300 err =  0.00006896 DOS(E_F)=    4.61 hx = 0.00100
       QSCA = -0.0110
       QCPA =  0.4958  0.0000

 Wmsg: Iteration    19 Etot =    -399.019957 err =  0.00001892
       Dyson loops  31 EF   =       0.031249 err =  0.00005578 DOS(E_F)=    4.61 hx = 0.00100
       QSCA = -0.0110
       QCPA =  0.4959  0.0000

 Wmsg: Iteration    20 Etot =    -399.019971 err =  0.00001378
       Dyson loops  31 EF   =       0.031209 err =  0.00004339 DOS(E_F)=    4.61 hx = 0.00100
       QSCA = -0.0110
       QCPA =  0.4959  0.0000

 Wmsg: Iteration    21 Etot =    -399.019981 err =  0.00001005
       Dyson loops  31 EF   =       0.031179 err =  0.00003299 DOS(E_F)=    4.62 hx = 0.00100
       QSCA = -0.0110
       QCPA =  0.4960  0.0000

 Update:   Potential etc. stored on FOR002

 Wmsg: Iteration    22 Etot =    -399.019988 err =  0.00000734
       Dyson loops  31 EF   =       0.031156 err =  0.00002474 DOS(E_F)=    4.62 hx = 0.00100
       QSCA = -0.0110
       QCPA =  0.4960  0.0000

 Wmsg: Iteration    23 Etot =    -399.019994 err =  0.00000537
       Dyson loops  31 EF   =       0.031139 err =  0.00001840 DOS(E_F)=    4.62 hx = 0.00100
       QSCA = -0.0110
       QCPA =  0.4960  0.0000

 Wmsg: Iteration    24 Etot =    -399.019998 err =  0.00000393
       Dyson loops  31 EF   =       0.031126 err =  0.00001361 DOS(E_F)=    4.62 hx = 0.00100
       QSCA = -0.0110
       QCPA =  0.4960  0.0000

 Wmsg: Iteration    25 Etot =    -399.020001 err =  0.00000288
       Dyson loops  31 EF   =       0.031117 err =  0.00001004 DOS(E_F)=    4.62 hx = 0.00100
       QSCA = -0.0110
       QCPA =  0.4960  0.0000

 Wmsg: Iteration    26 Etot =    -399.020003 err =  0.00000211
       Dyson loops  31 EF   =       0.031110 err =  0.00000739 DOS(E_F)=    4.62 hx = 0.00100
       QSCA = -0.0110
       QCPA =  0.4960  0.0000

 Wmsg: Iteration    27 Etot =    -399.020004 err =  0.00000154
       Dyson loops  31 EF   =       0.031105 err =  0.00000543 DOS(E_F)=    4.62 hx = 0.00100
       QSCA = -0.0110
       QCPA =  0.4960  0.0000

 Wmsg: Iteration    28 Etot =    -399.020005 err =  0.00000113
       Dyson loops  31 EF   =       0.031102 err =  0.00000399 DOS(E_F)=    4.62 hx = 0.00100
       QSCA = -0.0110
       QCPA =  0.4960  0.0000

 Update:   Potential etc. stored on FOR002

 Wmsg: Iteration    29 Etot =    -399.020006 err =  0.00000083
       Dyson loops  31 EF   =       0.031099 err =  0.00000293 DOS(E_F)=    4.62 hx = 0.00100
       QSCA = -0.0110
       QCPA =  0.4960  0.0000

 Wmsg: Iteration    30 Etot =    -399.020007 err =  0.00000060
       Dyson loops  31 EF   =       0.031097 err =  0.00000215 DOS(E_F)=    4.62 hx = 0.00100
       QSCA = -0.0109
       QCPA =  0.4960  0.0000

 Wmsg: Iteration    31 Etot =    -399.020007 err =  0.00000044
       Dyson loops  31 EF   =       0.031095 err =  0.00000157 DOS(E_F)=    4.62 hx = 0.00100
       QSCA = -0.0109
       QCPA =  0.4960  0.0000

 Wmsg: Iteration    32 Etot =    -399.020008 err =  0.00000032
       Dyson loops  31 EF   =       0.031094 err =  0.00000116 DOS(E_F)=    4.62 hx = 0.00100
       QSCA = -0.0109
       QCPA =  0.4960  0.0000

 Wmsg: Iteration    33 Etot =    -399.020008 err =  0.00000024
       Dyson loops  31 EF   =       0.031094 err =  0.00000085 DOS(E_F)=    4.62 hx = 0.00100
       QSCA = -0.0109
       QCPA =  0.4960  0.0000

 Wmsg: Iteration    34 Etot =    -399.020008 err =  0.00000018
       Dyson loops  31 EF   =       0.031093 err =  0.00000062 DOS(E_F)=    4.62 hx = 0.00100
       QSCA = -0.0109
       QCPA =  0.4960  0.0000

 Wmsg: Iteration    35 Etot =    -399.020008 err =  0.00000013
       Dyson loops  31 EF   =       0.031093 err =  0.00000046 DOS(E_F)=    4.62 hx = 0.00100
       QSCA = -0.0109
       QCPA =  0.4960  0.0000

 Update:   Potential etc. stored on FOR002

 Wmsg: Iteration    36 Etot =    -399.020008 err =  0.00000009
       Dyson loops  31 EF   =       0.031092 err =  0.00000034 DOS(E_F)=    4.62 hx = 0.00100
       QSCA = -0.0109
       QCPA =  0.4960  0.0000

 Wmsg: Iteration    37 Etot =    -399.020008 err =  0.00000007
       Dyson loops  31 EF   =       0.031092 err =  0.00000025 DOS(E_F)=    4.62 hx = 0.00100
       QSCA = -0.0109
       QCPA =  0.4960  0.0000

 Wmsg: Iteration    38 Etot =    -399.020008 err =  0.00000005
       Dyson loops  31 EF   =       0.031092 err =  0.00000018 DOS(E_F)=    4.62 hx = 0.00100
       QSCA = -0.0109
       QCPA =  0.4960  0.0000

 Wmsg: Iteration    39 Etot =    -399.020008 err =  0.00000004
       Dyson loops  31 EF   =       0.031092 err =  0.00000013 DOS(E_F)=    4.62 hx = 0.00100
       QSCA = -0.0109
       QCPA =  0.4960  0.0000

 Wmsg: Iteration    40 Etot =    -399.020008 err =  0.00000003
       Dyson loops  31 EF   =       0.031092 err =  0.00000010 DOS(E_F)=    4.62 hx = 0.00100
       QSCA = -0.0109
       QCPA =  0.4960  0.0000

 Wmsg: Iteration    41 Etot =    -399.020008 err =  0.00000002
       Dyson loops  31 EF   =       0.031092 err =  0.00000007 DOS(E_F)=    4.62 hx = 0.00100
       QSCA = -0.0109
       QCPA =  0.4960  0.0000

 Wmsg: Iteration    42 Etot =    -399.020008 err =  0.00000002
       Dyson loops  31 EF   =       0.031091 err =  0.00000005 DOS(E_F)=    4.62 hx = 0.00100
       QSCA = -0.0109
       QCPA =  0.4960  0.0000

 Update:   Potential etc. stored on FOR002

 Wmsg: Iteration    43 Etot =    -399.020008 err =  0.00000001
       Dyson loops  31 EF   =       0.031091 err =  0.00000004 DOS(E_F)=    4.62 hx = 0.00100
       QSCA = -0.0109
       QCPA =  0.4960  0.0000

 Wmsg: Iteration    44 Etot =    -399.020008 err =  0.00000001
       Dyson loops  31 EF   =       0.031091 err =  0.00000003 DOS(E_F)=    4.62 hx = 0.00100
       QSCA = -0.0109
       QCPA =  0.4960  0.0000

 Wmsg: Iteration    45 Etot =    -399.020008 err =  0.00000001
       Dyson loops  31 EF   =       0.031091 err =  0.00000002 DOS(E_F)=    4.62 hx = 0.00100
       QSCA = -0.0109
       QCPA =  0.4960  0.0000

 Wmsg: Iteration    46 Etot =    -399.020008 err =  0.00000000
       Dyson loops  31 EF   =       0.031091 err =  0.00000002 DOS(E_F)=    4.62 hx = 0.00100
       QSCA = -0.0109
       QCPA =  0.4960  0.0000

 Wmsg: Iteration    47 Etot =    -399.020008 err =  0.00000000
       Dyson loops  31 EF   =       0.031091 err =  0.00000001 DOS(E_F)=    4.62 hx = 0.00100
       QSCA = -0.0109
       QCPA =  0.4960  0.0000

 Wmsg: Iteration    48 Etot =    -399.020008 err =  0.00000000
       Dyson loops  31 EF   =       0.031091 err =  0.00000001 DOS(E_F)=    4.62 hx = 0.00100
       QSCA = -0.0109
       QCPA =  0.4960  0.0000

 Update:   Potential etc. stored on FOR002

 Dospth: CPA equation for IS =  1 converged in  1- 1 iterations

 KGRN:     Calculation of the full charge density, lmaxh =  8

 Kkrfcd:   NOS(Ef) =  1.999972 ELT =  2.000000

 Mgaunt:   Generate real Gaunt numbers

 Grnfcd:   Construct the full charge density

 Eldens:   Calculate multipole moments

 Eldens:   delQ = -0.000028 QTI = -0.076853 -0.000028

 Rotchd:   Perform the 3D rotations

 Fcdupd:   Full charge density stored on FOR010

 KGRN: Calculation finished at 15:17 on 23-Jan-26
 
  Total time for the self-consistency loop:      36.383
  Total linear iterations time :      17.103
