
 KGRN: job = CuMg_1.00_3.38 isno =   0 Func = SCA

           Shape function for IQ =  1

 Mgaunt:   Generate real Gaunt numbers

 Setsym:   Set up the site-group symmetry elements for IQ=  1

           E     sigb  C31+  C31-  sigf  sige  C4z+  C4z-
           C2z   sigx  C2d   C4y-  S64-  S62+  sigy  C4x+
           C2c   S62-  S63+  siga  C33+  C34-  S4x+  S4y-
           I     C2b   S61-  S61+  C2f   C2e   S4z-  S4z+
           sigz  C2x   sigd  S4y+  C34+  C32-  C2y   S4x-
           sigc  C32+  C33-  C2a   S63-  S64+  C4x-  C4y+

 Atomc:    Atomic calculations for: Cu  

 Atomc:    Atomic calculations converged

           Number of core electrons  17.99996284
 Atomc:    Atomic calculations for: Mg  

 Atomc:    Atomic calculations converged

           Number of core electrons   9.99968911

 KMESHMP : Monkhorst-Pack k-mesh parameters, NKX,NKY,NKZ= 32 32 31

 Setkms:   NKVEC =     8193

 Blochs:   Bloch sum of slope matrix => array
  1  1  -1.10  3.2675 -2.1417  0.6918 -0.2699  0.1080 -0.0419  0.0139
  2  1  -1.08  3.1032 -2.0709  0.6468 -0.2440  0.0944 -0.0355  0.0113
  3  1  -1.00  2.4828 -1.7785  0.4771 -0.1545  0.0514 -0.0166  0.0046
  4  1  -0.84  1.4981 -1.2129  0.2219 -0.0490  0.0111 -0.0024  0.0005
  5  1  -0.64  0.5427 -0.5009  0.0378 -0.0035  0.0003 -0.0000  0.0000
  6  1  -0.44  0.2059  0.1994  0.0060  0.0002  0.0000  0.0000  0.0000
  7  1  -0.28  0.8954  0.7863  0.0933  0.0134  0.0020  0.0003  0.0000
  8  1  -0.16  1.5009  1.2148  0.2226  0.0492  0.0112  0.0025  0.0005
  9  1  -0.08  1.9475  1.4887  0.3343  0.0906  0.0252  0.0068  0.0016
 10  1  -0.04  2.2260  1.6443  0.4078  0.1221  0.0375  0.0112  0.0028
 11  1  -0.02  2.3769  1.7242  0.4484  0.1408  0.0454  0.0142  0.0038
 12  1  -0.01  2.4498  1.7617  0.4681  0.1502  0.0494  0.0158  0.0043
 13  1  -0.00  2.4813  1.7777  0.4766  0.1543  0.0513  0.0165  0.0045
 14  1  -0.00  2.4931  1.7837  0.4798  0.1559  0.0520  0.0168  0.0046
 15  1  -0.00  2.4965  1.7855  0.4808  0.1563  0.0522  0.0169  0.0047
 16  1  -0.00  2.4971  1.7858  0.4810  0.1564  0.0522  0.0169  0.0047

 Slfcns:   Start LDA iterations by KKR, XC = Perdew-Wang 96 LDA, Soft-core-A 

 Wmsg: Iteration     1 Etot =    -399.032710 err =  3.74199110
       Dyson loops  31 EF   =      -0.047926 err =  0.04435800 DOS(E_F)=    7.18 hx = 0.10100
       QSCA =  0.0041
       QCPA =  0.2157  0.0000

 Wmsg: Iteration     2 Etot =    -399.028455 err =  0.00425510
       Dyson loops  31 EF   =      -0.078890 err =  0.03173719 DOS(E_F)=    6.00 hx = 0.08080
       QSCA =  0.0070
       QCPA =  0.3355  0.0000

 Wmsg: Iteration     3 Etot =    -399.032457 err =  0.00400233
       Dyson loops  31 EF   =      -0.119461 err =  0.04112351 DOS(E_F)=    5.80 hx = 0.06464
       QSCA =  0.0086
       QCPA =  0.4040  0.0000

 Wmsg: Iteration     4 Etot =    -399.040892 err =  0.00843437
       Dyson loops  31 EF   =      -0.119184 err =  0.00065917 DOS(E_F)=    6.87 hx = 0.05171
       QSCA =  0.0093
       QCPA =  0.4493  0.0000

 Wmsg: Iteration     5 Etot =    -399.042152 err =  0.00126025
       Dyson loops  31 EF   =      -0.133814 err =  0.01483603 DOS(E_F)=    6.41 hx = 0.04137
       QSCA =  0.0098
       QCPA =  0.4739  0.0000

 Wmsg: Iteration     6 Etot =    -399.042507 err =  0.00035502
       Dyson loops  31 EF   =      -0.128668 err =  0.00483543 DOS(E_F)=    6.29 hx = 0.02068
       QSCA =  0.0101
       QCPA =  0.4891  0.0000

 Wmsg: Iteration     7 Etot =    -399.044241 err =  0.00173412
       Dyson loops  31 EF   =      -0.127054 err =  0.00137612 DOS(E_F)=    6.79 hx = 0.01034
       QSCA =  0.0104
       QCPA =  0.4983  0.0000

 Update:   Potential etc. stored on FOR002

 Wmsg: Iteration     8 Etot =    -399.045144 err =  0.00090311
       Dyson loops  31 EF   =      -0.136466 err =  0.00026411 DOS(E_F)=    6.63 hx = 0.00517
       QSCA =  0.0106
       QCPA =  0.5040  0.0000

 Wmsg: Iteration     9 Etot =    -399.045467 err =  0.00032286
       Dyson loops  31 EF   =      -0.131993 err =  0.00027819 DOS(E_F)=    6.32 hx = 0.00259
       QSCA =  0.0107
       QCPA =  0.5081  0.0000

 Wmsg: Iteration    10 Etot =    -399.045792 err =  0.00032528
       Dyson loops  31 EF   =      -0.130336 err =  0.00309214 DOS(E_F)=    6.65 hx = 0.00309
       QSCA =  0.0108
       QCPA =  0.5102  0.0000

 Wmsg: Iteration    11 Etot =    -399.046015 err =  0.00022260
       Dyson loops  31 EF   =      -0.129721 err =  0.00055568 DOS(E_F)=    6.84 hx = 0.00155
       QSCA =  0.0109
       QCPA =  0.5116  0.0000

 Wmsg: Iteration    12 Etot =    -399.046159 err =  0.00014430
       Dyson loops  31 EF   =      -0.129581 err =  0.00010750 DOS(E_F)=    6.60 hx = 0.00100
       QSCA =  0.0109
       QCPA =  0.5125  0.0000

 Wmsg: Iteration    13 Etot =    -399.046261 err =  0.00010199
       Dyson loops  31 EF   =      -0.130122 err =  0.00008281 DOS(E_F)=    6.54 hx = 0.00100
       QSCA =  0.0110
       QCPA =  0.5131  0.0000

 Wmsg: Iteration    14 Etot =    -399.046333 err =  0.00007159
       Dyson loops  31 EF   =      -0.130011 err =  0.00039979 DOS(E_F)=    6.60 hx = 0.00100
       QSCA =  0.0110
       QCPA =  0.5135  0.0000

 Update:   Potential etc. stored on FOR002

 Wmsg: Iteration    15 Etot =    -399.046386 err =  0.00005306
       Dyson loops  31 EF   =      -0.129988 err =  0.00000769 DOS(E_F)=    6.55 hx = 0.00100
       QSCA =  0.0111
       QCPA =  0.5138  0.0000

 Wmsg: Iteration    16 Etot =    -399.046424 err =  0.00003800
       Dyson loops  31 EF   =      -0.130022 err =  0.00004488 DOS(E_F)=    6.53 hx = 0.00100
       QSCA =  0.0111
       QCPA =  0.5140  0.0000

 Wmsg: Iteration    17 Etot =    -399.046451 err =  0.00002755
       Dyson loops  31 EF   =      -0.130071 err =  0.00005680 DOS(E_F)=    6.52 hx = 0.00100
       QSCA =  0.0111
       QCPA =  0.5141  0.0000

 Wmsg: Iteration    18 Etot =    -399.046471 err =  0.00002014
       Dyson loops  31 EF   =      -0.130119 err =  0.00005385 DOS(E_F)=    6.52 hx = 0.00100
       QSCA =  0.0111
       QCPA =  0.5142  0.0000

 Wmsg: Iteration    19 Etot =    -399.046486 err =  0.00001473
       Dyson loops  31 EF   =      -0.130161 err =  0.00004557 DOS(E_F)=    6.52 hx = 0.00100
       QSCA =  0.0111
       QCPA =  0.5142  0.0000

 Wmsg: Iteration    20 Etot =    -399.046497 err =  0.00001078
       Dyson loops  31 EF   =      -0.130194 err =  0.00003646 DOS(E_F)=    6.52 hx = 0.00100
       QSCA =  0.0111
       QCPA =  0.5143  0.0000

 Wmsg: Iteration    21 Etot =    -399.046505 err =  0.00000789
       Dyson loops  31 EF   =      -0.130220 err =  0.00002827 DOS(E_F)=    6.52 hx = 0.00100
       QSCA =  0.0111
       QCPA =  0.5143  0.0000

 Update:   Potential etc. stored on FOR002

 Wmsg: Iteration    22 Etot =    -399.046511 err =  0.00000578
       Dyson loops  31 EF   =      -0.130240 err =  0.00002151 DOS(E_F)=    6.52 hx = 0.00100
       QSCA =  0.0112
       QCPA =  0.5143  0.0000

 Wmsg: Iteration    23 Etot =    -399.046515 err =  0.00000424
       Dyson loops  31 EF   =      -0.130255 err =  0.00001618 DOS(E_F)=    6.52 hx = 0.00100
       QSCA =  0.0112
       QCPA =  0.5143  0.0000

 Wmsg: Iteration    24 Etot =    -399.046518 err =  0.00000311
       Dyson loops  31 EF   =      -0.130266 err =  0.00001209 DOS(E_F)=    6.53 hx = 0.00100
       QSCA =  0.0112
       QCPA =  0.5143  0.0000

 Wmsg: Iteration    25 Etot =    -399.046520 err =  0.00000228
       Dyson loops  31 EF   =      -0.130275 err =  0.00000898 DOS(E_F)=    6.53 hx = 0.00100
       QSCA =  0.0112
       QCPA =  0.5143  0.0000

 Wmsg: Iteration    26 Etot =    -399.046522 err =  0.00000167
       Dyson loops  31 EF   =      -0.130281 err =  0.00000666 DOS(E_F)=    6.53 hx = 0.00100
       QSCA =  0.0112
       QCPA =  0.5143  0.0000

 Wmsg: Iteration    27 Etot =    -399.046523 err =  0.00000123
       Dyson loops  31 EF   =      -0.130286 err =  0.00000492 DOS(E_F)=    6.53 hx = 0.00100
       QSCA =  0.0112
       QCPA =  0.5143  0.0000

 Wmsg: Iteration    28 Etot =    -399.046524 err =  0.00000090
       Dyson loops  31 EF   =      -0.130289 err =  0.00000363 DOS(E_F)=    6.53 hx = 0.00100
       QSCA =  0.0112
       QCPA =  0.5143  0.0000

 Update:   Potential etc. stored on FOR002

 Wmsg: Iteration    29 Etot =    -399.046525 err =  0.00000066
       Dyson loops  31 EF   =      -0.130291 err =  0.00000267 DOS(E_F)=    6.53 hx = 0.00100
       QSCA =  0.0112
       QCPA =  0.5143  0.0000

 Wmsg: Iteration    30 Etot =    -399.046525 err =  0.00000048
       Dyson loops  31 EF   =      -0.130293 err =  0.00000196 DOS(E_F)=    6.53 hx = 0.00100
       QSCA =  0.0112
       QCPA =  0.5143  0.0000

 Wmsg: Iteration    31 Etot =    -399.046526 err =  0.00000035
       Dyson loops  31 EF   =      -0.130295 err =  0.00000144 DOS(E_F)=    6.53 hx = 0.00100
       QSCA =  0.0112
       QCPA =  0.5143  0.0000

 Wmsg: Iteration    32 Etot =    -399.046526 err =  0.00000026
       Dyson loops  31 EF   =      -0.130296 err =  0.00000106 DOS(E_F)=    6.53 hx = 0.00100
       QSCA =  0.0112
       QCPA =  0.5143  0.0000

 Wmsg: Iteration    33 Etot =    -399.046526 err =  0.00000019
       Dyson loops  31 EF   =      -0.130296 err =  0.00000078 DOS(E_F)=    6.53 hx = 0.00100
       QSCA =  0.0112
       QCPA =  0.5143  0.0000

 Wmsg: Iteration    34 Etot =    -399.046526 err =  0.00000014
       Dyson loops  31 EF   =      -0.130297 err =  0.00000058 DOS(E_F)=    6.53 hx = 0.00100
       QSCA =  0.0112
       QCPA =  0.5143  0.0000

 Wmsg: Iteration    35 Etot =    -399.046526 err =  0.00000010
       Dyson loops  31 EF   =      -0.130297 err =  0.00000042 DOS(E_F)=    6.53 hx = 0.00100
       QSCA =  0.0112
       QCPA =  0.5143  0.0000

 Update:   Potential etc. stored on FOR002

 Wmsg: Iteration    36 Etot =    -399.046526 err =  0.00000008
       Dyson loops  31 EF   =      -0.130298 err =  0.00000031 DOS(E_F)=    6.53 hx = 0.00100
       QSCA =  0.0112
       QCPA =  0.5143  0.0000

 Wmsg: Iteration    37 Etot =    -399.046526 err =  0.00000006
       Dyson loops  31 EF   =      -0.130298 err =  0.00000023 DOS(E_F)=    6.53 hx = 0.00100
       QSCA =  0.0112
       QCPA =  0.5143  0.0000

 Wmsg: Iteration    38 Etot =    -399.046526 err =  0.00000004
       Dyson loops  31 EF   =      -0.130298 err =  0.00000017 DOS(E_F)=    6.53 hx = 0.00100
       QSCA =  0.0112
       QCPA =  0.5143  0.0000

 Wmsg: Iteration    39 Etot =    -399.046526 err =  0.00000003
       Dyson loops  31 EF   =      -0.130298 err =  0.00000013 DOS(E_F)=    6.53 hx = 0.00100
       QSCA =  0.0112
       QCPA =  0.5143  0.0000

 Wmsg: Iteration    40 Etot =    -399.046526 err =  0.00000002
       Dyson loops  31 EF   =      -0.130298 err =  0.00000009 DOS(E_F)=    6.53 hx = 0.00100
       QSCA =  0.0112
       QCPA =  0.5143  0.0000

 Wmsg: Iteration    41 Etot =    -399.046526 err =  0.00000002
       Dyson loops  31 EF   =      -0.130298 err =  0.00000007 DOS(E_F)=    6.53 hx = 0.00100
       QSCA =  0.0112
       QCPA =  0.5143  0.0000

 Wmsg: Iteration    42 Etot =    -399.046526 err =  0.00000001
       Dyson loops  31 EF   =      -0.130298 err =  0.00000005 DOS(E_F)=    6.53 hx = 0.00100
       QSCA =  0.0112
       QCPA =  0.5143  0.0000

 Update:   Potential etc. stored on FOR002

 Wmsg: Iteration    43 Etot =    -399.046526 err =  0.00000001
       Dyson loops  31 EF   =      -0.130298 err =  0.00000004 DOS(E_F)=    6.53 hx = 0.00100
       QSCA =  0.0112
       QCPA =  0.5143  0.0000

 Wmsg: Iteration    44 Etot =    -399.046527 err =  0.00000001
       Dyson loops  31 EF   =      -0.130298 err =  0.00000003 DOS(E_F)=    6.53 hx = 0.00100
       QSCA =  0.0112
       QCPA =  0.5143  0.0000

 Wmsg: Iteration    45 Etot =    -399.046527 err =  0.00000000
       Dyson loops  31 EF   =      -0.130298 err =  0.00000002 DOS(E_F)=    6.53 hx = 0.00100
       QSCA =  0.0112
       QCPA =  0.5143  0.0000

 Wmsg: Iteration    46 Etot =    -399.046527 err =  0.00000000
       Dyson loops  31 EF   =      -0.130298 err =  0.00000002 DOS(E_F)=    6.53 hx = 0.00100
       QSCA =  0.0112
       QCPA =  0.5143  0.0000

 Wmsg: Iteration    47 Etot =    -399.046527 err =  0.00000000
       Dyson loops  31 EF   =      -0.130298 err =  0.00000001 DOS(E_F)=    6.53 hx = 0.00100
       QSCA =  0.0112
       QCPA =  0.5143  0.0000

 Wmsg: Iteration    48 Etot =    -399.046527 err =  0.00000000
       Dyson loops  31 EF   =      -0.130298 err =  0.00000001 DOS(E_F)=    6.53 hx = 0.00100
       QSCA =  0.0112
       QCPA =  0.5143  0.0000

 Update:   Potential etc. stored on FOR002

 Dospth: CPA equation for IS =  1 converged in  1- 1 iterations

 KGRN:     Calculation of the full charge density, lmaxh =  8

 Kkrfcd:   NOS(Ef) =  1.999961 ELT =  2.000000

 Mgaunt:   Generate real Gaunt numbers

 Grnfcd:   Construct the full charge density

 Eldens:   Calculate multipole moments

 Eldens:   delQ = -0.000039 QTI =  0.297209 -0.000039

 Rotchd:   Perform the 3D rotations

 Fcdupd:   Full charge density stored on FOR010

 KGRN: Calculation finished at 15:38 on 23-Jan-26
 
  Total time for the self-consistency loop:      47.016
  Total linear iterations time :      27.397
