
 KGRN: job = CuMg_1.00_3.15 isno =   0 Func = SCA

           Shape function for IQ =  1

 Mgaunt:   Generate real Gaunt numbers

 Setsym:   Set up the site-group symmetry elements for IQ=  1

           E     sigb  C31+  C31-  sigf  sige  C4z+  C4z-
           C2z   sigx  C2d   C4y-  S64-  S62+  sigy  C4x+
           C2c   S62-  S63+  siga  C33+  C34-  S4x+  S4y-
           I     C2b   S61-  S61+  C2f   C2e   S4z-  S4z+
           sigz  C2x   sigd  S4y+  C34+  C32-  C2y   S4x-
           sigc  C32+  C33-  C2a   S63-  S64+  C4x-  C4y+

 Atomc:    Atomic calculations for: Cu  

 Atomc:    Atomic calculations converged

           Number of core electrons  17.99989555
 Atomc:    Atomic calculations for: Mg  

 Atomc:    Atomic calculations converged

           Number of core electrons   9.99929226

 KMESHMP : Monkhorst-Pack k-mesh parameters, NKX,NKY,NKZ= 32 32 31

 Setkms:   NKVEC =     8193

 Blochs:   Bloch sum of slope matrix => array
  1  1  -1.10  2.3594 -1.7151  0.4436 -0.1386  0.0444 -0.0138  0.0037
  2  1  -1.08  2.2432 -1.6536  0.4124 -0.1242  0.0384 -0.0115  0.0029
  3  1  -1.00  1.7964 -1.3996  0.2954 -0.0753  0.0197 -0.0050  0.0011
  4  1  -0.84  1.0578 -0.9084  0.1244 -0.0206  0.0035 -0.0006  0.0001
  5  1  -0.64  0.3035 -0.2899  0.0127 -0.0007  0.0000 -0.0000  0.0000
  6  1  -0.44  0.3348  0.3183  0.0153  0.0009  0.0001  0.0000  0.0000
  7  1  -0.28  0.9501  0.8281  0.1034  0.0156  0.0024  0.0004  0.0000
  8  1  -0.16  1.4785  1.2002  0.2172  0.0475  0.0107  0.0023  0.0004
  9  1  -0.08  1.8609  1.4381  0.3119  0.0817  0.0220  0.0057  0.0013
 10  1  -0.04  2.0963  1.5732  0.3733  0.1070  0.0314  0.0090  0.0022
 11  1  -0.02  2.2229  1.6426  0.4070  0.1217  0.0374  0.0111  0.0028
 12  1  -0.01  2.2838  1.6752  0.4233  0.1291  0.0404  0.0123  0.0032
 13  1  -0.00  2.3100  1.6891  0.4303  0.1324  0.0418  0.0128  0.0033
 14  1  -0.00  2.3198  1.6943  0.4330  0.1336  0.0423  0.0130  0.0034
 15  1  -0.00  2.3227  1.6958  0.4337  0.1340  0.0425  0.0131  0.0034
 16  1  -0.00  2.3232  1.6961  0.4339  0.1340  0.0425  0.0131  0.0034

 Slfcns:   Start LDA iterations by KKR, XC = Perdew-Wang 96 LDA, Soft-core-A 

 Wmsg: Iteration     1 Etot =    -399.024771 err =  4.69391420
       Dyson loops  31 EF   =      -0.020117 err =  0.01506040 DOS(E_F)=    5.39 hx = 0.10100
       QSCA =  0.0004
       QCPA =  0.2008  0.0000

 Wmsg: Iteration     2 Etot =    -399.031088 err =  0.00631727
       Dyson loops  31 EF   =      -0.034778 err =  0.01611864 DOS(E_F)=    5.06 hx = 0.08080
       QSCA =  0.0010
       QCPA =  0.3258  0.0000

 Wmsg: Iteration     3 Etot =    -399.035665 err =  0.00457708
       Dyson loops  31 EF   =      -0.064999 err =  0.03132391 DOS(E_F)=    5.13 hx = 0.06464
       QSCA =  0.0015
       QCPA =  0.3991  0.0000

 Wmsg: Iteration     4 Etot =    -399.039960 err =  0.00429491
       Dyson loops  31 EF   =      -0.061238 err =  0.00274370 DOS(E_F)=    5.57 hx = 0.05171
       QSCA =  0.0015
       QCPA =  0.4444  0.0000

 Wmsg: Iteration     5 Etot =    -399.043405 err =  0.00344481
       Dyson loops  31 EF   =      -0.060753 err =  0.00015889 DOS(E_F)=    5.19 hx = 0.04137
       QSCA =  0.0016
       QCPA =  0.4718  0.0000

 Wmsg: Iteration     6 Etot =    -399.044679 err =  0.00127389
       Dyson loops  31 EF   =      -0.070840 err =  0.00109983 DOS(E_F)=    5.80 hx = 0.02068
       QSCA =  0.0017
       QCPA =  0.4884  0.0000

 Wmsg: Iteration     7 Etot =    -399.045061 err =  0.00038267
       Dyson loops  31 EF   =      -0.068163 err =  0.00687907 DOS(E_F)=    5.55 hx = 0.01034
       QSCA =  0.0018
       QCPA =  0.4982  0.0000

 Update:   Potential etc. stored on FOR002

 Wmsg: Iteration     8 Etot =    -399.046237 err =  0.00117566
       Dyson loops  31 EF   =      -0.066805 err =  0.00123317 DOS(E_F)=    5.18 hx = 0.00517
       QSCA =  0.0018
       QCPA =  0.5045  0.0000

 Wmsg: Iteration     9 Etot =    -399.046793 err =  0.00055618
       Dyson loops  31 EF   =      -0.066492 err =  0.00016864 DOS(E_F)=    5.42 hx = 0.00259
       QSCA =  0.0019
       QCPA =  0.5089  0.0000

 Wmsg: Iteration    10 Etot =    -399.047128 err =  0.00033499
       Dyson loops  31 EF   =      -0.068995 err =  0.00027575 DOS(E_F)=    5.87 hx = 0.00129
       QSCA =  0.0019
       QCPA =  0.5118  0.0000

 Wmsg: Iteration    11 Etot =    -399.047349 err =  0.00022092
       Dyson loops  31 EF   =      -0.068369 err =  0.00175854 DOS(E_F)=    5.27 hx = 0.00176
       QSCA =  0.0020
       QCPA =  0.5132  0.0000

 Wmsg: Iteration    12 Etot =    -399.047516 err =  0.00016702
       Dyson loops  31 EF   =      -0.068019 err =  0.00030491 DOS(E_F)=    5.53 hx = 0.00100
       QSCA =  0.0020
       QCPA =  0.5146  0.0000

 Wmsg: Iteration    13 Etot =    -399.047638 err =  0.00012140
       Dyson loops  31 EF   =      -0.067963 err =  0.00002224 DOS(E_F)=    5.81 hx = 0.00100
       QSCA =  0.0020
       QCPA =  0.5155  0.0000

 Wmsg: Iteration    14 Etot =    -399.047724 err =  0.00008616
       Dyson loops  31 EF   =      -0.068047 err =  0.00010414 DOS(E_F)=    5.93 hx = 0.00100
       QSCA =  0.0020
       QCPA =  0.5161  0.0000

 Update:   Potential etc. stored on FOR002

 Wmsg: Iteration    15 Etot =    -399.047785 err =  0.00006101
       Dyson loops  31 EF   =      -0.068165 err =  0.00013386 DOS(E_F)=    5.96 hx = 0.00100
       QSCA =  0.0020
       QCPA =  0.5165  0.0000

 Wmsg: Iteration    16 Etot =    -399.047829 err =  0.00004393
       Dyson loops  31 EF   =      -0.068273 err =  0.00011940 DOS(E_F)=    5.97 hx = 0.00100
       QSCA =  0.0020
       QCPA =  0.5168  0.0000

 Wmsg: Iteration    17 Etot =    -399.047861 err =  0.00003184
       Dyson loops  31 EF   =      -0.068360 err =  0.00009578 DOS(E_F)=    5.96 hx = 0.00100
       QSCA =  0.0020
       QCPA =  0.5169  0.0000

 Wmsg: Iteration    18 Etot =    -399.047884 err =  0.00002318
       Dyson loops  31 EF   =      -0.068428 err =  0.00007345 DOS(E_F)=    5.95 hx = 0.00100
       QSCA =  0.0020
       QCPA =  0.5171  0.0000

 Wmsg: Iteration    19 Etot =    -399.047901 err =  0.00001692
       Dyson loops  31 EF   =      -0.068479 err =  0.00005514 DOS(E_F)=    5.95 hx = 0.00100
       QSCA =  0.0021
       QCPA =  0.5171  0.0000

 Wmsg: Iteration    20 Etot =    -399.047913 err =  0.00001238
       Dyson loops  31 EF   =      -0.068516 err =  0.00004097 DOS(E_F)=    5.94 hx = 0.00100
       QSCA =  0.0021
       QCPA =  0.5172  0.0000

 Wmsg: Iteration    21 Etot =    -399.047922 err =  0.00000906
       Dyson loops  31 EF   =      -0.068544 err =  0.00003029 DOS(E_F)=    5.94 hx = 0.00100
       QSCA =  0.0021
       QCPA =  0.5172  0.0000

 Update:   Potential etc. stored on FOR002

 Wmsg: Iteration    22 Etot =    -399.047929 err =  0.00000664
       Dyson loops  31 EF   =      -0.068565 err =  0.00002233 DOS(E_F)=    5.93 hx = 0.00100
       QSCA =  0.0021
       QCPA =  0.5172  0.0000

 Wmsg: Iteration    23 Etot =    -399.047934 err =  0.00000487
       Dyson loops  31 EF   =      -0.068580 err =  0.00001645 DOS(E_F)=    5.93 hx = 0.00100
       QSCA =  0.0021
       QCPA =  0.5172  0.0000

 Wmsg: Iteration    24 Etot =    -399.047937 err =  0.00000357
       Dyson loops  31 EF   =      -0.068591 err =  0.00001211 DOS(E_F)=    5.93 hx = 0.00100
       QSCA =  0.0021
       QCPA =  0.5173  0.0000

 Wmsg: Iteration    25 Etot =    -399.047940 err =  0.00000262
       Dyson loops  31 EF   =      -0.068599 err =  0.00000891 DOS(E_F)=    5.93 hx = 0.00100
       QSCA =  0.0021
       QCPA =  0.5173  0.0000

 Wmsg: Iteration    26 Etot =    -399.047942 err =  0.00000193
       Dyson loops  31 EF   =      -0.068605 err =  0.00000656 DOS(E_F)=    5.93 hx = 0.00100
       QSCA =  0.0021
       QCPA =  0.5173  0.0000

 Wmsg: Iteration    27 Etot =    -399.047943 err =  0.00000141
       Dyson loops  31 EF   =      -0.068610 err =  0.00000483 DOS(E_F)=    5.93 hx = 0.00100
       QSCA =  0.0021
       QCPA =  0.5173  0.0000

 Wmsg: Iteration    28 Etot =    -399.047944 err =  0.00000104
       Dyson loops  31 EF   =      -0.068613 err =  0.00000359 DOS(E_F)=    5.92 hx = 0.00100
       QSCA =  0.0021
       QCPA =  0.5173  0.0000

 Update:   Potential etc. stored on FOR002

 Wmsg: Iteration    29 Etot =    -399.047945 err =  0.00000076
       Dyson loops  31 EF   =      -0.068616 err =  0.00000265 DOS(E_F)=    5.92 hx = 0.00100
       QSCA =  0.0021
       QCPA =  0.5173  0.0000

 Wmsg: Iteration    30 Etot =    -399.047946 err =  0.00000056
       Dyson loops  31 EF   =      -0.068617 err =  0.00000197 DOS(E_F)=    5.92 hx = 0.00100
       QSCA =  0.0021
       QCPA =  0.5173  0.0000

 Wmsg: Iteration    31 Etot =    -399.047946 err =  0.00000041
       Dyson loops  31 EF   =      -0.068619 err =  0.00000146 DOS(E_F)=    5.92 hx = 0.00100
       QSCA =  0.0021
       QCPA =  0.5173  0.0000

 Wmsg: Iteration    32 Etot =    -399.047946 err =  0.00000030
       Dyson loops  31 EF   =      -0.068620 err =  0.00000108 DOS(E_F)=    5.92 hx = 0.00100
       QSCA =  0.0021
       QCPA =  0.5173  0.0000

 Wmsg: Iteration    33 Etot =    -399.047946 err =  0.00000022
       Dyson loops  31 EF   =      -0.068621 err =  0.00000080 DOS(E_F)=    5.92 hx = 0.00100
       QSCA =  0.0021
       QCPA =  0.5173  0.0000

 Wmsg: Iteration    34 Etot =    -399.047947 err =  0.00000016
       Dyson loops  31 EF   =      -0.068621 err =  0.00000059 DOS(E_F)=    5.92 hx = 0.00100
       QSCA =  0.0021
       QCPA =  0.5173  0.0000

 Wmsg: Iteration    35 Etot =    -399.047947 err =  0.00000012
       Dyson loops  31 EF   =      -0.068621 err =  0.00000043 DOS(E_F)=    5.92 hx = 0.00100
       QSCA =  0.0021
       QCPA =  0.5173  0.0000

 Update:   Potential etc. stored on FOR002

 Wmsg: Iteration    36 Etot =    -399.047947 err =  0.00000009
       Dyson loops  31 EF   =      -0.068622 err =  0.00000032 DOS(E_F)=    5.92 hx = 0.00100
       QSCA =  0.0021
       QCPA =  0.5173  0.0000

 Wmsg: Iteration    37 Etot =    -399.047947 err =  0.00000007
       Dyson loops  31 EF   =      -0.068622 err =  0.00000024 DOS(E_F)=    5.92 hx = 0.00100
       QSCA =  0.0021
       QCPA =  0.5173  0.0000

 Wmsg: Iteration    38 Etot =    -399.047947 err =  0.00000005
       Dyson loops  31 EF   =      -0.068622 err =  0.00000017 DOS(E_F)=    5.92 hx = 0.00100
       QSCA =  0.0021
       QCPA =  0.5173  0.0000

 Wmsg: Iteration    39 Etot =    -399.047947 err =  0.00000004
       Dyson loops  31 EF   =      -0.068622 err =  0.00000013 DOS(E_F)=    5.92 hx = 0.00100
       QSCA =  0.0021
       QCPA =  0.5173  0.0000

 Wmsg: Iteration    40 Etot =    -399.047947 err =  0.00000003
       Dyson loops  31 EF   =      -0.068622 err =  0.00000010 DOS(E_F)=    5.92 hx = 0.00100
       QSCA =  0.0021
       QCPA =  0.5173  0.0000

 Wmsg: Iteration    41 Etot =    -399.047947 err =  0.00000002
       Dyson loops  31 EF   =      -0.068622 err =  0.00000007 DOS(E_F)=    5.92 hx = 0.00100
       QSCA =  0.0021
       QCPA =  0.5173  0.0000

 Wmsg: Iteration    42 Etot =    -399.047947 err =  0.00000001
       Dyson loops  31 EF   =      -0.068622 err =  0.00000005 DOS(E_F)=    5.92 hx = 0.00100
       QSCA =  0.0021
       QCPA =  0.5173  0.0000

 Update:   Potential etc. stored on FOR002

 Wmsg: Iteration    43 Etot =    -399.047947 err =  0.00000001
       Dyson loops  31 EF   =      -0.068622 err =  0.00000004 DOS(E_F)=    5.92 hx = 0.00100
       QSCA =  0.0021
       QCPA =  0.5173  0.0000

 Wmsg: Iteration    44 Etot =    -399.047947 err =  0.00000001
       Dyson loops  31 EF   =      -0.068623 err =  0.00000003 DOS(E_F)=    5.92 hx = 0.00100
       QSCA =  0.0021
       QCPA =  0.5173  0.0000

 Wmsg: Iteration    45 Etot =    -399.047947 err =  0.00000001
       Dyson loops  31 EF   =      -0.068623 err =  0.00000002 DOS(E_F)=    5.92 hx = 0.00100
       QSCA =  0.0021
       QCPA =  0.5173  0.0000

 Wmsg: Iteration    46 Etot =    -399.047947 err =  0.00000000
       Dyson loops  31 EF   =      -0.068623 err =  0.00000002 DOS(E_F)=    5.92 hx = 0.00100
       QSCA =  0.0021
       QCPA =  0.5173  0.0000

 Wmsg: Iteration    47 Etot =    -399.047947 err =  0.00000000
       Dyson loops  31 EF   =      -0.068623 err =  0.00000001 DOS(E_F)=    5.92 hx = 0.00100
       QSCA =  0.0021
       QCPA =  0.5173  0.0000

 Wmsg: Iteration    48 Etot =    -399.047947 err =  0.00000000
       Dyson loops  31 EF   =      -0.068623 err =  0.00000001 DOS(E_F)=    5.92 hx = 0.00100
       QSCA =  0.0021
       QCPA =  0.5173  0.0000

 Update:   Potential etc. stored on FOR002

 Dospth: CPA equation for IS =  1 converged in  1- 1 iterations

 KGRN:     Calculation of the full charge density, lmaxh =  8

 Kkrfcd:   NOS(Ef) =  1.999964 ELT =  2.000000

 Mgaunt:   Generate real Gaunt numbers

 Grnfcd:   Construct the full charge density

 Eldens:   Calculate multipole moments

 Eldens:   delQ = -0.000036 QTI =  0.146722 -0.000036

 Rotchd:   Perform the 3D rotations

 Fcdupd:   Full charge density stored on FOR010

 KGRN: Calculation finished at 15:35 on 23-Jan-26
 
  Total time for the self-consistency loop:      46.770
  Total linear iterations time :      27.100
