
 KGRN: job = CuMg_1.00_2.80 isno =   0 Func = SCA

           Shape function for IQ =  1

 Mgaunt:   Generate real Gaunt numbers

 Setsym:   Set up the site-group symmetry elements for IQ=  1

           E     sigb  C31+  C31-  sigf  sige  C4z+  C4z-
           C2z   sigx  C2d   C4y-  S64-  S62+  sigy  C4x+
           C2c   S62-  S63+  siga  C33+  C34-  S4x+  S4y-
           I     C2b   S61-  S61+  C2f   C2e   S4z-  S4z+
           sigz  C2x   sigd  S4y+  C34+  C32-  C2y   S4x-
           sigc  C32+  C33-  C2a   S63-  S64+  C4x-  C4y+

 Atomc:    Atomic calculations for: Cu  

 Atomc:    Atomic calculations converged

           Number of core electrons  17.99949633
 Atomc:    Atomic calculations for: Mg  

 Atomc:    Atomic calculations converged

           Number of core electrons   9.99752503

 KMESHMP : Monkhorst-Pack k-mesh parameters, NKX,NKY,NKZ= 32 32 31

 Setkms:   NKVEC =     8193

 Blochs:   Bloch sum of slope matrix => array
  1  1  -1.10  1.4072 -1.1530  0.2005 -0.0421  0.0091 -0.0019  0.0003
  2  1  -1.08  1.3351 -1.1045  0.1840 -0.0370  0.0076 -0.0015  0.0003
  3  1  -1.00  1.0516 -0.9038  0.1232 -0.0203  0.0034 -0.0006  0.0001
  4  1  -0.84  0.5601 -0.5157  0.0401 -0.0038  0.0004 -0.0000  0.0000
  5  1  -0.64  0.0273 -0.0270  0.0001 -0.0000  0.0000 -0.0000  0.0000
  6  1  -0.44  0.4876  0.4536  0.0310  0.0026  0.0002  0.0000  0.0000
  7  1  -0.28  0.9877  0.8563  0.1106  0.0172  0.0028  0.0004  0.0001
  8  1  -0.16  1.4032  1.1504  0.1996  0.0418  0.0090  0.0019  0.0003
  9  1  -0.08  1.6959  1.3384  0.2702  0.0658  0.0165  0.0040  0.0008
 10  1  -0.04  1.8728  1.4451  0.3150  0.0829  0.0224  0.0059  0.0013
 11  1  -0.02  1.9669  1.5000  0.3393  0.0927  0.0260  0.0071  0.0016
 12  1  -0.01  2.0119  1.5257  0.3511  0.0976  0.0278  0.0077  0.0018
 13  1  -0.00  2.0312  1.5367  0.3562  0.0997  0.0286  0.0080  0.0019
 14  1  -0.00  2.0385  1.5408  0.3581  0.1005  0.0289  0.0081  0.0019
 15  1  -0.00  2.0406  1.5420  0.3586  0.1007  0.0290  0.0081  0.0019
 16  1  -0.00  2.0410  1.5422  0.3587  0.1008  0.0290  0.0081  0.0019

 Slfcns:   Start LDA iterations by KKR, XC = Perdew-Wang 96 LDA, Soft-core-A 

 Wmsg: Iteration     1 Etot =    -398.979532 err =  6.59289595
       Dyson loops  31 EF   =       0.058914 err =  0.06544131 DOS(E_F)=    3.85 hx = 0.10100
       QSCA = -0.0075
       QCPA =  0.1716  0.0000

 Wmsg: Iteration     2 Etot =    -398.976061 err =  0.00347096
       Dyson loops  31 EF   =       0.082829 err =  0.02175813 DOS(E_F)=    3.50 hx = 0.08080
       QSCA = -0.0104
       QCPA =  0.2862  0.0000

 Wmsg: Iteration     3 Etot =    -398.984150 err =  0.00808907
       Dyson loops  31 EF   =       0.088600 err =  0.00379080 DOS(E_F)=    4.34 hx = 0.06464
       QSCA = -0.0122
       QCPA =  0.3541  0.0000

 Wmsg: Iteration     4 Etot =    -398.990054 err =  0.00590406
       Dyson loops  31 EF   =       0.089625 err =  0.00033910 DOS(E_F)=    3.98 hx = 0.05171
       QSCA = -0.0135
       QCPA =  0.4009  0.0000

 Wmsg: Iteration     5 Etot =    -398.992573 err =  0.00251897
       Dyson loops  31 EF   =       0.076428 err =  0.00175326 DOS(E_F)=    4.31 hx = 0.04137
       QSCA = -0.0144
       QCPA =  0.4311  0.0000

 Wmsg: Iteration     6 Etot =    -398.993802 err =  0.00122919
       Dyson loops  31 EF   =       0.079154 err =  0.00935923 DOS(E_F)=    4.08 hx = 0.02068
       QSCA = -0.0152
       QCPA =  0.4493  0.0000

 Wmsg: Iteration     7 Etot =    -398.995489 err =  0.00168651
       Dyson loops  31 EF   =       0.080444 err =  0.00095408 DOS(E_F)=    4.21 hx = 0.01034
       QSCA = -0.0156
       QCPA =  0.4599  0.0000

 Update:   Potential etc. stored on FOR002

 Wmsg: Iteration     8 Etot =    -398.996477 err =  0.00098817
       Dyson loops  31 EF   =       0.070899 err =  0.00044083 DOS(E_F)=    4.33 hx = 0.00517
       QSCA = -0.0159
       QCPA =  0.4674  0.0000

 Wmsg: Iteration     9 Etot =    -398.996983 err =  0.00050613
       Dyson loops  31 EF   =       0.074306 err =  0.00603288 DOS(E_F)=    3.83 hx = 0.00603
       QSCA = -0.0160
       QCPA =  0.4693  0.0000

 Wmsg: Iteration    10 Etot =    -398.997434 err =  0.00045105
       Dyson loops  31 EF   =       0.076265 err =  0.00183387 DOS(E_F)=    4.20 hx = 0.00302
       QSCA = -0.0162
       QCPA =  0.4729  0.0000

 Wmsg: Iteration    11 Etot =    -398.997734 err =  0.00030003
       Dyson loops  31 EF   =       0.076902 err =  0.00055912 DOS(E_F)=    4.39 hx = 0.00151
       QSCA = -0.0162
       QCPA =  0.4758  0.0000

 Wmsg: Iteration    12 Etot =    -398.997953 err =  0.00021918
       Dyson loops  31 EF   =       0.076992 err =  0.00003804 DOS(E_F)=    4.32 hx = 0.00100
       QSCA = -0.0163
       QCPA =  0.4778  0.0000

 Wmsg: Iteration    13 Etot =    -398.998105 err =  0.00015126
       Dyson loops  31 EF   =       0.076439 err =  0.00013123 DOS(E_F)=    4.29 hx = 0.00100
       QSCA = -0.0163
       QCPA =  0.4790  0.0000

 Wmsg: Iteration    14 Etot =    -398.998213 err =  0.00010779
       Dyson loops  31 EF   =       0.076475 err =  0.00044833 DOS(E_F)=    4.31 hx = 0.00100
       QSCA = -0.0164
       QCPA =  0.4797  0.0000

 Update:   Potential etc. stored on FOR002

 Wmsg: Iteration    15 Etot =    -398.998292 err =  0.00007919
       Dyson loops  31 EF   =       0.076445 err =  0.00005055 DOS(E_F)=    4.29 hx = 0.00100
       QSCA = -0.0164
       QCPA =  0.4802  0.0000

 Wmsg: Iteration    16 Etot =    -398.998349 err =  0.00005708
       Dyson loops  31 EF   =       0.076374 err =  0.00008542 DOS(E_F)=    4.29 hx = 0.00100
       QSCA = -0.0164
       QCPA =  0.4805  0.0000

 Wmsg: Iteration    17 Etot =    -398.998390 err =  0.00004150
       Dyson loops  31 EF   =       0.076296 err =  0.00008799 DOS(E_F)=    4.29 hx = 0.00100
       QSCA = -0.0164
       QCPA =  0.4808  0.0000

 Wmsg: Iteration    18 Etot =    -398.998420 err =  0.00003017
       Dyson loops  31 EF   =       0.076226 err =  0.00007786 DOS(E_F)=    4.29 hx = 0.00100
       QSCA = -0.0164
       QCPA =  0.4809  0.0000

 Wmsg: Iteration    19 Etot =    -398.998442 err =  0.00002194
       Dyson loops  31 EF   =       0.076168 err =  0.00006404 DOS(E_F)=    4.29 hx = 0.00100
       QSCA = -0.0164
       QCPA =  0.4810  0.0000

 Wmsg: Iteration    20 Etot =    -398.998458 err =  0.00001597
       Dyson loops  31 EF   =       0.076121 err =  0.00005056 DOS(E_F)=    4.29 hx = 0.00100
       QSCA = -0.0164
       QCPA =  0.4810  0.0000

 Wmsg: Iteration    21 Etot =    -398.998470 err =  0.00001162
       Dyson loops  31 EF   =       0.076085 err =  0.00003893 DOS(E_F)=    4.29 hx = 0.00100
       QSCA = -0.0164
       QCPA =  0.4811  0.0000

 Update:   Potential etc. stored on FOR002

 Wmsg: Iteration    22 Etot =    -398.998478 err =  0.00000847
       Dyson loops  31 EF   =       0.076058 err =  0.00002949 DOS(E_F)=    4.29 hx = 0.00100
       QSCA = -0.0164
       QCPA =  0.4811  0.0000

 Wmsg: Iteration    23 Etot =    -398.998485 err =  0.00000617
       Dyson loops  31 EF   =       0.076038 err =  0.00002209 DOS(E_F)=    4.29 hx = 0.00100
       QSCA = -0.0164
       QCPA =  0.4811  0.0000

 Wmsg: Iteration    24 Etot =    -398.998489 err =  0.00000450
       Dyson loops  31 EF   =       0.076022 err =  0.00001643 DOS(E_F)=    4.29 hx = 0.00100
       QSCA = -0.0164
       QCPA =  0.4811  0.0000

 Wmsg: Iteration    25 Etot =    -398.998492 err =  0.00000328
       Dyson loops  31 EF   =       0.076011 err =  0.00001215 DOS(E_F)=    4.29 hx = 0.00100
       QSCA = -0.0164
       QCPA =  0.4811  0.0000

 Wmsg: Iteration    26 Etot =    -398.998495 err =  0.00000240
       Dyson loops  31 EF   =       0.076003 err =  0.00000896 DOS(E_F)=    4.29 hx = 0.00100
       QSCA = -0.0164
       QCPA =  0.4811  0.0000

 Wmsg: Iteration    27 Etot =    -398.998497 err =  0.00000175
       Dyson loops  31 EF   =       0.075996 err =  0.00000659 DOS(E_F)=    4.29 hx = 0.00100
       QSCA = -0.0164
       QCPA =  0.4811  0.0000

 Wmsg: Iteration    28 Etot =    -398.998498 err =  0.00000128
       Dyson loops  31 EF   =       0.075992 err =  0.00000484 DOS(E_F)=    4.29 hx = 0.00100
       QSCA = -0.0164
       QCPA =  0.4811  0.0000

 Update:   Potential etc. stored on FOR002

 Wmsg: Iteration    29 Etot =    -398.998499 err =  0.00000093
       Dyson loops  31 EF   =       0.075989 err =  0.00000355 DOS(E_F)=    4.29 hx = 0.00100
       QSCA = -0.0164
       QCPA =  0.4811  0.0000

 Wmsg: Iteration    30 Etot =    -398.998499 err =  0.00000068
       Dyson loops  31 EF   =       0.075986 err =  0.00000260 DOS(E_F)=    4.29 hx = 0.00100
       QSCA = -0.0164
       QCPA =  0.4811  0.0000

 Wmsg: Iteration    31 Etot =    -398.998500 err =  0.00000049
       Dyson loops  31 EF   =       0.075984 err =  0.00000190 DOS(E_F)=    4.29 hx = 0.00100
       QSCA = -0.0164
       QCPA =  0.4811  0.0000

 Wmsg: Iteration    32 Etot =    -398.998500 err =  0.00000036
       Dyson loops  31 EF   =       0.075983 err =  0.00000139 DOS(E_F)=    4.29 hx = 0.00100
       QSCA = -0.0164
       QCPA =  0.4811  0.0000

 Wmsg: Iteration    33 Etot =    -398.998501 err =  0.00000026
       Dyson loops  31 EF   =       0.075982 err =  0.00000102 DOS(E_F)=    4.29 hx = 0.00100
       QSCA = -0.0164
       QCPA =  0.4811  0.0000

 Wmsg: Iteration    34 Etot =    -398.998501 err =  0.00000019
       Dyson loops  31 EF   =       0.075981 err =  0.00000075 DOS(E_F)=    4.29 hx = 0.00100
       QSCA = -0.0164
       QCPA =  0.4811  0.0000

 Wmsg: Iteration    35 Etot =    -398.998501 err =  0.00000014
       Dyson loops  31 EF   =       0.075981 err =  0.00000055 DOS(E_F)=    4.29 hx = 0.00100
       QSCA = -0.0164
       QCPA =  0.4811  0.0000

 Update:   Potential etc. stored on FOR002

 Wmsg: Iteration    36 Etot =    -398.998501 err =  0.00000010
       Dyson loops  31 EF   =       0.075981 err =  0.00000040 DOS(E_F)=    4.29 hx = 0.00100
       QSCA = -0.0164
       QCPA =  0.4811  0.0000

 Wmsg: Iteration    37 Etot =    -398.998501 err =  0.00000008
       Dyson loops  31 EF   =       0.075980 err =  0.00000029 DOS(E_F)=    4.29 hx = 0.00100
       QSCA = -0.0164
       QCPA =  0.4811  0.0000

 Wmsg: Iteration    38 Etot =    -398.998501 err =  0.00000006
       Dyson loops  31 EF   =       0.075980 err =  0.00000022 DOS(E_F)=    4.29 hx = 0.00100
       QSCA = -0.0164
       QCPA =  0.4811  0.0000

 Wmsg: Iteration    39 Etot =    -398.998501 err =  0.00000004
       Dyson loops  31 EF   =       0.075980 err =  0.00000016 DOS(E_F)=    4.29 hx = 0.00100
       QSCA = -0.0164
       QCPA =  0.4811  0.0000

 Wmsg: Iteration    40 Etot =    -398.998501 err =  0.00000003
       Dyson loops  31 EF   =       0.075980 err =  0.00000012 DOS(E_F)=    4.29 hx = 0.00100
       QSCA = -0.0164
       QCPA =  0.4811  0.0000

 Wmsg: Iteration    41 Etot =    -398.998501 err =  0.00000002
       Dyson loops  31 EF   =       0.075980 err =  0.00000008 DOS(E_F)=    4.29 hx = 0.00100
       QSCA = -0.0164
       QCPA =  0.4811  0.0000

 Wmsg: Iteration    42 Etot =    -398.998501 err =  0.00000002
       Dyson loops  31 EF   =       0.075980 err =  0.00000006 DOS(E_F)=    4.29 hx = 0.00100
       QSCA = -0.0164
       QCPA =  0.4811  0.0000

 Update:   Potential etc. stored on FOR002

 Wmsg: Iteration    43 Etot =    -398.998501 err =  0.00000001
       Dyson loops  31 EF   =       0.075980 err =  0.00000005 DOS(E_F)=    4.29 hx = 0.00100
       QSCA = -0.0164
       QCPA =  0.4811  0.0000

 Wmsg: Iteration    44 Etot =    -398.998501 err =  0.00000001
       Dyson loops  31 EF   =       0.075980 err =  0.00000003 DOS(E_F)=    4.29 hx = 0.00100
       QSCA = -0.0164
       QCPA =  0.4811  0.0000

 Wmsg: Iteration    45 Etot =    -398.998501 err =  0.00000001
       Dyson loops  31 EF   =       0.075980 err =  0.00000002 DOS(E_F)=    4.29 hx = 0.00100
       QSCA = -0.0164
       QCPA =  0.4811  0.0000

 Wmsg: Iteration    46 Etot =    -398.998501 err =  0.00000000
       Dyson loops  31 EF   =       0.075980 err =  0.00000002 DOS(E_F)=    4.29 hx = 0.00100
       QSCA = -0.0164
       QCPA =  0.4811  0.0000

 Wmsg: Iteration    47 Etot =    -398.998501 err =  0.00000000
       Dyson loops  31 EF   =       0.075980 err =  0.00000001 DOS(E_F)=    4.29 hx = 0.00100
       QSCA = -0.0164
       QCPA =  0.4811  0.0000

 Wmsg: Iteration    48 Etot =    -398.998501 err =  0.00000000
       Dyson loops  31 EF   =       0.075980 err =  0.00000001 DOS(E_F)=    4.29 hx = 0.00100
       QSCA = -0.0164
       QCPA =  0.4811  0.0000

 Update:   Potential etc. stored on FOR002

 Dospth: CPA equation for IS =  1 converged in  1- 1 iterations

 KGRN:     Calculation of the full charge density, lmaxh =  8

 Kkrfcd:   NOS(Ef) =  1.999974 ELT =  2.000000

 Mgaunt:   Generate real Gaunt numbers

 Grnfcd:   Construct the full charge density

 Eldens:   Calculate multipole moments

 Eldens:   delQ = -0.000026 QTI = -0.171719 -0.000026

 Rotchd:   Perform the 3D rotations

 Fcdupd:   Full charge density stored on FOR010

 KGRN: Calculation finished at 15:14 on 23-Jan-26
 
  Total time for the self-consistency loop:      35.921
  Total linear iterations time :      16.588
