
 KGRN: job = CuMg_1.00_2.88 isno =   0 Func = SCA

           Shape function for IQ =  1

 Mgaunt:   Generate real Gaunt numbers

 Setsym:   Set up the site-group symmetry elements for IQ=  1

           E     sigb  C31+  C31-  sigf  sige  C4z+  C4z-
           C2z   sigx  C2d   C4y-  S64-  S62+  sigy  C4x+
           C2c   S62-  S63+  siga  C33+  C34-  S4x+  S4y-
           I     C2b   S61-  S61+  C2f   C2e   S4z-  S4z+
           sigz  C2x   sigd  S4y+  C34+  C32-  C2y   S4x-
           sigc  C32+  C33-  C2a   S63-  S64+  C4x-  C4y+

 Atomc:    Atomic calculations for: Cu  

 Atomc:    Atomic calculations converged

           Number of core electrons  17.99964849
 Atomc:    Atomic calculations for: Mg  

 Atomc:    Atomic calculations converged

           Number of core electrons   9.99814105

 KMESHMP : Monkhorst-Pack k-mesh parameters, NKX,NKY,NKZ= 32 32 31

 Setkms:   NKVEC =     8193

 Blochs:   Bloch sum of slope matrix => array
  1  1  -1.10  1.5905 -1.2724  0.2442 -0.0566  0.0135 -0.0031  0.0006
  2  1  -1.08  1.5104 -1.2210  0.2248 -0.0500  0.0114 -0.0025  0.0005
  3  1  -1.00  1.1970 -1.0087  0.1534 -0.0282  0.0053 -0.0010  0.0002
  4  1  -0.84  0.6588 -0.5980  0.0539 -0.0059  0.0007 -0.0001  0.0000
  5  1  -0.64  0.0823 -0.0811  0.0010 -0.0000  0.0000 -0.0000  0.0000
  6  1  -0.44  0.4575  0.4274  0.0275  0.0021  0.0002  0.0000  0.0000
  7  1  -0.28  0.9838  0.8535  0.1099  0.0171  0.0027  0.0004  0.0001
  8  1  -0.16  1.4245  1.1645  0.2045  0.0434  0.0094  0.0020  0.0004
  9  1  -0.08  1.7367  1.3634  0.2804  0.0696  0.0177  0.0044  0.0009
 10  1  -0.04  1.9262  1.4764  0.3287  0.0884  0.0244  0.0065  0.0015
 11  1  -0.02  2.0272  1.5344  0.3551  0.0992  0.0285  0.0079  0.0019
 12  1  -0.01  2.0756  1.5616  0.3678  0.1046  0.0305  0.0086  0.0021
 13  1  -0.00  2.0964  1.5733  0.3733  0.1070  0.0314  0.0090  0.0022
 14  1  -0.00  2.1042  1.5776  0.3754  0.1078  0.0318  0.0091  0.0022
 15  1  -0.00  2.1064  1.5789  0.3760  0.1081  0.0319  0.0091  0.0022
 16  1  -0.00  2.1068  1.5791  0.3761  0.1082  0.0319  0.0091  0.0022

 Slfcns:   Start LDA iterations by KKR, XC = Perdew-Wang 96 LDA, Soft-core-A 

 Wmsg: Iteration     1 Etot =    -398.990820 err =  6.10142036
       Dyson loops  31 EF   =       0.040366 err =  0.04667954 DOS(E_F)=    3.60 hx = 0.10100
       QSCA = -0.0041
       QCPA =  0.1747  0.0000

 Wmsg: Iteration     2 Etot =    -398.998068 err =  0.00724844
       Dyson loops  31 EF   =       0.050183 err =  0.00697997 DOS(E_F)=    4.33 hx = 0.08080
       QSCA = -0.0065
       QCPA =  0.2873  0.0000

 Wmsg: Iteration     3 Etot =    -399.006031 err =  0.00796303
       Dyson loops  31 EF   =       0.052238 err =  0.00088206 DOS(E_F)=    4.42 hx = 0.06464
       QSCA = -0.0081
       QCPA =  0.3655  0.0000

 Wmsg: Iteration     4 Etot =    -399.010181 err =  0.00414964
       Dyson loops  31 EF   =       0.036631 err =  0.00157588 DOS(E_F)=    4.48 hx = 0.05171
       QSCA = -0.0091
       QCPA =  0.4159  0.0000

 Wmsg: Iteration     5 Etot =    -399.011426 err =  0.00124510
       Dyson loops  31 EF   =       0.040375 err =  0.01120300 DOS(E_F)=    4.38 hx = 0.04137
       QSCA = -0.0099
       QCPA =  0.4447  0.0000

 Wmsg: Iteration     6 Etot =    -399.013911 err =  0.00248567
       Dyson loops  31 EF   =       0.041646 err =  0.00081183 DOS(E_F)=    4.28 hx = 0.02068
       QSCA = -0.0104
       QCPA =  0.4627  0.0000

 Wmsg: Iteration     7 Etot =    -399.015280 err =  0.00136881
       Dyson loops  31 EF   =       0.022828 err =  0.00041087 DOS(E_F)=    4.58 hx = 0.01034
       QSCA = -0.0107
       QCPA =  0.4741  0.0000

 Update:   Potential etc. stored on FOR002

 Wmsg: Iteration     8 Etot =    -399.015972 err =  0.00069138
       Dyson loops  31 EF   =       0.029761 err =  0.01196390 DOS(E_F)=    4.90 hx = 0.01196
       QSCA = -0.0114
       QCPA =  0.4794  0.0000

 Wmsg: Iteration     9 Etot =    -399.016585 err =  0.00061362
       Dyson loops  31 EF   =       0.034042 err =  0.00419369 DOS(E_F)=    4.31 hx = 0.00598
       QSCA = -0.0115
       QCPA =  0.4773  0.0000

 Wmsg: Iteration    10 Etot =    -399.016954 err =  0.00036881
       Dyson loops  31 EF   =       0.035843 err =  0.00169178 DOS(E_F)=    4.24 hx = 0.00299
       QSCA = -0.0115
       QCPA =  0.4799  0.0000

 Wmsg: Iteration    11 Etot =    -399.017276 err =  0.00032161
       Dyson loops  31 EF   =       0.036592 err =  0.00068195 DOS(E_F)=    4.51 hx = 0.00150
       QSCA = -0.0115
       QCPA =  0.4859  0.0000

 Wmsg: Iteration    12 Etot =    -399.017488 err =  0.00021265
       Dyson loops  31 EF   =       0.036738 err =  0.00009774 DOS(E_F)=    4.60 hx = 0.00100
       QSCA = -0.0115
       QCPA =  0.4895  0.0000

 Wmsg: Iteration    13 Etot =    -399.017630 err =  0.00014207
       Dyson loops  31 EF   =       0.036212 err =  0.00011475 DOS(E_F)=    4.59 hx = 0.00100
       QSCA = -0.0115
       QCPA =  0.4916  0.0000

 Wmsg: Iteration    14 Etot =    -399.017726 err =  0.00009522
       Dyson loops  31 EF   =       0.036278 err =  0.00040509 DOS(E_F)=    4.60 hx = 0.00100
       QSCA = -0.0115
       QCPA =  0.4925  0.0000

 Update:   Potential etc. stored on FOR002

 Wmsg: Iteration    15 Etot =    -399.017800 err =  0.00007426
       Dyson loops  31 EF   =       0.036252 err =  0.00004380 DOS(E_F)=    4.59 hx = 0.00100
       QSCA = -0.0115
       QCPA =  0.4933  0.0000

 Wmsg: Iteration    16 Etot =    -399.017852 err =  0.00005228
       Dyson loops  31 EF   =       0.036183 err =  0.00008243 DOS(E_F)=    4.59 hx = 0.00100
       QSCA = -0.0115
       QCPA =  0.4938  0.0000

 Wmsg: Iteration    17 Etot =    -399.017890 err =  0.00003756
       Dyson loops  31 EF   =       0.036109 err =  0.00008383 DOS(E_F)=    4.59 hx = 0.00100
       QSCA = -0.0115
       QCPA =  0.4941  0.0000

 Wmsg: Iteration    18 Etot =    -399.017917 err =  0.00002714
       Dyson loops  31 EF   =       0.036044 err =  0.00007255 DOS(E_F)=    4.59 hx = 0.00100
       QSCA = -0.0115
       QCPA =  0.4943  0.0000

 Wmsg: Iteration    19 Etot =    -399.017937 err =  0.00001969
       Dyson loops  31 EF   =       0.035990 err =  0.00005841 DOS(E_F)=    4.59 hx = 0.00100
       QSCA = -0.0115
       QCPA =  0.4944  0.0000

 Wmsg: Iteration    20 Etot =    -399.017951 err =  0.00001433
       Dyson loops  31 EF   =       0.035949 err =  0.00004527 DOS(E_F)=    4.59 hx = 0.00100
       QSCA = -0.0115
       QCPA =  0.4945  0.0000

 Wmsg: Iteration    21 Etot =    -399.017961 err =  0.00001045
       Dyson loops  31 EF   =       0.035917 err =  0.00003432 DOS(E_F)=    4.59 hx = 0.00100
       QSCA = -0.0115
       QCPA =  0.4945  0.0000

 Update:   Potential etc. stored on FOR002

 Wmsg: Iteration    22 Etot =    -399.017969 err =  0.00000763
       Dyson loops  31 EF   =       0.035893 err =  0.00002569 DOS(E_F)=    4.59 hx = 0.00100
       QSCA = -0.0115
       QCPA =  0.4946  0.0000

 Wmsg: Iteration    23 Etot =    -399.017975 err =  0.00000558
       Dyson loops  31 EF   =       0.035876 err =  0.00001908 DOS(E_F)=    4.59 hx = 0.00100
       QSCA = -0.0115
       QCPA =  0.4946  0.0000

 Wmsg: Iteration    24 Etot =    -399.017979 err =  0.00000408
       Dyson loops  31 EF   =       0.035863 err =  0.00001410 DOS(E_F)=    4.59 hx = 0.00100
       QSCA = -0.0115
       QCPA =  0.4946  0.0000

 Wmsg: Iteration    25 Etot =    -399.017982 err =  0.00000299
       Dyson loops  31 EF   =       0.035853 err =  0.00001040 DOS(E_F)=    4.59 hx = 0.00100
       QSCA = -0.0115
       QCPA =  0.4946  0.0000

 Wmsg: Iteration    26 Etot =    -399.017984 err =  0.00000219
       Dyson loops  31 EF   =       0.035846 err =  0.00000765 DOS(E_F)=    4.59 hx = 0.00100
       QSCA = -0.0115
       QCPA =  0.4946  0.0000

 Wmsg: Iteration    27 Etot =    -399.017985 err =  0.00000160
       Dyson loops  31 EF   =       0.035841 err =  0.00000562 DOS(E_F)=    4.59 hx = 0.00100
       QSCA = -0.0115
       QCPA =  0.4946  0.0000

 Wmsg: Iteration    28 Etot =    -399.017987 err =  0.00000118
       Dyson loops  31 EF   =       0.035837 err =  0.00000413 DOS(E_F)=    4.59 hx = 0.00100
       QSCA = -0.0115
       QCPA =  0.4946  0.0000

 Update:   Potential etc. stored on FOR002

 Wmsg: Iteration    29 Etot =    -399.017987 err =  0.00000086
       Dyson loops  31 EF   =       0.035834 err =  0.00000303 DOS(E_F)=    4.59 hx = 0.00100
       QSCA = -0.0115
       QCPA =  0.4946  0.0000

 Wmsg: Iteration    30 Etot =    -399.017988 err =  0.00000063
       Dyson loops  31 EF   =       0.035832 err =  0.00000223 DOS(E_F)=    4.59 hx = 0.00100
       QSCA = -0.0115
       QCPA =  0.4946  0.0000

 Wmsg: Iteration    31 Etot =    -399.017989 err =  0.00000046
       Dyson loops  31 EF   =       0.035831 err =  0.00000164 DOS(E_F)=    4.59 hx = 0.00100
       QSCA = -0.0115
       QCPA =  0.4946  0.0000

 Wmsg: Iteration    32 Etot =    -399.017989 err =  0.00000034
       Dyson loops  31 EF   =       0.035829 err =  0.00000120 DOS(E_F)=    4.59 hx = 0.00100
       QSCA = -0.0115
       QCPA =  0.4946  0.0000

 Wmsg: Iteration    33 Etot =    -399.017989 err =  0.00000025
       Dyson loops  31 EF   =       0.035829 err =  0.00000088 DOS(E_F)=    4.59 hx = 0.00100
       QSCA = -0.0115
       QCPA =  0.4946  0.0000

 Wmsg: Iteration    34 Etot =    -399.017989 err =  0.00000018
       Dyson loops  31 EF   =       0.035828 err =  0.00000065 DOS(E_F)=    4.59 hx = 0.00100
       QSCA = -0.0115
       QCPA =  0.4946  0.0000

 Wmsg: Iteration    35 Etot =    -399.017989 err =  0.00000013
       Dyson loops  31 EF   =       0.035828 err =  0.00000048 DOS(E_F)=    4.59 hx = 0.00100
       QSCA = -0.0115
       QCPA =  0.4946  0.0000

 Update:   Potential etc. stored on FOR002

 Wmsg: Iteration    36 Etot =    -399.017990 err =  0.00000010
       Dyson loops  31 EF   =       0.035827 err =  0.00000035 DOS(E_F)=    4.59 hx = 0.00100
       QSCA = -0.0115
       QCPA =  0.4946  0.0000

 Wmsg: Iteration    37 Etot =    -399.017990 err =  0.00000007
       Dyson loops  31 EF   =       0.035827 err =  0.00000026 DOS(E_F)=    4.59 hx = 0.00100
       QSCA = -0.0115
       QCPA =  0.4946  0.0000

 Wmsg: Iteration    38 Etot =    -399.017990 err =  0.00000005
       Dyson loops  31 EF   =       0.035827 err =  0.00000019 DOS(E_F)=    4.59 hx = 0.00100
       QSCA = -0.0115
       QCPA =  0.4946  0.0000

 Wmsg: Iteration    39 Etot =    -399.017990 err =  0.00000004
       Dyson loops  31 EF   =       0.035827 err =  0.00000014 DOS(E_F)=    4.59 hx = 0.00100
       QSCA = -0.0115
       QCPA =  0.4946  0.0000

 Wmsg: Iteration    40 Etot =    -399.017990 err =  0.00000003
       Dyson loops  31 EF   =       0.035827 err =  0.00000010 DOS(E_F)=    4.59 hx = 0.00100
       QSCA = -0.0115
       QCPA =  0.4946  0.0000

 Wmsg: Iteration    41 Etot =    -399.017990 err =  0.00000002
       Dyson loops  31 EF   =       0.035827 err =  0.00000008 DOS(E_F)=    4.59 hx = 0.00100
       QSCA = -0.0115
       QCPA =  0.4946  0.0000

 Wmsg: Iteration    42 Etot =    -399.017990 err =  0.00000002
       Dyson loops  31 EF   =       0.035826 err =  0.00000006 DOS(E_F)=    4.59 hx = 0.00100
       QSCA = -0.0115
       QCPA =  0.4946  0.0000

 Update:   Potential etc. stored on FOR002

 Wmsg: Iteration    43 Etot =    -399.017990 err =  0.00000001
       Dyson loops  31 EF   =       0.035826 err =  0.00000004 DOS(E_F)=    4.59 hx = 0.00100
       QSCA = -0.0115
       QCPA =  0.4946  0.0000

 Wmsg: Iteration    44 Etot =    -399.017990 err =  0.00000001
       Dyson loops  31 EF   =       0.035826 err =  0.00000003 DOS(E_F)=    4.59 hx = 0.00100
       QSCA = -0.0115
       QCPA =  0.4946  0.0000

 Wmsg: Iteration    45 Etot =    -399.017990 err =  0.00000001
       Dyson loops  31 EF   =       0.035826 err =  0.00000002 DOS(E_F)=    4.59 hx = 0.00100
       QSCA = -0.0115
       QCPA =  0.4946  0.0000

 Wmsg: Iteration    46 Etot =    -399.017990 err =  0.00000000
       Dyson loops  31 EF   =       0.035826 err =  0.00000002 DOS(E_F)=    4.59 hx = 0.00100
       QSCA = -0.0115
       QCPA =  0.4946  0.0000

 Wmsg: Iteration    47 Etot =    -399.017990 err =  0.00000000
       Dyson loops  31 EF   =       0.035826 err =  0.00000001 DOS(E_F)=    4.59 hx = 0.00100
       QSCA = -0.0115
       QCPA =  0.4946  0.0000

 Wmsg: Iteration    48 Etot =    -399.017990 err =  0.00000000
       Dyson loops  31 EF   =       0.035826 err =  0.00000001 DOS(E_F)=    4.59 hx = 0.00100
       QSCA = -0.0115
       QCPA =  0.4946  0.0000

 Update:   Potential etc. stored on FOR002

 Dospth: CPA equation for IS =  1 converged in  1- 1 iterations

 KGRN:     Calculation of the full charge density, lmaxh =  8

 Kkrfcd:   NOS(Ef) =  1.999973 ELT =  2.000000

 Mgaunt:   Generate real Gaunt numbers

 Grnfcd:   Construct the full charge density

 Eldens:   Calculate multipole moments

 Eldens:   delQ = -0.000027 QTI = -0.086928 -0.000027

 Rotchd:   Perform the 3D rotations

 Fcdupd:   Full charge density stored on FOR010

 KGRN: Calculation finished at 15:01 on 23-Jan-26
 
  Total time for the self-consistency loop:      39.391
  Total linear iterations time :      16.752
