
 KGRN: job = CuMg_1.00_2.87 isno =   0 Func = SCA

           Shape function for IQ =  1

 Mgaunt:   Generate real Gaunt numbers

 Setsym:   Set up the site-group symmetry elements for IQ=  1

           E     sigb  C31+  C31-  sigf  sige  C4z+  C4z-
           C2z   sigx  C2d   C4y-  S64-  S62+  sigy  C4x+
           C2c   S62-  S63+  siga  C33+  C34-  S4x+  S4y-
           I     C2b   S61-  S61+  C2f   C2e   S4z-  S4z+
           sigz  C2x   sigd  S4y+  C34+  C32-  C2y   S4x-
           sigc  C32+  C33-  C2a   S63-  S64+  C4x-  C4y+

 Atomc:    Atomic calculations for: Cu  

 Atomc:    Atomic calculations converged

           Number of core electrons  17.99963232
 Atomc:    Atomic calculations for: Mg  

 Atomc:    Atomic calculations converged

           Number of core electrons   9.99807334

 KMESHMP : Monkhorst-Pack k-mesh parameters, NKX,NKY,NKZ= 32 32 31

 Setkms:   NKVEC =     8193

 Blochs:   Bloch sum of slope matrix => array
  1  1  -1.10  1.5666 -1.2572  0.2384 -0.0546  0.0128 -0.0029  0.0006
  2  1  -1.08  1.4876 -1.2061  0.2194 -0.0482  0.0109 -0.0024  0.0004
  3  1  -1.00  1.1781 -0.9953  0.1494 -0.0271  0.0050 -0.0009  0.0001
  4  1  -0.84  0.6460 -0.5875  0.0521 -0.0056  0.0006 -0.0001  0.0000
  5  1  -0.64  0.0752 -0.0741  0.0008 -0.0000  0.0000 -0.0000  0.0000
  6  1  -0.44  0.4614  0.4308  0.0280  0.0022  0.0002  0.0000  0.0000
  7  1  -0.28  0.9845  0.8540  0.1100  0.0171  0.0027  0.0004  0.0001
  8  1  -0.16  1.4219  1.1628  0.2039  0.0432  0.0094  0.0020  0.0004
  9  1  -0.08  1.7317  1.3604  0.2791  0.0692  0.0176  0.0043  0.0009
 10  1  -0.04  1.9196  1.4725  0.3270  0.0877  0.0241  0.0064  0.0015
 11  1  -0.02  2.0197  1.5302  0.3531  0.0984  0.0281  0.0078  0.0018
 12  1  -0.01  2.0676  1.5572  0.3657  0.1037  0.0302  0.0085  0.0021
 13  1  -0.00  2.0883  1.5688  0.3712  0.1060  0.0311  0.0088  0.0021
 14  1  -0.00  2.0960  1.5731  0.3732  0.1069  0.0314  0.0090  0.0022
 15  1  -0.00  2.0982  1.5743  0.3738  0.1072  0.0315  0.0090  0.0022
 16  1  -0.00  2.0986  1.5745  0.3739  0.1072  0.0316  0.0090  0.0022

 Slfcns:   Start LDA iterations by KKR, XC = Perdew-Wang 96 LDA, Soft-core-A 

 Wmsg: Iteration     1 Etot =    -398.988370 err =  6.16074065
       Dyson loops  31 EF   =       0.040027 err =  0.04605227 DOS(E_F)=    3.62 hx = 0.10100
       QSCA = -0.0043
       QCPA =  0.1723  0.0000

 Wmsg: Iteration     2 Etot =    -398.995587 err =  0.00721695
       Dyson loops  31 EF   =       0.053203 err =  0.01093947 DOS(E_F)=    4.39 hx = 0.08080
       QSCA = -0.0069
       QCPA =  0.2833  0.0000

 Wmsg: Iteration     3 Etot =    -399.003348 err =  0.00776111
       Dyson loops  31 EF   =       0.055925 err =  0.00117557 DOS(E_F)=    4.32 hx = 0.06464
       QSCA = -0.0085
       QCPA =  0.3624  0.0000

 Wmsg: Iteration     4 Etot =    -399.008197 err =  0.00484867
       Dyson loops  31 EF   =       0.040857 err =  0.00105225 DOS(E_F)=    4.26 hx = 0.05171
       QSCA = -0.0096
       QCPA =  0.4131  0.0000

 Wmsg: Iteration     5 Etot =    -399.009233 err =  0.00103596
       Dyson loops  31 EF   =       0.044731 err =  0.01102629 DOS(E_F)=    4.44 hx = 0.04137
       QSCA = -0.0104
       QCPA =  0.4425  0.0000

 Wmsg: Iteration     6 Etot =    -399.011728 err =  0.00249567
       Dyson loops  31 EF   =       0.046219 err =  0.00106371 DOS(E_F)=    4.29 hx = 0.02068
       QSCA = -0.0109
       QCPA =  0.4608  0.0000

 Wmsg: Iteration     7 Etot =    -399.013175 err =  0.00144681
       Dyson loops  31 EF   =       0.027538 err =  0.00027015 DOS(E_F)=    4.48 hx = 0.01034
       QSCA = -0.0113
       QCPA =  0.4724  0.0000

 Update:   Potential etc. stored on FOR002

 Wmsg: Iteration     8 Etot =    -399.013866 err =  0.00069037
       Dyson loops  31 EF   =       0.034507 err =  0.01193943 DOS(E_F)=    4.81 hx = 0.01194
       QSCA = -0.0119
       QCPA =  0.4770  0.0000

 Wmsg: Iteration     9 Etot =    -399.014458 err =  0.00059283
       Dyson loops  31 EF   =       0.038780 err =  0.00419328 DOS(E_F)=    4.24 hx = 0.00597
       QSCA = -0.0120
       QCPA =  0.4766  0.0000

 Wmsg: Iteration    10 Etot =    -399.014835 err =  0.00037631
       Dyson loops  31 EF   =       0.040622 err =  0.00173415 DOS(E_F)=    4.25 hx = 0.00298
       QSCA = -0.0120
       QCPA =  0.4801  0.0000

 Wmsg: Iteration    11 Etot =    -399.015157 err =  0.00032242
       Dyson loops  31 EF   =       0.041372 err =  0.00068115 DOS(E_F)=    4.43 hx = 0.00149
       QSCA = -0.0121
       QCPA =  0.4852  0.0000

 Wmsg: Iteration    12 Etot =    -399.015374 err =  0.00021656
       Dyson loops  31 EF   =       0.041545 err =  0.00012227 DOS(E_F)=    4.55 hx = 0.00100
       QSCA = -0.0121
       QCPA =  0.4884  0.0000

 Wmsg: Iteration    13 Etot =    -399.015518 err =  0.00014475
       Dyson loops  31 EF   =       0.041031 err =  0.00010511 DOS(E_F)=    4.58 hx = 0.00100
       QSCA = -0.0121
       QCPA =  0.4903  0.0000

 Wmsg: Iteration    14 Etot =    -399.015615 err =  0.00009712
       Dyson loops  31 EF   =       0.041099 err =  0.00040106 DOS(E_F)=    4.56 hx = 0.00100
       QSCA = -0.0121
       QCPA =  0.4911  0.0000

 Update:   Potential etc. stored on FOR002

 Wmsg: Iteration    15 Etot =    -399.015691 err =  0.00007525
       Dyson loops  31 EF   =       0.041074 err =  0.00004461 DOS(E_F)=    4.58 hx = 0.00100
       QSCA = -0.0121
       QCPA =  0.4919  0.0000

 Wmsg: Iteration    16 Etot =    -399.015744 err =  0.00005307
       Dyson loops  31 EF   =       0.041002 err =  0.00008476 DOS(E_F)=    4.58 hx = 0.00100
       QSCA = -0.0121
       QCPA =  0.4924  0.0000

 Wmsg: Iteration    17 Etot =    -399.015782 err =  0.00003816
       Dyson loops  31 EF   =       0.040926 err =  0.00008616 DOS(E_F)=    4.58 hx = 0.00100
       QSCA = -0.0121
       QCPA =  0.4927  0.0000

 Wmsg: Iteration    18 Etot =    -399.015810 err =  0.00002759
       Dyson loops  31 EF   =       0.040859 err =  0.00007417 DOS(E_F)=    4.58 hx = 0.00100
       QSCA = -0.0121
       QCPA =  0.4929  0.0000

 Wmsg: Iteration    19 Etot =    -399.015830 err =  0.00002002
       Dyson loops  31 EF   =       0.040805 err =  0.00005943 DOS(E_F)=    4.58 hx = 0.00100
       QSCA = -0.0121
       QCPA =  0.4930  0.0000

 Wmsg: Iteration    20 Etot =    -399.015844 err =  0.00001457
       Dyson loops  31 EF   =       0.040762 err =  0.00004587 DOS(E_F)=    4.58 hx = 0.00100
       QSCA = -0.0121
       QCPA =  0.4930  0.0000

 Wmsg: Iteration    21 Etot =    -399.015855 err =  0.00001062
       Dyson loops  31 EF   =       0.040730 err =  0.00003467 DOS(E_F)=    4.58 hx = 0.00100
       QSCA = -0.0121
       QCPA =  0.4931  0.0000

 Update:   Potential etc. stored on FOR002

 Wmsg: Iteration    22 Etot =    -399.015863 err =  0.00000775
       Dyson loops  31 EF   =       0.040707 err =  0.00002589 DOS(E_F)=    4.58 hx = 0.00100
       QSCA = -0.0121
       QCPA =  0.4931  0.0000

 Wmsg: Iteration    23 Etot =    -399.015868 err =  0.00000567
       Dyson loops  31 EF   =       0.040689 err =  0.00001919 DOS(E_F)=    4.58 hx = 0.00100
       QSCA = -0.0121
       QCPA =  0.4931  0.0000

 Wmsg: Iteration    24 Etot =    -399.015872 err =  0.00000414
       Dyson loops  31 EF   =       0.040676 err =  0.00001416 DOS(E_F)=    4.58 hx = 0.00100
       QSCA = -0.0121
       QCPA =  0.4931  0.0000

 Wmsg: Iteration    25 Etot =    -399.015875 err =  0.00000303
       Dyson loops  31 EF   =       0.040666 err =  0.00001043 DOS(E_F)=    4.58 hx = 0.00100
       QSCA = -0.0121
       QCPA =  0.4931  0.0000

 Wmsg: Iteration    26 Etot =    -399.015878 err =  0.00000222
       Dyson loops  31 EF   =       0.040659 err =  0.00000766 DOS(E_F)=    4.58 hx = 0.00100
       QSCA = -0.0121
       QCPA =  0.4931  0.0000

 Wmsg: Iteration    27 Etot =    -399.015879 err =  0.00000163
       Dyson loops  31 EF   =       0.040654 err =  0.00000563 DOS(E_F)=    4.58 hx = 0.00100
       QSCA = -0.0121
       QCPA =  0.4931  0.0000

 Wmsg: Iteration    28 Etot =    -399.015880 err =  0.00000119
       Dyson loops  31 EF   =       0.040650 err =  0.00000413 DOS(E_F)=    4.58 hx = 0.00100
       QSCA = -0.0121
       QCPA =  0.4931  0.0000

 Update:   Potential etc. stored on FOR002

 Wmsg: Iteration    29 Etot =    -399.015881 err =  0.00000087
       Dyson loops  31 EF   =       0.040647 err =  0.00000304 DOS(E_F)=    4.58 hx = 0.00100
       QSCA = -0.0121
       QCPA =  0.4931  0.0000

 Wmsg: Iteration    30 Etot =    -399.015882 err =  0.00000063
       Dyson loops  31 EF   =       0.040645 err =  0.00000223 DOS(E_F)=    4.58 hx = 0.00100
       QSCA = -0.0121
       QCPA =  0.4931  0.0000

 Wmsg: Iteration    31 Etot =    -399.015882 err =  0.00000047
       Dyson loops  31 EF   =       0.040644 err =  0.00000164 DOS(E_F)=    4.58 hx = 0.00100
       QSCA = -0.0121
       QCPA =  0.4931  0.0000

 Wmsg: Iteration    32 Etot =    -399.015883 err =  0.00000034
       Dyson loops  31 EF   =       0.040642 err =  0.00000121 DOS(E_F)=    4.58 hx = 0.00100
       QSCA = -0.0121
       QCPA =  0.4931  0.0000

 Wmsg: Iteration    33 Etot =    -399.015883 err =  0.00000025
       Dyson loops  31 EF   =       0.040642 err =  0.00000089 DOS(E_F)=    4.58 hx = 0.00100
       QSCA = -0.0121
       QCPA =  0.4931  0.0000

 Wmsg: Iteration    34 Etot =    -399.015883 err =  0.00000018
       Dyson loops  31 EF   =       0.040641 err =  0.00000065 DOS(E_F)=    4.58 hx = 0.00100
       QSCA = -0.0121
       QCPA =  0.4931  0.0000

 Wmsg: Iteration    35 Etot =    -399.015883 err =  0.00000014
       Dyson loops  31 EF   =       0.040641 err =  0.00000048 DOS(E_F)=    4.58 hx = 0.00100
       QSCA = -0.0121
       QCPA =  0.4931  0.0000

 Update:   Potential etc. stored on FOR002

 Wmsg: Iteration    36 Etot =    -399.015883 err =  0.00000010
       Dyson loops  31 EF   =       0.040640 err =  0.00000035 DOS(E_F)=    4.58 hx = 0.00100
       QSCA = -0.0121
       QCPA =  0.4931  0.0000

 Wmsg: Iteration    37 Etot =    -399.015883 err =  0.00000007
       Dyson loops  31 EF   =       0.040640 err =  0.00000026 DOS(E_F)=    4.58 hx = 0.00100
       QSCA = -0.0121
       QCPA =  0.4931  0.0000

 Wmsg: Iteration    38 Etot =    -399.015884 err =  0.00000005
       Dyson loops  31 EF   =       0.040640 err =  0.00000019 DOS(E_F)=    4.58 hx = 0.00100
       QSCA = -0.0121
       QCPA =  0.4931  0.0000

 Wmsg: Iteration    39 Etot =    -399.015884 err =  0.00000004
       Dyson loops  31 EF   =       0.040640 err =  0.00000014 DOS(E_F)=    4.58 hx = 0.00100
       QSCA = -0.0121
       QCPA =  0.4931  0.0000

 Wmsg: Iteration    40 Etot =    -399.015884 err =  0.00000003
       Dyson loops  31 EF   =       0.040640 err =  0.00000010 DOS(E_F)=    4.58 hx = 0.00100
       QSCA = -0.0121
       QCPA =  0.4931  0.0000

 Wmsg: Iteration    41 Etot =    -399.015884 err =  0.00000002
       Dyson loops  31 EF   =       0.040640 err =  0.00000008 DOS(E_F)=    4.58 hx = 0.00100
       QSCA = -0.0121
       QCPA =  0.4931  0.0000

 Wmsg: Iteration    42 Etot =    -399.015884 err =  0.00000002
       Dyson loops  31 EF   =       0.040639 err =  0.00000006 DOS(E_F)=    4.58 hx = 0.00100
       QSCA = -0.0121
       QCPA =  0.4931  0.0000

 Update:   Potential etc. stored on FOR002

 Wmsg: Iteration    43 Etot =    -399.015884 err =  0.00000001
       Dyson loops  31 EF   =       0.040639 err =  0.00000004 DOS(E_F)=    4.58 hx = 0.00100
       QSCA = -0.0121
       QCPA =  0.4931  0.0000

 Wmsg: Iteration    44 Etot =    -399.015884 err =  0.00000001
       Dyson loops  31 EF   =       0.040639 err =  0.00000003 DOS(E_F)=    4.58 hx = 0.00100
       QSCA = -0.0121
       QCPA =  0.4931  0.0000

 Wmsg: Iteration    45 Etot =    -399.015884 err =  0.00000001
       Dyson loops  31 EF   =       0.040639 err =  0.00000002 DOS(E_F)=    4.58 hx = 0.00100
       QSCA = -0.0121
       QCPA =  0.4931  0.0000

 Wmsg: Iteration    46 Etot =    -399.015884 err =  0.00000000
       Dyson loops  31 EF   =       0.040639 err =  0.00000002 DOS(E_F)=    4.58 hx = 0.00100
       QSCA = -0.0121
       QCPA =  0.4931  0.0000

 Wmsg: Iteration    47 Etot =    -399.015884 err =  0.00000000
       Dyson loops  31 EF   =       0.040639 err =  0.00000001 DOS(E_F)=    4.58 hx = 0.00100
       QSCA = -0.0121
       QCPA =  0.4931  0.0000

 Wmsg: Iteration    48 Etot =    -399.015884 err =  0.00000000
       Dyson loops  31 EF   =       0.040639 err =  0.00000001 DOS(E_F)=    4.58 hx = 0.00100
       QSCA = -0.0121
       QCPA =  0.4931  0.0000

 Update:   Potential etc. stored on FOR002

 Dospth: CPA equation for IS =  1 converged in  1- 1 iterations

 KGRN:     Calculation of the full charge density, lmaxh =  8

 Kkrfcd:   NOS(Ef) =  1.999973 ELT =  2.000000

 Mgaunt:   Generate real Gaunt numbers

 Grnfcd:   Construct the full charge density

 Eldens:   Calculate multipole moments

 Eldens:   delQ = -0.000027 QTI = -0.097120 -0.000027

 Rotchd:   Perform the 3D rotations

 Fcdupd:   Full charge density stored on FOR010

 KGRN: Calculation finished at 15:16 on 23-Jan-26
 
  Total time for the self-consistency loop:      36.667
  Total linear iterations time :      17.194
