
 KGRN: job = CuMg_1.00_2.90 isno =   0 Func = SCA

           Shape function for IQ =  1

 Mgaunt:   Generate real Gaunt numbers

 Setsym:   Set up the site-group symmetry elements for IQ=  1

           E     sigb  C31+  C31-  sigf  sige  C4z+  C4z-
           C2z   sigx  C2d   C4y-  S64-  S62+  sigy  C4x+
           C2c   S62-  S63+  siga  C33+  C34-  S4x+  S4y-
           I     C2b   S61-  S61+  C2f   C2e   S4z-  S4z+
           sigz  C2x   sigd  S4y+  C34+  C32-  C2y   S4x-
           sigc  C32+  C33-  C2a   S63-  S64+  C4x-  C4y+

 Atomc:    Atomic calculations for: Cu  

 Atomc:    Atomic calculations converged

           Number of core electrons  17.99967871
 Atomc:    Atomic calculations for: Mg  

 Atomc:    Atomic calculations converged

           Number of core electrons   9.99826948

 KMESHMP : Monkhorst-Pack k-mesh parameters, NKX,NKY,NKZ= 32 32 31

 Setkms:   NKVEC =     8193

 Blochs:   Bloch sum of slope matrix => array
  1  1  -1.10  1.6391 -1.3030  0.2561 -0.0608  0.0148 -0.0035  0.0007
  2  1  -1.08  1.5569 -1.2509  0.2360 -0.0538  0.0126 -0.0029  0.0006
  3  1  -1.00  1.2354 -1.0357  0.1618 -0.0305  0.0059 -0.0011  0.0002
  4  1  -0.84  0.6847 -0.6193  0.0578 -0.0065  0.0008 -0.0001  0.0000
  5  1  -0.64  0.0967 -0.0951  0.0014 -0.0000  0.0000 -0.0000  0.0000
  6  1  -0.44  0.4495  0.4204  0.0267  0.0020  0.0002  0.0000  0.0000
  7  1  -0.28  0.9825  0.8524  0.1096  0.0170  0.0027  0.0004  0.0001
  8  1  -0.16  1.4294  1.1678  0.2057  0.0437  0.0095  0.0020  0.0004
  9  1  -0.08  1.7467  1.3695  0.2829  0.0706  0.0181  0.0045  0.0009
 10  1  -0.04  1.9393  1.4840  0.3322  0.0898  0.0249  0.0067  0.0015
 11  1  -0.02  2.0421  1.5428  0.3590  0.1009  0.0291  0.0081  0.0019
 12  1  -0.01  2.0914  1.5705  0.3720  0.1064  0.0312  0.0089  0.0022
 13  1  -0.00  2.1125  1.5823  0.3776  0.1088  0.0322  0.0092  0.0023
 14  1  -0.00  2.1205  1.5867  0.3797  0.1097  0.0325  0.0094  0.0023
 15  1  -0.00  2.1228  1.5879  0.3803  0.1100  0.0326  0.0094  0.0023
 16  1  -0.00  2.1232  1.5882  0.3804  0.1100  0.0327  0.0094  0.0023

 Slfcns:   Start LDA iterations by KKR, XC = Perdew-Wang 96 LDA, Soft-core-A 

 Wmsg: Iteration     1 Etot =    -398.994538 err =  5.98396535
       Dyson loops  31 EF   =       0.034344 err =  0.04031667 DOS(E_F)=    3.75 hx = 0.10100
       QSCA = -0.0037
       QCPA =  0.1745  0.0000

 Wmsg: Iteration     2 Etot =    -399.002212 err =  0.00767344
       Dyson loops  31 EF   =       0.042933 err =  0.00610623 DOS(E_F)=    3.84 hx = 0.08080
       QSCA = -0.0059
       QCPA =  0.2874  0.0000

 Wmsg: Iteration     3 Etot =    -399.010713 err =  0.00850152
       Dyson loops  31 EF   =       0.044094 err =  0.00000026 DOS(E_F)=    4.54 hx = 0.06464
       QSCA = -0.0073
       QCPA =  0.3718  0.0000

 Wmsg: Iteration     4 Etot =    -399.014019 err =  0.00330600
       Dyson loops  31 EF   =       0.027754 err =  0.00230378 DOS(E_F)=    4.68 hx = 0.05171
       QSCA = -0.0083
       QCPA =  0.4207  0.0000

 Wmsg: Iteration     5 Etot =    -399.015517 err =  0.00149802
       Dyson loops  31 EF   =       0.031343 err =  0.01138226 DOS(E_F)=    4.46 hx = 0.04137
       QSCA = -0.0090
       QCPA =  0.4483  0.0000

 Wmsg: Iteration     6 Etot =    -399.017960 err =  0.00244270
       Dyson loops  31 EF   =       0.032508 err =  0.00071787 DOS(E_F)=    4.26 hx = 0.02068
       QSCA = -0.0094
       QCPA =  0.4660  0.0000

 Wmsg: Iteration     7 Etot =    -399.019256 err =  0.00129630
       Dyson loops  31 EF   =       0.013545 err =  0.00059242 DOS(E_F)=    4.68 hx = 0.01034
       QSCA = -0.0097
       QCPA =  0.4772  0.0000

 Update:   Potential etc. stored on FOR002

 Wmsg: Iteration     8 Etot =    -399.019920 err =  0.00066415
       Dyson loops  31 EF   =       0.020387 err =  0.01198666 DOS(E_F)=    5.06 hx = 0.01199
       QSCA = -0.0101
       QCPA =  0.4836  0.0000

 Wmsg: Iteration     9 Etot =    -399.020584 err =  0.00066365
       Dyson loops  31 EF   =       0.024777 err =  0.00420510 DOS(E_F)=    4.47 hx = 0.00599
       QSCA = -0.0103
       QCPA =  0.4817  0.0000

 Wmsg: Iteration    10 Etot =    -399.020908 err =  0.00032397
       Dyson loops  31 EF   =       0.026580 err =  0.00173638 DOS(E_F)=    4.29 hx = 0.00300
       QSCA = -0.0105
       QCPA =  0.4892  0.0000

 Wmsg: Iteration    11 Etot =    -399.021258 err =  0.00034965
       Dyson loops  31 EF   =       0.027289 err =  0.00064223 DOS(E_F)=    4.57 hx = 0.00150
       QSCA = -0.0105
       QCPA =  0.4908  0.0000

 Wmsg: Iteration    12 Etot =    -399.021460 err =  0.00020221
       Dyson loops  31 EF   =       0.027395 err =  0.00005805 DOS(E_F)=    4.69 hx = 0.00100
       QSCA = -0.0104
       QCPA =  0.4934  0.0000

 Wmsg: Iteration    13 Etot =    -399.021594 err =  0.00013404
       Dyson loops  31 EF   =       0.026844 err =  0.00013484 DOS(E_F)=    4.66 hx = 0.00100
       QSCA = -0.0104
       QCPA =  0.4950  0.0000

 Wmsg: Iteration    14 Etot =    -399.021687 err =  0.00009296
       Dyson loops  31 EF   =       0.026910 err =  0.00040736 DOS(E_F)=    4.68 hx = 0.00100
       QSCA = -0.0104
       QCPA =  0.4956  0.0000

 Update:   Potential etc. stored on FOR002

 Wmsg: Iteration    15 Etot =    -399.021757 err =  0.00007061
       Dyson loops  31 EF   =       0.026882 err =  0.00004559 DOS(E_F)=    4.66 hx = 0.00100
       QSCA = -0.0104
       QCPA =  0.4963  0.0000

 Wmsg: Iteration    16 Etot =    -399.021808 err =  0.00005036
       Dyson loops  31 EF   =       0.026813 err =  0.00008224 DOS(E_F)=    4.65 hx = 0.00100
       QSCA = -0.0104
       QCPA =  0.4967  0.0000

 Wmsg: Iteration    17 Etot =    -399.021844 err =  0.00003646
       Dyson loops  31 EF   =       0.026739 err =  0.00008267 DOS(E_F)=    4.65 hx = 0.00100
       QSCA = -0.0104
       QCPA =  0.4970  0.0000

 Wmsg: Iteration    18 Etot =    -399.021871 err =  0.00002645
       Dyson loops  31 EF   =       0.026675 err =  0.00007133 DOS(E_F)=    4.65 hx = 0.00100
       QSCA = -0.0104
       QCPA =  0.4972  0.0000

 Wmsg: Iteration    19 Etot =    -399.021890 err =  0.00001923
       Dyson loops  31 EF   =       0.026622 err =  0.00005737 DOS(E_F)=    4.65 hx = 0.00100
       QSCA = -0.0104
       QCPA =  0.4972  0.0000

 Wmsg: Iteration    20 Etot =    -399.021904 err =  0.00001401
       Dyson loops  31 EF   =       0.026582 err =  0.00004442 DOS(E_F)=    4.65 hx = 0.00100
       QSCA = -0.0104
       QCPA =  0.4973  0.0000

 Wmsg: Iteration    21 Etot =    -399.021914 err =  0.00001021
       Dyson loops  31 EF   =       0.026551 err =  0.00003365 DOS(E_F)=    4.65 hx = 0.00100
       QSCA = -0.0104
       QCPA =  0.4973  0.0000

 Update:   Potential etc. stored on FOR002

 Wmsg: Iteration    22 Etot =    -399.021922 err =  0.00000745
       Dyson loops  31 EF   =       0.026527 err =  0.00002515 DOS(E_F)=    4.65 hx = 0.00100
       QSCA = -0.0104
       QCPA =  0.4973  0.0000

 Wmsg: Iteration    23 Etot =    -399.021927 err =  0.00000544
       Dyson loops  31 EF   =       0.026510 err =  0.00001865 DOS(E_F)=    4.65 hx = 0.00100
       QSCA = -0.0104
       QCPA =  0.4973  0.0000

 Wmsg: Iteration    24 Etot =    -399.021931 err =  0.00000398
       Dyson loops  31 EF   =       0.026497 err =  0.00001376 DOS(E_F)=    4.65 hx = 0.00100
       QSCA = -0.0104
       QCPA =  0.4973  0.0000

 Wmsg: Iteration    25 Etot =    -399.021934 err =  0.00000291
       Dyson loops  31 EF   =       0.026488 err =  0.00001013 DOS(E_F)=    4.65 hx = 0.00100
       QSCA = -0.0104
       QCPA =  0.4973  0.0000

 Wmsg: Iteration    26 Etot =    -399.021936 err =  0.00000213
       Dyson loops  31 EF   =       0.026481 err =  0.00000744 DOS(E_F)=    4.66 hx = 0.00100
       QSCA = -0.0104
       QCPA =  0.4973  0.0000

 Wmsg: Iteration    27 Etot =    -399.021938 err =  0.00000156
       Dyson loops  31 EF   =       0.026476 err =  0.00000546 DOS(E_F)=    4.66 hx = 0.00100
       QSCA = -0.0104
       QCPA =  0.4973  0.0000

 Wmsg: Iteration    28 Etot =    -399.021939 err =  0.00000114
       Dyson loops  31 EF   =       0.026472 err =  0.00000400 DOS(E_F)=    4.66 hx = 0.00100
       QSCA = -0.0104
       QCPA =  0.4973  0.0000

 Update:   Potential etc. stored on FOR002

 Wmsg: Iteration    29 Etot =    -399.021939 err =  0.00000083
       Dyson loops  31 EF   =       0.026470 err =  0.00000293 DOS(E_F)=    4.66 hx = 0.00100
       QSCA = -0.0104
       QCPA =  0.4973  0.0000

 Wmsg: Iteration    30 Etot =    -399.021940 err =  0.00000061
       Dyson loops  31 EF   =       0.026468 err =  0.00000215 DOS(E_F)=    4.66 hx = 0.00100
       QSCA = -0.0104
       QCPA =  0.4973  0.0000

 Wmsg: Iteration    31 Etot =    -399.021941 err =  0.00000044
       Dyson loops  31 EF   =       0.026466 err =  0.00000157 DOS(E_F)=    4.66 hx = 0.00100
       QSCA = -0.0104
       QCPA =  0.4973  0.0000

 Wmsg: Iteration    32 Etot =    -399.021941 err =  0.00000033
       Dyson loops  31 EF   =       0.026465 err =  0.00000115 DOS(E_F)=    4.66 hx = 0.00100
       QSCA = -0.0104
       QCPA =  0.4973  0.0000

 Wmsg: Iteration    33 Etot =    -399.021941 err =  0.00000024
       Dyson loops  31 EF   =       0.026464 err =  0.00000084 DOS(E_F)=    4.66 hx = 0.00100
       QSCA = -0.0104
       QCPA =  0.4973  0.0000

 Wmsg: Iteration    34 Etot =    -399.021941 err =  0.00000018
       Dyson loops  31 EF   =       0.026464 err =  0.00000062 DOS(E_F)=    4.66 hx = 0.00100
       QSCA = -0.0104
       QCPA =  0.4973  0.0000

 Wmsg: Iteration    35 Etot =    -399.021941 err =  0.00000013
       Dyson loops  31 EF   =       0.026463 err =  0.00000045 DOS(E_F)=    4.66 hx = 0.00100
       QSCA = -0.0104
       QCPA =  0.4973  0.0000

 Update:   Potential etc. stored on FOR002

 Wmsg: Iteration    36 Etot =    -399.021942 err =  0.00000009
       Dyson loops  31 EF   =       0.026463 err =  0.00000033 DOS(E_F)=    4.66 hx = 0.00100
       QSCA = -0.0104
       QCPA =  0.4973  0.0000

 Wmsg: Iteration    37 Etot =    -399.021942 err =  0.00000007
       Dyson loops  31 EF   =       0.026463 err =  0.00000025 DOS(E_F)=    4.66 hx = 0.00100
       QSCA = -0.0104
       QCPA =  0.4973  0.0000

 Wmsg: Iteration    38 Etot =    -399.021942 err =  0.00000005
       Dyson loops  31 EF   =       0.026463 err =  0.00000018 DOS(E_F)=    4.66 hx = 0.00100
       QSCA = -0.0104
       QCPA =  0.4973  0.0000

 Wmsg: Iteration    39 Etot =    -399.021942 err =  0.00000004
       Dyson loops  31 EF   =       0.026462 err =  0.00000013 DOS(E_F)=    4.66 hx = 0.00100
       QSCA = -0.0104
       QCPA =  0.4973  0.0000

 Wmsg: Iteration    40 Etot =    -399.021942 err =  0.00000003
       Dyson loops  31 EF   =       0.026462 err =  0.00000010 DOS(E_F)=    4.66 hx = 0.00100
       QSCA = -0.0104
       QCPA =  0.4973  0.0000

 Wmsg: Iteration    41 Etot =    -399.021942 err =  0.00000002
       Dyson loops  31 EF   =       0.026462 err =  0.00000007 DOS(E_F)=    4.66 hx = 0.00100
       QSCA = -0.0104
       QCPA =  0.4973  0.0000

 Wmsg: Iteration    42 Etot =    -399.021942 err =  0.00000001
       Dyson loops  31 EF   =       0.026462 err =  0.00000005 DOS(E_F)=    4.66 hx = 0.00100
       QSCA = -0.0104
       QCPA =  0.4973  0.0000

 Update:   Potential etc. stored on FOR002

 Wmsg: Iteration    43 Etot =    -399.021942 err =  0.00000001
       Dyson loops  31 EF   =       0.026462 err =  0.00000004 DOS(E_F)=    4.66 hx = 0.00100
       QSCA = -0.0104
       QCPA =  0.4973  0.0000

 Wmsg: Iteration    44 Etot =    -399.021942 err =  0.00000001
       Dyson loops  31 EF   =       0.026462 err =  0.00000003 DOS(E_F)=    4.66 hx = 0.00100
       QSCA = -0.0104
       QCPA =  0.4973  0.0000

 Wmsg: Iteration    45 Etot =    -399.021942 err =  0.00000001
       Dyson loops  31 EF   =       0.026462 err =  0.00000002 DOS(E_F)=    4.66 hx = 0.00100
       QSCA = -0.0104
       QCPA =  0.4973  0.0000

 Wmsg: Iteration    46 Etot =    -399.021942 err =  0.00000000
       Dyson loops  31 EF   =       0.026462 err =  0.00000002 DOS(E_F)=    4.66 hx = 0.00100
       QSCA = -0.0104
       QCPA =  0.4973  0.0000

 Wmsg: Iteration    47 Etot =    -399.021942 err =  0.00000000
       Dyson loops  31 EF   =       0.026462 err =  0.00000001 DOS(E_F)=    4.66 hx = 0.00100
       QSCA = -0.0104
       QCPA =  0.4973  0.0000

 Wmsg: Iteration    48 Etot =    -399.021942 err =  0.00000000
       Dyson loops  31 EF   =       0.026462 err =  0.00000001 DOS(E_F)=    4.66 hx = 0.00100
       QSCA = -0.0104
       QCPA =  0.4973  0.0000

 Update:   Potential etc. stored on FOR002

 Dospth: CPA equation for IS =  1 converged in  1- 1 iterations

 KGRN:     Calculation of the full charge density, lmaxh =  8

 Kkrfcd:   NOS(Ef) =  1.999972 ELT =  2.000000

 Mgaunt:   Generate real Gaunt numbers

 Grnfcd:   Construct the full charge density

 Eldens:   Calculate multipole moments

 Eldens:   delQ = -0.000028 QTI = -0.066894 -0.000028

 Rotchd:   Perform the 3D rotations

 Fcdupd:   Full charge density stored on FOR010

 KGRN: Calculation finished at 15:02 on 23-Jan-26
 
  Total time for the self-consistency loop:      36.009
  Total linear iterations time :      16.733
