
 KGRN: job = CuMg_1.00_4.00 isno =   0 Func = SCA

           Shape function for IQ =  1

 Mgaunt:   Generate real Gaunt numbers

 Setsym:   Set up the site-group symmetry elements for IQ=  1

           E     sigb  C31+  C31-  sigf  sige  C4z+  C4z-
           C2z   sigx  C2d   C4y-  S64-  S62+  sigy  C4x+
           C2c   S62-  S63+  siga  C33+  C34-  S4x+  S4y-
           I     C2b   S61-  S61+  C2f   C2e   S4z-  S4z+
           sigz  C2x   sigd  S4y+  C34+  C32-  C2y   S4x-
           sigc  C32+  C33-  C2a   S63-  S64+  C4x-  C4y+

 Atomc:    Atomic calculations for: Cu  

 Atomc:    Atomic calculations converged

           Number of core electrons  17.99999771
 Atomc:    Atomic calculations for: Mg  

 Atomc:    Atomic calculations converged

           Number of core electrons   9.99996620

 KMESHMP : Monkhorst-Pack k-mesh parameters, NKX,NKY,NKZ= 32 32 31

 Setkms:   NKVEC =     8193

 Blochs:   Bloch sum of slope matrix => array
  1  1  -1.10  8.1682 -3.5232  1.8721 -1.2013  0.7910 -0.5053  0.2751
  2  1  -1.08  7.6707 -3.4240  1.7682 -1.1027  0.7056 -0.4381  0.2318
  3  1  -1.00  5.9013 -3.0145  1.3705 -0.7525  0.4239 -0.2317  0.1079
  4  1  -0.84  3.4620 -2.2224  0.7449 -0.3015  0.1252 -0.0505  0.0173
  5  1  -0.64  1.5169 -1.2252  0.2264 -0.0505  0.0116 -0.0026  0.0005
  6  1  -0.44  0.2540 -0.2444  0.0090 -0.0004  0.0000 -0.0000  0.0000
  7  1  -0.28  0.6341  0.5776  0.0503  0.0053  0.0006  0.0001  0.0000
  8  1  -0.16  1.4442  1.1776  0.2092  0.0449  0.0099  0.0021  0.0004
  9  1  -0.08  2.0750  1.5613  0.3677  0.1045  0.0305  0.0086  0.0021
 10  1  -0.04  2.4842  1.7792  0.4774  0.1547  0.0514  0.0166  0.0046
 11  1  -0.02  2.7112  1.8911  0.5394  0.1858  0.0657  0.0225  0.0066
 12  1  -0.01  2.8222  1.9437  0.5698  0.2017  0.0733  0.0258  0.0078
 13  1  -0.00  2.8704  1.9661  0.5830  0.2088  0.0767  0.0273  0.0083
 14  1  -0.00  2.8885  1.9744  0.5880  0.2114  0.0780  0.0279  0.0085
 15  1  -0.00  2.8938  1.9769  0.5894  0.2122  0.0784  0.0281  0.0086
 16  1  -0.00  2.8947  1.9773  0.5897  0.2123  0.0785  0.0281  0.0086

 Slfcns:   Start LDA iterations by KKR, XC = Perdew-Wang 96 LDA, Soft-core-A 

 Wmsg: Iteration     1 Etot =    -399.081476 err =  2.00392388
       Dyson loops  31 EF   =      -0.098267 err =  0.09554517 DOS(E_F)=   10.01 hx = 0.10100
       QSCA =  0.0070
       QCPA =  0.2345  0.0000

 Wmsg: Iteration     2 Etot =    -399.000756 err =  0.08071931
       Dyson loops  31 EF   =      -0.153772 err =  0.05624296 DOS(E_F)=    9.68 hx = 0.08080
       QSCA =  0.0128
       QCPA =  0.3367  0.0000

 Wmsg: Iteration     3 Etot =    -398.986063 err =  0.01469308
       Dyson loops  31 EF   =      -0.203340 err =  0.05017311 DOS(E_F)=    9.09 hx = 0.06464
       QSCA =  0.0177
       QCPA =  0.3848  0.0000

 Wmsg: Iteration     4 Etot =    -398.993353 err =  0.00728953
       Dyson loops  31 EF   =      -0.224199 err =  0.02116329 DOS(E_F)=    8.28 hx = 0.05171
       QSCA =  0.0208
       QCPA =  0.4197  0.0000

 Wmsg: Iteration     5 Etot =    -398.994094 err =  0.00074130
       Dyson loops  31 EF   =      -0.219481 err =  0.00430428 DOS(E_F)=    8.66 hx = 0.04137
       QSCA =  0.0228
       QCPA =  0.4434  0.0000

 Wmsg: Iteration     6 Etot =    -398.996251 err =  0.00215666
       Dyson loops  31 EF   =      -0.217415 err =  0.00188786 DOS(E_F)=    8.42 hx = 0.02068
       QSCA =  0.0243
       QCPA =  0.4553  0.0000

 Wmsg: Iteration     7 Etot =    -398.997426 err =  0.00117527
       Dyson loops  31 EF   =      -0.217033 err =  0.00024255 DOS(E_F)=    8.68 hx = 0.01034
       QSCA =  0.0255
       QCPA =  0.4623  0.0000

 Update:   Potential etc. stored on FOR002

 Wmsg: Iteration     8 Etot =    -398.997825 err =  0.00039898
       Dyson loops  31 EF   =      -0.226566 err =  0.00031528 DOS(E_F)=    8.56 hx = 0.00517
       QSCA =  0.0263
       QCPA =  0.4665  0.0000

 Wmsg: Iteration     9 Etot =    -398.998032 err =  0.00020728
       Dyson loops  31 EF   =      -0.222698 err =  0.00550479 DOS(E_F)=    8.27 hx = 0.00550
       QSCA =  0.0268
       QCPA =  0.4704  0.0000

 Wmsg: Iteration    10 Etot =    -398.998184 err =  0.00015158
       Dyson loops  31 EF   =      -0.220291 err =  0.00235461 DOS(E_F)=    8.51 hx = 0.00275
       QSCA =  0.0272
       QCPA =  0.4719  0.0000

 Wmsg: Iteration    11 Etot =    -398.998281 err =  0.00009745
       Dyson loops  31 EF   =      -0.219395 err =  0.00085967 DOS(E_F)=    8.72 hx = 0.00138
       QSCA =  0.0275
       QCPA =  0.4726  0.0000

 Wmsg: Iteration    12 Etot =    -398.998382 err =  0.00010053
       Dyson loops  31 EF   =      -0.219093 err =  0.00027617 DOS(E_F)=    8.65 hx = 0.00100
       QSCA =  0.0277
       QCPA =  0.4732  0.0000

 Wmsg: Iteration    13 Etot =    -398.998443 err =  0.00006104
       Dyson loops  31 EF   =      -0.219059 err =  0.00001303 DOS(E_F)=    8.58 hx = 0.00100
       QSCA =  0.0279
       QCPA =  0.4736  0.0000

 Wmsg: Iteration    14 Etot =    -398.998483 err =  0.00003976
       Dyson loops  31 EF   =      -0.219109 err =  0.00006555 DOS(E_F)=    8.53 hx = 0.00100
       QSCA =  0.0280
       QCPA =  0.4739  0.0000

 Update:   Potential etc. stored on FOR002

 Wmsg: Iteration    15 Etot =    -398.998511 err =  0.00002803
       Dyson loops  31 EF   =      -0.219176 err =  0.00007741 DOS(E_F)=    8.52 hx = 0.00100
       QSCA =  0.0281
       QCPA =  0.4742  0.0000

 Wmsg: Iteration    16 Etot =    -398.998531 err =  0.00002020
       Dyson loops  31 EF   =      -0.219240 err =  0.00007045 DOS(E_F)=    8.52 hx = 0.00100
       QSCA =  0.0282
       QCPA =  0.4743  0.0000

 Wmsg: Iteration    17 Etot =    -398.998546 err =  0.00001466
       Dyson loops  31 EF   =      -0.219292 err =  0.00005778 DOS(E_F)=    8.52 hx = 0.00100
       QSCA =  0.0282
       QCPA =  0.4744  0.0000

 Wmsg: Iteration    18 Etot =    -398.998556 err =  0.00001070
       Dyson loops  31 EF   =      -0.219333 err =  0.00004518 DOS(E_F)=    8.52 hx = 0.00100
       QSCA =  0.0282
       QCPA =  0.4745  0.0000

 Wmsg: Iteration    19 Etot =    -398.998564 err =  0.00000783
       Dyson loops  31 EF   =      -0.219365 err =  0.00003446 DOS(E_F)=    8.53 hx = 0.00100
       QSCA =  0.0283
       QCPA =  0.4746  0.0000

 Wmsg: Iteration    20 Etot =    -398.998570 err =  0.00000576
       Dyson loops  31 EF   =      -0.219389 err =  0.00002595 DOS(E_F)=    8.53 hx = 0.00100
       QSCA =  0.0283
       QCPA =  0.4746  0.0000

 Wmsg: Iteration    21 Etot =    -398.998574 err =  0.00000421
       Dyson loops  31 EF   =      -0.219407 err =  0.00001940 DOS(E_F)=    8.53 hx = 0.00100
       QSCA =  0.0283
       QCPA =  0.4747  0.0000

 Update:   Potential etc. stored on FOR002

 Wmsg: Iteration    22 Etot =    -398.998577 err =  0.00000311
       Dyson loops  31 EF   =      -0.219420 err =  0.00001444 DOS(E_F)=    8.53 hx = 0.00100
       QSCA =  0.0283
       QCPA =  0.4747  0.0000

 Wmsg: Iteration    23 Etot =    -398.998580 err =  0.00000229
       Dyson loops  31 EF   =      -0.219430 err =  0.00001073 DOS(E_F)=    8.54 hx = 0.00100
       QSCA =  0.0283
       QCPA =  0.4747  0.0000

 Wmsg: Iteration    24 Etot =    -398.998581 err =  0.00000169
       Dyson loops  31 EF   =      -0.219437 err =  0.00000796 DOS(E_F)=    8.54 hx = 0.00100
       QSCA =  0.0283
       QCPA =  0.4747  0.0000

 Wmsg: Iteration    25 Etot =    -398.998582 err =  0.00000124
       Dyson loops  31 EF   =      -0.219443 err =  0.00000591 DOS(E_F)=    8.54 hx = 0.00100
       QSCA =  0.0283
       QCPA =  0.4747  0.0000

 Wmsg: Iteration    26 Etot =    -398.998583 err =  0.00000092
       Dyson loops  31 EF   =      -0.219447 err =  0.00000438 DOS(E_F)=    8.54 hx = 0.00100
       QSCA =  0.0283
       QCPA =  0.4747  0.0000

 Wmsg: Iteration    27 Etot =    -398.998584 err =  0.00000068
       Dyson loops  31 EF   =      -0.219450 err =  0.00000322 DOS(E_F)=    8.54 hx = 0.00100
       QSCA =  0.0283
       QCPA =  0.4747  0.0000

 Wmsg: Iteration    28 Etot =    -398.998585 err =  0.00000049
       Dyson loops  31 EF   =      -0.219452 err =  0.00000239 DOS(E_F)=    8.54 hx = 0.00100
       QSCA =  0.0283
       QCPA =  0.4747  0.0000

 Update:   Potential etc. stored on FOR002

 Wmsg: Iteration    29 Etot =    -398.998585 err =  0.00000036
       Dyson loops  31 EF   =      -0.219454 err =  0.00000176 DOS(E_F)=    8.54 hx = 0.00100
       QSCA =  0.0283
       QCPA =  0.4747  0.0000

 Wmsg: Iteration    30 Etot =    -398.998585 err =  0.00000027
       Dyson loops  31 EF   =      -0.219455 err =  0.00000130 DOS(E_F)=    8.54 hx = 0.00100
       QSCA =  0.0283
       QCPA =  0.4747  0.0000

 Wmsg: Iteration    31 Etot =    -398.998585 err =  0.00000020
       Dyson loops  31 EF   =      -0.219456 err =  0.00000096 DOS(E_F)=    8.54 hx = 0.00100
       QSCA =  0.0283
       QCPA =  0.4747  0.0000

 Wmsg: Iteration    32 Etot =    -398.998586 err =  0.00000015
       Dyson loops  31 EF   =      -0.219457 err =  0.00000071 DOS(E_F)=    8.54 hx = 0.00100
       QSCA =  0.0283
       QCPA =  0.4747  0.0000

 Wmsg: Iteration    33 Etot =    -398.998586 err =  0.00000011
       Dyson loops  31 EF   =      -0.219457 err =  0.00000053 DOS(E_F)=    8.54 hx = 0.00100
       QSCA =  0.0283
       QCPA =  0.4747  0.0000

 Wmsg: Iteration    34 Etot =    -398.998586 err =  0.00000008
       Dyson loops  31 EF   =      -0.219457 err =  0.00000039 DOS(E_F)=    8.54 hx = 0.00100
       QSCA =  0.0283
       QCPA =  0.4747  0.0000

 Wmsg: Iteration    35 Etot =    -398.998586 err =  0.00000006
       Dyson loops  31 EF   =      -0.219458 err =  0.00000029 DOS(E_F)=    8.54 hx = 0.00100
       QSCA =  0.0283
       QCPA =  0.4747  0.0000

 Update:   Potential etc. stored on FOR002

 Wmsg: Iteration    36 Etot =    -398.998586 err =  0.00000004
       Dyson loops  31 EF   =      -0.219458 err =  0.00000022 DOS(E_F)=    8.54 hx = 0.00100
       QSCA =  0.0283
       QCPA =  0.4747  0.0000

 Wmsg: Iteration    37 Etot =    -398.998586 err =  0.00000003
       Dyson loops  31 EF   =      -0.219458 err =  0.00000016 DOS(E_F)=    8.54 hx = 0.00100
       QSCA =  0.0283
       QCPA =  0.4747  0.0000

 Wmsg: Iteration    38 Etot =    -398.998586 err =  0.00000002
       Dyson loops  31 EF   =      -0.219458 err =  0.00000012 DOS(E_F)=    8.54 hx = 0.00100
       QSCA =  0.0283
       QCPA =  0.4747  0.0000

 Wmsg: Iteration    39 Etot =    -398.998586 err =  0.00000002
       Dyson loops  31 EF   =      -0.219458 err =  0.00000009 DOS(E_F)=    8.54 hx = 0.00100
       QSCA =  0.0283
       QCPA =  0.4747  0.0000

 Wmsg: Iteration    40 Etot =    -398.998586 err =  0.00000001
       Dyson loops  31 EF   =      -0.219458 err =  0.00000007 DOS(E_F)=    8.54 hx = 0.00100
       QSCA =  0.0283
       QCPA =  0.4747  0.0000

 Wmsg: Iteration    41 Etot =    -398.998586 err =  0.00000001
       Dyson loops  31 EF   =      -0.219458 err =  0.00000005 DOS(E_F)=    8.54 hx = 0.00100
       QSCA =  0.0283
       QCPA =  0.4747  0.0000

 Wmsg: Iteration    42 Etot =    -398.998586 err =  0.00000001
       Dyson loops  31 EF   =      -0.219458 err =  0.00000004 DOS(E_F)=    8.54 hx = 0.00100
       QSCA =  0.0283
       QCPA =  0.4747  0.0000

 Update:   Potential etc. stored on FOR002

 Wmsg: Iteration    43 Etot =    -398.998586 err =  0.00000001
       Dyson loops  31 EF   =      -0.219458 err =  0.00000003 DOS(E_F)=    8.54 hx = 0.00100
       QSCA =  0.0283
       QCPA =  0.4747  0.0000

 Wmsg: Iteration    44 Etot =    -398.998586 err =  0.00000000
       Dyson loops  31 EF   =      -0.219458 err =  0.00000002 DOS(E_F)=    8.54 hx = 0.00100
       QSCA =  0.0283
       QCPA =  0.4747  0.0000

 Wmsg: Iteration    45 Etot =    -398.998586 err =  0.00000000
       Dyson loops  31 EF   =      -0.219458 err =  0.00000001 DOS(E_F)=    8.54 hx = 0.00100
       QSCA =  0.0283
       QCPA =  0.4747  0.0000

 Wmsg: Iteration    46 Etot =    -398.998586 err =  0.00000000
       Dyson loops  31 EF   =      -0.219458 err =  0.00000001 DOS(E_F)=    8.54 hx = 0.00100
       QSCA =  0.0283
       QCPA =  0.4747  0.0000

 Wmsg: Iteration    47 Etot =    -398.998586 err =  0.00000000
       Dyson loops  31 EF   =      -0.219458 err =  0.00000001 DOS(E_F)=    8.54 hx = 0.00100
       QSCA =  0.0283
       QCPA =  0.4747  0.0000

 Update:   Potential etc. stored on FOR002

 Dospth: CPA equation for IS =  1 converged in  1- 1 iterations

 KGRN:     Calculation of the full charge density, lmaxh =  8

 Kkrfcd:   NOS(Ef) =  1.999950 ELT =  2.000000

 Mgaunt:   Generate real Gaunt numbers

 Grnfcd:   Construct the full charge density

 Eldens:   Calculate multipole moments

 Eldens:   delQ = -0.000050 QTI =  0.518321 -0.000050

 Rotchd:   Perform the 3D rotations

 Fcdupd:   Full charge density stored on FOR010

 KGRN: Calculation finished at 15:30 on 23-Jan-26
 
  Total time for the self-consistency loop:      48.206
  Total linear iterations time :      28.525
