
 KGRN: job = CuMg_1.00_3.30 isno =   0 Func = SCA

           Shape function for IQ =  1

 Mgaunt:   Generate real Gaunt numbers

 Setsym:   Set up the site-group symmetry elements for IQ=  1

           E     sigb  C31+  C31-  sigf  sige  C4z+  C4z-
           C2z   sigx  C2d   C4y-  S64-  S62+  sigy  C4x+
           C2c   S62-  S63+  siga  C33+  C34-  S4x+  S4y-
           I     C2b   S61-  S61+  C2f   C2e   S4z-  S4z+
           sigz  C2x   sigd  S4y+  C34+  C32-  C2y   S4x-
           sigc  C32+  C33-  C2a   S63-  S64+  C4x-  C4y+

 Atomc:    Atomic calculations for: Cu  

 Atomc:    Atomic calculations converged

           Number of core electrons  17.99994677
 Atomc:    Atomic calculations for: Mg  

 Atomc:    Atomic calculations converged

           Number of core electrons   9.99958612

 KMESHMP : Monkhorst-Pack k-mesh parameters, NKX,NKY,NKZ= 32 32 31

 Setkms:   NKVEC =     8193

 Blochs:   Bloch sum of slope matrix => array
  1  1  -1.10  2.9183 -1.9881  0.5961 -0.2158  0.0802 -0.0289  0.0089
  2  1  -1.08  2.7732 -1.9206  0.5563 -0.1946  0.0699 -0.0243  0.0072
  3  1  -1.00  2.2215 -1.6419  0.4066 -0.1216  0.0373 -0.0111  0.0028
  4  1  -0.84  1.3326 -1.1027  0.1834 -0.0368  0.0076 -0.0015  0.0003
  5  1  -0.64  0.4536 -0.4240  0.0271 -0.0021  0.0002 -0.0000  0.0000
  6  1  -0.44  0.2531  0.2436  0.0089  0.0004  0.0000  0.0000  0.0000
  7  1  -0.28  0.9172  0.8030  0.0972  0.0142  0.0021  0.0003  0.0000
  8  1  -0.16  1.4957  1.2114  0.2213  0.0488  0.0111  0.0024  0.0005
  9  1  -0.08  1.9196  1.4725  0.3270  0.0877  0.0241  0.0064  0.0015
 10  1  -0.04  2.1827  1.6208  0.3962  0.1170  0.0354  0.0104  0.0026
 11  1  -0.02  2.3249  1.6970  0.4343  0.1342  0.0426  0.0131  0.0034
 12  1  -0.01  2.3935  1.7328  0.4528  0.1429  0.0463  0.0145  0.0039
 13  1  -0.00  2.4230  1.7480  0.4608  0.1467  0.0479  0.0152  0.0041
 14  1  -0.00  2.4341  1.7537  0.4638  0.1482  0.0486  0.0154  0.0042
 15  1  -0.00  2.4374  1.7554  0.4647  0.1486  0.0487  0.0155  0.0042
 16  1  -0.00  2.4379  1.7557  0.4649  0.1486  0.0488  0.0155  0.0042

 Slfcns:   Start LDA iterations by KKR, XC = Perdew-Wang 96 LDA, Soft-core-A 

 Wmsg: Iteration     1 Etot =    -399.029082 err =  4.05006585
       Dyson loops  31 EF   =      -0.039346 err =  0.03540533 DOS(E_F)=    6.31 hx = 0.10100
       QSCA =  0.0032
       QCPA =  0.2115  0.0000

 Wmsg: Iteration     2 Etot =    -399.030219 err =  0.00113628
       Dyson loops  31 EF   =      -0.066063 err =  0.02757334 DOS(E_F)=    5.42 hx = 0.08080
       QSCA =  0.0051
       QCPA =  0.3331  0.0000

 Wmsg: Iteration     3 Etot =    -399.035402 err =  0.00518328
       Dyson loops  31 EF   =      -0.101841 err =  0.03666464 DOS(E_F)=    5.94 hx = 0.06464
       QSCA =  0.0063
       QCPA =  0.4036  0.0000

 Wmsg: Iteration     4 Etot =    -399.042548 err =  0.00714582
       Dyson loops  31 EF   =      -0.100631 err =  0.00045761 DOS(E_F)=    6.12 hx = 0.05171
       QSCA =  0.0068
       QCPA =  0.4492  0.0000

 Wmsg: Iteration     5 Etot =    -399.044471 err =  0.00192370
       Dyson loops  31 EF   =      -0.114957 err =  0.01465630 DOS(E_F)=    6.40 hx = 0.04137
       QSCA =  0.0071
       QCPA =  0.4746  0.0000

 Wmsg: Iteration     6 Etot =    -399.044895 err =  0.00042341
       Dyson loops  31 EF   =      -0.109771 err =  0.00489001 DOS(E_F)=    5.98 hx = 0.02068
       QSCA =  0.0074
       QCPA =  0.4903  0.0000

 Wmsg: Iteration     7 Etot =    -399.046507 err =  0.00161186
       Dyson loops  31 EF   =      -0.108054 err =  0.00146689 DOS(E_F)=    6.45 hx = 0.01034
       QSCA =  0.0076
       QCPA =  0.4997  0.0000

 Update:   Potential etc. stored on FOR002

 Wmsg: Iteration     8 Etot =    -399.047445 err =  0.00093815
       Dyson loops  31 EF   =      -0.117463 err =  0.00028052 DOS(E_F)=    6.58 hx = 0.00517
       QSCA =  0.0078
       QCPA =  0.5056  0.0000

 Wmsg: Iteration     9 Etot =    -399.047816 err =  0.00037114
       Dyson loops  31 EF   =      -0.113679 err =  0.00561947 DOS(E_F)=    5.84 hx = 0.00562
       QSCA =  0.0078
       QCPA =  0.5099  0.0000

 Wmsg: Iteration    10 Etot =    -399.048122 err =  0.00030625
       Dyson loops  31 EF   =      -0.111423 err =  0.00216615 DOS(E_F)=    6.37 hx = 0.00281
       QSCA =  0.0079
       QCPA =  0.5121  0.0000

 Wmsg: Iteration    11 Etot =    -399.048345 err =  0.00022267
       Dyson loops  31 EF   =      -0.110730 err =  0.00063499 DOS(E_F)=    6.72 hx = 0.00140
       QSCA =  0.0080
       QCPA =  0.5135  0.0000

 Wmsg: Iteration    12 Etot =    -399.048507 err =  0.00016254
       Dyson loops  31 EF   =      -0.110640 err =  0.00004870 DOS(E_F)=    6.54 hx = 0.00100
       QSCA =  0.0080
       QCPA =  0.5144  0.0000

 Wmsg: Iteration    13 Etot =    -399.048614 err =  0.00010687
       Dyson loops  31 EF   =      -0.111138 err =  0.00052907 DOS(E_F)=    6.45 hx = 0.00100
       QSCA =  0.0081
       QCPA =  0.5151  0.0000

 Wmsg: Iteration    14 Etot =    -399.048691 err =  0.00007702
       Dyson loops  31 EF   =      -0.111056 err =  0.00006300 DOS(E_F)=    6.52 hx = 0.00100
       QSCA =  0.0081
       QCPA =  0.5155  0.0000

 Update:   Potential etc. stored on FOR002

 Wmsg: Iteration    15 Etot =    -399.048747 err =  0.00005592
       Dyson loops  31 EF   =      -0.111091 err =  0.00004968 DOS(E_F)=    6.46 hx = 0.00100
       QSCA =  0.0081
       QCPA =  0.5158  0.0000

 Wmsg: Iteration    16 Etot =    -399.048788 err =  0.00004037
       Dyson loops  31 EF   =      -0.111157 err =  0.00007710 DOS(E_F)=    6.44 hx = 0.00100
       QSCA =  0.0081
       QCPA =  0.5160  0.0000

 Wmsg: Iteration    17 Etot =    -399.048817 err =  0.00002942
       Dyson loops  31 EF   =      -0.111224 err =  0.00007531 DOS(E_F)=    6.43 hx = 0.00100
       QSCA =  0.0082
       QCPA =  0.5161  0.0000

 Wmsg: Iteration    18 Etot =    -399.048838 err =  0.00002144
       Dyson loops  31 EF   =      -0.111283 err =  0.00006419 DOS(E_F)=    6.43 hx = 0.00100
       QSCA =  0.0082
       QCPA =  0.5162  0.0000

 Wmsg: Iteration    19 Etot =    -399.048854 err =  0.00001565
       Dyson loops  31 EF   =      -0.111330 err =  0.00005128 DOS(E_F)=    6.44 hx = 0.00100
       QSCA =  0.0082
       QCPA =  0.5162  0.0000

 Wmsg: Iteration    20 Etot =    -399.048866 err =  0.00001144
       Dyson loops  31 EF   =      -0.111367 err =  0.00003960 DOS(E_F)=    6.44 hx = 0.00100
       QSCA =  0.0082
       QCPA =  0.5163  0.0000

 Wmsg: Iteration    21 Etot =    -399.048874 err =  0.00000837
       Dyson loops  31 EF   =      -0.111394 err =  0.00002999 DOS(E_F)=    6.44 hx = 0.00100
       QSCA =  0.0082
       QCPA =  0.5163  0.0000

 Update:   Potential etc. stored on FOR002

 Wmsg: Iteration    22 Etot =    -399.048880 err =  0.00000613
       Dyson loops  31 EF   =      -0.111415 err =  0.00002245 DOS(E_F)=    6.45 hx = 0.00100
       QSCA =  0.0082
       QCPA =  0.5163  0.0000

 Wmsg: Iteration    23 Etot =    -399.048885 err =  0.00000449
       Dyson loops  31 EF   =      -0.111431 err =  0.00001669 DOS(E_F)=    6.45 hx = 0.00100
       QSCA =  0.0082
       QCPA =  0.5163  0.0000

 Wmsg: Iteration    24 Etot =    -399.048888 err =  0.00000329
       Dyson loops  31 EF   =      -0.111442 err =  0.00001236 DOS(E_F)=    6.45 hx = 0.00100
       QSCA =  0.0082
       QCPA =  0.5163  0.0000

 Wmsg: Iteration    25 Etot =    -399.048890 err =  0.00000241
       Dyson loops  31 EF   =      -0.111451 err =  0.00000913 DOS(E_F)=    6.45 hx = 0.00100
       QSCA =  0.0082
       QCPA =  0.5163  0.0000

 Wmsg: Iteration    26 Etot =    -399.048892 err =  0.00000177
       Dyson loops  31 EF   =      -0.111457 err =  0.00000673 DOS(E_F)=    6.45 hx = 0.00100
       QSCA =  0.0082
       QCPA =  0.5163  0.0000

 Wmsg: Iteration    27 Etot =    -399.048893 err =  0.00000130
       Dyson loops  31 EF   =      -0.111462 err =  0.00000496 DOS(E_F)=    6.45 hx = 0.00100
       QSCA =  0.0082
       QCPA =  0.5163  0.0000

 Wmsg: Iteration    28 Etot =    -399.048894 err =  0.00000095
       Dyson loops  31 EF   =      -0.111465 err =  0.00000364 DOS(E_F)=    6.45 hx = 0.00100
       QSCA =  0.0082
       QCPA =  0.5163  0.0000

 Update:   Potential etc. stored on FOR002

 Wmsg: Iteration    29 Etot =    -399.048895 err =  0.00000070
       Dyson loops  31 EF   =      -0.111468 err =  0.00000266 DOS(E_F)=    6.45 hx = 0.00100
       QSCA =  0.0082
       QCPA =  0.5164  0.0000

 Wmsg: Iteration    30 Etot =    -399.048895 err =  0.00000051
       Dyson loops  31 EF   =      -0.111469 err =  0.00000195 DOS(E_F)=    6.45 hx = 0.00100
       QSCA =  0.0082
       QCPA =  0.5164  0.0000

 Wmsg: Iteration    31 Etot =    -399.048896 err =  0.00000037
       Dyson loops  31 EF   =      -0.111471 err =  0.00000143 DOS(E_F)=    6.45 hx = 0.00100
       QSCA =  0.0082
       QCPA =  0.5164  0.0000

 Wmsg: Iteration    32 Etot =    -399.048896 err =  0.00000027
       Dyson loops  31 EF   =      -0.111472 err =  0.00000105 DOS(E_F)=    6.45 hx = 0.00100
       QSCA =  0.0082
       QCPA =  0.5164  0.0000

 Wmsg: Iteration    33 Etot =    -399.048896 err =  0.00000020
       Dyson loops  31 EF   =      -0.111472 err =  0.00000077 DOS(E_F)=    6.45 hx = 0.00100
       QSCA =  0.0082
       QCPA =  0.5164  0.0000

 Wmsg: Iteration    34 Etot =    -399.048896 err =  0.00000015
       Dyson loops  31 EF   =      -0.111473 err =  0.00000057 DOS(E_F)=    6.45 hx = 0.00100
       QSCA =  0.0082
       QCPA =  0.5164  0.0000

 Wmsg: Iteration    35 Etot =    -399.048897 err =  0.00000011
       Dyson loops  31 EF   =      -0.111473 err =  0.00000042 DOS(E_F)=    6.45 hx = 0.00100
       QSCA =  0.0082
       QCPA =  0.5164  0.0000

 Update:   Potential etc. stored on FOR002

 Wmsg: Iteration    36 Etot =    -399.048897 err =  0.00000008
       Dyson loops  31 EF   =      -0.111474 err =  0.00000031 DOS(E_F)=    6.45 hx = 0.00100
       QSCA =  0.0082
       QCPA =  0.5164  0.0000

 Wmsg: Iteration    37 Etot =    -399.048897 err =  0.00000006
       Dyson loops  31 EF   =      -0.111474 err =  0.00000023 DOS(E_F)=    6.45 hx = 0.00100
       QSCA =  0.0082
       QCPA =  0.5164  0.0000

 Wmsg: Iteration    38 Etot =    -399.048897 err =  0.00000004
       Dyson loops  31 EF   =      -0.111474 err =  0.00000017 DOS(E_F)=    6.45 hx = 0.00100
       QSCA =  0.0082
       QCPA =  0.5164  0.0000

 Wmsg: Iteration    39 Etot =    -399.048897 err =  0.00000003
       Dyson loops  31 EF   =      -0.111474 err =  0.00000012 DOS(E_F)=    6.45 hx = 0.00100
       QSCA =  0.0082
       QCPA =  0.5164  0.0000

 Wmsg: Iteration    40 Etot =    -399.048897 err =  0.00000002
       Dyson loops  31 EF   =      -0.111474 err =  0.00000009 DOS(E_F)=    6.45 hx = 0.00100
       QSCA =  0.0082
       QCPA =  0.5164  0.0000

 Wmsg: Iteration    41 Etot =    -399.048897 err =  0.00000002
       Dyson loops  31 EF   =      -0.111474 err =  0.00000007 DOS(E_F)=    6.45 hx = 0.00100
       QSCA =  0.0082
       QCPA =  0.5164  0.0000

 Wmsg: Iteration    42 Etot =    -399.048897 err =  0.00000001
       Dyson loops  31 EF   =      -0.111474 err =  0.00000005 DOS(E_F)=    6.45 hx = 0.00100
       QSCA =  0.0082
       QCPA =  0.5164  0.0000

 Update:   Potential etc. stored on FOR002

 Wmsg: Iteration    43 Etot =    -399.048897 err =  0.00000001
       Dyson loops  31 EF   =      -0.111474 err =  0.00000004 DOS(E_F)=    6.45 hx = 0.00100
       QSCA =  0.0082
       QCPA =  0.5164  0.0000

 Wmsg: Iteration    44 Etot =    -399.048897 err =  0.00000001
       Dyson loops  31 EF   =      -0.111474 err =  0.00000003 DOS(E_F)=    6.45 hx = 0.00100
       QSCA =  0.0082
       QCPA =  0.5164  0.0000

 Wmsg: Iteration    45 Etot =    -399.048897 err =  0.00000001
       Dyson loops  31 EF   =      -0.111474 err =  0.00000002 DOS(E_F)=    6.45 hx = 0.00100
       QSCA =  0.0082
       QCPA =  0.5164  0.0000

 Wmsg: Iteration    46 Etot =    -399.048897 err =  0.00000000
       Dyson loops  31 EF   =      -0.111474 err =  0.00000001 DOS(E_F)=    6.45 hx = 0.00100
       QSCA =  0.0082
       QCPA =  0.5164  0.0000

 Wmsg: Iteration    47 Etot =    -399.048897 err =  0.00000000
       Dyson loops  31 EF   =      -0.111474 err =  0.00000001 DOS(E_F)=    6.45 hx = 0.00100
       QSCA =  0.0082
       QCPA =  0.5164  0.0000

 Wmsg: Iteration    48 Etot =    -399.048897 err =  0.00000000
       Dyson loops  31 EF   =      -0.111474 err =  0.00000001 DOS(E_F)=    6.45 hx = 0.00100
       QSCA =  0.0082
       QCPA =  0.5164  0.0000

 Update:   Potential etc. stored on FOR002

 Dospth: CPA equation for IS =  1 converged in  1- 1 iterations

 KGRN:     Calculation of the full charge density, lmaxh =  8

 Kkrfcd:   NOS(Ef) =  1.999962 ELT =  2.000000

 Mgaunt:   Generate real Gaunt numbers

 Grnfcd:   Construct the full charge density

 Eldens:   Calculate multipole moments

 Eldens:   delQ = -0.000038 QTI =  0.250270 -0.000038

 Rotchd:   Perform the 3D rotations

 Fcdupd:   Full charge density stored on FOR010

 KGRN: Calculation finished at 15:29 on 23-Jan-26
 
  Total time for the self-consistency loop:      47.335
  Total linear iterations time :      27.408
