
 KGRN: job = CuMg_1.00_3.22 isno =   0 Func = SCA

           Shape function for IQ =  1

 Mgaunt:   Generate real Gaunt numbers

 Setsym:   Set up the site-group symmetry elements for IQ=  1

           E     sigb  C31+  C31-  sigf  sige  C4z+  C4z-
           C2z   sigx  C2d   C4y-  S64-  S62+  sigy  C4x+
           C2c   S62-  S63+  siga  C33+  C34-  S4x+  S4y-
           I     C2b   S61-  S61+  C2f   C2e   S4z-  S4z+
           sigz  C2x   sigd  S4y+  C34+  C32-  C2y   S4x-
           sigc  C32+  C33-  C2a   S63-  S64+  C4x-  C4y+

 Atomc:    Atomic calculations for: Cu  

 Atomc:    Atomic calculations converged

           Number of core electrons  17.99992374
 Atomc:    Atomic calculations for: Mg  

 Atomc:    Atomic calculations converged

           Number of core electrons   9.99944900

 KMESHMP : Monkhorst-Pack k-mesh parameters, NKX,NKY,NKZ= 32 32 31

 Setkms:   NKVEC =     8193

 Blochs:   Bloch sum of slope matrix => array
  1  1  -1.10  2.6061 -1.8401  0.5106 -0.1711  0.0588 -0.0196  0.0056
  2  1  -1.08  2.4775 -1.7758  0.4756 -0.1538  0.0510 -0.0164  0.0045
  3  1  -1.00  1.9851 -1.5104  0.3441 -0.0947  0.0267 -0.0073  0.0017
  4  1  -0.84  1.1806 -0.9971  0.1499 -0.0272  0.0051 -0.0009  0.0001
  5  1  -0.64  0.3709 -0.3509  0.0186 -0.0012  0.0001 -0.0000  0.0000
  6  1  -0.44  0.2978  0.2847  0.0122  0.0006  0.0000  0.0000  0.0000
  7  1  -0.28  0.9360  0.8174  0.1008  0.0150  0.0023  0.0003  0.0000
  8  1  -0.16  1.4877  1.2062  0.2194  0.0482  0.0109  0.0024  0.0004
  9  1  -0.08  1.8893  1.4548  0.3192  0.0846  0.0230  0.0061  0.0014
 10  1  -0.04  2.1374  1.5960  0.3842  0.1117  0.0333  0.0096  0.0024
 11  1  -0.02  2.2712  1.6685  0.4199  0.1276  0.0398  0.0120  0.0031
 12  1  -0.01  2.3356  1.7026  0.4372  0.1356  0.0431  0.0133  0.0035
 13  1  -0.00  2.3633  1.7171  0.4447  0.1391  0.0446  0.0139  0.0037
 14  1  -0.00  2.3737  1.7225  0.4475  0.1404  0.0452  0.0141  0.0038
 15  1  -0.00  2.3768  1.7241  0.4483  0.1408  0.0454  0.0142  0.0038
 16  1  -0.00  2.3773  1.7244  0.4485  0.1408  0.0454  0.0142  0.0038

 Slfcns:   Start LDA iterations by KKR, XC = Perdew-Wang 96 LDA, Soft-core-A 

 Wmsg: Iteration     1 Etot =    -399.025793 err =  4.38235767
       Dyson loops  31 EF   =      -0.030561 err =  0.02599774 DOS(E_F)=    5.16 hx = 0.10100
       QSCA =  0.0017
       QCPA =  0.2046  0.0000

 Wmsg: Iteration     2 Etot =    -399.031898 err =  0.00610418
       Dyson loops  31 EF   =      -0.051058 err =  0.02168639 DOS(E_F)=    5.46 hx = 0.08080
       QSCA =  0.0029
       QCPA =  0.3289  0.0000

 Wmsg: Iteration     3 Etot =    -399.036694 err =  0.00479619
       Dyson loops  31 EF   =      -0.083339 err =  0.03334416 DOS(E_F)=    5.57 hx = 0.06464
       QSCA =  0.0037
       QCPA =  0.4018  0.0000

 Wmsg: Iteration     4 Etot =    -399.042237 err =  0.00554311
       Dyson loops  31 EF   =      -0.080776 err =  0.00177325 DOS(E_F)=    5.56 hx = 0.05171
       QSCA =  0.0040
       QCPA =  0.4473  0.0000

 Wmsg: Iteration     5 Etot =    -399.045157 err =  0.00292038
       Dyson loops  31 EF   =      -0.092703 err =  0.00073439 DOS(E_F)=    6.11 hx = 0.04137
       QSCA =  0.0042
       QCPA =  0.4738  0.0000

 Wmsg: Iteration     6 Etot =    -399.045341 err =  0.00018409
       Dyson loops  31 EF   =      -0.088485 err =  0.00765232 DOS(E_F)=    5.78 hx = 0.02068
       QSCA =  0.0044
       QCPA =  0.4897  0.0000

 Wmsg: Iteration     7 Etot =    -399.046932 err =  0.00159064
       Dyson loops  31 EF   =      -0.086690 err =  0.00155368 DOS(E_F)=    5.87 hx = 0.01034
       QSCA =  0.0046
       QCPA =  0.4996  0.0000

 Update:   Potential etc. stored on FOR002

 Wmsg: Iteration     8 Etot =    -399.047880 err =  0.00094787
       Dyson loops  31 EF   =      -0.086655 err =  0.00016304 DOS(E_F)=    6.14 hx = 0.00517
       QSCA =  0.0047
       QCPA =  0.5058  0.0000

 Wmsg: Iteration     9 Etot =    -399.048296 err =  0.00041618
       Dyson loops  31 EF   =      -0.092319 err =  0.00577605 DOS(E_F)=    6.08 hx = 0.00578
       QSCA =  0.0048
       QCPA =  0.5096  0.0000

 Wmsg: Iteration    10 Etot =    -399.048592 err =  0.00029594
       Dyson loops  31 EF   =      -0.090118 err =  0.00212116 DOS(E_F)=    5.84 hx = 0.00289
       QSCA =  0.0048
       QCPA =  0.5123  0.0000

 Wmsg: Iteration    11 Etot =    -399.048807 err =  0.00021512
       Dyson loops  31 EF   =      -0.089328 err =  0.00073138 DOS(E_F)=    6.11 hx = 0.00144
       QSCA =  0.0049
       QCPA =  0.5139  0.0000

 Wmsg: Iteration    12 Etot =    -399.048991 err =  0.00018390
       Dyson loops  31 EF   =      -0.089158 err =  0.00012408 DOS(E_F)=    6.15 hx = 0.00100
       QSCA =  0.0049
       QCPA =  0.5149  0.0000

 Wmsg: Iteration    13 Etot =    -399.049108 err =  0.00011707
       Dyson loops  31 EF   =      -0.089620 err =  0.00009330 DOS(E_F)=    6.12 hx = 0.00100
       QSCA =  0.0049
       QCPA =  0.5156  0.0000

 Wmsg: Iteration    14 Etot =    -399.049186 err =  0.00007786
       Dyson loops  31 EF   =      -0.089549 err =  0.00034833 DOS(E_F)=    6.14 hx = 0.00100
       QSCA =  0.0050
       QCPA =  0.5161  0.0000

 Update:   Potential etc. stored on FOR002

 Wmsg: Iteration    15 Etot =    -399.049247 err =  0.00006052
       Dyson loops  31 EF   =      -0.089569 err =  0.00003633 DOS(E_F)=    6.12 hx = 0.00100
       QSCA =  0.0050
       QCPA =  0.5164  0.0000

 Wmsg: Iteration    16 Etot =    -399.049289 err =  0.00004220
       Dyson loops  31 EF   =      -0.089630 err =  0.00007241 DOS(E_F)=    6.11 hx = 0.00100
       QSCA =  0.0050
       QCPA =  0.5166  0.0000

 Wmsg: Iteration    17 Etot =    -399.049319 err =  0.00003043
       Dyson loops  31 EF   =      -0.089696 err =  0.00007362 DOS(E_F)=    6.11 hx = 0.00100
       QSCA =  0.0050
       QCPA =  0.5167  0.0000

 Wmsg: Iteration    18 Etot =    -399.049341 err =  0.00002208
       Dyson loops  31 EF   =      -0.089754 err =  0.00006355 DOS(E_F)=    6.11 hx = 0.00100
       QSCA =  0.0050
       QCPA =  0.5168  0.0000

 Wmsg: Iteration    19 Etot =    -399.049357 err =  0.00001608
       Dyson loops  31 EF   =      -0.089801 err =  0.00005103 DOS(E_F)=    6.11 hx = 0.00100
       QSCA =  0.0050
       QCPA =  0.5169  0.0000

 Wmsg: Iteration    20 Etot =    -399.049369 err =  0.00001174
       Dyson loops  31 EF   =      -0.089837 err =  0.00003948 DOS(E_F)=    6.11 hx = 0.00100
       QSCA =  0.0050
       QCPA =  0.5169  0.0000

 Wmsg: Iteration    21 Etot =    -399.049378 err =  0.00000859
       Dyson loops  31 EF   =      -0.089865 err =  0.00002991 DOS(E_F)=    6.11 hx = 0.00100
       QSCA =  0.0050
       QCPA =  0.5169  0.0000

 Update:   Potential etc. stored on FOR002

 Wmsg: Iteration    22 Etot =    -399.049384 err =  0.00000629
       Dyson loops  31 EF   =      -0.089885 err =  0.00002240 DOS(E_F)=    6.11 hx = 0.00100
       QSCA =  0.0050
       QCPA =  0.5170  0.0000

 Wmsg: Iteration    23 Etot =    -399.049389 err =  0.00000461
       Dyson loops  31 EF   =      -0.089901 err =  0.00001666 DOS(E_F)=    6.11 hx = 0.00100
       QSCA =  0.0050
       QCPA =  0.5170  0.0000

 Wmsg: Iteration    24 Etot =    -399.049392 err =  0.00000338
       Dyson loops  31 EF   =      -0.089912 err =  0.00001234 DOS(E_F)=    6.11 hx = 0.00100
       QSCA =  0.0050
       QCPA =  0.5170  0.0000

 Wmsg: Iteration    25 Etot =    -399.049394 err =  0.00000249
       Dyson loops  31 EF   =      -0.089921 err =  0.00000911 DOS(E_F)=    6.11 hx = 0.00100
       QSCA =  0.0050
       QCPA =  0.5170  0.0000

 Wmsg: Iteration    26 Etot =    -399.049396 err =  0.00000183
       Dyson loops  31 EF   =      -0.089927 err =  0.00000673 DOS(E_F)=    6.11 hx = 0.00100
       QSCA =  0.0050
       QCPA =  0.5170  0.0000

 Wmsg: Iteration    27 Etot =    -399.049398 err =  0.00000134
       Dyson loops  31 EF   =      -0.089932 err =  0.00000496 DOS(E_F)=    6.11 hx = 0.00100
       QSCA =  0.0050
       QCPA =  0.5170  0.0000

 Wmsg: Iteration    28 Etot =    -399.049399 err =  0.00000099
       Dyson loops  31 EF   =      -0.089935 err =  0.00000365 DOS(E_F)=    6.11 hx = 0.00100
       QSCA =  0.0050
       QCPA =  0.5170  0.0000

 Update:   Potential etc. stored on FOR002

 Wmsg: Iteration    29 Etot =    -399.049399 err =  0.00000072
       Dyson loops  31 EF   =      -0.089938 err =  0.00000269 DOS(E_F)=    6.12 hx = 0.00100
       QSCA =  0.0050
       QCPA =  0.5170  0.0000

 Wmsg: Iteration    30 Etot =    -399.049400 err =  0.00000053
       Dyson loops  31 EF   =      -0.089939 err =  0.00000198 DOS(E_F)=    6.12 hx = 0.00100
       QSCA =  0.0050
       QCPA =  0.5170  0.0000

 Wmsg: Iteration    31 Etot =    -399.049400 err =  0.00000039
       Dyson loops  31 EF   =      -0.089941 err =  0.00000146 DOS(E_F)=    6.12 hx = 0.00100
       QSCA =  0.0050
       QCPA =  0.5170  0.0000

 Wmsg: Iteration    32 Etot =    -399.049400 err =  0.00000029
       Dyson loops  31 EF   =      -0.089942 err =  0.00000107 DOS(E_F)=    6.12 hx = 0.00100
       QSCA =  0.0050
       QCPA =  0.5170  0.0000

 Wmsg: Iteration    33 Etot =    -399.049401 err =  0.00000021
       Dyson loops  31 EF   =      -0.089943 err =  0.00000079 DOS(E_F)=    6.12 hx = 0.00100
       QSCA =  0.0050
       QCPA =  0.5170  0.0000

 Wmsg: Iteration    34 Etot =    -399.049401 err =  0.00000016
       Dyson loops  31 EF   =      -0.089943 err =  0.00000058 DOS(E_F)=    6.12 hx = 0.00100
       QSCA =  0.0050
       QCPA =  0.5170  0.0000

 Wmsg: Iteration    35 Etot =    -399.049401 err =  0.00000011
       Dyson loops  31 EF   =      -0.089943 err =  0.00000043 DOS(E_F)=    6.12 hx = 0.00100
       QSCA =  0.0050
       QCPA =  0.5170  0.0000

 Update:   Potential etc. stored on FOR002

 Wmsg: Iteration    36 Etot =    -399.049401 err =  0.00000008
       Dyson loops  31 EF   =      -0.089944 err =  0.00000032 DOS(E_F)=    6.12 hx = 0.00100
       QSCA =  0.0050
       QCPA =  0.5170  0.0000

 Wmsg: Iteration    37 Etot =    -399.049401 err =  0.00000006
       Dyson loops  31 EF   =      -0.089944 err =  0.00000024 DOS(E_F)=    6.12 hx = 0.00100
       QSCA =  0.0050
       QCPA =  0.5170  0.0000

 Wmsg: Iteration    38 Etot =    -399.049401 err =  0.00000005
       Dyson loops  31 EF   =      -0.089944 err =  0.00000017 DOS(E_F)=    6.12 hx = 0.00100
       QSCA =  0.0050
       QCPA =  0.5170  0.0000

 Wmsg: Iteration    39 Etot =    -399.049401 err =  0.00000003
       Dyson loops  31 EF   =      -0.089944 err =  0.00000013 DOS(E_F)=    6.12 hx = 0.00100
       QSCA =  0.0050
       QCPA =  0.5170  0.0000

 Wmsg: Iteration    40 Etot =    -399.049401 err =  0.00000002
       Dyson loops  31 EF   =      -0.089944 err =  0.00000010 DOS(E_F)=    6.12 hx = 0.00100
       QSCA =  0.0050
       QCPA =  0.5170  0.0000

 Wmsg: Iteration    41 Etot =    -399.049401 err =  0.00000002
       Dyson loops  31 EF   =      -0.089944 err =  0.00000007 DOS(E_F)=    6.12 hx = 0.00100
       QSCA =  0.0050
       QCPA =  0.5170  0.0000

 Wmsg: Iteration    42 Etot =    -399.049401 err =  0.00000001
       Dyson loops  31 EF   =      -0.089944 err =  0.00000005 DOS(E_F)=    6.12 hx = 0.00100
       QSCA =  0.0050
       QCPA =  0.5170  0.0000

 Update:   Potential etc. stored on FOR002

 Wmsg: Iteration    43 Etot =    -399.049401 err =  0.00000001
       Dyson loops  31 EF   =      -0.089944 err =  0.00000004 DOS(E_F)=    6.12 hx = 0.00100
       QSCA =  0.0050
       QCPA =  0.5170  0.0000

 Wmsg: Iteration    44 Etot =    -399.049401 err =  0.00000001
       Dyson loops  31 EF   =      -0.089945 err =  0.00000003 DOS(E_F)=    6.12 hx = 0.00100
       QSCA =  0.0050
       QCPA =  0.5170  0.0000

 Wmsg: Iteration    45 Etot =    -399.049401 err =  0.00000001
       Dyson loops  31 EF   =      -0.089945 err =  0.00000002 DOS(E_F)=    6.12 hx = 0.00100
       QSCA =  0.0050
       QCPA =  0.5170  0.0000

 Wmsg: Iteration    46 Etot =    -399.049401 err =  0.00000000
       Dyson loops  31 EF   =      -0.089945 err =  0.00000002 DOS(E_F)=    6.12 hx = 0.00100
       QSCA =  0.0050
       QCPA =  0.5170  0.0000

 Wmsg: Iteration    47 Etot =    -399.049401 err =  0.00000000
       Dyson loops  31 EF   =      -0.089945 err =  0.00000001 DOS(E_F)=    6.12 hx = 0.00100
       QSCA =  0.0050
       QCPA =  0.5170  0.0000

 Wmsg: Iteration    48 Etot =    -399.049401 err =  0.00000000
       Dyson loops  31 EF   =      -0.089945 err =  0.00000001 DOS(E_F)=    6.12 hx = 0.00100
       QSCA =  0.0050
       QCPA =  0.5170  0.0000

 Update:   Potential etc. stored on FOR002

 Dospth: CPA equation for IS =  1 converged in  1- 1 iterations

 KGRN:     Calculation of the full charge density, lmaxh =  8

 Kkrfcd:   NOS(Ef) =  1.999964 ELT =  2.000000

 Mgaunt:   Generate real Gaunt numbers

 Grnfcd:   Construct the full charge density

 Eldens:   Calculate multipole moments

 Eldens:   delQ = -0.000036 QTI =  0.198339 -0.000036

 Rotchd:   Perform the 3D rotations

 Fcdupd:   Full charge density stored on FOR010

 KGRN: Calculation finished at 15:37 on 23-Jan-26
 
  Total time for the self-consistency loop:      47.147
  Total linear iterations time :      26.992
