
 KGRN: job = CuMg_1.00_2.54 isno =   0 Func = SCA

           Shape function for IQ =  1

 Mgaunt:   Generate real Gaunt numbers

 Setsym:   Set up the site-group symmetry elements for IQ=  1

           E     sigb  C31+  C31-  sigf  sige  C4z+  C4z-
           C2z   sigx  C2d   C4y-  S64-  S62+  sigy  C4x+
           C2c   S62-  S63+  siga  C33+  C34-  S4x+  S4y-
           I     C2b   S61-  S61+  C2f   C2e   S4z-  S4z+
           sigz  C2x   sigd  S4y+  C34+  C32-  C2y   S4x-
           sigc  C32+  C33-  C2a   S63-  S64+  C4x-  C4y+

 Atomc:    Atomic calculations for: Cu  

 Atomc:    Atomic calculations converged

           Number of core electrons  17.99837772
 Atomc:    Atomic calculations for: Mg  

 Atomc:    Atomic calculations converged

           Number of core electrons   9.99372226

 KMESHMP : Monkhorst-Pack k-mesh parameters, NKX,NKY,NKZ= 32 32 31

 Setkms:   NKVEC =     8193

 Blochs:   Bloch sum of slope matrix => array
  1  1  -1.10  0.9154 -0.8017  0.0969 -0.0142  0.0021 -0.0003  0.0000
  2  1  -1.08  0.8636 -0.7617  0.0875 -0.0121  0.0017 -0.0002  0.0000
  3  1  -1.00  0.6570 -0.5966  0.0537 -0.0058  0.0007 -0.0001  0.0000
  4  1  -0.84  0.2896 -0.2772  0.0116 -0.0006  0.0000 -0.0000  0.0000
  5  1  -0.64  0.1276  0.1250  0.0024  0.0001  0.0000  0.0000  0.0000
  6  1  -0.44  0.5658  0.5204  0.0409  0.0039  0.0004  0.0000  0.0000
  7  1  -0.28  0.9817  0.8519  0.1094  0.0170  0.0027  0.0004  0.0001
  8  1  -0.16  1.3195  1.0938  0.1804  0.0359  0.0073  0.0015  0.0002
  9  1  -0.08  1.5532  1.2485  0.2351  0.0535  0.0125  0.0028  0.0005
 10  1  -0.04  1.6927  1.3364  0.2694  0.0656  0.0164  0.0040  0.0008
 11  1  -0.02  1.7664  1.3815  0.2878  0.0724  0.0187  0.0047  0.0010
 12  1  -0.01  1.8015  1.4027  0.2967  0.0758  0.0199  0.0051  0.0011
 13  1  -0.00  1.8166  1.4117  0.3006  0.0773  0.0204  0.0052  0.0011
 14  1  -0.00  1.8222  1.4151  0.3020  0.0778  0.0206  0.0053  0.0012
 15  1  -0.00  1.8239  1.4161  0.3024  0.0780  0.0206  0.0053  0.0012
 16  1  -0.00  1.8242  1.4163  0.3025  0.0780  0.0207  0.0053  0.0012

 Slfcns:   Start LDA iterations by KKR, XC = Perdew-Wang 96 LDA, Soft-core-A 

 Wmsg: Iteration     1 Etot =    -398.911152 err =  8.46317936
       Dyson loops  31 EF   =       0.147917 err =  0.15543757 DOS(E_F)=    2.83 hx = 0.15544
       QSCA = -0.0115
       QCPA =  0.3177  0.0000

 Wmsg: Iteration     2 Etot =    -398.866964 err =  0.04418717
       Dyson loops  31 EF   =       0.210961 err =  0.06092055 DOS(E_F)=    3.59 hx = 0.12435
       QSCA = -0.0191
       QCPA =  0.3059  0.0000

 Wmsg: Iteration     3 Etot =    -398.853395 err =  0.01356908
       Dyson loops  31 EF   =       0.239942 err =  0.02694936 DOS(E_F)=    3.21 hx = 0.09948
       QSCA = -0.0233
       QCPA =  0.3294  0.0000

 Wmsg: Iteration     4 Etot =    -398.864195 err =  0.01079971
       Dyson loops  31 EF   =       0.251814 err =  0.01086158 DOS(E_F)=    3.65 hx = 0.07958
       QSCA = -0.0269
       QCPA =  0.3547  0.0000

 Wmsg: Iteration     5 Etot =    -398.870058 err =  0.00586275
       Dyson loops  31 EF   =       0.256875 err =  0.00451444 DOS(E_F)=    3.17 hx = 0.06367
       QSCA = -0.0295
       QCPA =  0.3675  0.0000

 Wmsg: Iteration     6 Etot =    -398.873978 err =  0.00392002
       Dyson loops  31 EF   =       0.242401 err =  0.00063864 DOS(E_F)=    3.78 hx = 0.03183
       QSCA = -0.0316
       QCPA =  0.3810  0.0000

 Wmsg: Iteration     7 Etot =    -398.874446 err =  0.00046851
       Dyson loops  31 EF   =       0.248916 err =  0.00800201 DOS(E_F)=    2.99 hx = 0.01592
       QSCA = -0.0330
       QCPA =  0.3892  0.0000

 Update:   Potential etc. stored on FOR002

 Wmsg: Iteration     8 Etot =    -398.876529 err =  0.00208286
       Dyson loops  31 EF   =       0.250151 err =  0.00071746 DOS(E_F)=    4.02 hx = 0.00796
       QSCA = -0.0341
       QCPA =  0.3936  0.0000

 Wmsg: Iteration     9 Etot =    -398.877472 err =  0.00094254
       Dyson loops  31 EF   =       0.242913 err =  0.00017903 DOS(E_F)=    3.64 hx = 0.00398
       QSCA = -0.0348
       QCPA =  0.3971  0.0000

 Wmsg: Iteration    10 Etot =    -398.878008 err =  0.00053662
       Dyson loops  31 EF   =       0.246398 err =  0.00022450 DOS(E_F)=    3.93 hx = 0.00199
       QSCA = -0.0354
       QCPA =  0.3989  0.0000

 Wmsg: Iteration    11 Etot =    -398.878443 err =  0.00043463
       Dyson loops  31 EF   =       0.247110 err =  0.00298830 DOS(E_F)=    3.79 hx = 0.00299
       QSCA = -0.0357
       QCPA =  0.4004  0.0000

 Wmsg: Iteration    12 Etot =    -398.878740 err =  0.00029682
       Dyson loops  31 EF   =       0.247329 err =  0.00015352 DOS(E_F)=    3.62 hx = 0.00149
       QSCA = -0.0360
       QCPA =  0.4015  0.0000

 Wmsg: Iteration    13 Etot =    -398.878955 err =  0.00021529
       Dyson loops  31 EF   =       0.245875 err =  0.00016803 DOS(E_F)=    3.48 hx = 0.00100
       QSCA = -0.0362
       QCPA =  0.4023  0.0000

 Wmsg: Iteration    14 Etot =    -398.879101 err =  0.00014632
       Dyson loops  31 EF   =       0.246294 err =  0.00096064 DOS(E_F)=    3.67 hx = 0.00100
       QSCA = -0.0364
       QCPA =  0.4026  0.0000

 Update:   Potential etc. stored on FOR002

 Wmsg: Iteration    15 Etot =    -398.879216 err =  0.00011482
       Dyson loops  31 EF   =       0.246439 err =  0.00011942 DOS(E_F)=    3.55 hx = 0.00100
       QSCA = -0.0365
       QCPA =  0.4029  0.0000

 Wmsg: Iteration    16 Etot =    -398.879298 err =  0.00008178
       Dyson loops  31 EF   =       0.246431 err =  0.00002756 DOS(E_F)=    3.48 hx = 0.00100
       QSCA = -0.0366
       QCPA =  0.4031  0.0000

 Wmsg: Iteration    17 Etot =    -398.879356 err =  0.00005819
       Dyson loops  31 EF   =       0.246375 err =  0.00007302 DOS(E_F)=    3.46 hx = 0.00100
       QSCA = -0.0366
       QCPA =  0.4033  0.0000

 Wmsg: Iteration    18 Etot =    -398.879398 err =  0.00004200
       Dyson loops  31 EF   =       0.246307 err =  0.00007821 DOS(E_F)=    3.45 hx = 0.00100
       QSCA = -0.0366
       QCPA =  0.4034  0.0000

 Wmsg: Iteration    19 Etot =    -398.879429 err =  0.00003038
       Dyson loops  31 EF   =       0.246243 err =  0.00007141 DOS(E_F)=    3.45 hx = 0.00100
       QSCA = -0.0367
       QCPA =  0.4034  0.0000

 Wmsg: Iteration    20 Etot =    -398.879451 err =  0.00002203
       Dyson loops  31 EF   =       0.246188 err =  0.00005988 DOS(E_F)=    3.45 hx = 0.00100
       QSCA = -0.0367
       QCPA =  0.4034  0.0000

 Wmsg: Iteration    21 Etot =    -398.879467 err =  0.00001601
       Dyson loops  31 EF   =       0.246144 err =  0.00004791 DOS(E_F)=    3.45 hx = 0.00100
       QSCA = -0.0367
       QCPA =  0.4035  0.0000

 Update:   Potential etc. stored on FOR002

 Wmsg: Iteration    22 Etot =    -398.879478 err =  0.00001165
       Dyson loops  31 EF   =       0.246110 err =  0.00003725 DOS(E_F)=    3.45 hx = 0.00100
       QSCA = -0.0367
       QCPA =  0.4035  0.0000

 Wmsg: Iteration    23 Etot =    -398.879487 err =  0.00000849
       Dyson loops  31 EF   =       0.246084 err =  0.00002842 DOS(E_F)=    3.45 hx = 0.00100
       QSCA = -0.0367
       QCPA =  0.4035  0.0000

 Wmsg: Iteration    24 Etot =    -398.879493 err =  0.00000619
       Dyson loops  31 EF   =       0.246064 err =  0.00002141 DOS(E_F)=    3.46 hx = 0.00100
       QSCA = -0.0367
       QCPA =  0.4035  0.0000

 Wmsg: Iteration    25 Etot =    -398.879498 err =  0.00000452
       Dyson loops  31 EF   =       0.246049 err =  0.00001599 DOS(E_F)=    3.46 hx = 0.00100
       QSCA = -0.0367
       QCPA =  0.4035  0.0000

 Wmsg: Iteration    26 Etot =    -398.879501 err =  0.00000330
       Dyson loops  31 EF   =       0.246038 err =  0.00001187 DOS(E_F)=    3.46 hx = 0.00100
       QSCA = -0.0367
       QCPA =  0.4035  0.0000

 Wmsg: Iteration    27 Etot =    -398.879503 err =  0.00000241
       Dyson loops  31 EF   =       0.246029 err =  0.00000878 DOS(E_F)=    3.46 hx = 0.00100
       QSCA = -0.0367
       QCPA =  0.4035  0.0000

 Wmsg: Iteration    28 Etot =    -398.879505 err =  0.00000176
       Dyson loops  31 EF   =       0.246023 err =  0.00000647 DOS(E_F)=    3.46 hx = 0.00100
       QSCA = -0.0367
       QCPA =  0.4035  0.0000

 Update:   Potential etc. stored on FOR002

 Wmsg: Iteration    29 Etot =    -398.879506 err =  0.00000129
       Dyson loops  31 EF   =       0.246019 err =  0.00000476 DOS(E_F)=    3.46 hx = 0.00100
       QSCA = -0.0367
       QCPA =  0.4035  0.0000

 Wmsg: Iteration    30 Etot =    -398.879507 err =  0.00000094
       Dyson loops  31 EF   =       0.246016 err =  0.00000348 DOS(E_F)=    3.46 hx = 0.00100
       QSCA = -0.0367
       QCPA =  0.4035  0.0000

 Wmsg: Iteration    31 Etot =    -398.879508 err =  0.00000069
       Dyson loops  31 EF   =       0.246013 err =  0.00000254 DOS(E_F)=    3.46 hx = 0.00100
       QSCA = -0.0367
       QCPA =  0.4035  0.0000

 Wmsg: Iteration    32 Etot =    -398.879508 err =  0.00000050
       Dyson loops  31 EF   =       0.246012 err =  0.00000185 DOS(E_F)=    3.46 hx = 0.00100
       QSCA = -0.0367
       QCPA =  0.4035  0.0000

 Wmsg: Iteration    33 Etot =    -398.879509 err =  0.00000037
       Dyson loops  31 EF   =       0.246010 err =  0.00000134 DOS(E_F)=    3.46 hx = 0.00100
       QSCA = -0.0367
       QCPA =  0.4035  0.0000

 Wmsg: Iteration    34 Etot =    -398.879509 err =  0.00000027
       Dyson loops  31 EF   =       0.246009 err =  0.00000098 DOS(E_F)=    3.46 hx = 0.00100
       QSCA = -0.0367
       QCPA =  0.4035  0.0000

 Wmsg: Iteration    35 Etot =    -398.879509 err =  0.00000020
       Dyson loops  31 EF   =       0.246009 err =  0.00000071 DOS(E_F)=    3.46 hx = 0.00100
       QSCA = -0.0367
       QCPA =  0.4035  0.0000

 Update:   Potential etc. stored on FOR002

 Wmsg: Iteration    36 Etot =    -398.879509 err =  0.00000014
       Dyson loops  31 EF   =       0.246008 err =  0.00000052 DOS(E_F)=    3.46 hx = 0.00100
       QSCA = -0.0367
       QCPA =  0.4035  0.0000

 Wmsg: Iteration    37 Etot =    -398.879509 err =  0.00000011
       Dyson loops  31 EF   =       0.246008 err =  0.00000038 DOS(E_F)=    3.46 hx = 0.00100
       QSCA = -0.0367
       QCPA =  0.4035  0.0000

 Wmsg: Iteration    38 Etot =    -398.879510 err =  0.00000008
       Dyson loops  31 EF   =       0.246008 err =  0.00000028 DOS(E_F)=    3.46 hx = 0.00100
       QSCA = -0.0367
       QCPA =  0.4035  0.0000

 Wmsg: Iteration    39 Etot =    -398.879510 err =  0.00000006
       Dyson loops  31 EF   =       0.246007 err =  0.00000020 DOS(E_F)=    3.46 hx = 0.00100
       QSCA = -0.0367
       QCPA =  0.4035  0.0000

 Wmsg: Iteration    40 Etot =    -398.879510 err =  0.00000004
       Dyson loops  31 EF   =       0.246007 err =  0.00000015 DOS(E_F)=    3.46 hx = 0.00100
       QSCA = -0.0367
       QCPA =  0.4035  0.0000

 Wmsg: Iteration    41 Etot =    -398.879510 err =  0.00000003
       Dyson loops  31 EF   =       0.246007 err =  0.00000011 DOS(E_F)=    3.46 hx = 0.00100
       QSCA = -0.0367
       QCPA =  0.4035  0.0000

 Wmsg: Iteration    42 Etot =    -398.879510 err =  0.00000002
       Dyson loops  31 EF   =       0.246007 err =  0.00000008 DOS(E_F)=    3.46 hx = 0.00100
       QSCA = -0.0367
       QCPA =  0.4035  0.0000

 Update:   Potential etc. stored on FOR002

 Wmsg: Iteration    43 Etot =    -398.879510 err =  0.00000002
       Dyson loops  31 EF   =       0.246007 err =  0.00000006 DOS(E_F)=    3.46 hx = 0.00100
       QSCA = -0.0367
       QCPA =  0.4035  0.0000

 Wmsg: Iteration    44 Etot =    -398.879510 err =  0.00000001
       Dyson loops  31 EF   =       0.246007 err =  0.00000004 DOS(E_F)=    3.46 hx = 0.00100
       QSCA = -0.0367
       QCPA =  0.4035  0.0000

 Wmsg: Iteration    45 Etot =    -398.879510 err =  0.00000001
       Dyson loops  31 EF   =       0.246007 err =  0.00000003 DOS(E_F)=    3.46 hx = 0.00100
       QSCA = -0.0367
       QCPA =  0.4035  0.0000

 Wmsg: Iteration    46 Etot =    -398.879510 err =  0.00000001
       Dyson loops  31 EF   =       0.246007 err =  0.00000002 DOS(E_F)=    3.46 hx = 0.00100
       QSCA = -0.0367
       QCPA =  0.4035  0.0000

 Wmsg: Iteration    47 Etot =    -398.879510 err =  0.00000000
       Dyson loops  31 EF   =       0.246007 err =  0.00000002 DOS(E_F)=    3.46 hx = 0.00100
       QSCA = -0.0367
       QCPA =  0.4035  0.0000

 Wmsg: Iteration    48 Etot =    -398.879510 err =  0.00000000
       Dyson loops  31 EF   =       0.246007 err =  0.00000001 DOS(E_F)=    3.46 hx = 0.00100
       QSCA = -0.0367
       QCPA =  0.4035  0.0000

 Wmsg: Iteration    49 Etot =    -398.879510 err =  0.00000000
       Dyson loops  31 EF   =       0.246007 err =  0.00000001 DOS(E_F)=    3.46 hx = 0.00100
       QSCA = -0.0367
       QCPA =  0.4035  0.0000

 Update:   Potential etc. stored on FOR002

 Update:   Potential etc. stored on FOR002

 Dospth: CPA equation for IS =  1 converged in  1- 1 iterations

 KGRN:     Calculation of the full charge density, lmaxh =  8

 Kkrfcd:   NOS(Ef) =  1.999980 ELT =  2.000000

 Mgaunt:   Generate real Gaunt numbers

 Grnfcd:   Construct the full charge density

 Eldens:   Calculate multipole moments

 Eldens:   delQ = -0.000020 QTI = -0.504789 -0.000020

 Rotchd:   Perform the 3D rotations

 Fcdupd:   Full charge density stored on FOR010

 KGRN: Calculation finished at 14:20 on 23-Jan-26
 
  Total time for the self-consistency loop:      37.316
  Total linear iterations time :      17.194
