
 KGRN: job = CuMg_1.00_2.98 isno =   0 Func = SCA

           Shape function for IQ =  1

 Mgaunt:   Generate real Gaunt numbers

 Setsym:   Set up the site-group symmetry elements for IQ=  1

           E     sigb  C31+  C31-  sigf  sige  C4z+  C4z-
           C2z   sigx  C2d   C4y-  S64-  S62+  sigy  C4x+
           C2c   S62-  S63+  siga  C33+  C34-  S4x+  S4y-
           I     C2b   S61-  S61+  C2f   C2e   S4z-  S4z+
           sigz  C2x   sigd  S4y+  C34+  C32-  C2y   S4x-
           sigc  C32+  C33-  C2a   S63-  S64+  C4x-  C4y+

 Atomc:    Atomic calculations for: Cu  

 Atomc:    Atomic calculations converged

           Number of core electrons  17.99977575
 Atomc:    Atomic calculations for: Mg  

 Atomc:    Atomic calculations converged

           Number of core electrons   9.99870010

 KMESHMP : Monkhorst-Pack k-mesh parameters, NKX,NKY,NKZ= 32 32 31

 Setkms:   NKVEC =     8193

 Blochs:   Bloch sum of slope matrix => array
  1  1  -1.10  1.8457 -1.4291  0.3080 -0.0802  0.0214 -0.0055  0.0012
  2  1  -1.08  1.7541 -1.3741  0.2848 -0.0713  0.0183 -0.0046  0.0010
  3  1  -1.00  1.3978 -1.1468  0.1983 -0.0414  0.0089 -0.0018  0.0003
  4  1  -0.84  0.7939 -0.7071  0.0754 -0.0097  0.0013 -0.0002  0.0000
  5  1  -0.64  0.1575 -0.1536  0.0036 -0.0001  0.0000 -0.0000  0.0000
  6  1  -0.44  0.4158  0.3908  0.0230  0.0016  0.0001  0.0000  0.0000
  7  1  -0.28  0.9752  0.8470  0.1082  0.0167  0.0026  0.0004  0.0001
  8  1  -0.16  1.4478  1.1800  0.2100  0.0451  0.0100  0.0021  0.0004
  9  1  -0.08  1.7853  1.3930  0.2926  0.0742  0.0193  0.0049  0.0011
 10  1  -0.04  1.9912  1.5139  0.3457  0.0953  0.0270  0.0074  0.0017
 11  1  -0.02  2.1013  1.5760  0.3746  0.1075  0.0317  0.0091  0.0022
 12  1  -0.01  2.1540  1.6052  0.3886  0.1136  0.0341  0.0099  0.0025
 13  1  -0.00  2.1768  1.6176  0.3946  0.1163  0.0351  0.0103  0.0026
 14  1  -0.00  2.1853  1.6222  0.3969  0.1173  0.0356  0.0105  0.0026
 15  1  -0.00  2.1878  1.6236  0.3976  0.1176  0.0357  0.0105  0.0026
 16  1  -0.00  2.1882  1.6238  0.3977  0.1176  0.0357  0.0105  0.0026

 Slfcns:   Start LDA iterations by KKR, XC = Perdew-Wang 96 LDA, Soft-core-A 

 Wmsg: Iteration     1 Etot =    -399.009264 err =  5.53648426
       Dyson loops  31 EF   =       0.013720 err =  0.01881028 DOS(E_F)=    4.74 hx = 0.10100
       QSCA = -0.0024
       QCPA =  0.1865  0.0000

 Wmsg: Iteration     2 Etot =    -399.019443 err =  0.01017873
       Dyson loops  31 EF   =       0.015202 err =  0.00050670 DOS(E_F)=    4.72 hx = 0.08080
       QSCA = -0.0038
       QCPA =  0.3121  0.0000

 Wmsg: Iteration     3 Etot =    -399.023821 err =  0.00437827
       Dyson loops  31 EF   =      -0.005622 err =  0.00305700 DOS(E_F)=    4.68 hx = 0.06464
       QSCA = -0.0045
       QCPA =  0.3871  0.0000

 Wmsg: Iteration     4 Etot =    -399.025390 err =  0.00156827
       Dyson loops  31 EF   =      -0.001813 err =  0.01544018 DOS(E_F)=    5.01 hx = 0.05171
       QSCA = -0.0051
       QCPA =  0.4274  0.0000

 Wmsg: Iteration     5 Etot =    -399.029232 err =  0.00384215
       Dyson loops  31 EF   =      -0.000218 err =  0.00124679 DOS(E_F)=    4.88 hx = 0.04137
       QSCA = -0.0054
       QCPA =  0.4568  0.0000

 Wmsg: Iteration     6 Etot =    -399.031045 err =  0.00181340
       Dyson loops  31 EF   =      -0.009966 err =  0.00073812 DOS(E_F)=    4.63 hx = 0.02068
       QSCA = -0.0056
       QCPA =  0.4752  0.0000

 Wmsg: Iteration     7 Etot =    -399.031524 err =  0.00047923
       Dyson loops  31 EF   =      -0.007117 err =  0.00677897 DOS(E_F)=    4.90 hx = 0.01034
       QSCA = -0.0057
       QCPA =  0.4862  0.0000

 Update:   Potential etc. stored on FOR002

 Wmsg: Iteration     8 Etot =    -399.032704 err =  0.00117942
       Dyson loops  31 EF   =      -0.005897 err =  0.00104208 DOS(E_F)=    4.64 hx = 0.00517
       QSCA = -0.0058
       QCPA =  0.4934  0.0000

 Wmsg: Iteration     9 Etot =    -399.033301 err =  0.00059731
       Dyson loops  31 EF   =      -0.005609 err =  0.00014552 DOS(E_F)=    4.61 hx = 0.00259
       QSCA = -0.0059
       QCPA =  0.4979  0.0000

 Wmsg: Iteration    10 Etot =    -399.033666 err =  0.00036451
       Dyson loops  31 EF   =      -0.008119 err =  0.00027566 DOS(E_F)=    4.76 hx = 0.00129
       QSCA = -0.0059
       QCPA =  0.5010  0.0000

 Wmsg: Iteration    11 Etot =    -399.033912 err =  0.00024674
       Dyson loops  31 EF   =      -0.007484 err =  0.00175087 DOS(E_F)=    4.53 hx = 0.00175
       QSCA = -0.0060
       QCPA =  0.4970  0.0000

 Wmsg: Iteration    12 Etot =    -399.034100 err =  0.00018763
       Dyson loops  31 EF   =      -0.007179 err =  0.00025439 DOS(E_F)=    4.68 hx = 0.00100
       QSCA = -0.0060
       QCPA =  0.5001  0.0000

 Wmsg: Iteration    13 Etot =    -399.034234 err =  0.00013411
       Dyson loops  31 EF   =      -0.007159 err =  0.00001720 DOS(E_F)=    4.75 hx = 0.00100
       QSCA = -0.0060
       QCPA =  0.5029  0.0000

 Wmsg: Iteration    14 Etot =    -399.034330 err =  0.00009614
       Dyson loops  31 EF   =      -0.007250 err =  0.00011455 DOS(E_F)=    4.78 hx = 0.00100
       QSCA = -0.0060
       QCPA =  0.5046  0.0000

 Update:   Potential etc. stored on FOR002

 Wmsg: Iteration    15 Etot =    -399.034400 err =  0.00006928
       Dyson loops  31 EF   =      -0.007368 err =  0.00013749 DOS(E_F)=    4.79 hx = 0.00100
       QSCA = -0.0060
       QCPA =  0.5055  0.0000

 Wmsg: Iteration    16 Etot =    -399.034450 err =  0.00005006
       Dyson loops  31 EF   =      -0.007480 err =  0.00012601 DOS(E_F)=    4.80 hx = 0.00100
       QSCA = -0.0060
       QCPA =  0.5060  0.0000

 Wmsg: Iteration    17 Etot =    -399.034486 err =  0.00003626
       Dyson loops  31 EF   =      -0.007575 err =  0.00010461 DOS(E_F)=    4.80 hx = 0.00100
       QSCA = -0.0060
       QCPA =  0.5062  0.0000

 Wmsg: Iteration    18 Etot =    -399.034512 err =  0.00002633
       Dyson loops  31 EF   =      -0.007650 err =  0.00008258 DOS(E_F)=    4.79 hx = 0.00100
       QSCA = -0.0060
       QCPA =  0.5064  0.0000

 Wmsg: Iteration    19 Etot =    -399.034531 err =  0.00001915
       Dyson loops  31 EF   =      -0.007708 err =  0.00006336 DOS(E_F)=    4.79 hx = 0.00100
       QSCA = -0.0060
       QCPA =  0.5064  0.0000

 Wmsg: Iteration    20 Etot =    -399.034545 err =  0.00001395
       Dyson loops  31 EF   =      -0.007752 err =  0.00004778 DOS(E_F)=    4.79 hx = 0.00100
       QSCA = -0.0060
       QCPA =  0.5064  0.0000

 Wmsg: Iteration    21 Etot =    -399.034556 err =  0.00001017
       Dyson loops  31 EF   =      -0.007785 err =  0.00003565 DOS(E_F)=    4.79 hx = 0.00100
       QSCA = -0.0060
       QCPA =  0.5064  0.0000

 Update:   Potential etc. stored on FOR002

 Wmsg: Iteration    22 Etot =    -399.034563 err =  0.00000742
       Dyson loops  31 EF   =      -0.007810 err =  0.00002642 DOS(E_F)=    4.79 hx = 0.00100
       QSCA = -0.0060
       QCPA =  0.5064  0.0000

 Wmsg: Iteration    23 Etot =    -399.034568 err =  0.00000542
       Dyson loops  31 EF   =      -0.007828 err =  0.00001950 DOS(E_F)=    4.78 hx = 0.00100
       QSCA = -0.0060
       QCPA =  0.5064  0.0000

 Wmsg: Iteration    24 Etot =    -399.034572 err =  0.00000396
       Dyson loops  31 EF   =      -0.007841 err =  0.00001435 DOS(E_F)=    4.78 hx = 0.00100
       QSCA = -0.0060
       QCPA =  0.5064  0.0000

 Wmsg: Iteration    25 Etot =    -399.034575 err =  0.00000289
       Dyson loops  31 EF   =      -0.007851 err =  0.00001054 DOS(E_F)=    4.78 hx = 0.00100
       QSCA = -0.0060
       QCPA =  0.5064  0.0000

 Wmsg: Iteration    26 Etot =    -399.034577 err =  0.00000211
       Dyson loops  31 EF   =      -0.007858 err =  0.00000774 DOS(E_F)=    4.78 hx = 0.00100
       QSCA = -0.0060
       QCPA =  0.5064  0.0000

 Wmsg: Iteration    27 Etot =    -399.034579 err =  0.00000155
       Dyson loops  31 EF   =      -0.007863 err =  0.00000568 DOS(E_F)=    4.78 hx = 0.00100
       QSCA = -0.0060
       QCPA =  0.5064  0.0000

 Wmsg: Iteration    28 Etot =    -399.034580 err =  0.00000113
       Dyson loops  31 EF   =      -0.007867 err =  0.00000417 DOS(E_F)=    4.78 hx = 0.00100
       QSCA = -0.0060
       QCPA =  0.5063  0.0000

 Update:   Potential etc. stored on FOR002

 Wmsg: Iteration    29 Etot =    -399.034581 err =  0.00000083
       Dyson loops  31 EF   =      -0.007870 err =  0.00000307 DOS(E_F)=    4.78 hx = 0.00100
       QSCA = -0.0060
       QCPA =  0.5063  0.0000

 Wmsg: Iteration    30 Etot =    -399.034581 err =  0.00000060
       Dyson loops  31 EF   =      -0.007872 err =  0.00000225 DOS(E_F)=    4.78 hx = 0.00100
       QSCA = -0.0060
       QCPA =  0.5063  0.0000

 Wmsg: Iteration    31 Etot =    -399.034582 err =  0.00000044
       Dyson loops  31 EF   =      -0.007873 err =  0.00000166 DOS(E_F)=    4.78 hx = 0.00100
       QSCA = -0.0060
       QCPA =  0.5063  0.0000

 Wmsg: Iteration    32 Etot =    -399.034582 err =  0.00000032
       Dyson loops  31 EF   =      -0.007875 err =  0.00000122 DOS(E_F)=    4.78 hx = 0.00100
       QSCA = -0.0060
       QCPA =  0.5063  0.0000

 Wmsg: Iteration    33 Etot =    -399.034582 err =  0.00000024
       Dyson loops  31 EF   =      -0.007875 err =  0.00000090 DOS(E_F)=    4.78 hx = 0.00100
       QSCA = -0.0060
       QCPA =  0.5063  0.0000

 Wmsg: Iteration    34 Etot =    -399.034583 err =  0.00000017
       Dyson loops  31 EF   =      -0.007876 err =  0.00000066 DOS(E_F)=    4.78 hx = 0.00100
       QSCA = -0.0060
       QCPA =  0.5063  0.0000

 Wmsg: Iteration    35 Etot =    -399.034583 err =  0.00000013
       Dyson loops  31 EF   =      -0.007876 err =  0.00000048 DOS(E_F)=    4.78 hx = 0.00100
       QSCA = -0.0060
       QCPA =  0.5063  0.0000

 Update:   Potential etc. stored on FOR002

 Wmsg: Iteration    36 Etot =    -399.034583 err =  0.00000009
       Dyson loops  31 EF   =      -0.007877 err =  0.00000036 DOS(E_F)=    4.78 hx = 0.00100
       QSCA = -0.0060
       QCPA =  0.5063  0.0000

 Wmsg: Iteration    37 Etot =    -399.034583 err =  0.00000007
       Dyson loops  31 EF   =      -0.007877 err =  0.00000026 DOS(E_F)=    4.78 hx = 0.00100
       QSCA = -0.0060
       QCPA =  0.5063  0.0000

 Wmsg: Iteration    38 Etot =    -399.034583 err =  0.00000005
       Dyson loops  31 EF   =      -0.007877 err =  0.00000019 DOS(E_F)=    4.78 hx = 0.00100
       QSCA = -0.0060
       QCPA =  0.5063  0.0000

 Wmsg: Iteration    39 Etot =    -399.034583 err =  0.00000004
       Dyson loops  31 EF   =      -0.007877 err =  0.00000014 DOS(E_F)=    4.78 hx = 0.00100
       QSCA = -0.0060
       QCPA =  0.5063  0.0000

 Wmsg: Iteration    40 Etot =    -399.034583 err =  0.00000003
       Dyson loops  31 EF   =      -0.007877 err =  0.00000010 DOS(E_F)=    4.78 hx = 0.00100
       QSCA = -0.0060
       QCPA =  0.5063  0.0000

 Wmsg: Iteration    41 Etot =    -399.034583 err =  0.00000002
       Dyson loops  31 EF   =      -0.007877 err =  0.00000008 DOS(E_F)=    4.78 hx = 0.00100
       QSCA = -0.0060
       QCPA =  0.5063  0.0000

 Wmsg: Iteration    42 Etot =    -399.034583 err =  0.00000001
       Dyson loops  31 EF   =      -0.007878 err =  0.00000006 DOS(E_F)=    4.78 hx = 0.00100
       QSCA = -0.0060
       QCPA =  0.5063  0.0000

 Update:   Potential etc. stored on FOR002

 Wmsg: Iteration    43 Etot =    -399.034583 err =  0.00000001
       Dyson loops  31 EF   =      -0.007878 err =  0.00000004 DOS(E_F)=    4.78 hx = 0.00100
       QSCA = -0.0060
       QCPA =  0.5063  0.0000

 Wmsg: Iteration    44 Etot =    -399.034583 err =  0.00000001
       Dyson loops  31 EF   =      -0.007878 err =  0.00000003 DOS(E_F)=    4.78 hx = 0.00100
       QSCA = -0.0060
       QCPA =  0.5063  0.0000

 Wmsg: Iteration    45 Etot =    -399.034583 err =  0.00000001
       Dyson loops  31 EF   =      -0.007878 err =  0.00000002 DOS(E_F)=    4.78 hx = 0.00100
       QSCA = -0.0060
       QCPA =  0.5063  0.0000

 Wmsg: Iteration    46 Etot =    -399.034583 err =  0.00000000
       Dyson loops  31 EF   =      -0.007878 err =  0.00000002 DOS(E_F)=    4.78 hx = 0.00100
       QSCA = -0.0060
       QCPA =  0.5063  0.0000

 Wmsg: Iteration    47 Etot =    -399.034583 err =  0.00000000
       Dyson loops  31 EF   =      -0.007878 err =  0.00000001 DOS(E_F)=    4.78 hx = 0.00100
       QSCA = -0.0060
       QCPA =  0.5063  0.0000

 Wmsg: Iteration    48 Etot =    -399.034583 err =  0.00000000
       Dyson loops  31 EF   =      -0.007878 err =  0.00000001 DOS(E_F)=    4.78 hx = 0.00100
       QSCA = -0.0060
       QCPA =  0.5063  0.0000

 Update:   Potential etc. stored on FOR002

 Dospth: CPA equation for IS =  1 converged in  1- 1 iterations

 KGRN:     Calculation of the full charge density, lmaxh =  8

 Kkrfcd:   NOS(Ef) =  1.999971 ELT =  2.000000

 Mgaunt:   Generate real Gaunt numbers

 Grnfcd:   Construct the full charge density

 Eldens:   Calculate multipole moments

 Eldens:   delQ = -0.000029 QTI =  0.008911 -0.000029

 Rotchd:   Perform the 3D rotations

 Fcdupd:   Full charge density stored on FOR010

 KGRN: Calculation finished at 15:20 on 23-Jan-26
 
  Total time for the self-consistency loop:      35.778
  Total linear iterations time :      16.934
