
 KGRN: job = CuMg_1.00_2.63 isno =   0 Func = SCA

           Shape function for IQ =  1

 Mgaunt:   Generate real Gaunt numbers

 Setsym:   Set up the site-group symmetry elements for IQ=  1

           E     sigb  C31+  C31-  sigf  sige  C4z+  C4z-
           C2z   sigx  C2d   C4y-  S64-  S62+  sigy  C4x+
           C2c   S62-  S63+  siga  C33+  C34-  S4x+  S4y-
           I     C2b   S61-  S61+  C2f   C2e   S4z-  S4z+
           sigz  C2x   sigd  S4y+  C34+  C32-  C2y   S4x-
           sigc  C32+  C33-  C2a   S63-  S64+  C4x-  C4y+

 Atomc:    Atomic calculations for: Cu  

 Atomc:    Atomic calculations converged

           Number of core electrons  17.99891800
 Atomc:    Atomic calculations for: Mg  

 Atomc:    Atomic calculations converged

           Number of core electrons   9.99545180

 KMESHMP : Monkhorst-Pack k-mesh parameters, NKX,NKY,NKZ= 32 32 31

 Setkms:   NKVEC =     8193

 Blochs:   Bloch sum of slope matrix => array
  1  1  -1.10  1.0697 -0.9171  0.1268 -0.0212  0.0036 -0.0006  0.0001
  2  1  -1.08  1.0116 -0.8742  0.1153 -0.0184  0.0030 -0.0005  0.0001
  3  1  -1.00  0.7814 -0.6972  0.0733 -0.0093  0.0012 -0.0002  0.0000
  4  1  -0.84  0.3753 -0.3547  0.0190 -0.0012  0.0001 -0.0000  0.0000
  5  1  -0.64  0.0775  0.0764  0.0009  0.0000  0.0000  0.0000  0.0000
  6  1  -0.44  0.5422  0.5004  0.0378  0.0034  0.0003  0.0000  0.0000
  7  1  -0.28  0.9868  0.8557  0.1104  0.0172  0.0028  0.0004  0.0001
  8  1  -0.16  1.3508  1.1151  0.1875  0.0381  0.0079  0.0016  0.0003
  9  1  -0.08  1.6041  1.2810  0.2475  0.0577  0.0138  0.0032  0.0006
 10  1  -0.04  1.7560  1.3752  0.2852  0.0714  0.0184  0.0046  0.0010
 11  1  -0.02  1.8364  1.4236  0.3056  0.0792  0.0211  0.0054  0.0012
 12  1  -0.01  1.8747  1.4463  0.3155  0.0831  0.0225  0.0059  0.0013
 13  1  -0.00  1.8912  1.4560  0.3197  0.0848  0.0231  0.0061  0.0014
 14  1  -0.00  1.8974  1.4596  0.3213  0.0854  0.0233  0.0062  0.0014
 15  1  -0.00  1.8992  1.4606  0.3218  0.0856  0.0234  0.0062  0.0014
 16  1  -0.00  1.8995  1.4608  0.3218  0.0856  0.0234  0.0062  0.0014

 Slfcns:   Start LDA iterations by KKR, XC = Perdew-Wang 96 LDA, Soft-core-A 

 Wmsg: Iteration     1 Etot =    -398.945363 err =  7.76153401
       Dyson loops  31 EF   =       0.115835 err =  0.12372620 DOS(E_F)=    3.65 hx = 0.12373
       QSCA = -0.0094
       QCPA =  0.3669  0.0000

 Wmsg: Iteration     2 Etot =    -398.911651 err =  0.03371210
       Dyson loops  31 EF   =       0.163179 err =  0.04437278 DOS(E_F)=    3.16 hx = 0.09898
       QSCA = -0.0156
       QCPA =  0.3399  0.0000

 Wmsg: Iteration     3 Etot =    -398.912530 err =  0.00087943
       Dyson loops  31 EF   =       0.182560 err =  0.01769619 DOS(E_F)=    3.56 hx = 0.07918
       QSCA = -0.0195
       QCPA =  0.3674  0.0000

 Wmsg: Iteration     4 Etot =    -398.920460 err =  0.00792958
       Dyson loops  31 EF   =       0.189868 err =  0.00644179 DOS(E_F)=    3.40 hx = 0.06335
       QSCA = -0.0222
       QCPA =  0.3910  0.0000

 Wmsg: Iteration     5 Etot =    -398.925321 err =  0.00486143
       Dyson loops  31 EF   =       0.191228 err =  0.00060571 DOS(E_F)=    3.92 hx = 0.05068
       QSCA = -0.0241
       QCPA =  0.4065  0.0000

 Wmsg: Iteration     6 Etot =    -398.927409 err =  0.00208759
       Dyson loops  31 EF   =       0.178409 err =  0.00176563 DOS(E_F)=    3.85 hx = 0.02534
       QSCA = -0.0255
       QCPA =  0.4170  0.0000

 Wmsg: Iteration     7 Etot =    -398.928315 err =  0.00090576
       Dyson loops  31 EF   =       0.182037 err =  0.00819065 DOS(E_F)=    4.02 hx = 0.01267
       QSCA = -0.0265
       QCPA =  0.4236  0.0000

 Update:   Potential etc. stored on FOR002

 Wmsg: Iteration     8 Etot =    -398.929909 err =  0.00159404
       Dyson loops  31 EF   =       0.183132 err =  0.00080961 DOS(E_F)=    4.02 hx = 0.00633
       QSCA = -0.0271
       QCPA =  0.4277  0.0000

 Wmsg: Iteration     9 Etot =    -398.930693 err =  0.00078417
       Dyson loops  31 EF   =       0.177321 err =  0.00023551 DOS(E_F)=    3.88 hx = 0.00317
       QSCA = -0.0276
       QCPA =  0.4311  0.0000

 Wmsg: Iteration    10 Etot =    -398.931158 err =  0.00046501
       Dyson loops  31 EF   =       0.179842 err =  0.00045981 DOS(E_F)=    3.95 hx = 0.00158
       QSCA = -0.0279
       QCPA =  0.4327  0.0000

 Wmsg: Iteration    11 Etot =    -398.931522 err =  0.00036369
       Dyson loops  31 EF   =       0.180407 err =  0.00236810 DOS(E_F)=    3.93 hx = 0.00237
       QSCA = -0.0282
       QCPA =  0.4342  0.0000

 Wmsg: Iteration    12 Etot =    -398.931784 err =  0.00026292
       Dyson loops  31 EF   =       0.180590 err =  0.00012148 DOS(E_F)=    3.88 hx = 0.00118
       QSCA = -0.0284
       QCPA =  0.4353  0.0000

 Wmsg: Iteration    13 Etot =    -398.931969 err =  0.00018419
       Dyson loops  31 EF   =       0.179419 err =  0.00015227 DOS(E_F)=    3.84 hx = 0.00100
       QSCA = -0.0285
       QCPA =  0.4361  0.0000

 Wmsg: Iteration    14 Etot =    -398.932097 err =  0.00012809
       Dyson loops  31 EF   =       0.179727 err =  0.00078935 DOS(E_F)=    3.89 hx = 0.00100
       QSCA = -0.0286
       QCPA =  0.4364  0.0000

 Update:   Potential etc. stored on FOR002

 Wmsg: Iteration    15 Etot =    -398.932194 err =  0.00009774
       Dyson loops  31 EF   =       0.179829 err =  0.00007924 DOS(E_F)=    3.86 hx = 0.00100
       QSCA = -0.0286
       QCPA =  0.4367  0.0000

 Wmsg: Iteration    16 Etot =    -398.932265 err =  0.00007017
       Dyson loops  31 EF   =       0.179805 err =  0.00004167 DOS(E_F)=    3.84 hx = 0.00100
       QSCA = -0.0287
       QCPA =  0.4370  0.0000

 Wmsg: Iteration    17 Etot =    -398.932315 err =  0.00005037
       Dyson loops  31 EF   =       0.179741 err =  0.00007666 DOS(E_F)=    3.83 hx = 0.00100
       QSCA = -0.0287
       QCPA =  0.4371  0.0000

 Wmsg: Iteration    18 Etot =    -398.932352 err =  0.00003650
       Dyson loops  31 EF   =       0.179671 err =  0.00007812 DOS(E_F)=    3.83 hx = 0.00100
       QSCA = -0.0287
       QCPA =  0.4372  0.0000

 Wmsg: Iteration    19 Etot =    -398.932378 err =  0.00002647
       Dyson loops  31 EF   =       0.179610 err =  0.00006818 DOS(E_F)=    3.83 hx = 0.00100
       QSCA = -0.0288
       QCPA =  0.4373  0.0000

 Wmsg: Iteration    20 Etot =    -398.932397 err =  0.00001923
       Dyson loops  31 EF   =       0.179559 err =  0.00005530 DOS(E_F)=    3.83 hx = 0.00100
       QSCA = -0.0288
       QCPA =  0.4373  0.0000

 Wmsg: Iteration    21 Etot =    -398.932411 err =  0.00001399
       Dyson loops  31 EF   =       0.179519 err =  0.00004310 DOS(E_F)=    3.83 hx = 0.00100
       QSCA = -0.0288
       QCPA =  0.4373  0.0000

 Update:   Potential etc. stored on FOR002

 Wmsg: Iteration    22 Etot =    -398.932421 err =  0.00001019
       Dyson loops  31 EF   =       0.179489 err =  0.00003282 DOS(E_F)=    3.83 hx = 0.00100
       QSCA = -0.0288
       QCPA =  0.4373  0.0000

 Wmsg: Iteration    23 Etot =    -398.932429 err =  0.00000743
       Dyson loops  31 EF   =       0.179466 err =  0.00002462 DOS(E_F)=    3.83 hx = 0.00100
       QSCA = -0.0288
       QCPA =  0.4373  0.0000

 Wmsg: Iteration    24 Etot =    -398.932434 err =  0.00000542
       Dyson loops  31 EF   =       0.179449 err =  0.00001830 DOS(E_F)=    3.83 hx = 0.00100
       QSCA = -0.0288
       QCPA =  0.4373  0.0000

 Wmsg: Iteration    25 Etot =    -398.932438 err =  0.00000395
       Dyson loops  31 EF   =       0.179437 err =  0.00001353 DOS(E_F)=    3.83 hx = 0.00100
       QSCA = -0.0288
       QCPA =  0.4373  0.0000

 Wmsg: Iteration    26 Etot =    -398.932441 err =  0.00000289
       Dyson loops  31 EF   =       0.179428 err =  0.00000996 DOS(E_F)=    3.83 hx = 0.00100
       QSCA = -0.0288
       QCPA =  0.4373  0.0000

 Wmsg: Iteration    27 Etot =    -398.932443 err =  0.00000211
       Dyson loops  31 EF   =       0.179421 err =  0.00000731 DOS(E_F)=    3.83 hx = 0.00100
       QSCA = -0.0288
       QCPA =  0.4373  0.0000

 Wmsg: Iteration    28 Etot =    -398.932445 err =  0.00000154
       Dyson loops  31 EF   =       0.179416 err =  0.00000536 DOS(E_F)=    3.83 hx = 0.00100
       QSCA = -0.0288
       QCPA =  0.4373  0.0000

 Update:   Potential etc. stored on FOR002

 Wmsg: Iteration    29 Etot =    -398.932446 err =  0.00000113
       Dyson loops  31 EF   =       0.179412 err =  0.00000393 DOS(E_F)=    3.83 hx = 0.00100
       QSCA = -0.0288
       QCPA =  0.4373  0.0000

 Wmsg: Iteration    30 Etot =    -398.932447 err =  0.00000082
       Dyson loops  31 EF   =       0.179409 err =  0.00000286 DOS(E_F)=    3.84 hx = 0.00100
       QSCA = -0.0288
       QCPA =  0.4373  0.0000

 Wmsg: Iteration    31 Etot =    -398.932447 err =  0.00000060
       Dyson loops  31 EF   =       0.179407 err =  0.00000209 DOS(E_F)=    3.84 hx = 0.00100
       QSCA = -0.0288
       QCPA =  0.4373  0.0000

 Wmsg: Iteration    32 Etot =    -398.932448 err =  0.00000044
       Dyson loops  31 EF   =       0.179406 err =  0.00000153 DOS(E_F)=    3.84 hx = 0.00100
       QSCA = -0.0288
       QCPA =  0.4373  0.0000

 Wmsg: Iteration    33 Etot =    -398.932448 err =  0.00000032
       Dyson loops  31 EF   =       0.179405 err =  0.00000112 DOS(E_F)=    3.84 hx = 0.00100
       QSCA = -0.0288
       QCPA =  0.4373  0.0000

 Wmsg: Iteration    34 Etot =    -398.932448 err =  0.00000023
       Dyson loops  31 EF   =       0.179404 err =  0.00000082 DOS(E_F)=    3.84 hx = 0.00100
       QSCA = -0.0288
       QCPA =  0.4373  0.0000

 Wmsg: Iteration    35 Etot =    -398.932448 err =  0.00000017
       Dyson loops  31 EF   =       0.179404 err =  0.00000060 DOS(E_F)=    3.84 hx = 0.00100
       QSCA = -0.0288
       QCPA =  0.4373  0.0000

 Update:   Potential etc. stored on FOR002

 Wmsg: Iteration    36 Etot =    -398.932449 err =  0.00000013
       Dyson loops  31 EF   =       0.179403 err =  0.00000044 DOS(E_F)=    3.84 hx = 0.00100
       QSCA = -0.0288
       QCPA =  0.4373  0.0000

 Wmsg: Iteration    37 Etot =    -398.932449 err =  0.00000009
       Dyson loops  31 EF   =       0.179403 err =  0.00000032 DOS(E_F)=    3.84 hx = 0.00100
       QSCA = -0.0288
       QCPA =  0.4373  0.0000

 Wmsg: Iteration    38 Etot =    -398.932449 err =  0.00000007
       Dyson loops  31 EF   =       0.179403 err =  0.00000023 DOS(E_F)=    3.84 hx = 0.00100
       QSCA = -0.0288
       QCPA =  0.4373  0.0000

 Wmsg: Iteration    39 Etot =    -398.932449 err =  0.00000005
       Dyson loops  31 EF   =       0.179403 err =  0.00000017 DOS(E_F)=    3.84 hx = 0.00100
       QSCA = -0.0288
       QCPA =  0.4373  0.0000

 Wmsg: Iteration    40 Etot =    -398.932449 err =  0.00000004
       Dyson loops  31 EF   =       0.179403 err =  0.00000013 DOS(E_F)=    3.84 hx = 0.00100
       QSCA = -0.0288
       QCPA =  0.4373  0.0000

 Wmsg: Iteration    41 Etot =    -398.932449 err =  0.00000003
       Dyson loops  31 EF   =       0.179402 err =  0.00000009 DOS(E_F)=    3.84 hx = 0.00100
       QSCA = -0.0288
       QCPA =  0.4373  0.0000

 Wmsg: Iteration    42 Etot =    -398.932449 err =  0.00000002
       Dyson loops  31 EF   =       0.179402 err =  0.00000007 DOS(E_F)=    3.84 hx = 0.00100
       QSCA = -0.0288
       QCPA =  0.4373  0.0000

 Update:   Potential etc. stored on FOR002

 Wmsg: Iteration    43 Etot =    -398.932449 err =  0.00000001
       Dyson loops  31 EF   =       0.179402 err =  0.00000005 DOS(E_F)=    3.84 hx = 0.00100
       QSCA = -0.0288
       QCPA =  0.4373  0.0000

 Wmsg: Iteration    44 Etot =    -398.932449 err =  0.00000001
       Dyson loops  31 EF   =       0.179402 err =  0.00000004 DOS(E_F)=    3.84 hx = 0.00100
       QSCA = -0.0288
       QCPA =  0.4373  0.0000

 Wmsg: Iteration    45 Etot =    -398.932449 err =  0.00000001
       Dyson loops  31 EF   =       0.179402 err =  0.00000003 DOS(E_F)=    3.84 hx = 0.00100
       QSCA = -0.0288
       QCPA =  0.4373  0.0000

 Wmsg: Iteration    46 Etot =    -398.932449 err =  0.00000001
       Dyson loops  31 EF   =       0.179402 err =  0.00000002 DOS(E_F)=    3.84 hx = 0.00100
       QSCA = -0.0288
       QCPA =  0.4373  0.0000

 Wmsg: Iteration    47 Etot =    -398.932449 err =  0.00000000
       Dyson loops  31 EF   =       0.179402 err =  0.00000001 DOS(E_F)=    3.84 hx = 0.00100
       QSCA = -0.0288
       QCPA =  0.4373  0.0000

 Wmsg: Iteration    48 Etot =    -398.932449 err =  0.00000000
       Dyson loops  31 EF   =       0.179402 err =  0.00000001 DOS(E_F)=    3.84 hx = 0.00100
       QSCA = -0.0288
       QCPA =  0.4373  0.0000

 Wmsg: Iteration    49 Etot =    -398.932449 err =  0.00000000
       Dyson loops  31 EF   =       0.179402 err =  0.00000001 DOS(E_F)=    3.84 hx = 0.00100
       QSCA = -0.0288
       QCPA =  0.4373  0.0000

 Update:   Potential etc. stored on FOR002

 Update:   Potential etc. stored on FOR002

 Dospth: CPA equation for IS =  1 converged in  1- 1 iterations

 KGRN:     Calculation of the full charge density, lmaxh =  8

 Kkrfcd:   NOS(Ef) =  1.999977 ELT =  2.000000

 Mgaunt:   Generate real Gaunt numbers

 Grnfcd:   Construct the full charge density

 Eldens:   Calculate multipole moments

 Eldens:   delQ = -0.000023 QTI = -0.378629 -0.000023

 Rotchd:   Perform the 3D rotations

 Fcdupd:   Full charge density stored on FOR010

 KGRN: Calculation finished at 14:24 on 23-Jan-26
 
  Total time for the self-consistency loop:      38.405
  Total linear iterations time :      17.977
