
 KGRN: job = CuMg_1.00_2.70 isno =   0 Func = SCA

           Shape function for IQ =  1

 Mgaunt:   Generate real Gaunt numbers

 Setsym:   Set up the site-group symmetry elements for IQ=  1

           E     sigb  C31+  C31-  sigf  sige  C4z+  C4z-
           C2z   sigx  C2d   C4y-  S64-  S62+  sigy  C4x+
           C2c   S62-  S63+  siga  C33+  C34-  S4x+  S4y-
           I     C2b   S61-  S61+  C2f   C2e   S4z-  S4z+
           sigz  C2x   sigd  S4y+  C34+  C32-  C2y   S4x-
           sigc  C32+  C33-  C2a   S63-  S64+  C4x-  C4y+

 Atomc:    Atomic calculations for: Cu  

 Atomc:    Atomic calculations converged

           Number of core electrons  17.99921031
 Atomc:    Atomic calculations for: Mg  

 Atomc:    Atomic calculations converged

           Number of core electrons   9.99646000

 KMESHMP : Monkhorst-Pack k-mesh parameters, NKX,NKY,NKZ= 32 32 31

 Setkms:   NKVEC =     8193

 Blochs:   Bloch sum of slope matrix => array
  1  1  -1.10  1.2008 -1.0114  0.1543 -0.0284  0.0054 -0.0010  0.0002
  2  1  -1.08  1.1374 -0.9662  0.1408 -0.0248  0.0045 -0.0008  0.0001
  3  1  -1.00  0.8867 -0.7796  0.0917 -0.0130  0.0019 -0.0003  0.0000
  4  1  -0.84  0.4475 -0.4187  0.0264 -0.0020  0.0002 -0.0000  0.0000
  5  1  -0.64  0.0361  0.0357  0.0002  0.0000  0.0000  0.0000  0.0000
  6  1  -0.44  0.5213  0.4825  0.0351  0.0031  0.0003  0.0000  0.0000
  7  1  -0.28  0.9886  0.8570  0.1108  0.0173  0.0028  0.0004  0.0001
  8  1  -0.16  1.3735  1.1304  0.1927  0.0397  0.0084  0.0017  0.0003
  9  1  -0.08  1.6427  1.3053  0.2570  0.0611  0.0149  0.0035  0.0007
 10  1  -0.04  1.8046  1.4045  0.2975  0.0761  0.0200  0.0051  0.0011
 11  1  -0.02  1.8904  1.4555  0.3195  0.0847  0.0230  0.0061  0.0014
 12  1  -0.01  1.9315  1.4795  0.3301  0.0889  0.0246  0.0066  0.0015
 13  1  -0.00  1.9491  1.4897  0.3347  0.0908  0.0253  0.0068  0.0016
 14  1  -0.00  1.9557  1.4935  0.3364  0.0915  0.0255  0.0069  0.0016
 15  1  -0.00  1.9576  1.4946  0.3369  0.0917  0.0256  0.0069  0.0016
 16  1  -0.00  1.9579  1.4948  0.3370  0.0917  0.0256  0.0069  0.0016

 Slfcns:   Start LDA iterations by KKR, XC = Perdew-Wang 96 LDA, Soft-core-A 

 Wmsg: Iteration     1 Etot =    -398.966865 err =  7.26211093
       Dyson loops  31 EF   =       0.087354 err =  0.09461847 DOS(E_F)=    4.23 hx = 0.10100
       QSCA = -0.0086
       QCPA =  0.3605  0.0000

 Wmsg: Iteration     2 Etot =    -398.942143 err =  0.02472232
       Dyson loops  31 EF   =       0.128102 err =  0.03828392 DOS(E_F)=    3.13 hx = 0.08080
       QSCA = -0.0137
       QCPA =  0.3439  0.0000

 Wmsg: Iteration     3 Etot =    -398.947883 err =  0.00574070
       Dyson loops  31 EF   =       0.141173 err =  0.01117251 DOS(E_F)=    4.11 hx = 0.06464
       QSCA = -0.0169
       QCPA =  0.3785  0.0000

 Wmsg: Iteration     4 Etot =    -398.954344 err =  0.00646040
       Dyson loops  31 EF   =       0.145223 err =  0.00320907 DOS(E_F)=    4.15 hx = 0.05171
       QSCA = -0.0189
       QCPA =  0.4057  0.0000

 Wmsg: Iteration     5 Etot =    -398.958165 err =  0.00382164
       Dyson loops  31 EF   =       0.145267 err =  0.00051338 DOS(E_F)=    4.13 hx = 0.04137
       QSCA = -0.0203
       QCPA =  0.4236  0.0000

 Wmsg: Iteration     6 Etot =    -398.959674 err =  0.00150866
       Dyson loops  31 EF   =       0.133242 err =  0.01247188 DOS(E_F)=    4.06 hx = 0.02068
       QSCA = -0.0212
       QCPA =  0.4355  0.0000

 Wmsg: Iteration     7 Etot =    -398.960782 err =  0.00110782
       Dyson loops  31 EF   =       0.136725 err =  0.00323299 DOS(E_F)=    3.88 hx = 0.01034
       QSCA = -0.0219
       QCPA =  0.4428  0.0000

 Update:   Potential etc. stored on FOR002

 Wmsg: Iteration     8 Etot =    -398.962059 err =  0.00127727
       Dyson loops  31 EF   =       0.137344 err =  0.00034940 DOS(E_F)=    4.14 hx = 0.00517
       QSCA = -0.0223
       QCPA =  0.4475  0.0000

 Wmsg: Iteration     9 Etot =    -398.962732 err =  0.00067232
       Dyson loops  31 EF   =       0.132349 err =  0.00047192 DOS(E_F)=    4.08 hx = 0.00259
       QSCA = -0.0226
       QCPA =  0.4513  0.0000

 Wmsg: Iteration    10 Etot =    -398.963150 err =  0.00041840
       Dyson loops  31 EF   =       0.133893 err =  0.00323268 DOS(E_F)=    4.12 hx = 0.00323
       QSCA = -0.0228
       QCPA =  0.4529  0.0000

 Wmsg: Iteration    11 Etot =    -398.963496 err =  0.00034575
       Dyson loops  31 EF   =       0.134558 err =  0.00058489 DOS(E_F)=    4.14 hx = 0.00162
       QSCA = -0.0230
       QCPA =  0.4547  0.0000

 Wmsg: Iteration    12 Etot =    -398.963735 err =  0.00023902
       Dyson loops  31 EF   =       0.134641 err =  0.00003051 DOS(E_F)=    4.09 hx = 0.00100
       QSCA = -0.0231
       QCPA =  0.4559  0.0000

 Wmsg: Iteration    13 Etot =    -398.963902 err =  0.00016700
       Dyson loops  31 EF   =       0.133898 err =  0.00078820 DOS(E_F)=    4.07 hx = 0.00100
       QSCA = -0.0231
       QCPA =  0.4568  0.0000

 Wmsg: Iteration    14 Etot =    -398.964018 err =  0.00011667
       Dyson loops  31 EF   =       0.134022 err =  0.00009541 DOS(E_F)=    4.09 hx = 0.00100
       QSCA = -0.0232
       QCPA =  0.4572  0.0000

 Update:   Potential etc. stored on FOR002

 Wmsg: Iteration    15 Etot =    -398.964106 err =  0.00008784
       Dyson loops  31 EF   =       0.133996 err =  0.00004683 DOS(E_F)=    4.07 hx = 0.00100
       QSCA = -0.0232
       QCPA =  0.4576  0.0000

 Wmsg: Iteration    16 Etot =    -398.964169 err =  0.00006253
       Dyson loops  31 EF   =       0.133920 err =  0.00009165 DOS(E_F)=    4.07 hx = 0.00100
       QSCA = -0.0233
       QCPA =  0.4578  0.0000

 Wmsg: Iteration    17 Etot =    -398.964214 err =  0.00004524
       Dyson loops  31 EF   =       0.133836 err =  0.00009551 DOS(E_F)=    4.07 hx = 0.00100
       QSCA = -0.0233
       QCPA =  0.4580  0.0000

 Wmsg: Iteration    18 Etot =    -398.964247 err =  0.00003280
       Dyson loops  31 EF   =       0.133760 err =  0.00008409 DOS(E_F)=    4.07 hx = 0.00100
       QSCA = -0.0233
       QCPA =  0.4580  0.0000

 Wmsg: Iteration    19 Etot =    -398.964271 err =  0.00002383
       Dyson loops  31 EF   =       0.133697 err =  0.00006854 DOS(E_F)=    4.07 hx = 0.00100
       QSCA = -0.0233
       QCPA =  0.4581  0.0000

 Wmsg: Iteration    20 Etot =    -398.964288 err =  0.00001733
       Dyson loops  31 EF   =       0.133647 err =  0.00005361 DOS(E_F)=    4.07 hx = 0.00100
       QSCA = -0.0233
       QCPA =  0.4581  0.0000

 Wmsg: Iteration    21 Etot =    -398.964301 err =  0.00001262
       Dyson loops  31 EF   =       0.133610 err =  0.00004092 DOS(E_F)=    4.07 hx = 0.00100
       QSCA = -0.0233
       QCPA =  0.4582  0.0000

 Update:   Potential etc. stored on FOR002

 Wmsg: Iteration    22 Etot =    -398.964310 err =  0.00000920
       Dyson loops  31 EF   =       0.133581 err =  0.00003077 DOS(E_F)=    4.07 hx = 0.00100
       QSCA = -0.0233
       QCPA =  0.4582  0.0000

 Wmsg: Iteration    23 Etot =    -398.964317 err =  0.00000671
       Dyson loops  31 EF   =       0.133560 err =  0.00002292 DOS(E_F)=    4.07 hx = 0.00100
       QSCA = -0.0233
       QCPA =  0.4582  0.0000

 Wmsg: Iteration    24 Etot =    -398.964321 err =  0.00000489
       Dyson loops  31 EF   =       0.133544 err =  0.00001697 DOS(E_F)=    4.07 hx = 0.00100
       QSCA = -0.0233
       QCPA =  0.4582  0.0000

 Wmsg: Iteration    25 Etot =    -398.964325 err =  0.00000357
       Dyson loops  31 EF   =       0.133532 err =  0.00001251 DOS(E_F)=    4.07 hx = 0.00100
       QSCA = -0.0233
       QCPA =  0.4582  0.0000

 Wmsg: Iteration    26 Etot =    -398.964328 err =  0.00000261
       Dyson loops  31 EF   =       0.133524 err =  0.00000920 DOS(E_F)=    4.07 hx = 0.00100
       QSCA = -0.0233
       QCPA =  0.4582  0.0000

 Wmsg: Iteration    27 Etot =    -398.964329 err =  0.00000191
       Dyson loops  31 EF   =       0.133518 err =  0.00000675 DOS(E_F)=    4.07 hx = 0.00100
       QSCA = -0.0233
       QCPA =  0.4582  0.0000

 Wmsg: Iteration    28 Etot =    -398.964331 err =  0.00000139
       Dyson loops  31 EF   =       0.133513 err =  0.00000495 DOS(E_F)=    4.07 hx = 0.00100
       QSCA = -0.0233
       QCPA =  0.4582  0.0000

 Update:   Potential etc. stored on FOR002

 Wmsg: Iteration    29 Etot =    -398.964332 err =  0.00000102
       Dyson loops  31 EF   =       0.133510 err =  0.00000363 DOS(E_F)=    4.07 hx = 0.00100
       QSCA = -0.0233
       QCPA =  0.4582  0.0000

 Wmsg: Iteration    30 Etot =    -398.964333 err =  0.00000074
       Dyson loops  31 EF   =       0.133507 err =  0.00000265 DOS(E_F)=    4.07 hx = 0.00100
       QSCA = -0.0233
       QCPA =  0.4582  0.0000

 Wmsg: Iteration    31 Etot =    -398.964333 err =  0.00000054
       Dyson loops  31 EF   =       0.133505 err =  0.00000194 DOS(E_F)=    4.07 hx = 0.00100
       QSCA = -0.0233
       QCPA =  0.4582  0.0000

 Wmsg: Iteration    32 Etot =    -398.964334 err =  0.00000040
       Dyson loops  31 EF   =       0.133504 err =  0.00000142 DOS(E_F)=    4.07 hx = 0.00100
       QSCA = -0.0233
       QCPA =  0.4582  0.0000

 Wmsg: Iteration    33 Etot =    -398.964334 err =  0.00000029
       Dyson loops  31 EF   =       0.133503 err =  0.00000104 DOS(E_F)=    4.07 hx = 0.00100
       QSCA = -0.0233
       QCPA =  0.4582  0.0000

 Wmsg: Iteration    34 Etot =    -398.964334 err =  0.00000021
       Dyson loops  31 EF   =       0.133502 err =  0.00000076 DOS(E_F)=    4.07 hx = 0.00100
       QSCA = -0.0233
       QCPA =  0.4582  0.0000

 Wmsg: Iteration    35 Etot =    -398.964334 err =  0.00000016
       Dyson loops  31 EF   =       0.133502 err =  0.00000056 DOS(E_F)=    4.07 hx = 0.00100
       QSCA = -0.0233
       QCPA =  0.4582  0.0000

 Update:   Potential etc. stored on FOR002

 Wmsg: Iteration    36 Etot =    -398.964334 err =  0.00000011
       Dyson loops  31 EF   =       0.133501 err =  0.00000041 DOS(E_F)=    4.07 hx = 0.00100
       QSCA = -0.0233
       QCPA =  0.4582  0.0000

 Wmsg: Iteration    37 Etot =    -398.964334 err =  0.00000008
       Dyson loops  31 EF   =       0.133501 err =  0.00000030 DOS(E_F)=    4.07 hx = 0.00100
       QSCA = -0.0233
       QCPA =  0.4582  0.0000

 Wmsg: Iteration    38 Etot =    -398.964334 err =  0.00000006
       Dyson loops  31 EF   =       0.133501 err =  0.00000022 DOS(E_F)=    4.07 hx = 0.00100
       QSCA = -0.0233
       QCPA =  0.4582  0.0000

 Wmsg: Iteration    39 Etot =    -398.964335 err =  0.00000005
       Dyson loops  31 EF   =       0.133501 err =  0.00000016 DOS(E_F)=    4.07 hx = 0.00100
       QSCA = -0.0233
       QCPA =  0.4582  0.0000

 Wmsg: Iteration    40 Etot =    -398.964335 err =  0.00000003
       Dyson loops  31 EF   =       0.133501 err =  0.00000012 DOS(E_F)=    4.07 hx = 0.00100
       QSCA = -0.0233
       QCPA =  0.4582  0.0000

 Wmsg: Iteration    41 Etot =    -398.964335 err =  0.00000002
       Dyson loops  31 EF   =       0.133501 err =  0.00000009 DOS(E_F)=    4.07 hx = 0.00100
       QSCA = -0.0233
       QCPA =  0.4582  0.0000

 Wmsg: Iteration    42 Etot =    -398.964335 err =  0.00000002
       Dyson loops  31 EF   =       0.133500 err =  0.00000006 DOS(E_F)=    4.07 hx = 0.00100
       QSCA = -0.0233
       QCPA =  0.4582  0.0000

 Update:   Potential etc. stored on FOR002

 Wmsg: Iteration    43 Etot =    -398.964335 err =  0.00000001
       Dyson loops  31 EF   =       0.133500 err =  0.00000005 DOS(E_F)=    4.07 hx = 0.00100
       QSCA = -0.0233
       QCPA =  0.4582  0.0000

 Wmsg: Iteration    44 Etot =    -398.964335 err =  0.00000001
       Dyson loops  31 EF   =       0.133500 err =  0.00000003 DOS(E_F)=    4.07 hx = 0.00100
       QSCA = -0.0233
       QCPA =  0.4582  0.0000

 Wmsg: Iteration    45 Etot =    -398.964335 err =  0.00000001
       Dyson loops  31 EF   =       0.133500 err =  0.00000003 DOS(E_F)=    4.07 hx = 0.00100
       QSCA = -0.0233
       QCPA =  0.4582  0.0000

 Wmsg: Iteration    46 Etot =    -398.964335 err =  0.00000001
       Dyson loops  31 EF   =       0.133500 err =  0.00000002 DOS(E_F)=    4.07 hx = 0.00100
       QSCA = -0.0233
       QCPA =  0.4582  0.0000

 Wmsg: Iteration    47 Etot =    -398.964335 err =  0.00000000
       Dyson loops  31 EF   =       0.133500 err =  0.00000001 DOS(E_F)=    4.07 hx = 0.00100
       QSCA = -0.0233
       QCPA =  0.4582  0.0000

 Wmsg: Iteration    48 Etot =    -398.964335 err =  0.00000000
       Dyson loops  31 EF   =       0.133500 err =  0.00000001 DOS(E_F)=    4.07 hx = 0.00100
       QSCA = -0.0233
       QCPA =  0.4582  0.0000

 Wmsg: Iteration    49 Etot =    -398.964335 err =  0.00000000
       Dyson loops  31 EF   =       0.133500 err =  0.00000001 DOS(E_F)=    4.07 hx = 0.00100
       QSCA = -0.0233
       QCPA =  0.4582  0.0000

 Update:   Potential etc. stored on FOR002

 Update:   Potential etc. stored on FOR002

 Dospth: CPA equation for IS =  1 converged in  1- 1 iterations

 KGRN:     Calculation of the full charge density, lmaxh =  8

 Kkrfcd:   NOS(Ef) =  1.999976 ELT =  2.000000

 Mgaunt:   Generate real Gaunt numbers

 Grnfcd:   Construct the full charge density

 Eldens:   Calculate multipole moments

 Eldens:   delQ = -0.000024 QTI = -0.288742 -0.000024

 Rotchd:   Perform the 3D rotations

 Fcdupd:   Full charge density stored on FOR010

 KGRN: Calculation finished at 14:27 on 23-Jan-26
 
  Total time for the self-consistency loop:      38.251
  Total linear iterations time :      17.922
