
 KGRN: job = CuMg_1.00_2.56 isno =   0 Func = SCA

           Shape function for IQ =  1

 Mgaunt:   Generate real Gaunt numbers

 Setsym:   Set up the site-group symmetry elements for IQ=  1

           E     sigb  C31+  C31-  sigf  sige  C4z+  C4z-
           C2z   sigx  C2d   C4y-  S64-  S62+  sigy  C4x+
           C2c   S62-  S63+  siga  C33+  C34-  S4x+  S4y-
           I     C2b   S61-  S61+  C2f   C2e   S4z-  S4z+
           sigz  C2x   sigd  S4y+  C34+  C32-  C2y   S4x-
           sigc  C32+  C33-  C2a   S63-  S64+  C4x-  C4y+

 Atomc:    Atomic calculations for: Cu  

 Atomc:    Atomic calculations converged

           Number of core electrons  17.99851736
 Atomc:    Atomic calculations for: Mg  

 Atomc:    Atomic calculations converged

           Number of core electrons   9.99415620

 KMESHMP : Monkhorst-Pack k-mesh parameters, NKX,NKY,NKZ= 32 32 31

 Setkms:   NKVEC =     8193

 Blochs:   Bloch sum of slope matrix => array
  1  1  -1.10  0.9484 -0.8268  0.1031 -0.0155  0.0024 -0.0004  0.0000
  2  1  -1.08  0.8952 -0.7861  0.0932 -0.0133  0.0020 -0.0003  0.0000
  3  1  -1.00  0.6836 -0.6184  0.0577 -0.0065  0.0008 -0.0001  0.0000
  4  1  -0.84  0.3079 -0.2939  0.0130 -0.0007  0.0000 -0.0000  0.0000
  5  1  -0.64  0.1168  0.1145  0.0020  0.0000  0.0000  0.0000  0.0000
  6  1  -0.44  0.5609  0.5163  0.0402  0.0038  0.0004  0.0000  0.0000
  7  1  -0.28  0.9831  0.8529  0.1097  0.0170  0.0027  0.0004  0.0001
  8  1  -0.16  1.3266  1.0987  0.1821  0.0364  0.0075  0.0015  0.0003
  9  1  -0.08  1.5646  1.2559  0.2379  0.0544  0.0128  0.0029  0.0006
 10  1  -0.04  1.7068  1.3451  0.2729  0.0668  0.0168  0.0041  0.0009
 11  1  -0.02  1.7820  1.3909  0.2918  0.0739  0.0192  0.0048  0.0010
 12  1  -0.01  1.8178  1.4125  0.3009  0.0774  0.0204  0.0052  0.0011
 13  1  -0.00  1.8332  1.4217  0.3048  0.0789  0.0210  0.0054  0.0012
 14  1  -0.00  1.8389  1.4251  0.3063  0.0795  0.0212  0.0055  0.0012
 15  1  -0.00  1.8406  1.4261  0.3067  0.0797  0.0212  0.0055  0.0012
 16  1  -0.00  1.8409  1.4262  0.3068  0.0797  0.0212  0.0055  0.0012

 Slfcns:   Start LDA iterations by KKR, XC = Perdew-Wang 96 LDA, Soft-core-A 

 Wmsg: Iteration     1 Etot =    -398.926573 err =  8.30216451
       Dyson loops  31 EF   =       0.137998 err =  0.14635315 DOS(E_F)=    3.54 hx = 0.14635
       QSCA = -0.0111
       QCPA =  0.3283  0.0000

 Wmsg: Iteration     2 Etot =    -398.878976 err =  0.04759761
       Dyson loops  31 EF   =       0.201295 err =  0.06047430 DOS(E_F)=    3.44 hx = 0.11708
       QSCA = -0.0183
       QCPA =  0.3163  0.0000

 Wmsg: Iteration     3 Etot =    -398.867887 err =  0.01108927
       Dyson loops  31 EF   =       0.228493 err =  0.02514773 DOS(E_F)=    3.14 hx = 0.09367
       QSCA = -0.0226
       QCPA =  0.3389  0.0000

 Wmsg: Iteration     4 Etot =    -398.878409 err =  0.01052230
       Dyson loops  31 EF   =       0.238571 err =  0.00907766 DOS(E_F)=    3.31 hx = 0.07493
       QSCA = -0.0259
       QCPA =  0.3642  0.0000

 Wmsg: Iteration     5 Etot =    -398.883928 err =  0.00551890
       Dyson loops  31 EF   =       0.241896 err =  0.00247864 DOS(E_F)=    3.73 hx = 0.05995
       QSCA = -0.0284
       QCPA =  0.3777  0.0000

 Wmsg: Iteration     6 Etot =    -398.887115 err =  0.00318739
       Dyson loops  31 EF   =       0.227738 err =  0.00098860 DOS(E_F)=    3.89 hx = 0.02997
       QSCA = -0.0302
       QCPA =  0.3902  0.0000

 Wmsg: Iteration     7 Etot =    -398.887688 err =  0.00057285
       Dyson loops  31 EF   =       0.233543 err =  0.00792890 DOS(E_F)=    3.10 hx = 0.01499
       QSCA = -0.0316
       QCPA =  0.3980  0.0000

 Update:   Potential etc. stored on FOR002

 Wmsg: Iteration     8 Etot =    -398.889743 err =  0.00205550
       Dyson loops  31 EF   =       0.234695 err =  0.00071624 DOS(E_F)=    3.81 hx = 0.00749
       QSCA = -0.0325
       QCPA =  0.4022  0.0000

 Wmsg: Iteration     9 Etot =    -398.890610 err =  0.00086700
       Dyson loops  31 EF   =       0.227663 err =  0.00042934 DOS(E_F)=    3.73 hx = 0.00375
       QSCA = -0.0332
       QCPA =  0.4055  0.0000

 Wmsg: Iteration    10 Etot =    -398.891138 err =  0.00052728
       Dyson loops  31 EF   =       0.230664 err =  0.00054213 DOS(E_F)=    4.18 hx = 0.00187
       QSCA = -0.0337
       QCPA =  0.4073  0.0000

 Wmsg: Iteration    11 Etot =    -398.891544 err =  0.00040644
       Dyson loops  31 EF   =       0.231503 err =  0.00260920 DOS(E_F)=    3.86 hx = 0.00261
       QSCA = -0.0340
       QCPA =  0.4088  0.0000

 Wmsg: Iteration    12 Etot =    -398.891835 err =  0.00029060
       Dyson loops  31 EF   =       0.231652 err =  0.00008430 DOS(E_F)=    3.75 hx = 0.00130
       QSCA = -0.0342
       QCPA =  0.4098  0.0000

 Wmsg: Iteration    13 Etot =    -398.892040 err =  0.00020492
       Dyson loops  31 EF   =       0.230346 err =  0.00018544 DOS(E_F)=    3.62 hx = 0.00100
       QSCA = -0.0344
       QCPA =  0.4105  0.0000

 Wmsg: Iteration    14 Etot =    -398.892183 err =  0.00014328
       Dyson loops  31 EF   =       0.230676 err =  0.00088054 DOS(E_F)=    3.83 hx = 0.00100
       QSCA = -0.0346
       QCPA =  0.4108  0.0000

 Update:   Potential etc. stored on FOR002

 Wmsg: Iteration    15 Etot =    -398.892291 err =  0.00010801
       Dyson loops  31 EF   =       0.230778 err =  0.00007937 DOS(E_F)=    3.68 hx = 0.00100
       QSCA = -0.0346
       QCPA =  0.4112  0.0000

 Wmsg: Iteration    16 Etot =    -398.892369 err =  0.00007813
       Dyson loops  31 EF   =       0.230752 err =  0.00004485 DOS(E_F)=    3.63 hx = 0.00100
       QSCA = -0.0347
       QCPA =  0.4114  0.0000

 Wmsg: Iteration    17 Etot =    -398.892425 err =  0.00005602
       Dyson loops  31 EF   =       0.230686 err =  0.00008115 DOS(E_F)=    3.61 hx = 0.00100
       QSCA = -0.0348
       QCPA =  0.4115  0.0000

 Wmsg: Iteration    18 Etot =    -398.892466 err =  0.00004051
       Dyson loops  31 EF   =       0.230613 err =  0.00008289 DOS(E_F)=    3.60 hx = 0.00100
       QSCA = -0.0348
       QCPA =  0.4116  0.0000

 Wmsg: Iteration    19 Etot =    -398.892495 err =  0.00002935
       Dyson loops  31 EF   =       0.230546 err =  0.00007339 DOS(E_F)=    3.60 hx = 0.00100
       QSCA = -0.0348
       QCPA =  0.4117  0.0000

 Wmsg: Iteration    20 Etot =    -398.892516 err =  0.00002131
       Dyson loops  31 EF   =       0.230491 err =  0.00006026 DOS(E_F)=    3.60 hx = 0.00100
       QSCA = -0.0348
       QCPA =  0.4117  0.0000

 Wmsg: Iteration    21 Etot =    -398.892532 err =  0.00001550
       Dyson loops  31 EF   =       0.230447 err =  0.00004748 DOS(E_F)=    3.61 hx = 0.00100
       QSCA = -0.0349
       QCPA =  0.4117  0.0000

 Update:   Potential etc. stored on FOR002

 Wmsg: Iteration    22 Etot =    -398.892543 err =  0.00001128
       Dyson loops  31 EF   =       0.230414 err =  0.00003648 DOS(E_F)=    3.61 hx = 0.00100
       QSCA = -0.0349
       QCPA =  0.4117  0.0000

 Wmsg: Iteration    23 Etot =    -398.892551 err =  0.00000822
       Dyson loops  31 EF   =       0.230388 err =  0.00002759 DOS(E_F)=    3.61 hx = 0.00100
       QSCA = -0.0349
       QCPA =  0.4117  0.0000

 Wmsg: Iteration    24 Etot =    -398.892557 err =  0.00000600
       Dyson loops  31 EF   =       0.230369 err =  0.00002065 DOS(E_F)=    3.61 hx = 0.00100
       QSCA = -0.0349
       QCPA =  0.4117  0.0000

 Wmsg: Iteration    25 Etot =    -398.892562 err =  0.00000438
       Dyson loops  31 EF   =       0.230354 err =  0.00001534 DOS(E_F)=    3.61 hx = 0.00100
       QSCA = -0.0349
       QCPA =  0.4117  0.0000

 Wmsg: Iteration    26 Etot =    -398.892565 err =  0.00000320
       Dyson loops  31 EF   =       0.230344 err =  0.00001135 DOS(E_F)=    3.61 hx = 0.00100
       QSCA = -0.0349
       QCPA =  0.4117  0.0000

 Wmsg: Iteration    27 Etot =    -398.892567 err =  0.00000234
       Dyson loops  31 EF   =       0.230336 err =  0.00000837 DOS(E_F)=    3.61 hx = 0.00100
       QSCA = -0.0349
       QCPA =  0.4117  0.0000

 Wmsg: Iteration    28 Etot =    -398.892569 err =  0.00000171
       Dyson loops  31 EF   =       0.230330 err =  0.00000615 DOS(E_F)=    3.62 hx = 0.00100
       QSCA = -0.0349
       QCPA =  0.4117  0.0000

 Update:   Potential etc. stored on FOR002

 Wmsg: Iteration    29 Etot =    -398.892570 err =  0.00000125
       Dyson loops  31 EF   =       0.230326 err =  0.00000452 DOS(E_F)=    3.62 hx = 0.00100
       QSCA = -0.0349
       QCPA =  0.4117  0.0000

 Wmsg: Iteration    30 Etot =    -398.892571 err =  0.00000091
       Dyson loops  31 EF   =       0.230323 err =  0.00000329 DOS(E_F)=    3.62 hx = 0.00100
       QSCA = -0.0349
       QCPA =  0.4117  0.0000

 Wmsg: Iteration    31 Etot =    -398.892572 err =  0.00000066
       Dyson loops  31 EF   =       0.230321 err =  0.00000240 DOS(E_F)=    3.62 hx = 0.00100
       QSCA = -0.0349
       QCPA =  0.4117  0.0000

 Wmsg: Iteration    32 Etot =    -398.892572 err =  0.00000049
       Dyson loops  31 EF   =       0.230319 err =  0.00000174 DOS(E_F)=    3.62 hx = 0.00100
       QSCA = -0.0349
       QCPA =  0.4117  0.0000

 Wmsg: Iteration    33 Etot =    -398.892573 err =  0.00000036
       Dyson loops  31 EF   =       0.230318 err =  0.00000126 DOS(E_F)=    3.62 hx = 0.00100
       QSCA = -0.0349
       QCPA =  0.4117  0.0000

 Wmsg: Iteration    34 Etot =    -398.892573 err =  0.00000026
       Dyson loops  31 EF   =       0.230317 err =  0.00000092 DOS(E_F)=    3.62 hx = 0.00100
       QSCA = -0.0349
       QCPA =  0.4117  0.0000

 Wmsg: Iteration    35 Etot =    -398.892573 err =  0.00000019
       Dyson loops  31 EF   =       0.230316 err =  0.00000067 DOS(E_F)=    3.62 hx = 0.00100
       QSCA = -0.0349
       QCPA =  0.4117  0.0000

 Update:   Potential etc. stored on FOR002

 Wmsg: Iteration    36 Etot =    -398.892573 err =  0.00000014
       Dyson loops  31 EF   =       0.230316 err =  0.00000049 DOS(E_F)=    3.62 hx = 0.00100
       QSCA = -0.0349
       QCPA =  0.4117  0.0000

 Wmsg: Iteration    37 Etot =    -398.892573 err =  0.00000010
       Dyson loops  31 EF   =       0.230316 err =  0.00000036 DOS(E_F)=    3.62 hx = 0.00100
       QSCA = -0.0349
       QCPA =  0.4117  0.0000

 Wmsg: Iteration    38 Etot =    -398.892573 err =  0.00000008
       Dyson loops  31 EF   =       0.230315 err =  0.00000026 DOS(E_F)=    3.62 hx = 0.00100
       QSCA = -0.0349
       QCPA =  0.4117  0.0000

 Wmsg: Iteration    39 Etot =    -398.892573 err =  0.00000006
       Dyson loops  31 EF   =       0.230315 err =  0.00000019 DOS(E_F)=    3.62 hx = 0.00100
       QSCA = -0.0349
       QCPA =  0.4117  0.0000

 Wmsg: Iteration    40 Etot =    -398.892573 err =  0.00000004
       Dyson loops  31 EF   =       0.230315 err =  0.00000014 DOS(E_F)=    3.62 hx = 0.00100
       QSCA = -0.0349
       QCPA =  0.4117  0.0000

 Wmsg: Iteration    41 Etot =    -398.892574 err =  0.00000003
       Dyson loops  31 EF   =       0.230315 err =  0.00000010 DOS(E_F)=    3.62 hx = 0.00100
       QSCA = -0.0349
       QCPA =  0.4117  0.0000

 Wmsg: Iteration    42 Etot =    -398.892574 err =  0.00000002
       Dyson loops  31 EF   =       0.230315 err =  0.00000008 DOS(E_F)=    3.62 hx = 0.00100
       QSCA = -0.0349
       QCPA =  0.4117  0.0000

 Update:   Potential etc. stored on FOR002

 Wmsg: Iteration    43 Etot =    -398.892574 err =  0.00000002
       Dyson loops  31 EF   =       0.230315 err =  0.00000006 DOS(E_F)=    3.62 hx = 0.00100
       QSCA = -0.0349
       QCPA =  0.4117  0.0000

 Wmsg: Iteration    44 Etot =    -398.892574 err =  0.00000001
       Dyson loops  31 EF   =       0.230315 err =  0.00000004 DOS(E_F)=    3.62 hx = 0.00100
       QSCA = -0.0349
       QCPA =  0.4117  0.0000

 Wmsg: Iteration    45 Etot =    -398.892574 err =  0.00000001
       Dyson loops  31 EF   =       0.230315 err =  0.00000003 DOS(E_F)=    3.62 hx = 0.00100
       QSCA = -0.0349
       QCPA =  0.4117  0.0000

 Wmsg: Iteration    46 Etot =    -398.892574 err =  0.00000001
       Dyson loops  31 EF   =       0.230315 err =  0.00000002 DOS(E_F)=    3.62 hx = 0.00100
       QSCA = -0.0349
       QCPA =  0.4117  0.0000

 Wmsg: Iteration    47 Etot =    -398.892574 err =  0.00000000
       Dyson loops  31 EF   =       0.230315 err =  0.00000002 DOS(E_F)=    3.62 hx = 0.00100
       QSCA = -0.0349
       QCPA =  0.4117  0.0000

 Wmsg: Iteration    48 Etot =    -398.892574 err =  0.00000000
       Dyson loops  31 EF   =       0.230315 err =  0.00000001 DOS(E_F)=    3.62 hx = 0.00100
       QSCA = -0.0349
       QCPA =  0.4117  0.0000

 Wmsg: Iteration    49 Etot =    -398.892574 err =  0.00000000
       Dyson loops  31 EF   =       0.230315 err =  0.00000001 DOS(E_F)=    3.62 hx = 0.00100
       QSCA = -0.0349
       QCPA =  0.4117  0.0000

 Update:   Potential etc. stored on FOR002

 Update:   Potential etc. stored on FOR002

 Dospth: CPA equation for IS =  1 converged in  1- 1 iterations

 KGRN:     Calculation of the full charge density, lmaxh =  8

 Kkrfcd:   NOS(Ef) =  1.999979 ELT =  2.000000

 Mgaunt:   Generate real Gaunt numbers

 Grnfcd:   Construct the full charge density

 Eldens:   Calculate multipole moments

 Eldens:   delQ = -0.000021 QTI = -0.475714 -0.000021

 Rotchd:   Perform the 3D rotations

 Fcdupd:   Full charge density stored on FOR010

 KGRN: Calculation finished at 14:21 on 23-Jan-26
 
  Total time for the self-consistency loop:      37.839
  Total linear iterations time :      17.561
