
 KGRN: job = CuMg_1.00_2.72 isno =   0 Func = SCA

           Shape function for IQ =  1

 Mgaunt:   Generate real Gaunt numbers

 Setsym:   Set up the site-group symmetry elements for IQ=  1

           E     sigb  C31+  C31-  sigf  sige  C4z+  C4z-
           C2z   sigx  C2d   C4y-  S64-  S62+  sigy  C4x+
           C2c   S62-  S63+  siga  C33+  C34-  S4x+  S4y-
           I     C2b   S61-  S61+  C2f   C2e   S4z-  S4z+
           sigz  C2x   sigd  S4y+  C34+  C32-  C2y   S4x-
           sigc  C32+  C33-  C2a   S63-  S64+  C4x-  C4y+

 Atomc:    Atomic calculations for: Cu  

 Atomc:    Atomic calculations converged

           Number of core electrons  17.99927824
 Atomc:    Atomic calculations for: Mg  

 Atomc:    Atomic calculations converged

           Number of core electrons   9.99670461

 KMESHMP : Monkhorst-Pack k-mesh parameters, NKX,NKY,NKZ= 32 32 31

 Setkms:   NKVEC =     8193

 Blochs:   Bloch sum of slope matrix => array
  1  1  -1.10  1.2402 -1.0391  0.1628 -0.0308  0.0060 -0.0011  0.0002
  2  1  -1.08  1.1752 -0.9932  0.1488 -0.0269  0.0050 -0.0009  0.0001
  3  1  -1.00  0.9183 -0.8038  0.0975 -0.0143  0.0021 -0.0003  0.0000
  4  1  -0.84  0.4692 -0.4376  0.0289 -0.0023  0.0002 -0.0000  0.0000
  5  1  -0.64  0.0239  0.0236  0.0001  0.0000  0.0000  0.0000  0.0000
  6  1  -0.44  0.5149  0.4771  0.0343  0.0030  0.0003  0.0000  0.0000
  7  1  -0.28  0.9887  0.8572  0.1108  0.0173  0.0028  0.0004  0.0001
  8  1  -0.16  1.3797  1.1346  0.1942  0.0401  0.0085  0.0018  0.0003
  9  1  -0.08  1.6535  1.3120  0.2596  0.0620  0.0152  0.0036  0.0007
 10  1  -0.04  1.8183  1.4128  0.3010  0.0775  0.0205  0.0052  0.0011
 11  1  -0.02  1.9058  1.4645  0.3235  0.0863  0.0236  0.0063  0.0014
 12  1  -0.01  1.9476  1.4888  0.3343  0.0906  0.0252  0.0068  0.0016
 13  1  -0.00  1.9656  1.4992  0.3390  0.0926  0.0259  0.0070  0.0016
 14  1  -0.00  1.9723  1.5030  0.3407  0.0933  0.0262  0.0071  0.0017
 15  1  -0.00  1.9742  1.5042  0.3412  0.0935  0.0263  0.0072  0.0017
 16  1  -0.00  1.9746  1.5044  0.3413  0.0935  0.0263  0.0072  0.0017

 Slfcns:   Start LDA iterations by KKR, XC = Perdew-Wang 96 LDA, Soft-core-A 

 Wmsg: Iteration     1 Etot =    -398.967930 err =  7.12316969
       Dyson loops  31 EF   =       0.076130 err =  0.08276511 DOS(E_F)=    4.27 hx = 0.10100
       QSCA = -0.0078
       QCPA =  0.1788  0.0000

 Wmsg: Iteration     2 Etot =    -398.949940 err =  0.01799007
       Dyson loops  31 EF   =       0.115710 err =  0.03786948 DOS(E_F)=    3.20 hx = 0.08080
       QSCA = -0.0130
       QCPA =  0.2791  0.0000

 Wmsg: Iteration     3 Etot =    -398.955818 err =  0.00587782
       Dyson loops  31 EF   =       0.129013 err =  0.01142784 DOS(E_F)=    3.93 hx = 0.06464
       QSCA = -0.0161
       QCPA =  0.3464  0.0000

 Wmsg: Iteration     4 Etot =    -398.962470 err =  0.00665274
       Dyson loops  31 EF   =       0.132748 err =  0.00273350 DOS(E_F)=    4.22 hx = 0.05171
       QSCA = -0.0180
       QCPA =  0.3894  0.0000

 Wmsg: Iteration     5 Etot =    -398.966132 err =  0.00366205
       Dyson loops  31 EF   =       0.132787 err =  0.00052495 DOS(E_F)=    4.31 hx = 0.04137
       QSCA = -0.0192
       QCPA =  0.4162  0.0000

 Wmsg: Iteration     6 Etot =    -398.967579 err =  0.00144676
       Dyson loops  31 EF   =       0.120781 err =  0.01243598 DOS(E_F)=    4.01 hx = 0.02068
       QSCA = -0.0199
       QCPA =  0.4329  0.0000

 Wmsg: Iteration     7 Etot =    -398.968678 err =  0.00109850
       Dyson loops  31 EF   =       0.124359 err =  0.00334924 DOS(E_F)=    3.75 hx = 0.01034
       QSCA = -0.0206
       QCPA =  0.4434  0.0000

 Update:   Potential etc. stored on FOR002

 Wmsg: Iteration     8 Etot =    -398.969932 err =  0.00125441
       Dyson loops  31 EF   =       0.124949 err =  0.00028677 DOS(E_F)=    4.29 hx = 0.00517
       QSCA = -0.0210
       QCPA =  0.4498  0.0000

 Wmsg: Iteration     9 Etot =    -398.970590 err =  0.00065808
       Dyson loops  31 EF   =       0.119968 err =  0.00044664 DOS(E_F)=    4.09 hx = 0.00259
       QSCA = -0.0212
       QCPA =  0.4547  0.0000

 Wmsg: Iteration    10 Etot =    -398.971001 err =  0.00041126
       Dyson loops  31 EF   =       0.121657 err =  0.00308945 DOS(E_F)=    4.24 hx = 0.00309
       QSCA = -0.0214
       QCPA =  0.4568  0.0000

 Wmsg: Iteration    11 Etot =    -398.971337 err =  0.00033594
       Dyson loops  31 EF   =       0.122253 err =  0.00052028 DOS(E_F)=    4.22 hx = 0.00154
       QSCA = -0.0216
       QCPA =  0.4591  0.0000

 Wmsg: Iteration    12 Etot =    -398.971571 err =  0.00023404
       Dyson loops  31 EF   =       0.122322 err =  0.00001597 DOS(E_F)=    4.10 hx = 0.00100
       QSCA = -0.0217
       QCPA =  0.4606  0.0000

 Wmsg: Iteration    13 Etot =    -398.971736 err =  0.00016473
       Dyson loops  31 EF   =       0.121653 err =  0.00071350 DOS(E_F)=    4.07 hx = 0.00100
       QSCA = -0.0217
       QCPA =  0.4616  0.0000

 Wmsg: Iteration    14 Etot =    -398.971850 err =  0.00011414
       Dyson loops  31 EF   =       0.121742 err =  0.00006262 DOS(E_F)=    4.09 hx = 0.00100
       QSCA = -0.0218
       QCPA =  0.4622  0.0000

 Update:   Potential etc. stored on FOR002

 Wmsg: Iteration    15 Etot =    -398.971937 err =  0.00008646
       Dyson loops  31 EF   =       0.121702 err =  0.00006192 DOS(E_F)=    4.07 hx = 0.00100
       QSCA = -0.0218
       QCPA =  0.4626  0.0000

 Wmsg: Iteration    16 Etot =    -398.971998 err =  0.00006156
       Dyson loops  31 EF   =       0.121621 err =  0.00009706 DOS(E_F)=    4.06 hx = 0.00100
       QSCA = -0.0218
       QCPA =  0.4629  0.0000

 Wmsg: Iteration    17 Etot =    -398.972043 err =  0.00004436
       Dyson loops  31 EF   =       0.121535 err =  0.00009681 DOS(E_F)=    4.06 hx = 0.00100
       QSCA = -0.0218
       QCPA =  0.4631  0.0000

 Wmsg: Iteration    18 Etot =    -398.972075 err =  0.00003209
       Dyson loops  31 EF   =       0.121459 err =  0.00008394 DOS(E_F)=    4.06 hx = 0.00100
       QSCA = -0.0218
       QCPA =  0.4632  0.0000

 Wmsg: Iteration    19 Etot =    -398.972098 err =  0.00002328
       Dyson loops  31 EF   =       0.121397 err =  0.00006799 DOS(E_F)=    4.06 hx = 0.00100
       QSCA = -0.0219
       QCPA =  0.4633  0.0000

 Wmsg: Iteration    20 Etot =    -398.972115 err =  0.00001693
       Dyson loops  31 EF   =       0.121348 err =  0.00005305 DOS(E_F)=    4.06 hx = 0.00100
       QSCA = -0.0219
       QCPA =  0.4633  0.0000

 Wmsg: Iteration    21 Etot =    -398.972127 err =  0.00001233
       Dyson loops  31 EF   =       0.121311 err =  0.00004047 DOS(E_F)=    4.06 hx = 0.00100
       QSCA = -0.0219
       QCPA =  0.4634  0.0000

 Update:   Potential etc. stored on FOR002

 Wmsg: Iteration    22 Etot =    -398.972136 err =  0.00000900
       Dyson loops  31 EF   =       0.121283 err =  0.00003045 DOS(E_F)=    4.06 hx = 0.00100
       QSCA = -0.0219
       QCPA =  0.4634  0.0000

 Wmsg: Iteration    23 Etot =    -398.972143 err =  0.00000657
       Dyson loops  31 EF   =       0.121261 err =  0.00002270 DOS(E_F)=    4.06 hx = 0.00100
       QSCA = -0.0219
       QCPA =  0.4634  0.0000

 Wmsg: Iteration    24 Etot =    -398.972148 err =  0.00000480
       Dyson loops  31 EF   =       0.121246 err =  0.00001682 DOS(E_F)=    4.07 hx = 0.00100
       QSCA = -0.0219
       QCPA =  0.4634  0.0000

 Wmsg: Iteration    25 Etot =    -398.972151 err =  0.00000351
       Dyson loops  31 EF   =       0.121234 err =  0.00001242 DOS(E_F)=    4.07 hx = 0.00100
       QSCA = -0.0219
       QCPA =  0.4634  0.0000

 Wmsg: Iteration    26 Etot =    -398.972154 err =  0.00000257
       Dyson loops  31 EF   =       0.121226 err =  0.00000915 DOS(E_F)=    4.07 hx = 0.00100
       QSCA = -0.0219
       QCPA =  0.4634  0.0000

 Wmsg: Iteration    27 Etot =    -398.972156 err =  0.00000188
       Dyson loops  31 EF   =       0.121220 err =  0.00000673 DOS(E_F)=    4.07 hx = 0.00100
       QSCA = -0.0219
       QCPA =  0.4634  0.0000

 Wmsg: Iteration    28 Etot =    -398.972157 err =  0.00000138
       Dyson loops  31 EF   =       0.121215 err =  0.00000494 DOS(E_F)=    4.07 hx = 0.00100
       QSCA = -0.0219
       QCPA =  0.4634  0.0000

 Update:   Potential etc. stored on FOR002

 Wmsg: Iteration    29 Etot =    -398.972158 err =  0.00000101
       Dyson loops  31 EF   =       0.121212 err =  0.00000362 DOS(E_F)=    4.07 hx = 0.00100
       QSCA = -0.0219
       QCPA =  0.4634  0.0000

 Wmsg: Iteration    30 Etot =    -398.972159 err =  0.00000073
       Dyson loops  31 EF   =       0.121209 err =  0.00000265 DOS(E_F)=    4.07 hx = 0.00100
       QSCA = -0.0219
       QCPA =  0.4634  0.0000

 Wmsg: Iteration    31 Etot =    -398.972159 err =  0.00000054
       Dyson loops  31 EF   =       0.121207 err =  0.00000194 DOS(E_F)=    4.07 hx = 0.00100
       QSCA = -0.0219
       QCPA =  0.4634  0.0000

 Wmsg: Iteration    32 Etot =    -398.972160 err =  0.00000039
       Dyson loops  31 EF   =       0.121206 err =  0.00000142 DOS(E_F)=    4.07 hx = 0.00100
       QSCA = -0.0219
       QCPA =  0.4634  0.0000

 Wmsg: Iteration    33 Etot =    -398.972160 err =  0.00000029
       Dyson loops  31 EF   =       0.121205 err =  0.00000104 DOS(E_F)=    4.07 hx = 0.00100
       QSCA = -0.0219
       QCPA =  0.4634  0.0000

 Wmsg: Iteration    34 Etot =    -398.972160 err =  0.00000021
       Dyson loops  31 EF   =       0.121204 err =  0.00000076 DOS(E_F)=    4.07 hx = 0.00100
       QSCA = -0.0219
       QCPA =  0.4634  0.0000

 Wmsg: Iteration    35 Etot =    -398.972160 err =  0.00000016
       Dyson loops  31 EF   =       0.121204 err =  0.00000056 DOS(E_F)=    4.07 hx = 0.00100
       QSCA = -0.0219
       QCPA =  0.4634  0.0000

 Update:   Potential etc. stored on FOR002

 Wmsg: Iteration    36 Etot =    -398.972160 err =  0.00000011
       Dyson loops  31 EF   =       0.121203 err =  0.00000041 DOS(E_F)=    4.07 hx = 0.00100
       QSCA = -0.0219
       QCPA =  0.4634  0.0000

 Wmsg: Iteration    37 Etot =    -398.972161 err =  0.00000008
       Dyson loops  31 EF   =       0.121203 err =  0.00000030 DOS(E_F)=    4.07 hx = 0.00100
       QSCA = -0.0219
       QCPA =  0.4634  0.0000

 Wmsg: Iteration    38 Etot =    -398.972161 err =  0.00000006
       Dyson loops  31 EF   =       0.121203 err =  0.00000022 DOS(E_F)=    4.07 hx = 0.00100
       QSCA = -0.0219
       QCPA =  0.4634  0.0000

 Wmsg: Iteration    39 Etot =    -398.972161 err =  0.00000005
       Dyson loops  31 EF   =       0.121203 err =  0.00000016 DOS(E_F)=    4.07 hx = 0.00100
       QSCA = -0.0219
       QCPA =  0.4634  0.0000

 Wmsg: Iteration    40 Etot =    -398.972161 err =  0.00000003
       Dyson loops  31 EF   =       0.121203 err =  0.00000012 DOS(E_F)=    4.07 hx = 0.00100
       QSCA = -0.0219
       QCPA =  0.4634  0.0000

 Wmsg: Iteration    41 Etot =    -398.972161 err =  0.00000002
       Dyson loops  31 EF   =       0.121203 err =  0.00000009 DOS(E_F)=    4.07 hx = 0.00100
       QSCA = -0.0219
       QCPA =  0.4634  0.0000

 Wmsg: Iteration    42 Etot =    -398.972161 err =  0.00000002
       Dyson loops  31 EF   =       0.121202 err =  0.00000006 DOS(E_F)=    4.07 hx = 0.00100
       QSCA = -0.0219
       QCPA =  0.4634  0.0000

 Update:   Potential etc. stored on FOR002

 Wmsg: Iteration    43 Etot =    -398.972161 err =  0.00000001
       Dyson loops  31 EF   =       0.121202 err =  0.00000005 DOS(E_F)=    4.07 hx = 0.00100
       QSCA = -0.0219
       QCPA =  0.4634  0.0000

 Wmsg: Iteration    44 Etot =    -398.972161 err =  0.00000001
       Dyson loops  31 EF   =       0.121202 err =  0.00000003 DOS(E_F)=    4.07 hx = 0.00100
       QSCA = -0.0219
       QCPA =  0.4634  0.0000

 Wmsg: Iteration    45 Etot =    -398.972161 err =  0.00000001
       Dyson loops  31 EF   =       0.121202 err =  0.00000003 DOS(E_F)=    4.07 hx = 0.00100
       QSCA = -0.0219
       QCPA =  0.4634  0.0000

 Wmsg: Iteration    46 Etot =    -398.972161 err =  0.00000001
       Dyson loops  31 EF   =       0.121202 err =  0.00000002 DOS(E_F)=    4.07 hx = 0.00100
       QSCA = -0.0219
       QCPA =  0.4634  0.0000

 Wmsg: Iteration    47 Etot =    -398.972161 err =  0.00000000
       Dyson loops  31 EF   =       0.121202 err =  0.00000001 DOS(E_F)=    4.07 hx = 0.00100
       QSCA = -0.0219
       QCPA =  0.4634  0.0000

 Wmsg: Iteration    48 Etot =    -398.972161 err =  0.00000000
       Dyson loops  31 EF   =       0.121202 err =  0.00000001 DOS(E_F)=    4.07 hx = 0.00100
       QSCA = -0.0219
       QCPA =  0.4634  0.0000

 Wmsg: Iteration    49 Etot =    -398.972161 err =  0.00000000
       Dyson loops  31 EF   =       0.121202 err =  0.00000001 DOS(E_F)=    4.07 hx = 0.00100
       QSCA = -0.0219
       QCPA =  0.4634  0.0000

 Update:   Potential etc. stored on FOR002

 Update:   Potential etc. stored on FOR002

 Dospth: CPA equation for IS =  1 converged in  1- 1 iterations

 KGRN:     Calculation of the full charge density, lmaxh =  8

 Kkrfcd:   NOS(Ef) =  1.999976 ELT =  2.000000

 Mgaunt:   Generate real Gaunt numbers

 Grnfcd:   Construct the full charge density

 Eldens:   Calculate multipole moments

 Eldens:   delQ = -0.000024 QTI = -0.264287 -0.000024

 Rotchd:   Perform the 3D rotations

 Fcdupd:   Full charge density stored on FOR010

 KGRN: Calculation finished at 14:29 on 23-Jan-26
 
  Total time for the self-consistency loop:      37.240
  Total linear iterations time :      17.267
