
 KGRN: job = CuMg_1.00_3.03 isno =   0 Func = SCA

           Shape function for IQ =  1

 Mgaunt:   Generate real Gaunt numbers

 Setsym:   Set up the site-group symmetry elements for IQ=  1

           E     sigb  C31+  C31-  sigf  sige  C4z+  C4z-
           C2z   sigx  C2d   C4y-  S64-  S62+  sigy  C4x+
           C2c   S62-  S63+  siga  C33+  C34-  S4x+  S4y-
           I     C2b   S61-  S61+  C2f   C2e   S4z-  S4z+
           sigz  C2x   sigd  S4y+  C34+  C32-  C2y   S4x-
           sigc  C32+  C33-  C2a   S63-  S64+  C4x-  C4y+

 Atomc:    Atomic calculations for: Cu  

 Atomc:    Atomic calculations converged

           Number of core electrons  17.99982089
 Atomc:    Atomic calculations for: Mg  

 Atomc:    Atomic calculations converged

           Number of core electrons   9.99891296

 KMESHMP : Monkhorst-Pack k-mesh parameters, NKX,NKY,NKZ= 32 32 31

 Setkms:   NKVEC =     8193

 Blochs:   Bloch sum of slope matrix => array
  1  1  -1.10  1.9855 -1.5106  0.3442 -0.0947  0.0267 -0.0073  0.0017
  2  1  -1.08  1.8874 -1.4537  0.3187 -0.0844  0.0229 -0.0060  0.0014
  3  1  -1.00  1.5070 -1.2187  0.2240 -0.0497  0.0113 -0.0025  0.0005
  4  1  -0.84  0.8668 -0.7642  0.0881 -0.0123  0.0018 -0.0002  0.0000
  5  1  -0.64  0.1980 -0.1920  0.0056 -0.0002  0.0000 -0.0000  0.0000
  6  1  -0.44  0.3933  0.3708  0.0207  0.0014  0.0001  0.0000  0.0000
  7  1  -0.28  0.9692  0.8424  0.1070  0.0164  0.0026  0.0004  0.0001
  8  1  -0.16  1.4581  1.1867  0.2124  0.0459  0.0102  0.0022  0.0004
  9  1  -0.08  1.8085  1.4069  0.2985  0.0765  0.0201  0.0051  0.0011
 10  1  -0.04  2.0228  1.5319  0.3539  0.0988  0.0283  0.0079  0.0019
 11  1  -0.02  2.1376  1.5961  0.3842  0.1117  0.0333  0.0096  0.0024
 12  1  -0.01  2.1927  1.6263  0.3989  0.1181  0.0359  0.0106  0.0027
 13  1  -0.00  2.2164  1.6392  0.4052  0.1210  0.0371  0.0110  0.0028
 14  1  -0.00  2.2253  1.6439  0.4076  0.1220  0.0375  0.0112  0.0028
 15  1  -0.00  2.2279  1.6454  0.4083  0.1224  0.0376  0.0112  0.0029
 16  1  -0.00  2.2284  1.6456  0.4084  0.1224  0.0376  0.0112  0.0029

 Slfcns:   Start LDA iterations by KKR, XC = Perdew-Wang 96 LDA, Soft-core-A 

 Wmsg: Iteration     1 Etot =    -399.018873 err =  5.27264007
       Dyson loops  31 EF   =       0.003693 err =  0.00836364 DOS(E_F)=    4.55 hx = 0.10100
       QSCA = -0.0017
       QCPA =  0.1914  0.0000

 Wmsg: Iteration     2 Etot =    -399.025265 err =  0.00639184
       Dyson loops  31 EF   =       0.000121 err =  0.00457342 DOS(E_F)=    4.65 hx = 0.08080
       QSCA = -0.0025
       QCPA =  0.3176  0.0000

 Wmsg: Iteration     3 Etot =    -399.028955 err =  0.00368958
       Dyson loops  31 EF   =      -0.025369 err =  0.02669085 DOS(E_F)=    5.69 hx = 0.06464
       QSCA = -0.0028
       QCPA =  0.3922  0.0000

 Wmsg: Iteration     4 Etot =    -399.031479 err =  0.00252405
       Dyson loops  31 EF   =      -0.020518 err =  0.00394516 DOS(E_F)=    5.17 hx = 0.05171
       QSCA = -0.0031
       QCPA =  0.4358  0.0000

 Wmsg: Iteration     5 Etot =    -399.035221 err =  0.00374287
       Dyson loops  31 EF   =      -0.019623 err =  0.00053392 DOS(E_F)=    4.95 hx = 0.04137
       QSCA = -0.0033
       QCPA =  0.4638  0.0000

 Wmsg: Iteration     6 Etot =    -399.036754 err =  0.00153255
       Dyson loops  31 EF   =      -0.029560 err =  0.00087848 DOS(E_F)=    4.69 hx = 0.02068
       QSCA = -0.0034
       QCPA =  0.4808  0.0000

 Wmsg: Iteration     7 Etot =    -399.037204 err =  0.00044988
       Dyson loops  31 EF   =      -0.026583 err =  0.00663889 DOS(E_F)=    4.91 hx = 0.01034
       QSCA = -0.0034
       QCPA =  0.4886  0.0000

 Update:   Potential etc. stored on FOR002

 Wmsg: Iteration     8 Etot =    -399.038408 err =  0.00120363
       Dyson loops  31 EF   =      -0.025405 err =  0.00100363 DOS(E_F)=    4.79 hx = 0.00517
       QSCA = -0.0035
       QCPA =  0.4970  0.0000

 Wmsg: Iteration     9 Etot =    -399.038977 err =  0.00056960
       Dyson loops  31 EF   =      -0.025178 err =  0.00009528 DOS(E_F)=    4.65 hx = 0.00259
       QSCA = -0.0035
       QCPA =  0.5018  0.0000

 Wmsg: Iteration    10 Etot =    -399.039335 err =  0.00035747
       Dyson loops  31 EF   =      -0.027657 err =  0.00025636 DOS(E_F)=    4.78 hx = 0.00129
       QSCA = -0.0035
       QCPA =  0.5051  0.0000

 Wmsg: Iteration    11 Etot =    -399.039567 err =  0.00023244
       Dyson loops  31 EF   =      -0.027077 err =  0.00180014 DOS(E_F)=    4.67 hx = 0.00180
       QSCA = -0.0035
       QCPA =  0.5045  0.0000

 Wmsg: Iteration    12 Etot =    -399.039751 err =  0.00018412
       Dyson loops  31 EF   =      -0.026751 err =  0.00027536 DOS(E_F)=    4.68 hx = 0.00100
       QSCA = -0.0035
       QCPA =  0.5040  0.0000

 Wmsg: Iteration    13 Etot =    -399.039881 err =  0.00013010
       Dyson loops  31 EF   =      -0.026684 err =  0.00002703 DOS(E_F)=    4.76 hx = 0.00100
       QSCA = -0.0035
       QCPA =  0.5059  0.0000

 Wmsg: Iteration    14 Etot =    -399.039974 err =  0.00009305
       Dyson loops  31 EF   =      -0.026727 err =  0.00006640 DOS(E_F)=    4.81 hx = 0.00100
       QSCA = -0.0035
       QCPA =  0.5083  0.0000

 Update:   Potential etc. stored on FOR002

 Wmsg: Iteration    15 Etot =    -399.040040 err =  0.00006571
       Dyson loops  31 EF   =      -0.026813 err =  0.00010258 DOS(E_F)=    4.84 hx = 0.00100
       QSCA = -0.0035
       QCPA =  0.5096  0.0000

 Wmsg: Iteration    16 Etot =    -399.040087 err =  0.00004736
       Dyson loops  31 EF   =      -0.026903 err =  0.00010415 DOS(E_F)=    4.85 hx = 0.00100
       QSCA = -0.0035
       QCPA =  0.5103  0.0000

 Wmsg: Iteration    17 Etot =    -399.040122 err =  0.00003428
       Dyson loops  31 EF   =      -0.026985 err =  0.00009128 DOS(E_F)=    4.85 hx = 0.00100
       QSCA = -0.0035
       QCPA =  0.5107  0.0000

 Wmsg: Iteration    18 Etot =    -399.040147 err =  0.00002488
       Dyson loops  31 EF   =      -0.027053 err =  0.00007485 DOS(E_F)=    4.85 hx = 0.00100
       QSCA = -0.0035
       QCPA =  0.5109  0.0000

 Wmsg: Iteration    19 Etot =    -399.040165 err =  0.00001809
       Dyson loops  31 EF   =      -0.027106 err =  0.00005907 DOS(E_F)=    4.84 hx = 0.00100
       QSCA = -0.0035
       QCPA =  0.5109  0.0000

 Wmsg: Iteration    20 Etot =    -399.040178 err =  0.00001318
       Dyson loops  31 EF   =      -0.027148 err =  0.00004552 DOS(E_F)=    4.84 hx = 0.00100
       QSCA = -0.0035
       QCPA =  0.5109  0.0000

 Wmsg: Iteration    21 Etot =    -399.040187 err =  0.00000961
       Dyson loops  31 EF   =      -0.027180 err =  0.00003453 DOS(E_F)=    4.84 hx = 0.00100
       QSCA = -0.0035
       QCPA =  0.5109  0.0000

 Update:   Potential etc. stored on FOR002

 Wmsg: Iteration    22 Etot =    -399.040194 err =  0.00000701
       Dyson loops  31 EF   =      -0.027204 err =  0.00002592 DOS(E_F)=    4.84 hx = 0.00100
       QSCA = -0.0035
       QCPA =  0.5109  0.0000

 Wmsg: Iteration    23 Etot =    -399.040200 err =  0.00000512
       Dyson loops  31 EF   =      -0.027222 err =  0.00001932 DOS(E_F)=    4.83 hx = 0.00100
       QSCA = -0.0035
       QCPA =  0.5108  0.0000

 Wmsg: Iteration    24 Etot =    -399.040203 err =  0.00000375
       Dyson loops  31 EF   =      -0.027235 err =  0.00001433 DOS(E_F)=    4.83 hx = 0.00100
       QSCA = -0.0035
       QCPA =  0.5108  0.0000

 Wmsg: Iteration    25 Etot =    -399.040206 err =  0.00000274
       Dyson loops  31 EF   =      -0.027245 err =  0.00001060 DOS(E_F)=    4.83 hx = 0.00100
       QSCA = -0.0035
       QCPA =  0.5108  0.0000

 Wmsg: Iteration    26 Etot =    -399.040208 err =  0.00000201
       Dyson loops  31 EF   =      -0.027252 err =  0.00000782 DOS(E_F)=    4.83 hx = 0.00100
       QSCA = -0.0035
       QCPA =  0.5107  0.0000

 Wmsg: Iteration    27 Etot =    -399.040210 err =  0.00000147
       Dyson loops  31 EF   =      -0.027257 err =  0.00000576 DOS(E_F)=    4.83 hx = 0.00100
       QSCA = -0.0035
       QCPA =  0.5107  0.0000

 Wmsg: Iteration    28 Etot =    -399.040211 err =  0.00000108
       Dyson loops  31 EF   =      -0.027261 err =  0.00000424 DOS(E_F)=    4.83 hx = 0.00100
       QSCA = -0.0035
       QCPA =  0.5107  0.0000

 Update:   Potential etc. stored on FOR002

 Wmsg: Iteration    29 Etot =    -399.040211 err =  0.00000079
       Dyson loops  31 EF   =      -0.027264 err =  0.00000315 DOS(E_F)=    4.83 hx = 0.00100
       QSCA = -0.0035
       QCPA =  0.5107  0.0000

 Wmsg: Iteration    30 Etot =    -399.040212 err =  0.00000057
       Dyson loops  31 EF   =      -0.027266 err =  0.00000232 DOS(E_F)=    4.83 hx = 0.00100
       QSCA = -0.0035
       QCPA =  0.5107  0.0000

 Wmsg: Iteration    31 Etot =    -399.040212 err =  0.00000042
       Dyson loops  31 EF   =      -0.027268 err =  0.00000172 DOS(E_F)=    4.83 hx = 0.00100
       QSCA = -0.0035
       QCPA =  0.5107  0.0000

 Wmsg: Iteration    32 Etot =    -399.040213 err =  0.00000031
       Dyson loops  31 EF   =      -0.027269 err =  0.00000127 DOS(E_F)=    4.83 hx = 0.00100
       QSCA = -0.0035
       QCPA =  0.5107  0.0000

 Wmsg: Iteration    33 Etot =    -399.040213 err =  0.00000023
       Dyson loops  31 EF   =      -0.027270 err =  0.00000094 DOS(E_F)=    4.83 hx = 0.00100
       QSCA = -0.0035
       QCPA =  0.5107  0.0000

 Wmsg: Iteration    34 Etot =    -399.040213 err =  0.00000017
       Dyson loops  31 EF   =      -0.027271 err =  0.00000070 DOS(E_F)=    4.83 hx = 0.00100
       QSCA = -0.0035
       QCPA =  0.5106  0.0000

 Wmsg: Iteration    35 Etot =    -399.040213 err =  0.00000012
       Dyson loops  31 EF   =      -0.027271 err =  0.00000051 DOS(E_F)=    4.83 hx = 0.00100
       QSCA = -0.0035
       QCPA =  0.5106  0.0000

 Update:   Potential etc. stored on FOR002

 Wmsg: Iteration    36 Etot =    -399.040213 err =  0.00000009
       Dyson loops  31 EF   =      -0.027272 err =  0.00000038 DOS(E_F)=    4.83 hx = 0.00100
       QSCA = -0.0035
       QCPA =  0.5106  0.0000

 Wmsg: Iteration    37 Etot =    -399.040213 err =  0.00000007
       Dyson loops  31 EF   =      -0.027272 err =  0.00000028 DOS(E_F)=    4.83 hx = 0.00100
       QSCA = -0.0035
       QCPA =  0.5106  0.0000

 Wmsg: Iteration    38 Etot =    -399.040213 err =  0.00000005
       Dyson loops  31 EF   =      -0.027272 err =  0.00000021 DOS(E_F)=    4.83 hx = 0.00100
       QSCA = -0.0035
       QCPA =  0.5106  0.0000

 Wmsg: Iteration    39 Etot =    -399.040213 err =  0.00000004
       Dyson loops  31 EF   =      -0.027272 err =  0.00000015 DOS(E_F)=    4.83 hx = 0.00100
       QSCA = -0.0035
       QCPA =  0.5106  0.0000

 Wmsg: Iteration    40 Etot =    -399.040213 err =  0.00000003
       Dyson loops  31 EF   =      -0.027272 err =  0.00000011 DOS(E_F)=    4.83 hx = 0.00100
       QSCA = -0.0035
       QCPA =  0.5106  0.0000

 Wmsg: Iteration    41 Etot =    -399.040213 err =  0.00000002
       Dyson loops  31 EF   =      -0.027272 err =  0.00000008 DOS(E_F)=    4.83 hx = 0.00100
       QSCA = -0.0035
       QCPA =  0.5106  0.0000

 Wmsg: Iteration    42 Etot =    -399.040213 err =  0.00000001
       Dyson loops  31 EF   =      -0.027272 err =  0.00000006 DOS(E_F)=    4.83 hx = 0.00100
       QSCA = -0.0035
       QCPA =  0.5106  0.0000

 Update:   Potential etc. stored on FOR002

 Wmsg: Iteration    43 Etot =    -399.040214 err =  0.00000001
       Dyson loops  31 EF   =      -0.027272 err =  0.00000004 DOS(E_F)=    4.83 hx = 0.00100
       QSCA = -0.0035
       QCPA =  0.5106  0.0000

 Wmsg: Iteration    44 Etot =    -399.040214 err =  0.00000001
       Dyson loops  31 EF   =      -0.027272 err =  0.00000003 DOS(E_F)=    4.83 hx = 0.00100
       QSCA = -0.0035
       QCPA =  0.5106  0.0000

 Wmsg: Iteration    45 Etot =    -399.040214 err =  0.00000001
       Dyson loops  31 EF   =      -0.027272 err =  0.00000002 DOS(E_F)=    4.83 hx = 0.00100
       QSCA = -0.0035
       QCPA =  0.5106  0.0000

 Wmsg: Iteration    46 Etot =    -399.040214 err =  0.00000000
       Dyson loops  31 EF   =      -0.027273 err =  0.00000002 DOS(E_F)=    4.83 hx = 0.00100
       QSCA = -0.0035
       QCPA =  0.5106  0.0000

 Wmsg: Iteration    47 Etot =    -399.040214 err =  0.00000000
       Dyson loops  31 EF   =      -0.027273 err =  0.00000001 DOS(E_F)=    4.83 hx = 0.00100
       QSCA = -0.0035
       QCPA =  0.5106  0.0000

 Wmsg: Iteration    48 Etot =    -399.040214 err =  0.00000000
       Dyson loops  31 EF   =      -0.027273 err =  0.00000001 DOS(E_F)=    4.83 hx = 0.00100
       QSCA = -0.0035
       QCPA =  0.5106  0.0000

 Update:   Potential etc. stored on FOR002

 Dospth: CPA equation for IS =  1 converged in  1- 1 iterations

 KGRN:     Calculation of the full charge density, lmaxh =  8

 Kkrfcd:   NOS(Ef) =  1.999970 ELT =  2.000000

 Mgaunt:   Generate real Gaunt numbers

 Grnfcd:   Construct the full charge density

 Eldens:   Calculate multipole moments

 Eldens:   delQ = -0.000030 QTI =  0.053078 -0.000030

 Rotchd:   Perform the 3D rotations

 Fcdupd:   Full charge density stored on FOR010

 KGRN: Calculation finished at 15:22 on 23-Jan-26
 
  Total time for the self-consistency loop:      36.458
  Total linear iterations time :      17.203
