
 KGRN: job = CuMg_1.00_3.01 isno =   0 Func = SCA

           Shape function for IQ =  1

 Mgaunt:   Generate real Gaunt numbers

 Setsym:   Set up the site-group symmetry elements for IQ=  1

           E     sigb  C31+  C31-  sigf  sige  C4z+  C4z-
           C2z   sigx  C2d   C4y-  S64-  S62+  sigy  C4x+
           C2c   S62-  S63+  siga  C33+  C34-  S4x+  S4y-
           I     C2b   S61-  S61+  C2f   C2e   S4z-  S4z+
           sigz  C2x   sigd  S4y+  C34+  C32-  C2y   S4x-
           sigc  C32+  C33-  C2a   S63-  S64+  C4x-  C4y+

 Atomc:    Atomic calculations for: Cu  

 Atomc:    Atomic calculations converged

           Number of core electrons  17.99980405
 Atomc:    Atomic calculations for: Mg  

 Atomc:    Atomic calculations converged

           Number of core electrons   9.99883243

 KMESHMP : Monkhorst-Pack k-mesh parameters, NKX,NKY,NKZ= 32 32 31

 Setkms:   NKVEC =     8193

 Blochs:   Bloch sum of slope matrix => array
  1  1  -1.10  1.9285 -1.4777  0.3294 -0.0886  0.0245 -0.0066  0.0015
  2  1  -1.08  1.8331 -1.4216  0.3048 -0.0789  0.0210 -0.0054  0.0012
  3  1  -1.00  1.4626 -1.1897  0.2135 -0.0463  0.0103 -0.0022  0.0004
  4  1  -0.84  0.8372 -0.7412  0.0828 -0.0112  0.0015 -0.0002  0.0000
  5  1  -0.64  0.1815 -0.1765  0.0047 -0.0002  0.0000 -0.0000  0.0000
  6  1  -0.44  0.4024  0.3789  0.0217  0.0015  0.0001  0.0000  0.0000
  7  1  -0.28  0.9717  0.8443  0.1075  0.0165  0.0026  0.0004  0.0001
  8  1  -0.16  1.4541  1.1841  0.2115  0.0456  0.0101  0.0022  0.0004
  9  1  -0.08  1.7993  1.4014  0.2962  0.0756  0.0198  0.0050  0.0011
 10  1  -0.04  2.0102  1.5248  0.3506  0.0974  0.0277  0.0077  0.0018
 11  1  -0.02  2.1231  1.5881  0.3804  0.1100  0.0327  0.0094  0.0023
 12  1  -0.01  2.1773  1.6179  0.3948  0.1163  0.0352  0.0103  0.0026
 13  1  -0.00  2.2006  1.6306  0.4010  0.1191  0.0363  0.0107  0.0027
 14  1  -0.00  2.2093  1.6353  0.4033  0.1201  0.0367  0.0109  0.0028
 15  1  -0.00  2.2119  1.6367  0.4040  0.1204  0.0368  0.0109  0.0028
 16  1  -0.00  2.2124  1.6369  0.4041  0.1205  0.0369  0.0109  0.0028

 Slfcns:   Start LDA iterations by KKR, XC = Perdew-Wang 96 LDA, Soft-core-A 

 Wmsg: Iteration     1 Etot =    -399.014883 err =  5.37708131
       Dyson loops  31 EF   =       0.006882 err =  0.01139650 DOS(E_F)=    4.96 hx = 0.10100
       QSCA = -0.0020
       QCPA =  0.1902  0.0000

 Wmsg: Iteration     2 Etot =    -399.024024 err =  0.00914060
       Dyson loops  31 EF   =       0.005786 err =  0.00255564 DOS(E_F)=    4.96 hx = 0.08080
       QSCA = -0.0030
       QCPA =  0.3161  0.0000

 Wmsg: Iteration     3 Etot =    -399.027141 err =  0.00311777
       Dyson loops  31 EF   =      -0.018476 err =  0.02468460 DOS(E_F)=    5.12 hx = 0.06464
       QSCA = -0.0035
       QCPA =  0.3903  0.0000

 Wmsg: Iteration     4 Etot =    -399.029243 err =  0.00210148
       Dyson loops  31 EF   =      -0.013280 err =  0.00413362 DOS(E_F)=    5.14 hx = 0.05171
       QSCA = -0.0039
       QCPA =  0.4330  0.0000

 Wmsg: Iteration     5 Etot =    -399.033017 err =  0.00377458
       Dyson loops  31 EF   =      -0.012052 err =  0.00090536 DOS(E_F)=    4.96 hx = 0.04137
       QSCA = -0.0041
       QCPA =  0.4614  0.0000

 Wmsg: Iteration     6 Etot =    -399.034676 err =  0.00165884
       Dyson loops  31 EF   =      -0.021876 err =  0.00080044 DOS(E_F)=    4.61 hx = 0.02068
       QSCA = -0.0043
       QCPA =  0.4787  0.0000

 Wmsg: Iteration     7 Etot =    -399.035127 err =  0.00045085
       Dyson loops  31 EF   =      -0.018972 err =  0.00672279 DOS(E_F)=    4.86 hx = 0.01034
       QSCA = -0.0043
       QCPA =  0.4857  0.0000

 Update:   Potential etc. stored on FOR002

 Wmsg: Iteration     8 Etot =    -399.036322 err =  0.00119504
       Dyson loops  31 EF   =      -0.017835 err =  0.00095834 DOS(E_F)=    4.80 hx = 0.00517
       QSCA = -0.0044
       QCPA =  0.4948  0.0000

 Wmsg: Iteration     9 Etot =    -399.036899 err =  0.00057670
       Dyson loops  31 EF   =      -0.017529 err =  0.00018033 DOS(E_F)=    4.54 hx = 0.00259
       QSCA = -0.0044
       QCPA =  0.4999  0.0000

 Wmsg: Iteration    10 Etot =    -399.037259 err =  0.00036023
       Dyson loops  31 EF   =      -0.019988 err =  0.00023933 DOS(E_F)=    4.83 hx = 0.00129
       QSCA = -0.0045
       QCPA =  0.5031  0.0000

 Wmsg: Iteration    11 Etot =    -399.037500 err =  0.00024043
       Dyson loops  31 EF   =      -0.019419 err =  0.00180931 DOS(E_F)=    4.50 hx = 0.00181
       QSCA = -0.0045
       QCPA =  0.5003  0.0000

 Wmsg: Iteration    12 Etot =    -399.037684 err =  0.00018486
       Dyson loops  31 EF   =      -0.019056 err =  0.00031029 DOS(E_F)=    4.63 hx = 0.00100
       QSCA = -0.0045
       QCPA =  0.4983  0.0000

 Wmsg: Iteration    13 Etot =    -399.037813 err =  0.00012844
       Dyson loops  31 EF   =      -0.018993 err =  0.00002557 DOS(E_F)=    4.83 hx = 0.00100
       QSCA = -0.0045
       QCPA =  0.5030  0.0000

 Wmsg: Iteration    14 Etot =    -399.037907 err =  0.00009398
       Dyson loops  31 EF   =      -0.019067 err =  0.00009667 DOS(E_F)=    4.89 hx = 0.00100
       QSCA = -0.0045
       QCPA =  0.5062  0.0000

 Update:   Potential etc. stored on FOR002

 Wmsg: Iteration    15 Etot =    -399.037974 err =  0.00006701
       Dyson loops  31 EF   =      -0.019179 err =  0.00013093 DOS(E_F)=    4.91 hx = 0.00100
       QSCA = -0.0045
       QCPA =  0.5077  0.0000

 Wmsg: Iteration    16 Etot =    -399.038022 err =  0.00004842
       Dyson loops  31 EF   =      -0.019288 err =  0.00012187 DOS(E_F)=    4.92 hx = 0.00100
       QSCA = -0.0045
       QCPA =  0.5085  0.0000

 Wmsg: Iteration    17 Etot =    -399.038057 err =  0.00003508
       Dyson loops  31 EF   =      -0.019379 err =  0.00010087 DOS(E_F)=    4.92 hx = 0.00100
       QSCA = -0.0045
       QCPA =  0.5089  0.0000

 Wmsg: Iteration    18 Etot =    -399.038083 err =  0.00002548
       Dyson loops  31 EF   =      -0.019451 err =  0.00007903 DOS(E_F)=    4.91 hx = 0.00100
       QSCA = -0.0045
       QCPA =  0.5091  0.0000

 Wmsg: Iteration    19 Etot =    -399.038101 err =  0.00001853
       Dyson loops  31 EF   =      -0.019506 err =  0.00006013 DOS(E_F)=    4.91 hx = 0.00100
       QSCA = -0.0045
       QCPA =  0.5091  0.0000

 Wmsg: Iteration    20 Etot =    -399.038115 err =  0.00001350
       Dyson loops  31 EF   =      -0.019547 err =  0.00004500 DOS(E_F)=    4.91 hx = 0.00100
       QSCA = -0.0045
       QCPA =  0.5092  0.0000

 Wmsg: Iteration    21 Etot =    -399.038125 err =  0.00000984
       Dyson loops  31 EF   =      -0.019577 err =  0.00003336 DOS(E_F)=    4.90 hx = 0.00100
       QSCA = -0.0045
       QCPA =  0.5091  0.0000

 Update:   Potential etc. stored on FOR002

 Wmsg: Iteration    22 Etot =    -399.038132 err =  0.00000718
       Dyson loops  31 EF   =      -0.019600 err =  0.00002460 DOS(E_F)=    4.90 hx = 0.00100
       QSCA = -0.0045
       QCPA =  0.5091  0.0000

 Wmsg: Iteration    23 Etot =    -399.038137 err =  0.00000524
       Dyson loops  31 EF   =      -0.019617 err =  0.00001808 DOS(E_F)=    4.90 hx = 0.00100
       QSCA = -0.0045
       QCPA =  0.5091  0.0000

 Wmsg: Iteration    24 Etot =    -399.038141 err =  0.00000383
       Dyson loops  31 EF   =      -0.019629 err =  0.00001327 DOS(E_F)=    4.90 hx = 0.00100
       QSCA = -0.0045
       QCPA =  0.5091  0.0000

 Wmsg: Iteration    25 Etot =    -399.038144 err =  0.00000280
       Dyson loops  31 EF   =      -0.019638 err =  0.00000973 DOS(E_F)=    4.90 hx = 0.00100
       QSCA = -0.0045
       QCPA =  0.5091  0.0000

 Wmsg: Iteration    26 Etot =    -399.038146 err =  0.00000205
       Dyson loops  31 EF   =      -0.019644 err =  0.00000713 DOS(E_F)=    4.90 hx = 0.00100
       QSCA = -0.0045
       QCPA =  0.5091  0.0000

 Wmsg: Iteration    27 Etot =    -399.038147 err =  0.00000150
       Dyson loops  31 EF   =      -0.019649 err =  0.00000523 DOS(E_F)=    4.90 hx = 0.00100
       QSCA = -0.0045
       QCPA =  0.5090  0.0000

 Wmsg: Iteration    28 Etot =    -399.038148 err =  0.00000110
       Dyson loops  31 EF   =      -0.019653 err =  0.00000385 DOS(E_F)=    4.90 hx = 0.00100
       QSCA = -0.0045
       QCPA =  0.5090  0.0000

 Update:   Potential etc. stored on FOR002

 Wmsg: Iteration    29 Etot =    -399.038149 err =  0.00000080
       Dyson loops  31 EF   =      -0.019655 err =  0.00000283 DOS(E_F)=    4.90 hx = 0.00100
       QSCA = -0.0045
       QCPA =  0.5090  0.0000

 Wmsg: Iteration    30 Etot =    -399.038150 err =  0.00000058
       Dyson loops  31 EF   =      -0.019657 err =  0.00000209 DOS(E_F)=    4.90 hx = 0.00100
       QSCA = -0.0045
       QCPA =  0.5090  0.0000

 Wmsg: Iteration    31 Etot =    -399.038150 err =  0.00000043
       Dyson loops  31 EF   =      -0.019659 err =  0.00000154 DOS(E_F)=    4.90 hx = 0.00100
       QSCA = -0.0045
       QCPA =  0.5090  0.0000

 Wmsg: Iteration    32 Etot =    -399.038151 err =  0.00000031
       Dyson loops  31 EF   =      -0.019660 err =  0.00000114 DOS(E_F)=    4.90 hx = 0.00100
       QSCA = -0.0045
       QCPA =  0.5090  0.0000

 Wmsg: Iteration    33 Etot =    -399.038151 err =  0.00000023
       Dyson loops  31 EF   =      -0.019660 err =  0.00000084 DOS(E_F)=    4.90 hx = 0.00100
       QSCA = -0.0045
       QCPA =  0.5090  0.0000

 Wmsg: Iteration    34 Etot =    -399.038151 err =  0.00000017
       Dyson loops  31 EF   =      -0.019661 err =  0.00000061 DOS(E_F)=    4.90 hx = 0.00100
       QSCA = -0.0045
       QCPA =  0.5090  0.0000

 Wmsg: Iteration    35 Etot =    -399.038151 err =  0.00000012
       Dyson loops  31 EF   =      -0.019661 err =  0.00000045 DOS(E_F)=    4.90 hx = 0.00100
       QSCA = -0.0045
       QCPA =  0.5090  0.0000

 Update:   Potential etc. stored on FOR002

 Wmsg: Iteration    36 Etot =    -399.038151 err =  0.00000009
       Dyson loops  31 EF   =      -0.019662 err =  0.00000033 DOS(E_F)=    4.90 hx = 0.00100
       QSCA = -0.0045
       QCPA =  0.5090  0.0000

 Wmsg: Iteration    37 Etot =    -399.038151 err =  0.00000007
       Dyson loops  31 EF   =      -0.019662 err =  0.00000024 DOS(E_F)=    4.90 hx = 0.00100
       QSCA = -0.0045
       QCPA =  0.5090  0.0000

 Wmsg: Iteration    38 Etot =    -399.038151 err =  0.00000005
       Dyson loops  31 EF   =      -0.019662 err =  0.00000018 DOS(E_F)=    4.90 hx = 0.00100
       QSCA = -0.0045
       QCPA =  0.5090  0.0000

 Wmsg: Iteration    39 Etot =    -399.038151 err =  0.00000004
       Dyson loops  31 EF   =      -0.019662 err =  0.00000013 DOS(E_F)=    4.90 hx = 0.00100
       QSCA = -0.0045
       QCPA =  0.5090  0.0000

 Wmsg: Iteration    40 Etot =    -399.038151 err =  0.00000003
       Dyson loops  31 EF   =      -0.019662 err =  0.00000010 DOS(E_F)=    4.90 hx = 0.00100
       QSCA = -0.0045
       QCPA =  0.5090  0.0000

 Wmsg: Iteration    41 Etot =    -399.038151 err =  0.00000002
       Dyson loops  31 EF   =      -0.019662 err =  0.00000007 DOS(E_F)=    4.90 hx = 0.00100
       QSCA = -0.0045
       QCPA =  0.5090  0.0000

 Wmsg: Iteration    42 Etot =    -399.038151 err =  0.00000001
       Dyson loops  31 EF   =      -0.019662 err =  0.00000005 DOS(E_F)=    4.90 hx = 0.00100
       QSCA = -0.0045
       QCPA =  0.5090  0.0000

 Update:   Potential etc. stored on FOR002

 Wmsg: Iteration    43 Etot =    -399.038151 err =  0.00000001
       Dyson loops  31 EF   =      -0.019662 err =  0.00000004 DOS(E_F)=    4.90 hx = 0.00100
       QSCA = -0.0045
       QCPA =  0.5090  0.0000

 Wmsg: Iteration    44 Etot =    -399.038151 err =  0.00000001
       Dyson loops  31 EF   =      -0.019662 err =  0.00000003 DOS(E_F)=    4.90 hx = 0.00100
       QSCA = -0.0045
       QCPA =  0.5090  0.0000

 Wmsg: Iteration    45 Etot =    -399.038151 err =  0.00000001
       Dyson loops  31 EF   =      -0.019663 err =  0.00000002 DOS(E_F)=    4.90 hx = 0.00100
       QSCA = -0.0045
       QCPA =  0.5090  0.0000

 Wmsg: Iteration    46 Etot =    -399.038151 err =  0.00000000
       Dyson loops  31 EF   =      -0.019663 err =  0.00000002 DOS(E_F)=    4.90 hx = 0.00100
       QSCA = -0.0045
       QCPA =  0.5090  0.0000

 Wmsg: Iteration    47 Etot =    -399.038151 err =  0.00000000
       Dyson loops  31 EF   =      -0.019663 err =  0.00000001 DOS(E_F)=    4.90 hx = 0.00100
       QSCA = -0.0045
       QCPA =  0.5090  0.0000

 Wmsg: Iteration    48 Etot =    -399.038151 err =  0.00000000
       Dyson loops  31 EF   =      -0.019663 err =  0.00000001 DOS(E_F)=    4.90 hx = 0.00100
       QSCA = -0.0045
       QCPA =  0.5090  0.0000

 Update:   Potential etc. stored on FOR002

 Dospth: CPA equation for IS =  1 converged in  1- 1 iterations

 KGRN:     Calculation of the full charge density, lmaxh =  8

 Kkrfcd:   NOS(Ef) =  1.999970 ELT =  2.000000

 Mgaunt:   Generate real Gaunt numbers

 Grnfcd:   Construct the full charge density

 Eldens:   Calculate multipole moments

 Eldens:   delQ = -0.000030 QTI =  0.035684 -0.000030

 Rotchd:   Perform the 3D rotations

 Fcdupd:   Full charge density stored on FOR010

 KGRN: Calculation finished at 15:21 on 23-Jan-26
 
  Total time for the self-consistency loop:      35.547
  Total linear iterations time :      16.811
