
 KGRN: job = CuMg_1.00_2.59 isno =   0 Func = SCA

           Shape function for IQ =  1

 Mgaunt:   Generate real Gaunt numbers

 Setsym:   Set up the site-group symmetry elements for IQ=  1

           E     sigb  C31+  C31-  sigf  sige  C4z+  C4z-
           C2z   sigx  C2d   C4y-  S64-  S62+  sigy  C4x+
           C2c   S62-  S63+  siga  C33+  C34-  S4x+  S4y-
           I     C2b   S61-  S61+  C2f   C2e   S4z-  S4z+
           sigz  C2x   sigd  S4y+  C34+  C32-  C2y   S4x-
           sigc  C32+  C33-  C2a   S63-  S64+  C4x-  C4y+

 Atomc:    Atomic calculations for: Cu  

 Atomc:    Atomic calculations converged

           Number of core electrons  17.99870467
 Atomc:    Atomic calculations for: Mg  

 Atomc:    Atomic calculations converged

           Number of core electrons   9.99475180

 KMESHMP : Monkhorst-Pack k-mesh parameters, NKX,NKY,NKZ= 32 32 31

 Setkms:   NKVEC =     8193

 Blochs:   Bloch sum of slope matrix => array
  1  1  -1.10  0.9992 -0.8650  0.1128 -0.0178  0.0029 -0.0005  0.0001
  2  1  -1.08  0.9440 -0.8234  0.1023 -0.0153  0.0024 -0.0004  0.0000
  3  1  -1.00  0.7247 -0.6517  0.0641 -0.0076  0.0009 -0.0001  0.0000
  4  1  -0.84  0.3362 -0.3196  0.0154 -0.0009  0.0001 -0.0000  0.0000
  5  1  -0.64  0.1002  0.0985  0.0015  0.0000  0.0000  0.0000  0.0000
  6  1  -0.44  0.5531  0.5097  0.0392  0.0036  0.0003  0.0000  0.0000
  7  1  -0.28  0.9849  0.8543  0.1101  0.0171  0.0027  0.0004  0.0001
  8  1  -0.16  1.3372  1.1059  0.1844  0.0371  0.0077  0.0015  0.0003
  9  1  -0.08  1.5816  1.2667  0.2420  0.0558  0.0132  0.0030  0.0006
 10  1  -0.04  1.7279  1.3581  0.2782  0.0688  0.0175  0.0043  0.0009
 11  1  -0.02  1.8053  1.4050  0.2977  0.0762  0.0200  0.0051  0.0011
 12  1  -0.01  1.8422  1.4270  0.3071  0.0798  0.0213  0.0055  0.0012
 13  1  -0.00  1.8581  1.4364  0.3112  0.0814  0.0219  0.0057  0.0013
 14  1  -0.00  1.8640  1.4399  0.3127  0.0820  0.0221  0.0058  0.0013
 15  1  -0.00  1.8657  1.4410  0.3132  0.0822  0.0221  0.0058  0.0013
 16  1  -0.00  1.8660  1.4411  0.3132  0.0822  0.0221  0.0058  0.0013

 Slfcns:   Start LDA iterations by KKR, XC = Perdew-Wang 96 LDA, Soft-core-A 

 Wmsg: Iteration     1 Etot =    -398.926544 err =  8.06653367
       Dyson loops  31 EF   =       0.132065 err =  0.13949959 DOS(E_F)=    3.11 hx = 0.13950
       QSCA = -0.0102
       QCPA =  0.3528  0.0000

 Wmsg: Iteration     2 Etot =    -398.892746 err =  0.03379772
       Dyson loops  31 EF   =       0.190244 err =  0.05648293 DOS(E_F)=    3.14 hx = 0.11160
       QSCA = -0.0169
       QCPA =  0.3292  0.0000

 Wmsg: Iteration     3 Etot =    -398.888413 err =  0.00433341
       Dyson loops  31 EF   =       0.210765 err =  0.01812517 DOS(E_F)=    3.29 hx = 0.08928
       QSCA = -0.0211
       QCPA =  0.3542  0.0000

 Wmsg: Iteration     4 Etot =    -398.897397 err =  0.00898359
       Dyson loops  31 EF   =       0.217658 err =  0.00568880 DOS(E_F)=    3.39 hx = 0.07142
       QSCA = -0.0241
       QCPA =  0.3773  0.0000

 Wmsg: Iteration     5 Etot =    -398.902930 err =  0.00553311
       Dyson loops  31 EF   =       0.219681 err =  0.00146338 DOS(E_F)=    4.12 hx = 0.05714
       QSCA = -0.0264
       QCPA =  0.3924  0.0000

 Wmsg: Iteration     6 Etot =    -398.905422 err =  0.00249215
       Dyson loops  31 EF   =       0.205806 err =  0.00133580 DOS(E_F)=    3.81 hx = 0.02857
       QSCA = -0.0280
       QCPA =  0.4031  0.0000

 Wmsg: Iteration     7 Etot =    -398.906025 err =  0.00060309
       Dyson loops  31 EF   =       0.210577 err =  0.00838768 DOS(E_F)=    3.38 hx = 0.01428
       QSCA = -0.0293
       QCPA =  0.4099  0.0000

 Update:   Potential etc. stored on FOR002

 Wmsg: Iteration     8 Etot =    -398.908022 err =  0.00199674
       Dyson loops  31 EF   =       0.211808 err =  0.00087502 DOS(E_F)=    3.98 hx = 0.00714
       QSCA = -0.0301
       QCPA =  0.4140  0.0000

 Wmsg: Iteration     9 Etot =    -398.908874 err =  0.00085202
       Dyson loops  31 EF   =       0.205283 err =  0.00023067 DOS(E_F)=    3.81 hx = 0.00357
       QSCA = -0.0307
       QCPA =  0.4172  0.0000

 Wmsg: Iteration    10 Etot =    -398.909366 err =  0.00049260
       Dyson loops  31 EF   =       0.207636 err =  0.00423703 DOS(E_F)=    4.09 hx = 0.00424
       QSCA = -0.0311
       QCPA =  0.4188  0.0000

 Wmsg: Iteration    11 Etot =    -398.909751 err =  0.00038499
       Dyson loops  31 EF   =       0.208780 err =  0.00106744 DOS(E_F)=    3.87 hx = 0.00212
       QSCA = -0.0314
       QCPA =  0.4203  0.0000

 Wmsg: Iteration    12 Etot =    -398.910026 err =  0.00027516
       Dyson loops  31 EF   =       0.209081 err =  0.00024666 DOS(E_F)=    3.82 hx = 0.00106
       QSCA = -0.0316
       QCPA =  0.4214  0.0000

 Wmsg: Iteration    13 Etot =    -398.910221 err =  0.00019483
       Dyson loops  31 EF   =       0.208071 err =  0.00010902 DOS(E_F)=    3.78 hx = 0.00100
       QSCA = -0.0318
       QCPA =  0.4221  0.0000

 Wmsg: Iteration    14 Etot =    -398.910361 err =  0.00013941
       Dyson loops  31 EF   =       0.208323 err =  0.00073741 DOS(E_F)=    3.82 hx = 0.00100
       QSCA = -0.0319
       QCPA =  0.4224  0.0000

 Update:   Potential etc. stored on FOR002

 Wmsg: Iteration    15 Etot =    -398.910461 err =  0.00010065
       Dyson loops  31 EF   =       0.208403 err =  0.00005657 DOS(E_F)=    3.79 hx = 0.00100
       QSCA = -0.0320
       QCPA =  0.4227  0.0000

 Wmsg: Iteration    16 Etot =    -398.910535 err =  0.00007358
       Dyson loops  31 EF   =       0.208367 err =  0.00005341 DOS(E_F)=    3.78 hx = 0.00100
       QSCA = -0.0320
       QCPA =  0.4229  0.0000

 Wmsg: Iteration    17 Etot =    -398.910588 err =  0.00005340
       Dyson loops  31 EF   =       0.208294 err =  0.00008654 DOS(E_F)=    3.78 hx = 0.00100
       QSCA = -0.0321
       QCPA =  0.4231  0.0000

 Wmsg: Iteration    18 Etot =    -398.910627 err =  0.00003890
       Dyson loops  31 EF   =       0.208217 err =  0.00008636 DOS(E_F)=    3.78 hx = 0.00100
       QSCA = -0.0321
       QCPA =  0.4232  0.0000

 Wmsg: Iteration    19 Etot =    -398.910656 err =  0.00002831
       Dyson loops  31 EF   =       0.208149 err =  0.00007430 DOS(E_F)=    3.78 hx = 0.00100
       QSCA = -0.0321
       QCPA =  0.4232  0.0000

 Wmsg: Iteration    20 Etot =    -398.910676 err =  0.00002060
       Dyson loops  31 EF   =       0.208095 err =  0.00005965 DOS(E_F)=    3.78 hx = 0.00100
       QSCA = -0.0321
       QCPA =  0.4233  0.0000

 Wmsg: Iteration    21 Etot =    -398.910691 err =  0.00001499
       Dyson loops  31 EF   =       0.208052 err =  0.00004615 DOS(E_F)=    3.78 hx = 0.00100
       QSCA = -0.0322
       QCPA =  0.4233  0.0000

 Update:   Potential etc. stored on FOR002

 Wmsg: Iteration    22 Etot =    -398.910702 err =  0.00001092
       Dyson loops  31 EF   =       0.208020 err =  0.00003495 DOS(E_F)=    3.78 hx = 0.00100
       QSCA = -0.0322
       QCPA =  0.4233  0.0000

 Wmsg: Iteration    23 Etot =    -398.910710 err =  0.00000795
       Dyson loops  31 EF   =       0.207995 err =  0.00002613 DOS(E_F)=    3.78 hx = 0.00100
       QSCA = -0.0322
       QCPA =  0.4233  0.0000

 Wmsg: Iteration    24 Etot =    -398.910716 err =  0.00000579
       Dyson loops  31 EF   =       0.207977 err =  0.00001937 DOS(E_F)=    3.78 hx = 0.00100
       QSCA = -0.0322
       QCPA =  0.4233  0.0000

 Wmsg: Iteration    25 Etot =    -398.910720 err =  0.00000422
       Dyson loops  31 EF   =       0.207964 err =  0.00001428 DOS(E_F)=    3.78 hx = 0.00100
       QSCA = -0.0322
       QCPA =  0.4233  0.0000

 Wmsg: Iteration    26 Etot =    -398.910723 err =  0.00000308
       Dyson loops  31 EF   =       0.207954 err =  0.00001050 DOS(E_F)=    3.78 hx = 0.00100
       QSCA = -0.0322
       QCPA =  0.4233  0.0000

 Wmsg: Iteration    27 Etot =    -398.910725 err =  0.00000225
       Dyson loops  31 EF   =       0.207947 err =  0.00000770 DOS(E_F)=    3.78 hx = 0.00100
       QSCA = -0.0322
       QCPA =  0.4233  0.0000

 Wmsg: Iteration    28 Etot =    -398.910727 err =  0.00000164
       Dyson loops  31 EF   =       0.207942 err =  0.00000564 DOS(E_F)=    3.78 hx = 0.00100
       QSCA = -0.0322
       QCPA =  0.4233  0.0000

 Update:   Potential etc. stored on FOR002

 Wmsg: Iteration    29 Etot =    -398.910728 err =  0.00000120
       Dyson loops  31 EF   =       0.207938 err =  0.00000412 DOS(E_F)=    3.78 hx = 0.00100
       QSCA = -0.0322
       QCPA =  0.4233  0.0000

 Wmsg: Iteration    30 Etot =    -398.910729 err =  0.00000087
       Dyson loops  31 EF   =       0.207935 err =  0.00000301 DOS(E_F)=    3.78 hx = 0.00100
       QSCA = -0.0322
       QCPA =  0.4233  0.0000

 Wmsg: Iteration    31 Etot =    -398.910730 err =  0.00000063
       Dyson loops  31 EF   =       0.207933 err =  0.00000220 DOS(E_F)=    3.78 hx = 0.00100
       QSCA = -0.0322
       QCPA =  0.4233  0.0000

 Wmsg: Iteration    32 Etot =    -398.910730 err =  0.00000046
       Dyson loops  31 EF   =       0.207932 err =  0.00000160 DOS(E_F)=    3.78 hx = 0.00100
       QSCA = -0.0322
       QCPA =  0.4233  0.0000

 Wmsg: Iteration    33 Etot =    -398.910730 err =  0.00000034
       Dyson loops  31 EF   =       0.207931 err =  0.00000117 DOS(E_F)=    3.78 hx = 0.00100
       QSCA = -0.0322
       QCPA =  0.4233  0.0000

 Wmsg: Iteration    34 Etot =    -398.910731 err =  0.00000025
       Dyson loops  31 EF   =       0.207930 err =  0.00000085 DOS(E_F)=    3.78 hx = 0.00100
       QSCA = -0.0322
       QCPA =  0.4233  0.0000

 Wmsg: Iteration    35 Etot =    -398.910731 err =  0.00000018
       Dyson loops  31 EF   =       0.207929 err =  0.00000062 DOS(E_F)=    3.78 hx = 0.00100
       QSCA = -0.0322
       QCPA =  0.4233  0.0000

 Update:   Potential etc. stored on FOR002

 Wmsg: Iteration    36 Etot =    -398.910731 err =  0.00000013
       Dyson loops  31 EF   =       0.207929 err =  0.00000046 DOS(E_F)=    3.78 hx = 0.00100
       QSCA = -0.0322
       QCPA =  0.4233  0.0000

 Wmsg: Iteration    37 Etot =    -398.910731 err =  0.00000010
       Dyson loops  31 EF   =       0.207929 err =  0.00000033 DOS(E_F)=    3.78 hx = 0.00100
       QSCA = -0.0322
       QCPA =  0.4233  0.0000

 Wmsg: Iteration    38 Etot =    -398.910731 err =  0.00000007
       Dyson loops  31 EF   =       0.207928 err =  0.00000024 DOS(E_F)=    3.78 hx = 0.00100
       QSCA = -0.0322
       QCPA =  0.4233  0.0000

 Wmsg: Iteration    39 Etot =    -398.910731 err =  0.00000005
       Dyson loops  31 EF   =       0.207928 err =  0.00000018 DOS(E_F)=    3.78 hx = 0.00100
       QSCA = -0.0322
       QCPA =  0.4233  0.0000

 Wmsg: Iteration    40 Etot =    -398.910731 err =  0.00000004
       Dyson loops  31 EF   =       0.207928 err =  0.00000013 DOS(E_F)=    3.78 hx = 0.00100
       QSCA = -0.0322
       QCPA =  0.4233  0.0000

 Wmsg: Iteration    41 Etot =    -398.910731 err =  0.00000003
       Dyson loops  31 EF   =       0.207928 err =  0.00000010 DOS(E_F)=    3.78 hx = 0.00100
       QSCA = -0.0322
       QCPA =  0.4233  0.0000

 Wmsg: Iteration    42 Etot =    -398.910731 err =  0.00000002
       Dyson loops  31 EF   =       0.207928 err =  0.00000007 DOS(E_F)=    3.78 hx = 0.00100
       QSCA = -0.0322
       QCPA =  0.4233  0.0000

 Update:   Potential etc. stored on FOR002

 Wmsg: Iteration    43 Etot =    -398.910731 err =  0.00000001
       Dyson loops  31 EF   =       0.207928 err =  0.00000005 DOS(E_F)=    3.78 hx = 0.00100
       QSCA = -0.0322
       QCPA =  0.4233  0.0000

 Wmsg: Iteration    44 Etot =    -398.910731 err =  0.00000001
       Dyson loops  31 EF   =       0.207928 err =  0.00000004 DOS(E_F)=    3.78 hx = 0.00100
       QSCA = -0.0322
       QCPA =  0.4233  0.0000

 Wmsg: Iteration    45 Etot =    -398.910731 err =  0.00000001
       Dyson loops  31 EF   =       0.207928 err =  0.00000003 DOS(E_F)=    3.78 hx = 0.00100
       QSCA = -0.0322
       QCPA =  0.4233  0.0000

 Wmsg: Iteration    46 Etot =    -398.910731 err =  0.00000001
       Dyson loops  31 EF   =       0.207928 err =  0.00000002 DOS(E_F)=    3.78 hx = 0.00100
       QSCA = -0.0322
       QCPA =  0.4233  0.0000

 Wmsg: Iteration    47 Etot =    -398.910731 err =  0.00000000
       Dyson loops  31 EF   =       0.207928 err =  0.00000001 DOS(E_F)=    3.78 hx = 0.00100
       QSCA = -0.0322
       QCPA =  0.4233  0.0000

 Wmsg: Iteration    48 Etot =    -398.910731 err =  0.00000000
       Dyson loops  31 EF   =       0.207928 err =  0.00000001 DOS(E_F)=    3.78 hx = 0.00100
       QSCA = -0.0322
       QCPA =  0.4233  0.0000

 Wmsg: Iteration    49 Etot =    -398.910731 err =  0.00000000
       Dyson loops  31 EF   =       0.207928 err =  0.00000001 DOS(E_F)=    3.78 hx = 0.00100
       QSCA = -0.0322
       QCPA =  0.4233  0.0000

 Update:   Potential etc. stored on FOR002

 Update:   Potential etc. stored on FOR002

 Dospth: CPA equation for IS =  1 converged in  1- 1 iterations

 KGRN:     Calculation of the full charge density, lmaxh =  8

 Kkrfcd:   NOS(Ef) =  1.999977 ELT =  2.000000

 Mgaunt:   Generate real Gaunt numbers

 Grnfcd:   Construct the full charge density

 Eldens:   Calculate multipole moments

 Eldens:   delQ = -0.000023 QTI = -0.433225 -0.000023

 Rotchd:   Perform the 3D rotations

 Fcdupd:   Full charge density stored on FOR010

 KGRN: Calculation finished at 14:22 on 23-Jan-26
 
  Total time for the self-consistency loop:      38.024
  Total linear iterations time :      17.876
