c/a ratio: 1.00
Skipping KSTR for c/a=1.00 (output already exists and is complete)
Info about DMAX:
 Primv: Construct lattice
 Latt3d: r_max = 1.80 nriq(iq) =    87 Nshell =    7
Skipping SHAPE for c/a=1.00 (output already exists and is complete)
WSW: 2.52
Skipping KGRN for c/a=1.00, SWS=2.52 (output already exists and is complete)
Skipping KFCD for c/a=1.00, SWS=2.52 (output already exists and is complete)
WSW: 2.54
Skipping KGRN for c/a=1.00, SWS=2.54 (output already exists and is complete)
Skipping KFCD for c/a=1.00, SWS=2.54 (output already exists and is complete)
WSW: 2.56
Skipping KGRN for c/a=1.00, SWS=2.56 (output already exists and is complete)
Skipping KFCD for c/a=1.00, SWS=2.56 (output already exists and is complete)
WSW: 2.59
Skipping KGRN for c/a=1.00, SWS=2.59 (output already exists and is complete)
Skipping KFCD for c/a=1.00, SWS=2.59 (output already exists and is complete)
WSW: 2.61
Skipping KGRN for c/a=1.00, SWS=2.61 (output already exists and is complete)
Skipping KFCD for c/a=1.00, SWS=2.61 (output already exists and is complete)
WSW: 2.63
Skipping KGRN for c/a=1.00, SWS=2.63 (output already exists and is complete)
Skipping KFCD for c/a=1.00, SWS=2.63 (output already exists and is complete)
WSW: 2.65
Skipping KGRN for c/a=1.00, SWS=2.65 (output already exists and is complete)
Skipping KFCD for c/a=1.00, SWS=2.65 (output already exists and is complete)
WSW: 2.68
Skipping KGRN for c/a=1.00, SWS=2.68 (output already exists and is complete)
Skipping KFCD for c/a=1.00, SWS=2.68 (output already exists and is complete)
WSW: 2.70
Skipping KGRN for c/a=1.00, SWS=2.70 (output already exists and is complete)
Skipping KFCD for c/a=1.00, SWS=2.70 (output already exists and is complete)
WSW: 2.72
Skipping KGRN for c/a=1.00, SWS=2.72 (output already exists and is complete)
Skipping KFCD for c/a=1.00, SWS=2.72 (output already exists and is complete)
WSW: 2.75
Skipping KGRN for c/a=1.00, SWS=2.75 (output already exists and is complete)
Skipping KFCD for c/a=1.00, SWS=2.75 (output already exists and is complete)
WSW: 2.77
Skipping KGRN for c/a=1.00, SWS=2.77 (output already exists and is complete)
Skipping KFCD for c/a=1.00, SWS=2.77 (output already exists and is complete)
WSW: 2.79
Skipping KGRN for c/a=1.00, SWS=2.79 (output already exists and is complete)
Skipping KFCD for c/a=1.00, SWS=2.79 (output already exists and is complete)
WSW: 2.82
Skipping KGRN for c/a=1.00, SWS=2.82 (output already exists and is complete)
Skipping KFCD for c/a=1.00, SWS=2.82 (output already exists and is complete)
