
 KGRN: job = Co_1.60_2.60 isno =   0 Func = SCA

           Shape function for IQ =  1

           Shape function for IQ =  2

 Mgaunt:   Generate real Gaunt numbers

 Setsym:   Set up the site-group symmetry elements for IQ=  1

           E     C3+   C3-   C211  C221  C212  sigm  c3+ 
           c3-   c211  c221  c212

 Setsym:   Set up the site-group symmetry elements for IQ=  2

           E     C3+   C3-   C211  C221  C212  sigm  c3+ 
           c3-   c211  c221  c212
 Atomc:    Atomic calculations for: Co  

 Atomc:    Atomic calculations converged

           Number of core electrons  17.99721706

 KMESHMP : Monkhorst-Pack k-mesh parameters, NKX,NKY,NKZ= 21 21 21

 Setkms:   NKVEC =     1331

 Blochs:   Bloch sum of slope matrix => array
  1  1  -1.10  1.7768 -0.5628  0.0570 -0.0077  0.0011 -0.0002  0.0000
  2  1  -1.08  1.7396 -0.5329  0.0511 -0.0065  0.0009 -0.0001  0.0000
  3  1  -1.00  1.5909 -0.4094  0.0302 -0.0030  0.0003 -0.0000  0.0000
  4  1  -0.84  1.3240 -0.1705  0.0052 -0.0002  0.0000 -0.0000  0.0000
  5  1  -0.64  1.2814  0.1302  0.0031  0.0001  0.0000  0.0000  0.0000
  6  1  -0.44  1.6104  0.4260  0.0327  0.0033  0.0004  0.0000  0.0000
  7  1  -0.28  1.9196  0.6739  0.0817  0.0132  0.0023  0.0004  0.0001
  8  1  -0.16  2.1687  0.8549  0.1315  0.0269  0.0059  0.0013  0.0002
  9  1  -0.08  2.3403  0.9706  0.1695  0.0394  0.0098  0.0024  0.0005
 10  1  -0.04  2.4424  1.0363  0.1932  0.0480  0.0127  0.0034  0.0008
 11  1  -0.02  2.4963  1.0701  0.2060  0.0528  0.0144  0.0040  0.0009
 12  1  -0.01  2.5219  1.0859  0.2122  0.0552  0.0153  0.0043  0.0010
 13  1  -0.00  2.5329  1.0927  0.2148  0.0562  0.0157  0.0044  0.0011
 14  1  -0.00  2.5370  1.0952  0.2158  0.0566  0.0158  0.0044  0.0011
 15  1  -0.00  2.5382  1.0959  0.2161  0.0567  0.0159  0.0045  0.0011
 16  1  -0.00  2.5385  1.0961  0.2162  0.0568  0.0159  0.0045  0.0011

 Slfcns:   Start LDA iterations by KKR, XC = Perdew-Wang 96 LDA, Soft-core-A 

 Wmsg: Iteration     1 Etot =   -2782.248930 err = 14.49943823
       Dyson loops  31 EF   =      -0.002539 err =  0.06005927 DOS(E_F)=   58.25 hx = 0.10100
       Magm.= -0.3568
 Total magm.= -0.7135
       QSCA =  0.0110

 Wmsg: Iteration     2 Etot =   -2782.281164 err =  0.03223327
       Dyson loops  31 EF   =      -0.015338 err =  0.07117812 DOS(E_F)=   87.15 hx = 0.08080
       Magm.= -0.6364
 Total magm.= -1.2728
       QSCA =  0.0192

 Wmsg: Iteration     3 Etot =   -2782.300515 err =  0.01935165
       Dyson loops  31 EF   =      -0.015620 err =  0.03390991 DOS(E_F)=   51.41 hx = 0.06464
       Magm.= -1.7532
 Total magm.= -3.5064
       QSCA =  0.0254

 Wmsg: Iteration     4 Etot =   -2782.294364 err =  0.00615080
       Dyson loops  31 EF   =      -0.034862 err =  0.01251840 DOS(E_F)=   24.83 hx = 0.05171
       Magm.= -1.3974
 Total magm.= -2.7948
       QSCA =  0.0284

 Wmsg: Iteration     5 Etot =   -2782.309775 err =  0.01541055
       Dyson loops  31 EF   =      -0.033361 err =  0.00232526 DOS(E_F)=   22.90 hx = 0.04137
       Magm.= -1.6077
 Total magm.= -3.2154
       QSCA =  0.0310

 Wmsg: Iteration     6 Etot =   -2782.311816 err =  0.00204131
       Dyson loops  31 EF   =      -0.042681 err =  0.00241790 DOS(E_F)=   24.51 hx = 0.02068
       Magm.= -1.5616
 Total magm.= -3.1231
       QSCA =  0.0325

 Wmsg: Iteration     7 Etot =   -2782.311636 err =  0.00017983
       Dyson loops  31 EF   =      -0.039693 err =  0.00704727 DOS(E_F)=   27.16 hx = 0.01034
       Magm.= -1.5789
 Total magm.= -3.1578
       QSCA =  0.0336

 Update:   Potential etc. stored on FOR002

 Wmsg: Iteration     8 Etot =   -2782.312940 err =  0.00130335
       Dyson loops  31 EF   =      -0.037570 err =  0.00237396 DOS(E_F)=   23.96 hx = 0.00517
       Magm.= -1.5887
 Total magm.= -3.1774
       QSCA =  0.0344

 Wmsg: Iteration     9 Etot =   -2782.313598 err =  0.00065858
       Dyson loops  31 EF   =      -0.036619 err =  0.00093543 DOS(E_F)=   23.83 hx = 0.00259
       Magm.= -1.5749
 Total magm.= -3.1497
       QSCA =  0.0349

 Wmsg: Iteration    10 Etot =   -2782.313805 err =  0.00020649
       Dyson loops  31 EF   =      -0.036073 err =  0.00027757 DOS(E_F)=   24.29 hx = 0.00129
       Magm.= -1.5750
 Total magm.= -3.1500
       QSCA =  0.0353

 Wmsg: Iteration    11 Etot =   -2782.313867 err =  0.00006217
       Dyson loops  31 EF   =      -0.035894 err =  0.00013253 DOS(E_F)=   25.35 hx = 0.00100
       Magm.= -1.5743
 Total magm.= -3.1486
       QSCA =  0.0356

 Wmsg: Iteration    12 Etot =   -2782.313923 err =  0.00005558
       Dyson loops  31 EF   =      -0.035882 err =  0.00003367 DOS(E_F)=   25.80 hx = 0.00100
       Magm.= -1.5741
 Total magm.= -3.1482
       QSCA =  0.0358

 Wmsg: Iteration    13 Etot =   -2782.313964 err =  0.00004171
       Dyson loops  31 EF   =      -0.035926 err =  0.00007578 DOS(E_F)=   25.96 hx = 0.00100
       Magm.= -1.5745
 Total magm.= -3.1490
       QSCA =  0.0359

 Wmsg: Iteration    14 Etot =   -2782.313999 err =  0.00003478
       Dyson loops  31 EF   =      -0.035985 err =  0.00007830 DOS(E_F)=   26.05 hx = 0.00100
       Magm.= -1.5748
 Total magm.= -3.1496
       QSCA =  0.0360

 Update:   Potential etc. stored on FOR002

 Wmsg: Iteration    15 Etot =   -2782.314028 err =  0.00002872
       Dyson loops  31 EF   =      -0.036043 err =  0.00007076 DOS(E_F)=   26.09 hx = 0.00100
       Magm.= -1.5750
 Total magm.= -3.1500
       QSCA =  0.0361

 Wmsg: Iteration    16 Etot =   -2782.314051 err =  0.00002270
       Dyson loops  31 EF   =      -0.036092 err =  0.00005891 DOS(E_F)=   26.11 hx = 0.00100
       Magm.= -1.5751
 Total magm.= -3.1501
       QSCA =  0.0361

 Wmsg: Iteration    17 Etot =   -2782.314068 err =  0.00001741
       Dyson loops  31 EF   =      -0.036131 err =  0.00004659 DOS(E_F)=   26.12 hx = 0.00100
       Magm.= -1.5751
 Total magm.= -3.1502
       QSCA =  0.0362

 Wmsg: Iteration    18 Etot =   -2782.314081 err =  0.00001315
       Dyson loops  31 EF   =      -0.036161 err =  0.00003573 DOS(E_F)=   26.11 hx = 0.00100
       Magm.= -1.5751
 Total magm.= -3.1503
       QSCA =  0.0362

 Wmsg: Iteration    19 Etot =   -2782.314091 err =  0.00000986
       Dyson loops  31 EF   =      -0.036184 err =  0.00002693 DOS(E_F)=   26.11 hx = 0.00100
       Magm.= -1.5751
 Total magm.= -3.1503
       QSCA =  0.0362

 Wmsg: Iteration    20 Etot =   -2782.314098 err =  0.00000738
       Dyson loops  31 EF   =      -0.036201 err =  0.00002011 DOS(E_F)=   26.10 hx = 0.00100
       Magm.= -1.5751
 Total magm.= -3.1503
       QSCA =  0.0362

 Wmsg: Iteration    21 Etot =   -2782.314104 err =  0.00000551
       Dyson loops  31 EF   =      -0.036214 err =  0.00001494 DOS(E_F)=   26.10 hx = 0.00100
       Magm.= -1.5752
 Total magm.= -3.1503
       QSCA =  0.0362

 Update:   Potential etc. stored on FOR002

 Wmsg: Iteration    22 Etot =   -2782.314108 err =  0.00000412
       Dyson loops  31 EF   =      -0.036223 err =  0.00001108 DOS(E_F)=   26.10 hx = 0.00100
       Magm.= -1.5752
 Total magm.= -3.1503
       QSCA =  0.0362

 Wmsg: Iteration    23 Etot =   -2782.314111 err =  0.00000307
       Dyson loops  31 EF   =      -0.036230 err =  0.00000822 DOS(E_F)=   26.10 hx = 0.00100
       Magm.= -1.5752
 Total magm.= -3.1503
       QSCA =  0.0362

 Wmsg: Iteration    24 Etot =   -2782.314113 err =  0.00000229
       Dyson loops  31 EF   =      -0.036235 err =  0.00000611 DOS(E_F)=   26.09 hx = 0.00100
       Magm.= -1.5752
 Total magm.= -3.1503
       QSCA =  0.0362

 Wmsg: Iteration    25 Etot =   -2782.314115 err =  0.00000171
       Dyson loops  31 EF   =      -0.036239 err =  0.00000453 DOS(E_F)=   26.09 hx = 0.00100
       Magm.= -1.5752
 Total magm.= -3.1503
       QSCA =  0.0362

 Wmsg: Iteration    26 Etot =   -2782.314116 err =  0.00000127
       Dyson loops  31 EF   =      -0.036242 err =  0.00000336 DOS(E_F)=   26.09 hx = 0.00100
       Magm.= -1.5752
 Total magm.= -3.1503
       QSCA =  0.0362

 Wmsg: Iteration    27 Etot =   -2782.314117 err =  0.00000093
       Dyson loops  31 EF   =      -0.036244 err =  0.00000248 DOS(E_F)=   26.09 hx = 0.00100
       Magm.= -1.5752
 Total magm.= -3.1503
       QSCA =  0.0362

 Wmsg: Iteration    28 Etot =   -2782.314118 err =  0.00000069
       Dyson loops  31 EF   =      -0.036246 err =  0.00000185 DOS(E_F)=   26.09 hx = 0.00100
       Magm.= -1.5752
 Total magm.= -3.1503
       QSCA =  0.0362

 Update:   Potential etc. stored on FOR002

 Wmsg: Iteration    29 Etot =   -2782.314118 err =  0.00000052
       Dyson loops  31 EF   =      -0.036247 err =  0.00000139 DOS(E_F)=   26.09 hx = 0.00100
       Magm.= -1.5752
 Total magm.= -3.1503
       QSCA =  0.0362

 Wmsg: Iteration    30 Etot =   -2782.314119 err =  0.00000039
       Dyson loops  31 EF   =      -0.036248 err =  0.00000104 DOS(E_F)=   26.09 hx = 0.00100
       Magm.= -1.5752
 Total magm.= -3.1503
       QSCA =  0.0362

 Wmsg: Iteration    31 Etot =   -2782.314119 err =  0.00000029
       Dyson loops  31 EF   =      -0.036248 err =  0.00000077 DOS(E_F)=   26.09 hx = 0.00100
       Magm.= -1.5752
 Total magm.= -3.1503
       QSCA =  0.0362

 Wmsg: Iteration    32 Etot =   -2782.314119 err =  0.00000022
       Dyson loops  31 EF   =      -0.036249 err =  0.00000058 DOS(E_F)=   26.09 hx = 0.00100
       Magm.= -1.5752
 Total magm.= -3.1503
       QSCA =  0.0362

 Wmsg: Iteration    33 Etot =   -2782.314119 err =  0.00000016
       Dyson loops  31 EF   =      -0.036249 err =  0.00000043 DOS(E_F)=   26.09 hx = 0.00100
       Magm.= -1.5752
 Total magm.= -3.1503
       QSCA =  0.0362

 Wmsg: Iteration    34 Etot =   -2782.314120 err =  0.00000012
       Dyson loops  31 EF   =      -0.036250 err =  0.00000032 DOS(E_F)=   26.09 hx = 0.00100
       Magm.= -1.5752
 Total magm.= -3.1503
       QSCA =  0.0362

 Wmsg: Iteration    35 Etot =   -2782.314120 err =  0.00000009
       Dyson loops  31 EF   =      -0.036250 err =  0.00000024 DOS(E_F)=   26.09 hx = 0.00100
       Magm.= -1.5752
 Total magm.= -3.1504
       QSCA =  0.0362

 Update:   Potential etc. stored on FOR002

 Wmsg: Iteration    36 Etot =   -2782.314120 err =  0.00000007
       Dyson loops  31 EF   =      -0.036250 err =  0.00000018 DOS(E_F)=   26.09 hx = 0.00100
       Magm.= -1.5752
 Total magm.= -3.1504
       QSCA =  0.0362

 Wmsg: Iteration    37 Etot =   -2782.314120 err =  0.00000005
       Dyson loops  31 EF   =      -0.036250 err =  0.00000013 DOS(E_F)=   26.09 hx = 0.00100
       Magm.= -1.5752
 Total magm.= -3.1504
       QSCA =  0.0362

 Wmsg: Iteration    38 Etot =   -2782.314120 err =  0.00000004
       Dyson loops  31 EF   =      -0.036250 err =  0.00000010 DOS(E_F)=   26.09 hx = 0.00100
       Magm.= -1.5752
 Total magm.= -3.1504
       QSCA =  0.0362

 Wmsg: Iteration    39 Etot =   -2782.314120 err =  0.00000003
       Dyson loops  31 EF   =      -0.036250 err =  0.00000007 DOS(E_F)=   26.09 hx = 0.00100
       Magm.= -1.5752
 Total magm.= -3.1504
       QSCA =  0.0362

 Wmsg: Iteration    40 Etot =   -2782.314120 err =  0.00000002
       Dyson loops  31 EF   =      -0.036250 err =  0.00000005 DOS(E_F)=   26.09 hx = 0.00100
       Magm.= -1.5752
 Total magm.= -3.1504
       QSCA =  0.0362

 Wmsg: Iteration    41 Etot =   -2782.314120 err =  0.00000002
       Dyson loops  31 EF   =      -0.036250 err =  0.00000004 DOS(E_F)=   26.09 hx = 0.00100
       Magm.= -1.5752
 Total magm.= -3.1504
       QSCA =  0.0362

 Wmsg: Iteration    42 Etot =   -2782.314120 err =  0.00000001
       Dyson loops  31 EF   =      -0.036250 err =  0.00000003 DOS(E_F)=   26.09 hx = 0.00100
       Magm.= -1.5752
 Total magm.= -3.1504
       QSCA =  0.0362

 Update:   Potential etc. stored on FOR002

 Wmsg: Iteration    43 Etot =   -2782.314120 err =  0.00000001
       Dyson loops  31 EF   =      -0.036250 err =  0.00000002 DOS(E_F)=   26.09 hx = 0.00100
       Magm.= -1.5752
 Total magm.= -3.1504
       QSCA =  0.0362

 Wmsg: Iteration    44 Etot =   -2782.314120 err =  0.00000001
       Dyson loops  31 EF   =      -0.036250 err =  0.00000002 DOS(E_F)=   26.09 hx = 0.00100
       Magm.= -1.5752
 Total magm.= -3.1504
       QSCA =  0.0362

 Wmsg: Iteration    45 Etot =   -2782.314120 err =  0.00000001
       Dyson loops  31 EF   =      -0.036250 err =  0.00000001 DOS(E_F)=   26.09 hx = 0.00100
       Magm.= -1.5752
 Total magm.= -3.1504
       QSCA =  0.0362

 Wmsg: Iteration    46 Etot =   -2782.314120 err =  0.00000000
       Dyson loops  31 EF   =      -0.036250 err =  0.00000001 DOS(E_F)=   26.09 hx = 0.00100
       Magm.= -1.5752
 Total magm.= -3.1504
       QSCA =  0.0362

 Update:   Potential etc. stored on FOR002

 Dospth: CPA equation for IS =  1 converged in  1- 1 iterations

 Dospth: CPA equation for IS =  2 converged in  1- 1 iterations

 KGRN:     Calculation of the full charge density, lmaxh =  8

 Kkrfcd:   NOS(Ef) = 17.999842 ELT = 18.000000

 Mgaunt:   Generate real Gaunt numbers

 Grnfcd:   Construct the full charge density

 Eldens:   Calculate multipole moments

 Eldens:   delQ = -0.000158 QTI = -0.000079

 Rotchd:   Perform the 3D rotations

 Fcdupd:   Full charge density stored on FOR010

 KGRN: Calculation finished at 15:33 on 14-Jan-26
 
  Total time for the self-consistency loop:      58.379
  Total linear iterations time :      20.174
