
 KGRN: job = Co_1.80_2.60 isno =   0 Func = SCA

           Shape function for IQ =  1

           Shape function for IQ =  2

 Mgaunt:   Generate real Gaunt numbers

 Setsym:   Set up the site-group symmetry elements for IQ=  1

           E     C3+   C3-   C211  C221  C212  sigm  c3+ 
           c3-   c211  c221  c212

 Setsym:   Set up the site-group symmetry elements for IQ=  2

           E     C3+   C3-   C211  C221  C212  sigm  c3+ 
           c3-   c211  c221  c212
 Atomc:    Atomic calculations for: Co  

 Atomc:    Atomic calculations converged

           Number of core electrons  17.99721706

 KMESHMP : Monkhorst-Pack k-mesh parameters, NKX,NKY,NKZ= 21 21 21

 Setkms:   NKVEC =     1331

 Blochs:   Bloch sum of slope matrix => array
  1  1  -1.10  1.5829 -0.5732  0.0576 -0.0079  0.0012 -0.0002  0.0000
  2  1  -1.08  1.5450 -0.5428  0.0517 -0.0067  0.0009 -0.0001  0.0000
  3  1  -1.00  1.3937 -0.4170  0.0305 -0.0030  0.0003 -0.0000  0.0000
  4  1  -0.84  1.1220 -0.1737  0.0053 -0.0002  0.0000 -0.0000  0.0000
  5  1  -0.64  1.0786  0.1326  0.0031  0.0001  0.0000  0.0000  0.0000
  6  1  -0.44  1.4136  0.4339  0.0330  0.0034  0.0004  0.0000  0.0000
  7  1  -0.28  1.7282  0.6864  0.0827  0.0135  0.0024  0.0004  0.0001
  8  1  -0.16  1.9818  0.8707  0.1330  0.0276  0.0061  0.0014  0.0003
  9  1  -0.08  2.1564  0.9885  0.1714  0.0403  0.0102  0.0026  0.0006
 10  1  -0.04  2.2605  1.0554  0.1954  0.0491  0.0132  0.0036  0.0008
 11  1  -0.02  2.3153  1.0898  0.2084  0.0540  0.0150  0.0042  0.0010
 12  1  -0.01  2.3415  1.1059  0.2146  0.0565  0.0160  0.0045  0.0011
 13  1  -0.00  2.3527  1.1128  0.2173  0.0575  0.0164  0.0047  0.0012
 14  1  -0.00  2.3569  1.1154  0.2183  0.0579  0.0165  0.0047  0.0012
 15  1  -0.00  2.3581  1.1162  0.2186  0.0581  0.0166  0.0047  0.0012
 16  1  -0.00  2.3583  1.1163  0.2186  0.0581  0.0166  0.0047  0.0012

 Slfcns:   Start LDA iterations by KKR, XC = Perdew-Wang 96 LDA, Soft-core-A 

 Wmsg: Iteration     1 Etot =   -2782.250943 err = 14.46611103
       Dyson loops  31 EF   =      -0.002809 err =  0.05615996 DOS(E_F)=   49.87 hx = 0.10100
       Magm.=  0.0444
 Total magm.=  0.0889
       QSCA =  0.0141

 Wmsg: Iteration     2 Etot =   -2782.281234 err =  0.03029021
       Dyson loops  31 EF   =      -0.015722 err =  0.06909014 DOS(E_F)=   70.37 hx = 0.08080
       Magm.=  0.6577
 Total magm.=  1.3154
       QSCA =  0.0251

 Wmsg: Iteration     3 Etot =   -2782.300132 err =  0.01889860
       Dyson loops  31 EF   =      -0.037774 err =  0.02823796 DOS(E_F)=   70.31 hx = 0.06464
       Magm.=  1.4059
 Total magm.=  2.8118
       QSCA =  0.0331

 Wmsg: Iteration     4 Etot =   -2782.299921 err =  0.00021120
       Dyson loops  31 EF   =      -0.028770 err =  0.00854412 DOS(E_F)=   55.69 hx = 0.05171
       Magm.=  1.6821
 Total magm.=  3.3641
       QSCA =  0.0386

 Wmsg: Iteration     5 Etot =   -2782.307343 err =  0.00742186
       Dyson loops  31 EF   =      -0.025051 err =  0.00835516 DOS(E_F)=   30.49 hx = 0.04137
       Magm.=  1.6255
 Total magm.=  3.2511
       QSCA =  0.0418

 Wmsg: Iteration     6 Etot =   -2782.309921 err =  0.00257839
       Dyson loops  31 EF   =      -0.023608 err =  0.00149732 DOS(E_F)=   27.16 hx = 0.02068
       Magm.=  1.6167
 Total magm.=  3.2334
       QSCA =  0.0441

 Wmsg: Iteration     7 Etot =   -2782.310938 err =  0.00101689
       Dyson loops  31 EF   =      -0.022986 err =  0.00025383 DOS(E_F)=   26.18 hx = 0.01034
       Magm.=  1.6171
 Total magm.=  3.2342
       QSCA =  0.0457

 Update:   Potential etc. stored on FOR002

 Wmsg: Iteration     8 Etot =   -2782.311486 err =  0.00054828
       Dyson loops  31 EF   =      -0.022678 err =  0.00021009 DOS(E_F)=   25.98 hx = 0.00517
       Magm.=  1.6167
 Total magm.=  3.2334
       QSCA =  0.0468

 Wmsg: Iteration     9 Etot =   -2782.311734 err =  0.00024757
       Dyson loops  31 EF   =      -0.022639 err =  0.00008331 DOS(E_F)=   26.96 hx = 0.00259
       Magm.=  1.6128
 Total magm.=  3.2256
       QSCA =  0.0476

 Wmsg: Iteration    10 Etot =   -2782.311808 err =  0.00007406
       Dyson loops  31 EF   =      -0.025028 err =  0.00015088 DOS(E_F)=   27.63 hx = 0.00129
       Magm.=  1.6121
 Total magm.=  3.2241
       QSCA =  0.0482

 Wmsg: Iteration    11 Etot =   -2782.311875 err =  0.00006690
       Dyson loops  31 EF   =      -0.024215 err =  0.00162046 DOS(E_F)=   26.07 hx = 0.00162
       Magm.=  1.6180
 Total magm.=  3.2360
       QSCA =  0.0486

 Wmsg: Iteration    12 Etot =   -2782.311926 err =  0.00005111
       Dyson loops  31 EF   =      -0.023680 err =  0.00062097 DOS(E_F)=   26.13 hx = 0.00100
       Magm.=  1.6144
 Total magm.=  3.2288
       QSCA =  0.0489

 Wmsg: Iteration    13 Etot =   -2782.311951 err =  0.00002502
       Dyson loops  31 EF   =      -0.023420 err =  0.00019194 DOS(E_F)=   26.97 hx = 0.00100
       Magm.=  1.6131
 Total magm.=  3.2263
       QSCA =  0.0491

 Wmsg: Iteration    14 Etot =   -2782.311967 err =  0.00001629
       Dyson loops  31 EF   =      -0.023308 err =  0.00008998 DOS(E_F)=   27.50 hx = 0.00100
       Magm.=  1.6121
 Total magm.=  3.2242
       QSCA =  0.0492

 Update:   Potential etc. stored on FOR002

 Wmsg: Iteration    15 Etot =   -2782.311976 err =  0.00000903
       Dyson loops  31 EF   =      -0.023272 err =  0.00001803 DOS(E_F)=   27.75 hx = 0.00100
       Magm.=  1.6118
 Total magm.=  3.2235
       QSCA =  0.0493

 Wmsg: Iteration    16 Etot =   -2782.311985 err =  0.00000914
       Dyson loops  31 EF   =      -0.023270 err =  0.00000640 DOS(E_F)=   27.87 hx = 0.00100
       Magm.=  1.6116
 Total magm.=  3.2231
       QSCA =  0.0494

 Wmsg: Iteration    17 Etot =   -2782.311994 err =  0.00000825
       Dyson loops  31 EF   =      -0.023282 err =  0.00001697 DOS(E_F)=   27.92 hx = 0.00100
       Magm.=  1.6115
 Total magm.=  3.2230
       QSCA =  0.0494

 Wmsg: Iteration    18 Etot =   -2782.312001 err =  0.00000717
       Dyson loops  31 EF   =      -0.023296 err =  0.00001895 DOS(E_F)=   27.94 hx = 0.00100
       Magm.=  1.6115
 Total magm.=  3.2229
       QSCA =  0.0495

 Wmsg: Iteration    19 Etot =   -2782.312007 err =  0.00000604
       Dyson loops  31 EF   =      -0.023311 err =  0.00001736 DOS(E_F)=   27.94 hx = 0.00100
       Magm.=  1.6114
 Total magm.=  3.2229
       QSCA =  0.0495

 Wmsg: Iteration    20 Etot =   -2782.312012 err =  0.00000488
       Dyson loops  31 EF   =      -0.023323 err =  0.00001466 DOS(E_F)=   27.94 hx = 0.00100
       Magm.=  1.6114
 Total magm.=  3.2229
       QSCA =  0.0495

 Wmsg: Iteration    21 Etot =   -2782.312016 err =  0.00000386
       Dyson loops  31 EF   =      -0.023333 err =  0.00001178 DOS(E_F)=   27.94 hx = 0.00100
       Magm.=  1.6114
 Total magm.=  3.2229
       QSCA =  0.0495

 Update:   Potential etc. stored on FOR002

 Wmsg: Iteration    22 Etot =   -2782.312019 err =  0.00000300
       Dyson loops  31 EF   =      -0.023341 err =  0.00000923 DOS(E_F)=   27.94 hx = 0.00100
       Magm.=  1.6114
 Total magm.=  3.2229
       QSCA =  0.0495

 Wmsg: Iteration    23 Etot =   -2782.312021 err =  0.00000231
       Dyson loops  31 EF   =      -0.023347 err =  0.00000715 DOS(E_F)=   27.94 hx = 0.00100
       Magm.=  1.6114
 Total magm.=  3.2229
       QSCA =  0.0495

 Wmsg: Iteration    24 Etot =   -2782.312023 err =  0.00000177
       Dyson loops  31 EF   =      -0.023352 err =  0.00000548 DOS(E_F)=   27.94 hx = 0.00100
       Magm.=  1.6114
 Total magm.=  3.2229
       QSCA =  0.0495

 Wmsg: Iteration    25 Etot =   -2782.312024 err =  0.00000135
       Dyson loops  31 EF   =      -0.023355 err =  0.00000417 DOS(E_F)=   27.94 hx = 0.00100
       Magm.=  1.6114
 Total magm.=  3.2229
       QSCA =  0.0495

 Wmsg: Iteration    26 Etot =   -2782.312025 err =  0.00000101
       Dyson loops  31 EF   =      -0.023358 err =  0.00000316 DOS(E_F)=   27.94 hx = 0.00100
       Magm.=  1.6114
 Total magm.=  3.2229
       QSCA =  0.0495

 Wmsg: Iteration    27 Etot =   -2782.312026 err =  0.00000076
       Dyson loops  31 EF   =      -0.023360 err =  0.00000239 DOS(E_F)=   27.94 hx = 0.00100
       Magm.=  1.6114
 Total magm.=  3.2229
       QSCA =  0.0495

 Wmsg: Iteration    28 Etot =   -2782.312026 err =  0.00000057
       Dyson loops  31 EF   =      -0.023362 err =  0.00000181 DOS(E_F)=   27.94 hx = 0.00100
       Magm.=  1.6114
 Total magm.=  3.2229
       QSCA =  0.0495

 Update:   Potential etc. stored on FOR002

 Wmsg: Iteration    29 Etot =   -2782.312027 err =  0.00000043
       Dyson loops  31 EF   =      -0.023363 err =  0.00000137 DOS(E_F)=   27.94 hx = 0.00100
       Magm.=  1.6114
 Total magm.=  3.2229
       QSCA =  0.0495

 Wmsg: Iteration    30 Etot =   -2782.312027 err =  0.00000033
       Dyson loops  31 EF   =      -0.023364 err =  0.00000104 DOS(E_F)=   27.93 hx = 0.00100
       Magm.=  1.6114
 Total magm.=  3.2229
       QSCA =  0.0495

 Wmsg: Iteration    31 Etot =   -2782.312027 err =  0.00000025
       Dyson loops  31 EF   =      -0.023364 err =  0.00000078 DOS(E_F)=   27.93 hx = 0.00100
       Magm.=  1.6114
 Total magm.=  3.2229
       QSCA =  0.0495

 Wmsg: Iteration    32 Etot =   -2782.312028 err =  0.00000019
       Dyson loops  31 EF   =      -0.023365 err =  0.00000059 DOS(E_F)=   27.93 hx = 0.00100
       Magm.=  1.6114
 Total magm.=  3.2229
       QSCA =  0.0495

 Wmsg: Iteration    33 Etot =   -2782.312028 err =  0.00000014
       Dyson loops  31 EF   =      -0.023365 err =  0.00000044 DOS(E_F)=   27.93 hx = 0.00100
       Magm.=  1.6114
 Total magm.=  3.2229
       QSCA =  0.0495

 Wmsg: Iteration    34 Etot =   -2782.312028 err =  0.00000011
       Dyson loops  31 EF   =      -0.023366 err =  0.00000033 DOS(E_F)=   27.93 hx = 0.00100
       Magm.=  1.6114
 Total magm.=  3.2229
       QSCA =  0.0495

 Wmsg: Iteration    35 Etot =   -2782.312028 err =  0.00000008
       Dyson loops  31 EF   =      -0.023366 err =  0.00000025 DOS(E_F)=   27.93 hx = 0.00100
       Magm.=  1.6114
 Total magm.=  3.2229
       QSCA =  0.0495

 Update:   Potential etc. stored on FOR002

 Wmsg: Iteration    36 Etot =   -2782.312028 err =  0.00000006
       Dyson loops  31 EF   =      -0.023366 err =  0.00000019 DOS(E_F)=   27.93 hx = 0.00100
       Magm.=  1.6114
 Total magm.=  3.2229
       QSCA =  0.0495

 Wmsg: Iteration    37 Etot =   -2782.312028 err =  0.00000005
       Dyson loops  31 EF   =      -0.023366 err =  0.00000014 DOS(E_F)=   27.93 hx = 0.00100
       Magm.=  1.6114
 Total magm.=  3.2229
       QSCA =  0.0495

 Wmsg: Iteration    38 Etot =   -2782.312028 err =  0.00000003
       Dyson loops  31 EF   =      -0.023366 err =  0.00000011 DOS(E_F)=   27.93 hx = 0.00100
       Magm.=  1.6114
 Total magm.=  3.2229
       QSCA =  0.0495

 Wmsg: Iteration    39 Etot =   -2782.312028 err =  0.00000003
       Dyson loops  31 EF   =      -0.023366 err =  0.00000008 DOS(E_F)=   27.93 hx = 0.00100
       Magm.=  1.6114
 Total magm.=  3.2229
       QSCA =  0.0495

 Wmsg: Iteration    40 Etot =   -2782.312028 err =  0.00000002
       Dyson loops  31 EF   =      -0.023366 err =  0.00000006 DOS(E_F)=   27.93 hx = 0.00100
       Magm.=  1.6114
 Total magm.=  3.2229
       QSCA =  0.0495

 Wmsg: Iteration    41 Etot =   -2782.312028 err =  0.00000001
       Dyson loops  31 EF   =      -0.023366 err =  0.00000004 DOS(E_F)=   27.93 hx = 0.00100
       Magm.=  1.6114
 Total magm.=  3.2229
       QSCA =  0.0495

 Wmsg: Iteration    42 Etot =   -2782.312028 err =  0.00000001
       Dyson loops  31 EF   =      -0.023366 err =  0.00000003 DOS(E_F)=   27.93 hx = 0.00100
       Magm.=  1.6114
 Total magm.=  3.2229
       QSCA =  0.0495

 Update:   Potential etc. stored on FOR002

 Wmsg: Iteration    43 Etot =   -2782.312028 err =  0.00000001
       Dyson loops  31 EF   =      -0.023366 err =  0.00000003 DOS(E_F)=   27.93 hx = 0.00100
       Magm.=  1.6114
 Total magm.=  3.2229
       QSCA =  0.0495

 Wmsg: Iteration    44 Etot =   -2782.312028 err =  0.00000001
       Dyson loops  31 EF   =      -0.023366 err =  0.00000002 DOS(E_F)=   27.93 hx = 0.00100
       Magm.=  1.6114
 Total magm.=  3.2229
       QSCA =  0.0495

 Wmsg: Iteration    45 Etot =   -2782.312028 err =  0.00000000
       Dyson loops  31 EF   =      -0.023366 err =  0.00000001 DOS(E_F)=   27.93 hx = 0.00100
       Magm.=  1.6114
 Total magm.=  3.2229
       QSCA =  0.0495

 Wmsg: Iteration    46 Etot =   -2782.312028 err =  0.00000000
       Dyson loops  31 EF   =      -0.023366 err =  0.00000001 DOS(E_F)=   27.93 hx = 0.00100
       Magm.=  1.6114
 Total magm.=  3.2229
       QSCA =  0.0495

 Wmsg: Iteration    47 Etot =   -2782.312028 err =  0.00000000
       Dyson loops  31 EF   =      -0.023366 err =  0.00000001 DOS(E_F)=   27.93 hx = 0.00100
       Magm.=  1.6114
 Total magm.=  3.2229
       QSCA =  0.0495

 Update:   Potential etc. stored on FOR002

 Dospth: CPA equation for IS =  1 converged in  1- 1 iterations

 Dospth: CPA equation for IS =  2 converged in  1- 1 iterations

 KGRN:     Calculation of the full charge density, lmaxh =  8

 Kkrfcd:   NOS(Ef) = 17.999829 ELT = 18.000000

 Mgaunt:   Generate real Gaunt numbers

 Grnfcd:   Construct the full charge density

 Eldens:   Calculate multipole moments

 Eldens:   delQ = -0.000171 QTI = -0.000086

 Rotchd:   Perform the 3D rotations

 Fcdupd:   Full charge density stored on FOR010

 KGRN: Calculation finished at 15:38 on 14-Jan-26
 
  Total time for the self-consistency loop:      46.000
  Total linear iterations time :      16.742
