
 KGRN: job = Co_1.70_2.60 isno =   0 Func = SCA

           Shape function for IQ =  1

           Shape function for IQ =  2

 Mgaunt:   Generate real Gaunt numbers

 Setsym:   Set up the site-group symmetry elements for IQ=  1

           E     C3+   C3-   C211  C221  C212  sigm  c3+ 
           c3-   c211  c221  c212

 Setsym:   Set up the site-group symmetry elements for IQ=  2

           E     C3+   C3-   C211  C221  C212  sigm  c3+ 
           c3-   c211  c221  c212
 Atomc:    Atomic calculations for: Co  

 Atomc:    Atomic calculations converged

           Number of core electrons  17.99721706

 KMESHMP : Monkhorst-Pack k-mesh parameters, NKX,NKY,NKZ= 21 21 21

 Setkms:   NKVEC =     1331

 Blochs:   Bloch sum of slope matrix => array
  1  1  -1.10  1.6741 -0.5689  0.0570 -0.0076  0.0011 -0.0002  0.0000
  2  1  -1.08  1.6366 -0.5387  0.0511 -0.0065  0.0009 -0.0001  0.0000
  3  1  -1.00  1.4866 -0.4138  0.0302 -0.0029  0.0003 -0.0000  0.0000
  4  1  -0.84  1.2171 -0.1724  0.0052 -0.0002  0.0000 -0.0000  0.0000
  5  1  -0.64  1.1741  0.1316  0.0031  0.0001  0.0000  0.0000  0.0000
  6  1  -0.44  1.5063  0.4306  0.0327  0.0033  0.0004  0.0000  0.0000
  7  1  -0.28  1.8180  0.6812  0.0818  0.0131  0.0023  0.0004  0.0001
  8  1  -0.16  2.0691  0.8641  0.1316  0.0268  0.0058  0.0013  0.0002
  9  1  -0.08  2.2418  0.9810  0.1696  0.0392  0.0097  0.0024  0.0005
 10  1  -0.04  2.3445  1.0474  0.1933  0.0478  0.0126  0.0033  0.0008
 11  1  -0.02  2.3987  1.0816  0.2061  0.0526  0.0143  0.0039  0.0010
 12  1  -0.01  2.4245  1.0976  0.2123  0.0549  0.0152  0.0042  0.0010
 13  1  -0.00  2.4356  1.1044  0.2149  0.0560  0.0156  0.0044  0.0011
 14  1  -0.00  2.4398  1.1070  0.2159  0.0564  0.0157  0.0044  0.0011
 15  1  -0.00  2.4410  1.1077  0.2162  0.0565  0.0158  0.0044  0.0011
 16  1  -0.00  2.4412  1.1078  0.2163  0.0565  0.0158  0.0044  0.0011

 Slfcns:   Start LDA iterations by KKR, XC = Perdew-Wang 96 LDA, Soft-core-A 

 Wmsg: Iteration     1 Etot =   -2782.248245 err = 14.48981360
       Dyson loops  31 EF   =      -0.003285 err =  0.06084029 DOS(E_F)=   53.01 hx = 0.10100
       Magm.= -0.2666
 Total magm.= -0.5331
       QSCA =  0.0113

 Wmsg: Iteration     2 Etot =   -2782.275755 err =  0.02750979
       Dyson loops  31 EF   =      -0.016928 err =  0.07370101 DOS(E_F)=   87.78 hx = 0.08080
       Magm.= -0.1719
 Total magm.= -0.3438
       QSCA =  0.0197

 Wmsg: Iteration     3 Etot =   -2782.285149 err =  0.00939377
       Dyson loops  31 EF   =      -0.042608 err =  0.03019909 DOS(E_F)=   91.84 hx = 0.06464
       Magm.= -0.8068
 Total magm.= -1.6136
       QSCA =  0.0256

 Wmsg: Iteration     4 Etot =   -2782.302831 err =  0.01768222
       Dyson loops  31 EF   =      -0.033037 err =  0.00890690 DOS(E_F)=   72.72 hx = 0.05171
       Magm.= -1.3855
 Total magm.= -2.7711
       QSCA =  0.0302

 Wmsg: Iteration     5 Etot =   -2782.306326 err =  0.00349437
       Dyson loops  31 EF   =      -0.031737 err =  0.01421683 DOS(E_F)=   27.58 hx = 0.04137
       Magm.= -1.6402
 Total magm.= -3.2805
       QSCA =  0.0331

 Wmsg: Iteration     6 Etot =   -2782.310711 err =  0.00438491
       Dyson loops  31 EF   =      -0.039382 err =  0.01904081 DOS(E_F)=   28.05 hx = 0.02068
       Magm.= -1.5927
 Total magm.= -3.1854
       QSCA =  0.0345

 Wmsg: Iteration     7 Etot =   -2782.310609 err =  0.00010135
       Dyson loops  31 EF   =      -0.035167 err =  0.00542070 DOS(E_F)=   25.41 hx = 0.01034
       Magm.= -1.6119
 Total magm.= -3.2239
       QSCA =  0.0355

 Update:   Potential etc. stored on FOR002

 Wmsg: Iteration     8 Etot =   -2782.312342 err =  0.00173244
       Dyson loops  31 EF   =      -0.033493 err =  0.00190437 DOS(E_F)=   29.00 hx = 0.00517
       Magm.= -1.5966
 Total magm.= -3.1931
       QSCA =  0.0362

 Wmsg: Iteration     9 Etot =   -2782.312747 err =  0.00040586
       Dyson loops  31 EF   =      -0.032985 err =  0.00009475 DOS(E_F)=   27.69 hx = 0.00259
       Magm.= -1.6047
 Total magm.= -3.2093
       QSCA =  0.0367

 Wmsg: Iteration    10 Etot =   -2782.312997 err =  0.00024916
       Dyson loops  31 EF   =      -0.032869 err =  0.00018782 DOS(E_F)=   26.63 hx = 0.00129
       Magm.= -1.5982
 Total magm.= -3.1964
       QSCA =  0.0370

 Wmsg: Iteration    11 Etot =   -2782.313091 err =  0.00009464
       Dyson loops  31 EF   =      -0.034060 err =  0.00017082 DOS(E_F)=   26.38 hx = 0.00100
       Magm.= -1.5978
 Total magm.= -3.1955
       QSCA =  0.0373

 Wmsg: Iteration    12 Etot =   -2782.313169 err =  0.00007734
       Dyson loops  31 EF   =      -0.033641 err =  0.00083871 DOS(E_F)=   27.11 hx = 0.00100
       Magm.= -1.6017
 Total magm.= -3.2034
       QSCA =  0.0374

 Wmsg: Iteration    13 Etot =   -2782.313230 err =  0.00006154
       Dyson loops  31 EF   =      -0.033423 err =  0.00027137 DOS(E_F)=   26.54 hx = 0.00100
       Magm.= -1.5983
 Total magm.= -3.1967
       QSCA =  0.0376

 Wmsg: Iteration    14 Etot =   -2782.313263 err =  0.00003273
       Dyson loops  31 EF   =      -0.033341 err =  0.00002451 DOS(E_F)=   26.38 hx = 0.00100
       Magm.= -1.5978
 Total magm.= -3.1956
       QSCA =  0.0376

 Update:   Potential etc. stored on FOR002

 Wmsg: Iteration    15 Etot =   -2782.313286 err =  0.00002292
       Dyson loops  31 EF   =      -0.033321 err =  0.00000018 DOS(E_F)=   26.32 hx = 0.00100
       Magm.= -1.5975
 Total magm.= -3.1951
       QSCA =  0.0377

 Wmsg: Iteration    16 Etot =   -2782.313304 err =  0.00001868
       Dyson loops  31 EF   =      -0.033329 err =  0.00002136 DOS(E_F)=   26.29 hx = 0.00100
       Magm.= -1.5974
 Total magm.= -3.1948
       QSCA =  0.0377

 Wmsg: Iteration    17 Etot =   -2782.313319 err =  0.00001490
       Dyson loops  31 EF   =      -0.033348 err =  0.00002697 DOS(E_F)=   26.28 hx = 0.00100
       Magm.= -1.5974
 Total magm.= -3.1947
       QSCA =  0.0378

 Wmsg: Iteration    18 Etot =   -2782.313331 err =  0.00001197
       Dyson loops  31 EF   =      -0.033367 err =  0.00002593 DOS(E_F)=   26.27 hx = 0.00100
       Magm.= -1.5974
 Total magm.= -3.1947
       QSCA =  0.0378

 Wmsg: Iteration    19 Etot =   -2782.313341 err =  0.00000938
       Dyson loops  31 EF   =      -0.033385 err =  0.00002243 DOS(E_F)=   26.27 hx = 0.00100
       Magm.= -1.5974
 Total magm.= -3.1947
       QSCA =  0.0378

 Wmsg: Iteration    20 Etot =   -2782.313348 err =  0.00000723
       Dyson loops  31 EF   =      -0.033401 err =  0.00001833 DOS(E_F)=   26.27 hx = 0.00100
       Magm.= -1.5974
 Total magm.= -3.1947
       QSCA =  0.0378

 Wmsg: Iteration    21 Etot =   -2782.313353 err =  0.00000552
       Dyson loops  31 EF   =      -0.033413 err =  0.00001451 DOS(E_F)=   26.27 hx = 0.00100
       Magm.= -1.5974
 Total magm.= -3.1947
       QSCA =  0.0378

 Update:   Potential etc. stored on FOR002

 Wmsg: Iteration    22 Etot =   -2782.313358 err =  0.00000418
       Dyson loops  31 EF   =      -0.033422 err =  0.00001124 DOS(E_F)=   26.27 hx = 0.00100
       Magm.= -1.5974
 Total magm.= -3.1947
       QSCA =  0.0378

 Wmsg: Iteration    23 Etot =   -2782.313361 err =  0.00000315
       Dyson loops  31 EF   =      -0.033430 err =  0.00000860 DOS(E_F)=   26.27 hx = 0.00100
       Magm.= -1.5974
 Total magm.= -3.1947
       QSCA =  0.0378

 Wmsg: Iteration    24 Etot =   -2782.313363 err =  0.00000237
       Dyson loops  31 EF   =      -0.033435 err =  0.00000651 DOS(E_F)=   26.27 hx = 0.00100
       Magm.= -1.5974
 Total magm.= -3.1947
       QSCA =  0.0378

 Wmsg: Iteration    25 Etot =   -2782.313365 err =  0.00000177
       Dyson loops  31 EF   =      -0.033439 err =  0.00000490 DOS(E_F)=   26.27 hx = 0.00100
       Magm.= -1.5974
 Total magm.= -3.1947
       QSCA =  0.0378

 Wmsg: Iteration    26 Etot =   -2782.313366 err =  0.00000133
       Dyson loops  31 EF   =      -0.033443 err =  0.00000368 DOS(E_F)=   26.27 hx = 0.00100
       Magm.= -1.5974
 Total magm.= -3.1947
       QSCA =  0.0378

 Wmsg: Iteration    27 Etot =   -2782.313367 err =  0.00000097
       Dyson loops  31 EF   =      -0.033445 err =  0.00000276 DOS(E_F)=   26.27 hx = 0.00100
       Magm.= -1.5974
 Total magm.= -3.1947
       QSCA =  0.0378

 Wmsg: Iteration    28 Etot =   -2782.313368 err =  0.00000072
       Dyson loops  31 EF   =      -0.033447 err =  0.00000205 DOS(E_F)=   26.27 hx = 0.00100
       Magm.= -1.5974
 Total magm.= -3.1947
       QSCA =  0.0378

 Update:   Potential etc. stored on FOR002

 Wmsg: Iteration    29 Etot =   -2782.313369 err =  0.00000054
       Dyson loops  31 EF   =      -0.033448 err =  0.00000153 DOS(E_F)=   26.27 hx = 0.00100
       Magm.= -1.5974
 Total magm.= -3.1947
       QSCA =  0.0378

 Wmsg: Iteration    30 Etot =   -2782.313369 err =  0.00000040
       Dyson loops  31 EF   =      -0.033449 err =  0.00000114 DOS(E_F)=   26.27 hx = 0.00100
       Magm.= -1.5974
 Total magm.= -3.1947
       QSCA =  0.0378

 Wmsg: Iteration    31 Etot =   -2782.313369 err =  0.00000030
       Dyson loops  31 EF   =      -0.033450 err =  0.00000085 DOS(E_F)=   26.27 hx = 0.00100
       Magm.= -1.5974
 Total magm.= -3.1947
       QSCA =  0.0378

 Wmsg: Iteration    32 Etot =   -2782.313369 err =  0.00000022
       Dyson loops  31 EF   =      -0.033450 err =  0.00000063 DOS(E_F)=   26.27 hx = 0.00100
       Magm.= -1.5974
 Total magm.= -3.1947
       QSCA =  0.0378

 Wmsg: Iteration    33 Etot =   -2782.313370 err =  0.00000017
       Dyson loops  31 EF   =      -0.033451 err =  0.00000047 DOS(E_F)=   26.27 hx = 0.00100
       Magm.= -1.5974
 Total magm.= -3.1947
       QSCA =  0.0378

 Wmsg: Iteration    34 Etot =   -2782.313370 err =  0.00000012
       Dyson loops  31 EF   =      -0.033451 err =  0.00000035 DOS(E_F)=   26.27 hx = 0.00100
       Magm.= -1.5974
 Total magm.= -3.1947
       QSCA =  0.0378

 Wmsg: Iteration    35 Etot =   -2782.313370 err =  0.00000009
       Dyson loops  31 EF   =      -0.033451 err =  0.00000026 DOS(E_F)=   26.27 hx = 0.00100
       Magm.= -1.5974
 Total magm.= -3.1947
       QSCA =  0.0378

 Update:   Potential etc. stored on FOR002

 Wmsg: Iteration    36 Etot =   -2782.313370 err =  0.00000007
       Dyson loops  31 EF   =      -0.033451 err =  0.00000019 DOS(E_F)=   26.27 hx = 0.00100
       Magm.= -1.5974
 Total magm.= -3.1947
       QSCA =  0.0378

 Wmsg: Iteration    37 Etot =   -2782.313370 err =  0.00000005
       Dyson loops  31 EF   =      -0.033451 err =  0.00000014 DOS(E_F)=   26.27 hx = 0.00100
       Magm.= -1.5974
 Total magm.= -3.1947
       QSCA =  0.0378

 Wmsg: Iteration    38 Etot =   -2782.313370 err =  0.00000004
       Dyson loops  31 EF   =      -0.033452 err =  0.00000011 DOS(E_F)=   26.27 hx = 0.00100
       Magm.= -1.5974
 Total magm.= -3.1947
       QSCA =  0.0378

 Wmsg: Iteration    39 Etot =   -2782.313370 err =  0.00000003
       Dyson loops  31 EF   =      -0.033452 err =  0.00000008 DOS(E_F)=   26.27 hx = 0.00100
       Magm.= -1.5974
 Total magm.= -3.1947
       QSCA =  0.0378

 Wmsg: Iteration    40 Etot =   -2782.313370 err =  0.00000002
       Dyson loops  31 EF   =      -0.033452 err =  0.00000006 DOS(E_F)=   26.27 hx = 0.00100
       Magm.= -1.5974
 Total magm.= -3.1947
       QSCA =  0.0378

 Wmsg: Iteration    41 Etot =   -2782.313370 err =  0.00000002
       Dyson loops  31 EF   =      -0.033452 err =  0.00000004 DOS(E_F)=   26.27 hx = 0.00100
       Magm.= -1.5974
 Total magm.= -3.1947
       QSCA =  0.0378

 Wmsg: Iteration    42 Etot =   -2782.313370 err =  0.00000001
       Dyson loops  31 EF   =      -0.033452 err =  0.00000003 DOS(E_F)=   26.27 hx = 0.00100
       Magm.= -1.5974
 Total magm.= -3.1947
       QSCA =  0.0378

 Update:   Potential etc. stored on FOR002

 Wmsg: Iteration    43 Etot =   -2782.313370 err =  0.00000001
       Dyson loops  31 EF   =      -0.033452 err =  0.00000002 DOS(E_F)=   26.27 hx = 0.00100
       Magm.= -1.5974
 Total magm.= -3.1947
       QSCA =  0.0378

 Wmsg: Iteration    44 Etot =   -2782.313370 err =  0.00000001
       Dyson loops  31 EF   =      -0.033452 err =  0.00000002 DOS(E_F)=   26.27 hx = 0.00100
       Magm.= -1.5974
 Total magm.= -3.1947
       QSCA =  0.0378

 Wmsg: Iteration    45 Etot =   -2782.313370 err =  0.00000001
       Dyson loops  31 EF   =      -0.033452 err =  0.00000001 DOS(E_F)=   26.27 hx = 0.00100
       Magm.= -1.5974
 Total magm.= -3.1947
       QSCA =  0.0378

 Wmsg: Iteration    46 Etot =   -2782.313370 err =  0.00000000
       Dyson loops  31 EF   =      -0.033452 err =  0.00000001 DOS(E_F)=   26.27 hx = 0.00100
       Magm.= -1.5974
 Total magm.= -3.1947
       QSCA =  0.0378

 Wmsg: Iteration    47 Etot =   -2782.313370 err =  0.00000000
       Dyson loops  31 EF   =      -0.033452 err =  0.00000001 DOS(E_F)=   26.27 hx = 0.00100
       Magm.= -1.5974
 Total magm.= -3.1947
       QSCA =  0.0378

 Update:   Potential etc. stored on FOR002

 Dospth: CPA equation for IS =  1 converged in  1- 1 iterations

 Dospth: CPA equation for IS =  2 converged in  1- 1 iterations

 KGRN:     Calculation of the full charge density, lmaxh =  8

 Kkrfcd:   NOS(Ef) = 17.999843 ELT = 18.000000

 Mgaunt:   Generate real Gaunt numbers

 Grnfcd:   Construct the full charge density

 Eldens:   Calculate multipole moments

 Eldens:   delQ = -0.000157 QTI = -0.000079

 Rotchd:   Perform the 3D rotations

 Fcdupd:   Full charge density stored on FOR010

 KGRN: Calculation finished at 15:36 on 14-Jan-26
 
  Total time for the self-consistency loop:      45.128
  Total linear iterations time :      16.775
