
 KGRN: job = Co_1.40_2.60 isno =   0 Func = SCA

           Shape function for IQ =  1

           Shape function for IQ =  2

 Mgaunt:   Generate real Gaunt numbers

 Setsym:   Set up the site-group symmetry elements for IQ=  1

           E     C3+   C3-   C211  C221  C212  sigm  c3+ 
           c3-   c211  c221  c212

 Setsym:   Set up the site-group symmetry elements for IQ=  2

           E     C3+   C3-   C211  C221  C212  sigm  c3+ 
           c3-   c211  c221  c212
 Atomc:    Atomic calculations for: Co  

 Atomc:    Atomic calculations converged

           Number of core electrons  17.99721706

 KMESHMP : Monkhorst-Pack k-mesh parameters, NKX,NKY,NKZ= 21 21 21

 Setkms:   NKVEC =     1331

 Blochs:   Bloch sum of slope matrix => array
  1  1  -1.10  2.0156 -0.5446  0.0586 -0.0086  0.0014 -0.0002  0.0000
  2  1  -1.08  1.9790 -0.5157  0.0525 -0.0073  0.0011 -0.0002  0.0000
  3  1  -1.00  1.8331 -0.3962  0.0310 -0.0033  0.0004 -0.0000  0.0000
  4  1  -0.84  1.5728 -0.1650  0.0054 -0.0002  0.0000 -0.0000  0.0000
  5  1  -0.64  1.5315  0.1260  0.0031  0.0001  0.0000  0.0000  0.0000
  6  1  -0.44  1.8522  0.4122  0.0336  0.0037  0.0004  0.0001  0.0000
  7  1  -0.28  2.1565  0.6521  0.0840  0.0147  0.0028  0.0006  0.0001
  8  1  -0.16  2.4041  0.8272  0.1351  0.0301  0.0072  0.0018  0.0005
  9  1  -0.08  2.5760  0.9392  0.1742  0.0440  0.0120  0.0034  0.0010
 10  1  -0.04  2.6789  1.0028  0.1985  0.0536  0.0156  0.0047  0.0015
 11  1  -0.02  2.7334  1.0354  0.2117  0.0590  0.0177  0.0056  0.0018
 12  1  -0.01  2.7594  1.0508  0.2180  0.0616  0.0188  0.0060  0.0020
 13  1  -0.00  2.7705  1.0573  0.2207  0.0628  0.0193  0.0062  0.0020
 14  1  -0.00  2.7747  1.0597  0.2217  0.0632  0.0195  0.0063  0.0021
 15  1  -0.00  2.7759  1.0605  0.2220  0.0633  0.0195  0.0063  0.0021
 16  1  -0.00  2.7761  1.0606  0.2221  0.0634  0.0195  0.0063  0.0021

 Slfcns:   Start LDA iterations by KKR, XC = Perdew-Wang 96 LDA, Soft-core-A 

 Wmsg: Iteration     1 Etot =   -2782.261472 err = 14.43880988
       Dyson loops  31 EF   =       0.002878 err =  0.06202673 DOS(E_F)=   39.70 hx = 0.10100
       Magm.=  0.0489
 Total magm.=  0.0979
       QSCA =  0.0182

 Wmsg: Iteration     2 Etot =   -2782.289326 err =  0.02785384
       Dyson loops  31 EF   =      -0.007467 err =  0.06498555 DOS(E_F)=   78.87 hx = 0.08080
       Magm.=  0.7620
 Total magm.=  1.5239
       QSCA =  0.0325

 Wmsg: Iteration     3 Etot =   -2782.307037 err =  0.01771105
       Dyson loops  31 EF   =      -0.009802 err =  0.03052990 DOS(E_F)=   47.74 hx = 0.06464
       Magm.=  1.5093
 Total magm.=  3.0186
       QSCA =  0.0425

 Wmsg: Iteration     4 Etot =   -2782.306165 err =  0.00087240
       Dyson loops  31 EF   =      -0.026340 err =  0.00493174 DOS(E_F)=   22.91 hx = 0.05171
       Magm.=  1.5497
 Total magm.=  3.0995
       QSCA =  0.0487

 Wmsg: Iteration     5 Etot =   -2782.309732 err =  0.00356715
       Dyson loops  31 EF   =      -0.023561 err =  0.00454129 DOS(E_F)=   39.47 hx = 0.04137
       Magm.=  1.5715
 Total magm.=  3.1430
       QSCA =  0.0528

 Wmsg: Iteration     6 Etot =   -2782.311443 err =  0.00171067
       Dyson loops  31 EF   =      -0.022575 err =  0.00177214 DOS(E_F)=   32.60 hx = 0.02068
       Magm.=  1.5684
 Total magm.=  3.1368
       QSCA =  0.0557

 Wmsg: Iteration     7 Etot =   -2782.312086 err =  0.00064366
       Dyson loops  31 EF   =      -0.022479 err =  0.00016381 DOS(E_F)=   28.40 hx = 0.01034
       Magm.=  1.5666
 Total magm.=  3.1333
       QSCA =  0.0578

 Update:   Potential etc. stored on FOR002

 Wmsg: Iteration     8 Etot =   -2782.312236 err =  0.00014927
       Dyson loops  31 EF   =      -0.031858 err =  0.00020582 DOS(E_F)=   26.72 hx = 0.00517
       Magm.=  1.5639
 Total magm.=  3.1277
       QSCA =  0.0592

 Wmsg: Iteration     9 Etot =   -2782.313255 err =  0.00101885
       Dyson loops  31 EF   =      -0.027985 err =  0.00593934 DOS(E_F)=   51.24 hx = 0.00594
       Magm.=  1.5888
 Total magm.=  3.1776
       QSCA =  0.0602

 Wmsg: Iteration    10 Etot =   -2782.312718 err =  0.00053607
       Dyson loops  31 EF   =      -0.025416 err =  0.00302306 DOS(E_F)=   34.30 hx = 0.00302
       Magm.=  1.5737
 Total magm.=  3.1473
       QSCA =  0.0609

 Wmsg: Iteration    11 Etot =   -2782.312408 err =  0.00031008
       Dyson loops  31 EF   =      -0.024004 err =  0.00136693 DOS(E_F)=   31.32 hx = 0.00151
       Magm.=  1.5757
 Total magm.=  3.1514
       QSCA =  0.0614

 Wmsg: Iteration    12 Etot =   -2782.312424 err =  0.00001539
       Dyson loops  31 EF   =      -0.023636 err =  0.00047103 DOS(E_F)=   28.74 hx = 0.00100
       Magm.=  1.5658
 Total magm.=  3.1317
       QSCA =  0.0617

 Wmsg: Iteration    13 Etot =   -2782.312460 err =  0.00003636
       Dyson loops  31 EF   =      -0.023479 err =  0.00001235 DOS(E_F)=   27.00 hx = 0.00100
       Magm.=  1.5655
 Total magm.=  3.1310
       QSCA =  0.0620

 Wmsg: Iteration    14 Etot =   -2782.312485 err =  0.00002469
       Dyson loops  31 EF   =      -0.023401 err =  0.00003657 DOS(E_F)=   26.41 hx = 0.00100
       Magm.=  1.5649
 Total magm.=  3.1297
       QSCA =  0.0621

 Update:   Potential etc. stored on FOR002

 Wmsg: Iteration    15 Etot =   -2782.312498 err =  0.00001354
       Dyson loops  31 EF   =      -0.023369 err =  0.00000968 DOS(E_F)=   26.13 hx = 0.00100
       Magm.=  1.5646
 Total magm.=  3.1293
       QSCA =  0.0623

 Wmsg: Iteration    16 Etot =   -2782.312508 err =  0.00000961
       Dyson loops  31 EF   =      -0.023361 err =  0.00000416 DOS(E_F)=   26.00 hx = 0.00100
       Magm.=  1.5645
 Total magm.=  3.1291
       QSCA =  0.0624

 Wmsg: Iteration    17 Etot =   -2782.312516 err =  0.00000778
       Dyson loops  31 EF   =      -0.023365 err =  0.00001189 DOS(E_F)=   25.94 hx = 0.00100
       Magm.=  1.5645
 Total magm.=  3.1290
       QSCA =  0.0624

 Wmsg: Iteration    18 Etot =   -2782.312522 err =  0.00000641
       Dyson loops  31 EF   =      -0.023374 err =  0.00001427 DOS(E_F)=   25.90 hx = 0.00100
       Magm.=  1.5645
 Total magm.=  3.1290
       QSCA =  0.0625

 Wmsg: Iteration    19 Etot =   -2782.312527 err =  0.00000522
       Dyson loops  31 EF   =      -0.023384 err =  0.00001375 DOS(E_F)=   25.89 hx = 0.00100
       Magm.=  1.5645
 Total magm.=  3.1289
       QSCA =  0.0625

 Wmsg: Iteration    20 Etot =   -2782.312532 err =  0.00000422
       Dyson loops  31 EF   =      -0.023394 err =  0.00001221 DOS(E_F)=   25.88 hx = 0.00100
       Magm.=  1.5645
 Total magm.=  3.1289
       QSCA =  0.0625

 Wmsg: Iteration    21 Etot =   -2782.312535 err =  0.00000338
       Dyson loops  31 EF   =      -0.023402 err =  0.00001032 DOS(E_F)=   25.87 hx = 0.00100
       Magm.=  1.5645
 Total magm.=  3.1290
       QSCA =  0.0625

 Update:   Potential etc. stored on FOR002

 Wmsg: Iteration    22 Etot =   -2782.312538 err =  0.00000268
       Dyson loops  31 EF   =      -0.023409 err =  0.00000846 DOS(E_F)=   25.87 hx = 0.00100
       Magm.=  1.5645
 Total magm.=  3.1290
       QSCA =  0.0625

 Wmsg: Iteration    23 Etot =   -2782.312540 err =  0.00000211
       Dyson loops  31 EF   =      -0.023415 err =  0.00000679 DOS(E_F)=   25.87 hx = 0.00100
       Magm.=  1.5645
 Total magm.=  3.1290
       QSCA =  0.0625

 Wmsg: Iteration    24 Etot =   -2782.312541 err =  0.00000165
       Dyson loops  31 EF   =      -0.023420 err =  0.00000537 DOS(E_F)=   25.88 hx = 0.00100
       Magm.=  1.5645
 Total magm.=  3.1290
       QSCA =  0.0625

 Wmsg: Iteration    25 Etot =   -2782.312543 err =  0.00000128
       Dyson loops  31 EF   =      -0.023423 err =  0.00000420 DOS(E_F)=   25.88 hx = 0.00100
       Magm.=  1.5645
 Total magm.=  3.1290
       QSCA =  0.0625

 Wmsg: Iteration    26 Etot =   -2782.312544 err =  0.00000098
       Dyson loops  31 EF   =      -0.023426 err =  0.00000325 DOS(E_F)=   25.88 hx = 0.00100
       Magm.=  1.5645
 Total magm.=  3.1290
       QSCA =  0.0625

 Wmsg: Iteration    27 Etot =   -2782.312544 err =  0.00000075
       Dyson loops  31 EF   =      -0.023428 err =  0.00000249 DOS(E_F)=   25.88 hx = 0.00100
       Magm.=  1.5645
 Total magm.=  3.1290
       QSCA =  0.0625

 Wmsg: Iteration    28 Etot =   -2782.312545 err =  0.00000057
       Dyson loops  31 EF   =      -0.023430 err =  0.00000189 DOS(E_F)=   25.88 hx = 0.00100
       Magm.=  1.5645
 Total magm.=  3.1290
       QSCA =  0.0625

 Update:   Potential etc. stored on FOR002

 Wmsg: Iteration    29 Etot =   -2782.312545 err =  0.00000044
       Dyson loops  31 EF   =      -0.023431 err =  0.00000143 DOS(E_F)=   25.88 hx = 0.00100
       Magm.=  1.5645
 Total magm.=  3.1290
       QSCA =  0.0625

 Wmsg: Iteration    30 Etot =   -2782.312546 err =  0.00000033
       Dyson loops  31 EF   =      -0.023432 err =  0.00000108 DOS(E_F)=   25.88 hx = 0.00100
       Magm.=  1.5645
 Total magm.=  3.1290
       QSCA =  0.0625

 Wmsg: Iteration    31 Etot =   -2782.312546 err =  0.00000025
       Dyson loops  31 EF   =      -0.023433 err =  0.00000082 DOS(E_F)=   25.88 hx = 0.00100
       Magm.=  1.5645
 Total magm.=  3.1290
       QSCA =  0.0625

 Wmsg: Iteration    32 Etot =   -2782.312546 err =  0.00000019
       Dyson loops  31 EF   =      -0.023433 err =  0.00000062 DOS(E_F)=   25.88 hx = 0.00100
       Magm.=  1.5645
 Total magm.=  3.1290
       QSCA =  0.0625

 Wmsg: Iteration    33 Etot =   -2782.312546 err =  0.00000015
       Dyson loops  31 EF   =      -0.023434 err =  0.00000047 DOS(E_F)=   25.88 hx = 0.00100
       Magm.=  1.5645
 Total magm.=  3.1290
       QSCA =  0.0625

 Wmsg: Iteration    34 Etot =   -2782.312547 err =  0.00000011
       Dyson loops  31 EF   =      -0.023434 err =  0.00000035 DOS(E_F)=   25.88 hx = 0.00100
       Magm.=  1.5645
 Total magm.=  3.1290
       QSCA =  0.0625

 Wmsg: Iteration    35 Etot =   -2782.312547 err =  0.00000008
       Dyson loops  31 EF   =      -0.023434 err =  0.00000027 DOS(E_F)=   25.88 hx = 0.00100
       Magm.=  1.5645
 Total magm.=  3.1290
       QSCA =  0.0625

 Update:   Potential etc. stored on FOR002

 Wmsg: Iteration    36 Etot =   -2782.312547 err =  0.00000006
       Dyson loops  31 EF   =      -0.023434 err =  0.00000020 DOS(E_F)=   25.88 hx = 0.00100
       Magm.=  1.5645
 Total magm.=  3.1290
       QSCA =  0.0625

 Wmsg: Iteration    37 Etot =   -2782.312547 err =  0.00000005
       Dyson loops  31 EF   =      -0.023434 err =  0.00000015 DOS(E_F)=   25.88 hx = 0.00100
       Magm.=  1.5645
 Total magm.=  3.1290
       QSCA =  0.0625

 Wmsg: Iteration    38 Etot =   -2782.312547 err =  0.00000004
       Dyson loops  31 EF   =      -0.023435 err =  0.00000011 DOS(E_F)=   25.88 hx = 0.00100
       Magm.=  1.5645
 Total magm.=  3.1290
       QSCA =  0.0625

 Wmsg: Iteration    39 Etot =   -2782.312547 err =  0.00000003
       Dyson loops  31 EF   =      -0.023435 err =  0.00000009 DOS(E_F)=   25.88 hx = 0.00100
       Magm.=  1.5645
 Total magm.=  3.1290
       QSCA =  0.0625

 Wmsg: Iteration    40 Etot =   -2782.312547 err =  0.00000002
       Dyson loops  31 EF   =      -0.023435 err =  0.00000006 DOS(E_F)=   25.88 hx = 0.00100
       Magm.=  1.5645
 Total magm.=  3.1290
       QSCA =  0.0625

 Wmsg: Iteration    41 Etot =   -2782.312547 err =  0.00000002
       Dyson loops  31 EF   =      -0.023435 err =  0.00000005 DOS(E_F)=   25.88 hx = 0.00100
       Magm.=  1.5645
 Total magm.=  3.1290
       QSCA =  0.0625

 Wmsg: Iteration    42 Etot =   -2782.312547 err =  0.00000001
       Dyson loops  31 EF   =      -0.023435 err =  0.00000004 DOS(E_F)=   25.88 hx = 0.00100
       Magm.=  1.5645
 Total magm.=  3.1290
       QSCA =  0.0625

 Update:   Potential etc. stored on FOR002

 Wmsg: Iteration    43 Etot =   -2782.312547 err =  0.00000001
       Dyson loops  31 EF   =      -0.023435 err =  0.00000003 DOS(E_F)=   25.88 hx = 0.00100
       Magm.=  1.5645
 Total magm.=  3.1290
       QSCA =  0.0625

 Wmsg: Iteration    44 Etot =   -2782.312547 err =  0.00000001
       Dyson loops  31 EF   =      -0.023435 err =  0.00000002 DOS(E_F)=   25.88 hx = 0.00100
       Magm.=  1.5645
 Total magm.=  3.1290
       QSCA =  0.0625

 Wmsg: Iteration    45 Etot =   -2782.312547 err =  0.00000000
       Dyson loops  31 EF   =      -0.023435 err =  0.00000002 DOS(E_F)=   25.88 hx = 0.00100
       Magm.=  1.5645
 Total magm.=  3.1290
       QSCA =  0.0625

 Wmsg: Iteration    46 Etot =   -2782.312547 err =  0.00000000
       Dyson loops  31 EF   =      -0.023435 err =  0.00000001 DOS(E_F)=   25.88 hx = 0.00100
       Magm.=  1.5645
 Total magm.=  3.1290
       QSCA =  0.0625

 Wmsg: Iteration    47 Etot =   -2782.312547 err =  0.00000000
       Dyson loops  31 EF   =      -0.023435 err =  0.00000001 DOS(E_F)=   25.88 hx = 0.00100
       Magm.=  1.5645
 Total magm.=  3.1290
       QSCA =  0.0625

 Update:   Potential etc. stored on FOR002

 Dospth: CPA equation for IS =  1 converged in  1- 1 iterations

 Dospth: CPA equation for IS =  2 converged in  1- 1 iterations

 KGRN:     Calculation of the full charge density, lmaxh =  8

 Kkrfcd:   NOS(Ef) = 17.999848 ELT = 18.000000

 Mgaunt:   Generate real Gaunt numbers

 Grnfcd:   Construct the full charge density

 Eldens:   Calculate multipole moments

 Eldens:   delQ = -0.000152 QTI = -0.000076

 Rotchd:   Perform the 3D rotations

 Fcdupd:   Full charge density stored on FOR010

 KGRN: Calculation finished at 15:28 on 14-Jan-26
 
  Total time for the self-consistency loop:      48.965
  Total linear iterations time :      18.440
