======================================================================
DMAX OPTIMIZATION LOG
======================================================================
Job Name: Co
Timestamp: 2026-01-14 15:26:19
Target Vectors: 100
Number of Ratios: 5

======================================================================
OPTIMIZED DMAX VALUES
======================================================================
Ratio (c/a)     DMAX         Shells     Vectors   
----------------------------------------------------------------------
1.40            2.228        12         87        
1.50            2.323        12         87        
1.60            2.445        12         87        
1.70            2.461        12         87        
1.80            2.498        12         87        
======================================================================

STATISTICS
----------------------------------------------------------------------
DMAX Range: 2.228 - 2.498 (Δ=0.270)
Shell Range: 12 - 12 (Δ=0)
Vector Range: 87 - 87 (Δ=0)
Average Vectors: 87.0

✓ Perfect shell consistency across all ratios
