
 KGRN: job = CuMg_1.00_2.67 isno =   0 Func = SCA

           Shape function for IQ =  1

 Mgaunt:   Generate real Gaunt numbers

 Setsym:   Set up the site-group symmetry elements for IQ=  1

           E     sigb  C31+  C31-  sigf  sige  C4z+  C4z-
           C2z   sigx  C2d   C4y-  S64-  S62+  sigy  C4x+
           C2c   S62-  S63+  siga  C33+  C34-  S4x+  S4y-
           I     C2b   S61-  S61+  C2f   C2e   S4z-  S4z+
           sigz  C2x   sigd  S4y+  C34+  C32-  C2y   S4x-
           sigc  C32+  C33-  C2a   S63-  S64+  C4x-  C4y+

 Atomc:    Atomic calculations for: Cu  

 Atomc:    Atomic calculations converged

           Number of core electrons  17.99909624
 Atomc:    Atomic calculations for: Mg  

 Atomc:    Atomic calculations converged

           Number of core electrons   9.99605897

 KMESHMP : Monkhorst-Pack k-mesh parameters, NKX,NKY,NKZ= 21 21 21

 Setkms:   NKVEC =      286

 Blochs:   Bloch sum of slope matrix => array
  1  1  -1.10  1.1932 -1.0060  0.1526 -0.0280  0.0053 -0.0010  0.0001
  2  1  -1.08  1.1313 -0.9618  0.1395 -0.0244  0.0044 -0.0008  0.0001
  3  1  -1.00  0.8864 -0.7793  0.0916 -0.0130  0.0019 -0.0003  0.0000
  4  1  -0.84  0.4564 -0.4264  0.0274 -0.0021  0.0002 -0.0000  0.0000
  5  1  -0.64  0.0182  0.0179  0.0000  0.0000  0.0000  0.0000  0.0000
  6  1  -0.44  0.4892  0.4549  0.0312  0.0026  0.0002  0.0000  0.0000
  7  1  -0.28  0.9410  0.8211  0.1017  0.0152  0.0023  0.0003  0.0000
  8  1  -0.16  1.3117  1.0885  0.1787  0.0354  0.0072  0.0014  0.0002
  9  1  -0.08  1.5702  1.2594  0.2392  0.0549  0.0129  0.0029  0.0006
 10  1  -0.04  1.7254  1.3565  0.2775  0.0686  0.0174  0.0043  0.0009
 11  1  -0.02  1.8076  1.4064  0.2983  0.0764  0.0201  0.0051  0.0011
 12  1  -0.01  1.8469  1.4298  0.3083  0.0803  0.0215  0.0056  0.0012
 13  1  -0.00  1.8637  1.4398  0.3126  0.0820  0.0221  0.0058  0.0013
 14  1  -0.00  1.8700  1.4435  0.3143  0.0826  0.0223  0.0058  0.0013
 15  1  -0.00  1.8719  1.4446  0.3147  0.0828  0.0224  0.0059  0.0013
 16  1  -0.00  1.8722  1.4448  0.3148  0.0828  0.0224  0.0059  0.0013

 Slfcns:   Start LDA iterations by KKR, XC = Perdew-Wang 96 LDA, Soft-core-A 

 Wmsg: Iteration     1 Etot =   -2723.718883 err =  9.39032148
       Dyson loops  31 EF   =       0.007773 err =  0.08062069 DOS(E_F)=   29.75 hx = 0.10100
       QSCA =  0.0133
       QCPA =  0.0143 -0.0570

 Wmsg: Iteration     2 Etot =   -2723.786895 err =  0.06801217
       Dyson loops  31 EF   =      -0.001242 err =  0.07595667 DOS(E_F)=    3.49 hx = 0.08080
       QSCA =  0.0175
       QCPA =  0.0405 -0.1620

 Wmsg: Iteration     3 Etot =   -2723.788574 err =  0.00167859
       Dyson loops  31 EF   =      -0.023007 err =  0.00607788 DOS(E_F)=    3.82 hx = 0.06464
       QSCA =  0.0203
       QCPA =  0.0574 -0.2295

 Wmsg: Iteration     4 Etot =   -2723.792480 err =  0.00390609
       Dyson loops  31 EF   =      -0.020510 err =  0.01566873 DOS(E_F)=    3.82 hx = 0.05171
       QSCA =  0.0221
       QCPA =  0.0683 -0.2730

 Wmsg: Iteration     5 Etot =   -2723.794218 err =  0.00173809
       Dyson loops  31 EF   =      -0.019078 err =  0.00086653 DOS(E_F)=    2.92 hx = 0.04137
       QSCA =  0.0234
       QCPA =  0.0753 -0.3013

 Wmsg: Iteration     6 Etot =   -2723.794819 err =  0.00060111
       Dyson loops  31 EF   =      -0.029056 err =  0.00231225 DOS(E_F)=    3.77 hx = 0.02068
       QSCA =  0.0243
       QCPA =  0.0799 -0.3197

 Wmsg: Iteration     7 Etot =   -2723.795484 err =  0.00066500
       Dyson loops  31 EF   =      -0.026764 err =  0.00711728 DOS(E_F)=    3.20 hx = 0.01034
       QSCA =  0.0249
       QCPA =  0.0828 -0.3313

 Update:   Potential etc. stored on FOR002

 Wmsg: Iteration     8 Etot =   -2723.796125 err =  0.00064074
       Dyson loops  31 EF   =      -0.025390 err =  0.00086015 DOS(E_F)=    3.17 hx = 0.00517
       QSCA =  0.0254
       QCPA =  0.0848 -0.3391

 Wmsg: Iteration     9 Etot =   -2723.796467 err =  0.00034164
       Dyson loops  31 EF   =      -0.024998 err =  0.00020192 DOS(E_F)=    3.71 hx = 0.00259
       QSCA =  0.0257
       QCPA =  0.0860 -0.3441

 Wmsg: Iteration    10 Etot =   -2723.796675 err =  0.00020855
       Dyson loops  31 EF   =      -0.027478 err =  0.00025576 DOS(E_F)=    3.94 hx = 0.00129
       QSCA =  0.0259
       QCPA =  0.0869 -0.3474

 Wmsg: Iteration    11 Etot =   -2723.796918 err =  0.00024276
       Dyson loops  31 EF   =      -0.026590 err =  0.00034362 DOS(E_F)=    3.55 hx = 0.00100
       QSCA =  0.0261
       QCPA =  0.0874 -0.3495

 Wmsg: Iteration    12 Etot =   -2723.797014 err =  0.00009584
       Dyson loops  31 EF   =      -0.026403 err =  0.00106449 DOS(E_F)=    3.85 hx = 0.00106
       QSCA =  0.0262
       QCPA =  0.0877 -0.3509

 Wmsg: Iteration    13 Etot =   -2723.797085 err =  0.00007084
       Dyson loops  31 EF   =      -0.026378 err =  0.00002108 DOS(E_F)=    3.96 hx = 0.00100
       QSCA =  0.0263
       QCPA =  0.0880 -0.3519

 Wmsg: Iteration    14 Etot =   -2723.797142 err =  0.00005780
       Dyson loops  31 EF   =      -0.026520 err =  0.00011173 DOS(E_F)=    4.00 hx = 0.00100
       QSCA =  0.0263
       QCPA =  0.0881 -0.3525

 Update:   Potential etc. stored on FOR002

 Wmsg: Iteration    15 Etot =   -2723.797192 err =  0.00004950
       Dyson loops  31 EF   =      -0.026601 err =  0.00016081 DOS(E_F)=    4.01 hx = 0.00100
       QSCA =  0.0264
       QCPA =  0.0882 -0.3529

 Wmsg: Iteration    16 Etot =   -2723.797227 err =  0.00003560
       Dyson loops  31 EF   =      -0.026686 err =  0.00010198 DOS(E_F)=    4.01 hx = 0.00100
       QSCA =  0.0264
       QCPA =  0.0883 -0.3531

 Wmsg: Iteration    17 Etot =   -2723.797255 err =  0.00002738
       Dyson loops  31 EF   =      -0.026762 err =  0.00008820 DOS(E_F)=    4.02 hx = 0.00100
       QSCA =  0.0264
       QCPA =  0.0883 -0.3533

 Wmsg: Iteration    18 Etot =   -2723.797276 err =  0.00002075
       Dyson loops  31 EF   =      -0.026825 err =  0.00007066 DOS(E_F)=    4.01 hx = 0.00100
       QSCA =  0.0264
       QCPA =  0.0883 -0.3534

 Wmsg: Iteration    19 Etot =   -2723.797291 err =  0.00001555
       Dyson loops  31 EF   =      -0.026873 err =  0.00005440 DOS(E_F)=    4.01 hx = 0.00100
       QSCA =  0.0264
       QCPA =  0.0884 -0.3535

 Wmsg: Iteration    20 Etot =   -2723.797303 err =  0.00001158
       Dyson loops  31 EF   =      -0.026909 err =  0.00004096 DOS(E_F)=    4.01 hx = 0.00100
       QSCA =  0.0264
       QCPA =  0.0884 -0.3535

 Wmsg: Iteration    21 Etot =   -2723.797311 err =  0.00000859
       Dyson loops  31 EF   =      -0.026936 err =  0.00003045 DOS(E_F)=    4.01 hx = 0.00100
       QSCA =  0.0264
       QCPA =  0.0884 -0.3535

 Update:   Potential etc. stored on FOR002

 Wmsg: Iteration    22 Etot =   -2723.797318 err =  0.00000635
       Dyson loops  31 EF   =      -0.026957 err =  0.00002247 DOS(E_F)=    4.01 hx = 0.00100
       QSCA =  0.0264
       QCPA =  0.0884 -0.3536

 Wmsg: Iteration    23 Etot =   -2723.797322 err =  0.00000469
       Dyson loops  31 EF   =      -0.026971 err =  0.00001651 DOS(E_F)=    4.01 hx = 0.00100
       QSCA =  0.0264
       QCPA =  0.0884 -0.3536

 Wmsg: Iteration    24 Etot =   -2723.797326 err =  0.00000346
       Dyson loops  31 EF   =      -0.026982 err =  0.00001211 DOS(E_F)=    4.01 hx = 0.00100
       QSCA =  0.0264
       QCPA =  0.0884 -0.3536

 Wmsg: Iteration    25 Etot =   -2723.797328 err =  0.00000255
       Dyson loops  31 EF   =      -0.026990 err =  0.00000887 DOS(E_F)=    4.01 hx = 0.00100
       QSCA =  0.0264
       QCPA =  0.0884 -0.3536

 Wmsg: Iteration    26 Etot =   -2723.797330 err =  0.00000188
       Dyson loops  31 EF   =      -0.026996 err =  0.00000650 DOS(E_F)=    4.01 hx = 0.00100
       QSCA =  0.0264
       QCPA =  0.0884 -0.3536

 Wmsg: Iteration    27 Etot =   -2723.797332 err =  0.00000138
       Dyson loops  31 EF   =      -0.027000 err =  0.00000477 DOS(E_F)=    4.01 hx = 0.00100
       QSCA =  0.0264
       QCPA =  0.0884 -0.3536

 Wmsg: Iteration    28 Etot =   -2723.797333 err =  0.00000102
       Dyson loops  31 EF   =      -0.027003 err =  0.00000351 DOS(E_F)=    4.01 hx = 0.00100
       QSCA =  0.0264
       QCPA =  0.0884 -0.3536

 Update:   Potential etc. stored on FOR002

 Wmsg: Iteration    29 Etot =   -2723.797333 err =  0.00000074
       Dyson loops  31 EF   =      -0.027006 err =  0.00000257 DOS(E_F)=    4.01 hx = 0.00100
       QSCA =  0.0264
       QCPA =  0.0884 -0.3536

 Wmsg: Iteration    30 Etot =   -2723.797334 err =  0.00000055
       Dyson loops  31 EF   =      -0.027007 err =  0.00000190 DOS(E_F)=    4.01 hx = 0.00100
       QSCA =  0.0264
       QCPA =  0.0884 -0.3536

 Wmsg: Iteration    31 Etot =   -2723.797334 err =  0.00000040
       Dyson loops  31 EF   =      -0.027009 err =  0.00000140 DOS(E_F)=    4.00 hx = 0.00100
       QSCA =  0.0264
       QCPA =  0.0884 -0.3536

 Wmsg: Iteration    32 Etot =   -2723.797335 err =  0.00000030
       Dyson loops  31 EF   =      -0.027010 err =  0.00000103 DOS(E_F)=    4.00 hx = 0.00100
       QSCA =  0.0264
       QCPA =  0.0884 -0.3536

 Wmsg: Iteration    33 Etot =   -2723.797335 err =  0.00000022
       Dyson loops  31 EF   =      -0.027010 err =  0.00000076 DOS(E_F)=    4.00 hx = 0.00100
       QSCA =  0.0264
       QCPA =  0.0884 -0.3536

 Wmsg: Iteration    34 Etot =   -2723.797335 err =  0.00000016
       Dyson loops  31 EF   =      -0.027011 err =  0.00000056 DOS(E_F)=    4.00 hx = 0.00100
       QSCA =  0.0264
       QCPA =  0.0884 -0.3536

 Wmsg: Iteration    35 Etot =   -2723.797335 err =  0.00000012
       Dyson loops  31 EF   =      -0.027011 err =  0.00000041 DOS(E_F)=    4.00 hx = 0.00100
       QSCA =  0.0264
       QCPA =  0.0884 -0.3536

 Update:   Potential etc. stored on FOR002

 Wmsg: Iteration    36 Etot =   -2723.797335 err =  0.00000009
       Dyson loops  31 EF   =      -0.027012 err =  0.00000030 DOS(E_F)=    4.00 hx = 0.00100
       QSCA =  0.0264
       QCPA =  0.0884 -0.3536

 Wmsg: Iteration    37 Etot =   -2723.797335 err =  0.00000006
       Dyson loops  31 EF   =      -0.027012 err =  0.00000022 DOS(E_F)=    4.00 hx = 0.00100
       QSCA =  0.0264
       QCPA =  0.0884 -0.3536

 Wmsg: Iteration    38 Etot =   -2723.797335 err =  0.00000005
       Dyson loops  31 EF   =      -0.027012 err =  0.00000016 DOS(E_F)=    4.00 hx = 0.00100
       QSCA =  0.0264
       QCPA =  0.0884 -0.3536

 Wmsg: Iteration    39 Etot =   -2723.797335 err =  0.00000003
       Dyson loops  31 EF   =      -0.027012 err =  0.00000012 DOS(E_F)=    4.00 hx = 0.00100
       QSCA =  0.0264
       QCPA =  0.0884 -0.3536

 Wmsg: Iteration    40 Etot =   -2723.797335 err =  0.00000003
       Dyson loops  31 EF   =      -0.027012 err =  0.00000009 DOS(E_F)=    4.00 hx = 0.00100
       QSCA =  0.0264
       QCPA =  0.0884 -0.3536

 Wmsg: Iteration    41 Etot =   -2723.797335 err =  0.00000002
       Dyson loops  31 EF   =      -0.027012 err =  0.00000007 DOS(E_F)=    4.00 hx = 0.00100
       QSCA =  0.0264
       QCPA =  0.0884 -0.3536

 Wmsg: Iteration    42 Etot =   -2723.797335 err =  0.00000001
       Dyson loops  31 EF   =      -0.027012 err =  0.00000005 DOS(E_F)=    4.00 hx = 0.00100
       QSCA =  0.0264
       QCPA =  0.0884 -0.3536

 Update:   Potential etc. stored on FOR002

 Wmsg: Iteration    43 Etot =   -2723.797335 err =  0.00000001
       Dyson loops  31 EF   =      -0.027012 err =  0.00000004 DOS(E_F)=    4.00 hx = 0.00100
       QSCA =  0.0264
       QCPA =  0.0884 -0.3536

 Wmsg: Iteration    44 Etot =   -2723.797335 err =  0.00000001
       Dyson loops  31 EF   =      -0.027012 err =  0.00000003 DOS(E_F)=    4.00 hx = 0.00100
       QSCA =  0.0264
       QCPA =  0.0884 -0.3536

 Wmsg: Iteration    45 Etot =   -2723.797335 err =  0.00000001
       Dyson loops  31 EF   =      -0.027012 err =  0.00000002 DOS(E_F)=    4.00 hx = 0.00100
       QSCA =  0.0264
       QCPA =  0.0884 -0.3536

 Wmsg: Iteration    46 Etot =   -2723.797335 err =  0.00000000
       Dyson loops  31 EF   =      -0.027012 err =  0.00000001 DOS(E_F)=    4.00 hx = 0.00100
       QSCA =  0.0264
       QCPA =  0.0884 -0.3536

 Wmsg: Iteration    47 Etot =   -2723.797335 err =  0.00000000
       Dyson loops  31 EF   =      -0.027012 err =  0.00000001 DOS(E_F)=    4.00 hx = 0.00100
       QSCA =  0.0264
       QCPA =  0.0884 -0.3536

 Wmsg: Iteration    48 Etot =   -2723.797335 err =  0.00000000
       Dyson loops  31 EF   =      -0.027012 err =  0.00000001 DOS(E_F)=    4.00 hx = 0.00100
       QSCA =  0.0264
       QCPA =  0.0884 -0.3536

 Update:   Potential etc. stored on FOR002

 Dospth: CPA equation for IS =  1 not converged
         number of iterations performed  7- 7

 KGRN:     Calculation of the full charge density, lmaxh =  8

 Kkrfcd:   NOS(Ef) =  9.199944 ELT =  9.200000

 Mgaunt:   Generate real Gaunt numbers

 Grnfcd:   Construct the full charge density

 Eldens:   Calculate multipole moments

 Eldens:   delQ = -0.000056 QTI = -0.059908  0.239352

 Rotchd:   Perform the 3D rotations

 Fcdupd:   Full charge density stored on FOR010

 KGRN: Calculation finished at 14:45 on 16-Jan-26
 
  Total time for the self-consistency loop:      22.582
  Total linear iterations time :      16.980
