 SWS optimization for CuMg at c/a=1.0000                             

 Equation_of_state fitted by the modified Morse EOS          23-Jan-26  12:01

       R           Etot             Efit            Prs          Set
    2.51598   -3310.03998700   -3310.03998845    477.10228       1
    2.56598   -3310.05053300   -3310.05052946    296.41823       1
    2.61598   -3310.05694200   -3310.05694204    158.00509       1
    2.66598   -3310.05999900   -3310.06000306     53.10958       1
    2.71598   -3310.06036400   -3310.06036545    -25.27983       1
    2.76598   -3310.05858300   -3310.05857672    -82.77679       1
    2.81598   -3310.05509200   -3310.05509481   -123.87254       1

 FITMO88: ***** fsumsq=.8062013940E-10, IFAIL =  0, ICALL =   3

          Ground state parameters:

          Rwseq    =      2.6981572121 au.
          V_eq     =     82.2792571253 au.^3
          Eeq      =  -3310.0605093431 Ry
          Bmod     =   1346.3554002349 kBar
          B'       =      6.1102195366
          Gamma    =      2.0551097683

           Morse curve parameters:
           a        =      0.2004389181
           b        =    -24.4552728763
           c        =    745.3979287088
           lambda   =      1.5233432352
