
 KGRN: job = CuMg_1.00_2.65 isno =   0 Func = SCA

           Shape function for IQ =  1

 Mgaunt:   Generate real Gaunt numbers

 Setsym:   Set up the site-group symmetry elements for IQ=  1

           E     sigb  C31+  C31-  sigf  sige  C4z+  C4z-
           C2z   sigx  C2d   C4y-  S64-  S62+  sigy  C4x+
           C2c   S62-  S63+  siga  C33+  C34-  S4x+  S4y-
           I     C2b   S61-  S61+  C2f   C2e   S4z-  S4z+
           sigz  C2x   sigd  S4y+  C34+  C32-  C2y   S4x-
           sigc  C32+  C33-  C2a   S63-  S64+  C4x-  C4y+

 Atomc:    Atomic calculations for: Cu  

 Atomc:    Atomic calculations converged

           Number of core electrons  17.99901112
 Atomc:    Atomic calculations for: Mg  

 Atomc:    Atomic calculations converged

           Number of core electrons   9.99576626

 KMESHMP : Monkhorst-Pack k-mesh parameters, NKX,NKY,NKZ= 32 32 31

 Setkms:   NKVEC =     8193

 Blochs:   Bloch sum of slope matrix => array
  1  1  -1.10  1.1633 -0.9848  0.1463 -0.0262  0.0048 -0.0009  0.0001
  2  1  -1.08  1.1028 -0.9413  0.1336 -0.0229  0.0040 -0.0007  0.0001
  3  1  -1.00  0.8633 -0.7615  0.0875 -0.0121  0.0017 -0.0002  0.0000
  4  1  -0.84  0.4420 -0.4139  0.0258 -0.0019  0.0002 -0.0000  0.0000
  5  1  -0.64  0.0242  0.0238  0.0001  0.0000  0.0000  0.0000  0.0000
  6  1  -0.44  0.4885  0.4543  0.0311  0.0026  0.0002  0.0000  0.0000
  7  1  -0.28  0.9330  0.8151  0.1002  0.0149  0.0023  0.0003  0.0000
  8  1  -0.16  1.2970  1.0784  0.1754  0.0345  0.0069  0.0014  0.0002
  9  1  -0.08  1.5505  1.2468  0.2345  0.0532  0.0124  0.0028  0.0005
 10  1  -0.04  1.7025  1.3425  0.2718  0.0665  0.0167  0.0041  0.0008
 11  1  -0.02  1.7830  1.3916  0.2921  0.0740  0.0193  0.0049  0.0010
 12  1  -0.01  1.8215  1.4147  0.3018  0.0778  0.0206  0.0053  0.0012
 13  1  -0.00  1.8380  1.4245  0.3060  0.0794  0.0211  0.0055  0.0012
 14  1  -0.00  1.8441  1.4282  0.3076  0.0800  0.0214  0.0055  0.0012
 15  1  -0.00  1.8459  1.4292  0.3081  0.0802  0.0214  0.0056  0.0012
 16  1  -0.00  1.8462  1.4294  0.3082  0.0802  0.0214  0.0056  0.0012

 Slfcns:   Start LDA iterations by KKR, XC = Perdew-Wang 96 LDA, Soft-core-A 

 Wmsg: Iteration     1 Etot =   -3304.856561 err = 10.07303348
       Dyson loops  31 EF   =       0.003366 err =  0.07113725 DOS(E_F)=   25.08 hx = 0.10100
       QSCA =  0.0136
       QCPA =  0.0000 -0.0418

 Wmsg: Iteration     2 Etot =   -3304.966665 err =  0.11010359
       Dyson loops  31 EF   =      -0.022580 err =  0.08433781 DOS(E_F)=    4.18 hx = 0.08434
       QSCA =  0.0207
       QCPA =  0.0000 -0.1652

 Wmsg: Iteration     3 Etot =   -3304.971304 err =  0.00463904
       Dyson loops  31 EF   =      -0.053146 err =  0.03555547 DOS(E_F)=    3.93 hx = 0.06747
       QSCA =  0.0254
       QCPA =  0.0000 -0.2497

 Wmsg: Iteration     4 Etot =   -3304.978423 err =  0.00711983
       Dyson loops  31 EF   =      -0.070270 err =  0.00468315 DOS(E_F)=    3.82 hx = 0.05398
       QSCA =  0.0286
       QCPA =  0.0000 -0.3093

 Wmsg: Iteration     5 Etot =   -3304.978887 err =  0.00046360
       Dyson loops  31 EF   =      -0.066200 err =  0.01099525 DOS(E_F)=    4.45 hx = 0.04318
       QSCA =  0.0309
       QCPA =  0.0000 -0.3474

 Wmsg: Iteration     6 Etot =   -3304.979836 err =  0.00094858
       Dyson loops  31 EF   =      -0.064457 err =  0.00115785 DOS(E_F)=    4.31 hx = 0.02159
       QSCA =  0.0325
       QCPA =  0.0000 -0.3728

 Wmsg: Iteration     7 Etot =   -3304.980210 err =  0.00037388
       Dyson loops  31 EF   =      -0.064490 err =  0.00037996 DOS(E_F)=    3.78 hx = 0.01080
       QSCA =  0.0336
       QCPA =  0.0000 -0.3895

 Update:   Potential etc. stored on FOR002

 Wmsg: Iteration     8 Etot =   -3304.980291 err =  0.00008106
       Dyson loops  31 EF   =      -0.074522 err =  0.00059798 DOS(E_F)=    3.72 hx = 0.00540
       QSCA =  0.0345
       QCPA =  0.0000 -0.4005

 Wmsg: Iteration     9 Etot =   -3304.980975 err =  0.00068464
       Dyson loops  31 EF   =      -0.070754 err =  0.00610295 DOS(E_F)=    4.16 hx = 0.00610
       QSCA =  0.0350
       QCPA =  0.0000 -0.4076

 Wmsg: Iteration    10 Etot =   -3304.980825 err =  0.00015016
       Dyson loops  31 EF   =      -0.068770 err =  0.00188420 DOS(E_F)=    4.26 hx = 0.00305
       QSCA =  0.0354
       QCPA =  0.0000 -0.4123

 Wmsg: Iteration    11 Etot =   -3304.980844 err =  0.00001846
       Dyson loops  31 EF   =      -0.067953 err =  0.00073629 DOS(E_F)=    3.84 hx = 0.00153
       QSCA =  0.0357
       QCPA =  0.0000 -0.4153

 Wmsg: Iteration    12 Etot =   -3304.980902 err =  0.00005897
       Dyson loops  31 EF   =      -0.067555 err =  0.00032598 DOS(E_F)=    3.65 hx = 0.00100
       QSCA =  0.0359
       QCPA =  0.0000 -0.4173

 Wmsg: Iteration    13 Etot =   -3304.980942 err =  0.00003965
       Dyson loops  31 EF   =      -0.067371 err =  0.00014202 DOS(E_F)=    3.70 hx = 0.00100
       QSCA =  0.0361
       QCPA =  0.0000 -0.4186

 Wmsg: Iteration    14 Etot =   -3304.980975 err =  0.00003241
       Dyson loops  31 EF   =      -0.067320 err =  0.00002229 DOS(E_F)=    3.76 hx = 0.00100
       QSCA =  0.0362
       QCPA =  0.0000 -0.4195

 Update:   Potential etc. stored on FOR002

 Wmsg: Iteration    15 Etot =   -3304.981003 err =  0.00002822
       Dyson loops  31 EF   =      -0.067336 err =  0.00003640 DOS(E_F)=    3.80 hx = 0.00100
       QSCA =  0.0362
       QCPA =  0.0000 -0.4200

 Wmsg: Iteration    16 Etot =   -3304.981026 err =  0.00002351
       Dyson loops  31 EF   =      -0.067377 err =  0.00005507 DOS(E_F)=    3.82 hx = 0.00100
       QSCA =  0.0363
       QCPA =  0.0000 -0.4204

 Wmsg: Iteration    17 Etot =   -3304.981046 err =  0.00001927
       Dyson loops  31 EF   =      -0.067422 err =  0.00005537 DOS(E_F)=    3.82 hx = 0.00100
       QSCA =  0.0363
       QCPA =  0.0000 -0.4206

 Wmsg: Iteration    18 Etot =   -3304.981061 err =  0.00001516
       Dyson loops  31 EF   =      -0.067461 err =  0.00004736 DOS(E_F)=    3.82 hx = 0.00100
       QSCA =  0.0364
       QCPA =  0.0000 -0.4208

 Wmsg: Iteration    19 Etot =   -3304.981072 err =  0.00001166
       Dyson loops  31 EF   =      -0.067493 err =  0.00003774 DOS(E_F)=    3.82 hx = 0.00100
       QSCA =  0.0364
       QCPA =  0.0000 -0.4209

 Wmsg: Iteration    20 Etot =   -3304.981081 err =  0.00000884
       Dyson loops  31 EF   =      -0.067518 err =  0.00002903 DOS(E_F)=    3.82 hx = 0.00100
       QSCA =  0.0364
       QCPA =  0.0000 -0.4210

 Wmsg: Iteration    21 Etot =   -3304.981088 err =  0.00000665
       Dyson loops  31 EF   =      -0.067537 err =  0.00002190 DOS(E_F)=    3.82 hx = 0.00100
       QSCA =  0.0364
       QCPA =  0.0000 -0.4210

 Update:   Potential etc. stored on FOR002

 Wmsg: Iteration    22 Etot =   -3304.981093 err =  0.00000497
       Dyson loops  31 EF   =      -0.067552 err =  0.00001633 DOS(E_F)=    3.82 hx = 0.00100
       QSCA =  0.0364
       QCPA =  0.0000 -0.4210

 Wmsg: Iteration    23 Etot =   -3304.981097 err =  0.00000370
       Dyson loops  31 EF   =      -0.067562 err =  0.00001209 DOS(E_F)=    3.82 hx = 0.00100
       QSCA =  0.0364
       QCPA =  0.0000 -0.4210

 Wmsg: Iteration    24 Etot =   -3304.981099 err =  0.00000275
       Dyson loops  31 EF   =      -0.067570 err =  0.00000893 DOS(E_F)=    3.82 hx = 0.00100
       QSCA =  0.0364
       QCPA =  0.0000 -0.4211

 Wmsg: Iteration    25 Etot =   -3304.981101 err =  0.00000204
       Dyson loops  31 EF   =      -0.067576 err =  0.00000657 DOS(E_F)=    3.82 hx = 0.00100
       QSCA =  0.0364
       QCPA =  0.0000 -0.4211

 Wmsg: Iteration    26 Etot =   -3304.981103 err =  0.00000151
       Dyson loops  31 EF   =      -0.067580 err =  0.00000486 DOS(E_F)=    3.82 hx = 0.00100
       QSCA =  0.0364
       QCPA =  0.0000 -0.4211

 Wmsg: Iteration    27 Etot =   -3304.981104 err =  0.00000112
       Dyson loops  31 EF   =      -0.067583 err =  0.00000358 DOS(E_F)=    3.82 hx = 0.00100
       QSCA =  0.0364
       QCPA =  0.0000 -0.4211

 Wmsg: Iteration    28 Etot =   -3304.981105 err =  0.00000082
       Dyson loops  31 EF   =      -0.067585 err =  0.00000264 DOS(E_F)=    3.82 hx = 0.00100
       QSCA =  0.0364
       QCPA =  0.0000 -0.4211

 Update:   Potential etc. stored on FOR002

 Wmsg: Iteration    29 Etot =   -3304.981105 err =  0.00000061
       Dyson loops  31 EF   =      -0.067587 err =  0.00000196 DOS(E_F)=    3.82 hx = 0.00100
       QSCA =  0.0364
       QCPA =  0.0000 -0.4211

 Wmsg: Iteration    30 Etot =   -3304.981106 err =  0.00000045
       Dyson loops  31 EF   =      -0.067588 err =  0.00000145 DOS(E_F)=    3.82 hx = 0.00100
       QSCA =  0.0364
       QCPA =  0.0000 -0.4211

 Wmsg: Iteration    31 Etot =   -3304.981106 err =  0.00000033
       Dyson loops  31 EF   =      -0.067589 err =  0.00000107 DOS(E_F)=    3.82 hx = 0.00100
       QSCA =  0.0364
       QCPA =  0.0000 -0.4211

 Wmsg: Iteration    32 Etot =   -3304.981106 err =  0.00000025
       Dyson loops  31 EF   =      -0.067590 err =  0.00000079 DOS(E_F)=    3.82 hx = 0.00100
       QSCA =  0.0364
       QCPA =  0.0000 -0.4211

 Wmsg: Iteration    33 Etot =   -3304.981107 err =  0.00000018
       Dyson loops  31 EF   =      -0.067591 err =  0.00000059 DOS(E_F)=    3.82 hx = 0.00100
       QSCA =  0.0364
       QCPA =  0.0000 -0.4211

 Wmsg: Iteration    34 Etot =   -3304.981107 err =  0.00000014
       Dyson loops  31 EF   =      -0.067591 err =  0.00000043 DOS(E_F)=    3.82 hx = 0.00100
       QSCA =  0.0364
       QCPA =  0.0000 -0.4211

 Wmsg: Iteration    35 Etot =   -3304.981107 err =  0.00000010
       Dyson loops  31 EF   =      -0.067591 err =  0.00000032 DOS(E_F)=    3.82 hx = 0.00100
       QSCA =  0.0364
       QCPA =  0.0000 -0.4211

 Update:   Potential etc. stored on FOR002

 Wmsg: Iteration    36 Etot =   -3304.981107 err =  0.00000007
       Dyson loops  31 EF   =      -0.067592 err =  0.00000024 DOS(E_F)=    3.82 hx = 0.00100
       QSCA =  0.0364
       QCPA =  0.0000 -0.4211

 Wmsg: Iteration    37 Etot =   -3304.981107 err =  0.00000005
       Dyson loops  31 EF   =      -0.067592 err =  0.00000018 DOS(E_F)=    3.82 hx = 0.00100
       QSCA =  0.0364
       QCPA =  0.0000 -0.4211

 Wmsg: Iteration    38 Etot =   -3304.981107 err =  0.00000004
       Dyson loops  31 EF   =      -0.067592 err =  0.00000013 DOS(E_F)=    3.82 hx = 0.00100
       QSCA =  0.0364
       QCPA =  0.0000 -0.4211

 Wmsg: Iteration    39 Etot =   -3304.981107 err =  0.00000003
       Dyson loops  31 EF   =      -0.067592 err =  0.00000010 DOS(E_F)=    3.82 hx = 0.00100
       QSCA =  0.0364
       QCPA =  0.0000 -0.4211

 Wmsg: Iteration    40 Etot =   -3304.981107 err =  0.00000002
       Dyson loops  31 EF   =      -0.067592 err =  0.00000007 DOS(E_F)=    3.82 hx = 0.00100
       QSCA =  0.0364
       QCPA =  0.0000 -0.4211

 Wmsg: Iteration    41 Etot =   -3304.981107 err =  0.00000002
       Dyson loops  31 EF   =      -0.067592 err =  0.00000005 DOS(E_F)=    3.82 hx = 0.00100
       QSCA =  0.0364
       QCPA =  0.0000 -0.4211

 Wmsg: Iteration    42 Etot =   -3304.981107 err =  0.00000001
       Dyson loops  31 EF   =      -0.067592 err =  0.00000004 DOS(E_F)=    3.82 hx = 0.00100
       QSCA =  0.0364
       QCPA =  0.0000 -0.4211

 Update:   Potential etc. stored on FOR002

 Wmsg: Iteration    43 Etot =   -3304.981107 err =  0.00000001
       Dyson loops  31 EF   =      -0.067592 err =  0.00000003 DOS(E_F)=    3.82 hx = 0.00100
       QSCA =  0.0364
       QCPA =  0.0000 -0.4211

 Wmsg: Iteration    44 Etot =   -3304.981107 err =  0.00000001
       Dyson loops  31 EF   =      -0.067592 err =  0.00000002 DOS(E_F)=    3.82 hx = 0.00100
       QSCA =  0.0364
       QCPA =  0.0000 -0.4211

 Wmsg: Iteration    45 Etot =   -3304.981107 err =  0.00000000
       Dyson loops  31 EF   =      -0.067592 err =  0.00000002 DOS(E_F)=    3.82 hx = 0.00100
       QSCA =  0.0364
       QCPA =  0.0000 -0.4211

 Wmsg: Iteration    46 Etot =   -3304.981107 err =  0.00000000
       Dyson loops  31 EF   =      -0.067592 err =  0.00000001 DOS(E_F)=    3.82 hx = 0.00100
       QSCA =  0.0364
       QCPA =  0.0000 -0.4211

 Wmsg: Iteration    47 Etot =   -3304.981107 err =  0.00000000
       Dyson loops  31 EF   =      -0.067592 err =  0.00000001 DOS(E_F)=    3.82 hx = 0.00100
       QSCA =  0.0364
       QCPA =  0.0000 -0.4211

 Update:   Potential etc. stored on FOR002

 Dospth: CPA equation for IS =  1 converged in  1- 1 iterations

 KGRN:     Calculation of the full charge density, lmaxh =  8

 Kkrfcd:   NOS(Ef) = 10.999977 ELT = 11.000000

 Mgaunt:   Generate real Gaunt numbers

 Grnfcd:   Construct the full charge density

 Eldens:   Calculate multipole moments

 Eldens:   delQ = -0.000023 QTI = -0.000023  0.325740

 Rotchd:   Perform the 3D rotations

 Fcdupd:   Full charge density stored on FOR010

 KGRN: Calculation finished at 14:02 on 23-Jan-26
 
  Total time for the self-consistency loop:      35.843
  Total linear iterations time :      16.544
