
 KGRN: job = CuMg_1.00_2.62 isno =   0 Func = SCA

           Shape function for IQ =  1

 Mgaunt:   Generate real Gaunt numbers

 Setsym:   Set up the site-group symmetry elements for IQ=  1

           E     sigb  C31+  C31-  sigf  sige  C4z+  C4z-
           C2z   sigx  C2d   C4y-  S64-  S62+  sigy  C4x+
           C2c   S62-  S63+  siga  C33+  C34-  S4x+  S4y-
           I     C2b   S61-  S61+  C2f   C2e   S4z-  S4z+
           sigz  C2x   sigd  S4y+  C34+  C32-  C2y   S4x-
           sigc  C32+  C33-  C2a   S63-  S64+  C4x-  C4y+

 Atomc:    Atomic calculations for: Cu  

 Atomc:    Atomic calculations converged

           Number of core electrons  17.99886822
 Atomc:    Atomic calculations for: Mg  

 Atomc:    Atomic calculations converged

           Number of core electrons   9.99528600

 KMESHMP : Monkhorst-Pack k-mesh parameters, NKX,NKY,NKZ= 32 32 31

 Setkms:   NKVEC =     8193

 Blochs:   Bloch sum of slope matrix => array
  1  1  -1.10  1.0996 -0.9389  0.1330 -0.0227  0.0040 -0.0007  0.0001
  2  1  -1.08  1.0415 -0.8964  0.1212 -0.0198  0.0033 -0.0005  0.0001
  3  1  -1.00  0.8111 -0.7207  0.0783 -0.0103  0.0014 -0.0002  0.0000
  4  1  -0.84  0.4046 -0.3808  0.0219 -0.0015  0.0001 -0.0000  0.0000
  5  1  -0.64  0.0476  0.0470  0.0003  0.0000  0.0000  0.0000  0.0000
  6  1  -0.44  0.5041  0.4678  0.0330  0.0028  0.0002  0.0000  0.0000
  7  1  -0.28  0.9400  0.8204  0.1015  0.0152  0.0023  0.0003  0.0000
  8  1  -0.16  1.2962  1.0778  0.1752  0.0344  0.0069  0.0014  0.0002
  9  1  -0.08  1.5437  1.2425  0.2328  0.0527  0.0122  0.0028  0.0005
 10  1  -0.04  1.6920  1.3359  0.2692  0.0655  0.0164  0.0040  0.0008
 11  1  -0.02  1.7704  1.3839  0.2889  0.0728  0.0188  0.0047  0.0010
 12  1  -0.01  1.8078  1.4065  0.2984  0.0764  0.0201  0.0051  0.0011
 13  1  -0.00  1.8239  1.4161  0.3025  0.0780  0.0206  0.0053  0.0012
 14  1  -0.00  1.8299  1.4197  0.3040  0.0786  0.0209  0.0054  0.0012
 15  1  -0.00  1.8317  1.4207  0.3044  0.0788  0.0209  0.0054  0.0012
 16  1  -0.00  1.8320  1.4209  0.3045  0.0788  0.0209  0.0054  0.0012

 Slfcns:   Start LDA iterations by KKR, XC = Perdew-Wang 96 LDA, Soft-core-A 

 Wmsg: Iteration     1 Etot =   -3304.854995 err = 10.54786578
       Dyson loops  31 EF   =       0.015126 err =  0.06844071 DOS(E_F)=   31.73 hx = 0.10100
       QSCA =  0.0170
       QCPA =  0.0000 -0.0464

 Wmsg: Iteration     2 Etot =   -3304.964338 err =  0.10934351
       Dyson loops  31 EF   =      -0.005845 err =  0.06189690 DOS(E_F)=    3.81 hx = 0.08080
       QSCA =  0.0234
       QCPA =  0.0000 -0.1605

 Wmsg: Iteration     3 Etot =   -3304.972653 err =  0.00831450
       Dyson loops  31 EF   =      -0.036251 err =  0.03852480 DOS(E_F)=    4.44 hx = 0.06464
       QSCA =  0.0274
       QCPA =  0.0000 -0.2415

 Wmsg: Iteration     4 Etot =   -3304.980786 err =  0.00813351
       Dyson loops  31 EF   =      -0.036175 err =  0.00181867 DOS(E_F)=    4.08 hx = 0.05171
       QSCA =  0.0301
       QCPA =  0.0000 -0.2989

 Wmsg: Iteration     5 Etot =   -3304.980040 err =  0.00074676
       Dyson loops  31 EF   =      -0.049185 err =  0.00211341 DOS(E_F)=    3.84 hx = 0.04137
       QSCA =  0.0320
       QCPA =  0.0000 -0.3362

 Wmsg: Iteration     6 Etot =   -3304.980741 err =  0.00070160
       Dyson loops  31 EF   =      -0.045878 err =  0.00857516 DOS(E_F)=    4.48 hx = 0.02068
       QSCA =  0.0333
       QCPA =  0.0000 -0.3603

 Wmsg: Iteration     7 Etot =   -3304.981353 err =  0.00061190
       Dyson loops  31 EF   =      -0.044751 err =  0.00056246 DOS(E_F)=    4.16 hx = 0.01034
       QSCA =  0.0342
       QCPA =  0.0000 -0.3765

 Update:   Potential etc. stored on FOR002

 Wmsg: Iteration     8 Etot =   -3304.981698 err =  0.00034472
       Dyson loops  31 EF   =      -0.044611 err =  0.00007837 DOS(E_F)=    3.76 hx = 0.00517
       QSCA =  0.0348
       QCPA =  0.0000 -0.3872

 Wmsg: Iteration     9 Etot =   -3304.981823 err =  0.00012561
       Dyson loops  31 EF   =      -0.049501 err =  0.00041766 DOS(E_F)=    3.83 hx = 0.00259
       QSCA =  0.0353
       QCPA =  0.0000 -0.3942

 Wmsg: Iteration    10 Etot =   -3304.982165 err =  0.00034186
       Dyson loops  31 EF   =      -0.047954 err =  0.00321108 DOS(E_F)=    4.14 hx = 0.00321
       QSCA =  0.0356
       QCPA =  0.0000 -0.3987

 Wmsg: Iteration    11 Etot =   -3304.982214 err =  0.00004849
       Dyson loops  31 EF   =      -0.047135 err =  0.00071248 DOS(E_F)=    3.77 hx = 0.00161
       QSCA =  0.0358
       QCPA =  0.0000 -0.4017

 Wmsg: Iteration    12 Etot =   -3304.982257 err =  0.00004307
       Dyson loops  31 EF   =      -0.046761 err =  0.00031587 DOS(E_F)=    3.75 hx = 0.00100
       QSCA =  0.0360
       QCPA =  0.0000 -0.4037

 Wmsg: Iteration    13 Etot =   -3304.982302 err =  0.00004514
       Dyson loops  31 EF   =      -0.046651 err =  0.00006458 DOS(E_F)=    3.82 hx = 0.00100
       QSCA =  0.0361
       QCPA =  0.0000 -0.4050

 Wmsg: Iteration    14 Etot =   -3304.982342 err =  0.00004003
       Dyson loops  31 EF   =      -0.046667 err =  0.00004698 DOS(E_F)=    3.84 hx = 0.00100
       QSCA =  0.0362
       QCPA =  0.0000 -0.4059

 Update:   Potential etc. stored on FOR002

 Wmsg: Iteration    15 Etot =   -3304.982376 err =  0.00003432
       Dyson loops  31 EF   =      -0.046728 err =  0.00008254 DOS(E_F)=    3.86 hx = 0.00100
       QSCA =  0.0362
       QCPA =  0.0000 -0.4064

 Wmsg: Iteration    16 Etot =   -3304.982405 err =  0.00002861
       Dyson loops  31 EF   =      -0.046795 err =  0.00008420 DOS(E_F)=    3.86 hx = 0.00100
       QSCA =  0.0363
       QCPA =  0.0000 -0.4068

 Wmsg: Iteration    17 Etot =   -3304.982428 err =  0.00002257
       Dyson loops  31 EF   =      -0.046856 err =  0.00007223 DOS(E_F)=    3.86 hx = 0.00100
       QSCA =  0.0363
       QCPA =  0.0000 -0.4070

 Wmsg: Iteration    18 Etot =   -3304.982445 err =  0.00001733
       Dyson loops  31 EF   =      -0.046905 err =  0.00005754 DOS(E_F)=    3.86 hx = 0.00100
       QSCA =  0.0363
       QCPA =  0.0000 -0.4071

 Wmsg: Iteration    19 Etot =   -3304.982458 err =  0.00001311
       Dyson loops  31 EF   =      -0.046943 err =  0.00004417 DOS(E_F)=    3.86 hx = 0.00100
       QSCA =  0.0363
       QCPA =  0.0000 -0.4072

 Wmsg: Iteration    20 Etot =   -3304.982468 err =  0.00000984
       Dyson loops  31 EF   =      -0.046972 err =  0.00003320 DOS(E_F)=    3.86 hx = 0.00100
       QSCA =  0.0363
       QCPA =  0.0000 -0.4073

 Wmsg: Iteration    21 Etot =   -3304.982475 err =  0.00000734
       Dyson loops  31 EF   =      -0.046994 err =  0.00002466 DOS(E_F)=    3.86 hx = 0.00100
       QSCA =  0.0363
       QCPA =  0.0000 -0.4073

 Update:   Potential etc. stored on FOR002

 Wmsg: Iteration    22 Etot =   -3304.982481 err =  0.00000546
       Dyson loops  31 EF   =      -0.047010 err =  0.00001819 DOS(E_F)=    3.86 hx = 0.00100
       QSCA =  0.0363
       QCPA =  0.0000 -0.4074

 Wmsg: Iteration    23 Etot =   -3304.982485 err =  0.00000405
       Dyson loops  31 EF   =      -0.047021 err =  0.00001336 DOS(E_F)=    3.86 hx = 0.00100
       QSCA =  0.0363
       QCPA =  0.0000 -0.4074

 Wmsg: Iteration    24 Etot =   -3304.982488 err =  0.00000300
       Dyson loops  31 EF   =      -0.047030 err =  0.00000980 DOS(E_F)=    3.86 hx = 0.00100
       QSCA =  0.0364
       QCPA =  0.0000 -0.4074

 Wmsg: Iteration    25 Etot =   -3304.982490 err =  0.00000222
       Dyson loops  31 EF   =      -0.047036 err =  0.00000718 DOS(E_F)=    3.86 hx = 0.00100
       QSCA =  0.0364
       QCPA =  0.0000 -0.4074

 Wmsg: Iteration    26 Etot =   -3304.982492 err =  0.00000164
       Dyson loops  31 EF   =      -0.047041 err =  0.00000527 DOS(E_F)=    3.86 hx = 0.00100
       QSCA =  0.0364
       QCPA =  0.0000 -0.4074

 Wmsg: Iteration    27 Etot =   -3304.982493 err =  0.00000121
       Dyson loops  31 EF   =      -0.047044 err =  0.00000387 DOS(E_F)=    3.86 hx = 0.00100
       QSCA =  0.0364
       QCPA =  0.0000 -0.4074

 Wmsg: Iteration    28 Etot =   -3304.982494 err =  0.00000089
       Dyson loops  31 EF   =      -0.047047 err =  0.00000284 DOS(E_F)=    3.86 hx = 0.00100
       QSCA =  0.0364
       QCPA =  0.0000 -0.4074

 Update:   Potential etc. stored on FOR002

 Wmsg: Iteration    29 Etot =   -3304.982494 err =  0.00000065
       Dyson loops  31 EF   =      -0.047049 err =  0.00000209 DOS(E_F)=    3.86 hx = 0.00100
       QSCA =  0.0364
       QCPA =  0.0000 -0.4074

 Wmsg: Iteration    30 Etot =   -3304.982495 err =  0.00000048
       Dyson loops  31 EF   =      -0.047050 err =  0.00000154 DOS(E_F)=    3.86 hx = 0.00100
       QSCA =  0.0364
       QCPA =  0.0000 -0.4074

 Wmsg: Iteration    31 Etot =   -3304.982495 err =  0.00000036
       Dyson loops  31 EF   =      -0.047051 err =  0.00000114 DOS(E_F)=    3.86 hx = 0.00100
       QSCA =  0.0364
       QCPA =  0.0000 -0.4074

 Wmsg: Iteration    32 Etot =   -3304.982495 err =  0.00000026
       Dyson loops  31 EF   =      -0.047052 err =  0.00000084 DOS(E_F)=    3.86 hx = 0.00100
       QSCA =  0.0364
       QCPA =  0.0000 -0.4074

 Wmsg: Iteration    33 Etot =   -3304.982496 err =  0.00000019
       Dyson loops  31 EF   =      -0.047052 err =  0.00000062 DOS(E_F)=    3.86 hx = 0.00100
       QSCA =  0.0364
       QCPA =  0.0000 -0.4074

 Wmsg: Iteration    34 Etot =   -3304.982496 err =  0.00000014
       Dyson loops  31 EF   =      -0.047053 err =  0.00000045 DOS(E_F)=    3.86 hx = 0.00100
       QSCA =  0.0364
       QCPA =  0.0000 -0.4074

 Wmsg: Iteration    35 Etot =   -3304.982496 err =  0.00000011
       Dyson loops  31 EF   =      -0.047053 err =  0.00000034 DOS(E_F)=    3.86 hx = 0.00100
       QSCA =  0.0364
       QCPA =  0.0000 -0.4074

 Update:   Potential etc. stored on FOR002

 Wmsg: Iteration    36 Etot =   -3304.982496 err =  0.00000008
       Dyson loops  31 EF   =      -0.047053 err =  0.00000025 DOS(E_F)=    3.86 hx = 0.00100
       QSCA =  0.0364
       QCPA =  0.0000 -0.4074

 Wmsg: Iteration    37 Etot =   -3304.982496 err =  0.00000006
       Dyson loops  31 EF   =      -0.047053 err =  0.00000018 DOS(E_F)=    3.86 hx = 0.00100
       QSCA =  0.0364
       QCPA =  0.0000 -0.4074

 Wmsg: Iteration    38 Etot =   -3304.982496 err =  0.00000004
       Dyson loops  31 EF   =      -0.047054 err =  0.00000013 DOS(E_F)=    3.86 hx = 0.00100
       QSCA =  0.0364
       QCPA =  0.0000 -0.4074

 Wmsg: Iteration    39 Etot =   -3304.982496 err =  0.00000003
       Dyson loops  31 EF   =      -0.047054 err =  0.00000010 DOS(E_F)=    3.86 hx = 0.00100
       QSCA =  0.0364
       QCPA =  0.0000 -0.4074

 Wmsg: Iteration    40 Etot =   -3304.982496 err =  0.00000002
       Dyson loops  31 EF   =      -0.047054 err =  0.00000007 DOS(E_F)=    3.86 hx = 0.00100
       QSCA =  0.0364
       QCPA =  0.0000 -0.4074

 Wmsg: Iteration    41 Etot =   -3304.982496 err =  0.00000002
       Dyson loops  31 EF   =      -0.047054 err =  0.00000005 DOS(E_F)=    3.86 hx = 0.00100
       QSCA =  0.0364
       QCPA =  0.0000 -0.4074

 Wmsg: Iteration    42 Etot =   -3304.982496 err =  0.00000001
       Dyson loops  31 EF   =      -0.047054 err =  0.00000004 DOS(E_F)=    3.86 hx = 0.00100
       QSCA =  0.0364
       QCPA =  0.0000 -0.4074

 Update:   Potential etc. stored on FOR002

 Wmsg: Iteration    43 Etot =   -3304.982496 err =  0.00000001
       Dyson loops  31 EF   =      -0.047054 err =  0.00000003 DOS(E_F)=    3.86 hx = 0.00100
       QSCA =  0.0364
       QCPA =  0.0000 -0.4074

 Wmsg: Iteration    44 Etot =   -3304.982496 err =  0.00000001
       Dyson loops  31 EF   =      -0.047054 err =  0.00000002 DOS(E_F)=    3.86 hx = 0.00100
       QSCA =  0.0364
       QCPA =  0.0000 -0.4074

 Wmsg: Iteration    45 Etot =   -3304.982496 err =  0.00000001
       Dyson loops  31 EF   =      -0.047054 err =  0.00000002 DOS(E_F)=    3.86 hx = 0.00100
       QSCA =  0.0364
       QCPA =  0.0000 -0.4074

 Wmsg: Iteration    46 Etot =   -3304.982496 err =  0.00000000
       Dyson loops  31 EF   =      -0.047054 err =  0.00000001 DOS(E_F)=    3.86 hx = 0.00100
       QSCA =  0.0364
       QCPA =  0.0000 -0.4074

 Wmsg: Iteration    47 Etot =   -3304.982496 err =  0.00000000
       Dyson loops  31 EF   =      -0.047054 err =  0.00000001 DOS(E_F)=    3.86 hx = 0.00100
       QSCA =  0.0364
       QCPA =  0.0000 -0.4074

 Update:   Potential etc. stored on FOR002

 Dospth: CPA equation for IS =  1 converged in  1- 1 iterations

 KGRN:     Calculation of the full charge density, lmaxh =  8

 Kkrfcd:   NOS(Ef) = 10.999977 ELT = 11.000000

 Mgaunt:   Generate real Gaunt numbers

 Grnfcd:   Construct the full charge density

 Eldens:   Calculate multipole moments

 Eldens:   delQ = -0.000023 QTI = -0.000023  0.364669

 Rotchd:   Perform the 3D rotations

 Fcdupd:   Full charge density stored on FOR010

 KGRN: Calculation finished at 11:28 on 23-Jan-26
 
  Total time for the self-consistency loop:      35.554
  Total linear iterations time :      16.566
