
 KGRN: job = CuMg_1.00_2.79 isno =   0 Func = SCA

           Shape function for IQ =  1

 Mgaunt:   Generate real Gaunt numbers

 Setsym:   Set up the site-group symmetry elements for IQ=  1

           E     sigb  C31+  C31-  sigf  sige  C4z+  C4z-
           C2z   sigx  C2d   C4y-  S64-  S62+  sigy  C4x+
           C2c   S62-  S63+  siga  C33+  C34-  S4x+  S4y-
           I     C2b   S61-  S61+  C2f   C2e   S4z-  S4z+
           sigz  C2x   sigd  S4y+  C34+  C32-  C2y   S4x-
           sigc  C32+  C33-  C2a   S63-  S64+  C4x-  C4y+

 Atomc:    Atomic calculations for: Cu  

 Atomc:    Atomic calculations converged

           Number of core electrons  17.99947316
 Atomc:    Atomic calculations for: Mg  

 Atomc:    Atomic calculations converged

           Number of core electrons   9.99743484

 KMESHMP : Monkhorst-Pack k-mesh parameters, NKX,NKY,NKZ= 32 32 31

 Setkms:   NKVEC =     8193

 Blochs:   Bloch sum of slope matrix => array
  1  1  -1.10  1.4907 -1.2081  0.2201 -0.0484  0.0109 -0.0024  0.0004
  2  1  -1.08  1.4175 -1.1599  0.2029 -0.0429  0.0093 -0.0020  0.0004
  3  1  -1.00  1.1297 -0.9607  0.1392 -0.0244  0.0044 -0.0008  0.0001
  4  1  -0.84  0.6313 -0.5753  0.0499 -0.0052  0.0006 -0.0001  0.0000
  5  1  -0.64  0.0916 -0.0901  0.0012 -0.0000  0.0000 -0.0000  0.0000
  6  1  -0.44  0.4116  0.3870  0.0226  0.0016  0.0001  0.0000  0.0000
  7  1  -0.28  0.8962  0.7869  0.0934  0.0134  0.0020  0.0003  0.0000
  8  1  -0.16  1.2976  1.0788  0.1755  0.0345  0.0070  0.0014  0.0002
  9  1  -0.08  1.5797  1.2655  0.2415  0.0557  0.0132  0.0030  0.0006
 10  1  -0.04  1.7499  1.3715  0.2837  0.0709  0.0182  0.0045  0.0010
 11  1  -0.02  1.8404  1.4259  0.3067  0.0796  0.0212  0.0055  0.0012
 12  1  -0.01  1.8836  1.4515  0.3178  0.0840  0.0228  0.0060  0.0013
 13  1  -0.00  1.9022  1.4624  0.3226  0.0859  0.0235  0.0062  0.0014
 14  1  -0.00  1.9092  1.4665  0.3244  0.0866  0.0237  0.0063  0.0014
 15  1  -0.00  1.9112  1.4677  0.3249  0.0868  0.0238  0.0063  0.0014
 16  1  -0.00  1.9116  1.4679  0.3250  0.0869  0.0238  0.0063  0.0014

 Slfcns:   Start LDA iterations by KKR, XC = Perdew-Wang 96 LDA, Soft-core-A 

 Wmsg: Iteration     1 Etot =   -3304.847454 err =  8.43569852
       Dyson loops  31 EF   =      -0.054171 err =  0.01164077 DOS(E_F)=   50.01 hx = 0.10100
       QSCA =  0.0155
       QCPA =  0.0000 -0.0766

 Wmsg: Iteration     2 Etot =   -3304.950550 err =  0.10309620
       Dyson loops  31 EF   =      -0.091027 err =  0.09205866 DOS(E_F)=    4.35 hx = 0.09206
       QSCA =  0.0222
       QCPA =  0.0000 -0.2076

 Wmsg: Iteration     3 Etot =   -3304.951662 err =  0.00111196
       Dyson loops  31 EF   =      -0.119693 err =  0.03413322 DOS(E_F)=    3.40 hx = 0.07365
       QSCA =  0.0265
       QCPA =  0.0000 -0.2953

 Wmsg: Iteration     4 Etot =   -3304.958598 err =  0.00693540
       Dyson loops  31 EF   =      -0.146563 err =  0.03042481 DOS(E_F)=    4.48 hx = 0.05892
       QSCA =  0.0294
       QCPA =  0.0000 -0.3576

 Wmsg: Iteration     5 Etot =   -3304.963565 err =  0.00496745
       Dyson loops  31 EF   =      -0.143835 err =  0.00195598 DOS(E_F)=    4.56 hx = 0.04713
       QSCA =  0.0315
       QCPA =  0.0000 -0.4002

 Wmsg: Iteration     6 Etot =   -3304.963749 err =  0.00018349
       Dyson loops  31 EF   =      -0.143133 err =  0.00096054 DOS(E_F)=    3.81 hx = 0.02357
       QSCA =  0.0329
       QCPA =  0.0000 -0.4270

 Wmsg: Iteration     7 Etot =   -3304.963923 err =  0.00017485
       Dyson loops  31 EF   =      -0.143144 err =  0.00035089 DOS(E_F)=    3.80 hx = 0.01178
       QSCA =  0.0339
       QCPA =  0.0000 -0.4443

 Update:   Potential etc. stored on FOR002

 Wmsg: Iteration     8 Etot =   -3304.963923 err =  0.00000016
       Dyson loops  31 EF   =      -0.154146 err =  0.00066417 DOS(E_F)=    4.17 hx = 0.00589
       QSCA =  0.0347
       QCPA =  0.0000 -0.4555

 Wmsg: Iteration     9 Etot =   -3304.964687 err =  0.00076381
       Dyson loops  31 EF   =      -0.150608 err =  0.00719725 DOS(E_F)=    5.04 hx = 0.00720
       QSCA =  0.0351
       QCPA =  0.0000 -0.4627

 Wmsg: Iteration    10 Etot =   -3304.964544 err =  0.00014316
       Dyson loops  31 EF   =      -0.148316 err =  0.00222729 DOS(E_F)=    4.05 hx = 0.00360
       QSCA =  0.0354
       QCPA =  0.0000 -0.4674

 Wmsg: Iteration    11 Etot =   -3304.964506 err =  0.00003763
       Dyson loops  31 EF   =      -0.147170 err =  0.00103904 DOS(E_F)=    3.67 hx = 0.00180
       QSCA =  0.0357
       QCPA =  0.0000 -0.4704

 Wmsg: Iteration    12 Etot =   -3304.964538 err =  0.00003185
       Dyson loops  31 EF   =      -0.146393 err =  0.00074326 DOS(E_F)=    3.71 hx = 0.00100
       QSCA =  0.0359
       QCPA =  0.0000 -0.4723

 Wmsg: Iteration    13 Etot =   -3304.964545 err =  0.00000669
       Dyson loops  31 EF   =      -0.146046 err =  0.00030290 DOS(E_F)=    4.03 hx = 0.00100
       QSCA =  0.0360
       QCPA =  0.0000 -0.4736

 Wmsg: Iteration    14 Etot =   -3304.964552 err =  0.00000725
       Dyson loops  31 EF   =      -0.145958 err =  0.00006181 DOS(E_F)=    4.16 hx = 0.00100
       QSCA =  0.0361
       QCPA =  0.0000 -0.4744

 Update:   Potential etc. stored on FOR002

 Wmsg: Iteration    15 Etot =   -3304.964568 err =  0.00001569
       Dyson loops  31 EF   =      -0.145970 err =  0.00002829 DOS(E_F)=    4.19 hx = 0.00100
       QSCA =  0.0362
       QCPA =  0.0000 -0.4749

 Wmsg: Iteration    16 Etot =   -3304.964585 err =  0.00001696
       Dyson loops  31 EF   =      -0.146010 err =  0.00005212 DOS(E_F)=    4.20 hx = 0.00100
       QSCA =  0.0363
       QCPA =  0.0000 -0.4753

 Wmsg: Iteration    17 Etot =   -3304.964600 err =  0.00001541
       Dyson loops  31 EF   =      -0.146053 err =  0.00005172 DOS(E_F)=    4.20 hx = 0.00100
       QSCA =  0.0363
       QCPA =  0.0000 -0.4755

 Wmsg: Iteration    18 Etot =   -3304.964613 err =  0.00001255
       Dyson loops  31 EF   =      -0.146090 err =  0.00004284 DOS(E_F)=    4.20 hx = 0.00100
       QSCA =  0.0363
       QCPA =  0.0000 -0.4756

 Wmsg: Iteration    19 Etot =   -3304.964622 err =  0.00000977
       Dyson loops  31 EF   =      -0.146118 err =  0.00003328 DOS(E_F)=    4.20 hx = 0.00100
       QSCA =  0.0364
       QCPA =  0.0000 -0.4757

 Wmsg: Iteration    20 Etot =   -3304.964630 err =  0.00000744
       Dyson loops  31 EF   =      -0.146140 err =  0.00002510 DOS(E_F)=    4.20 hx = 0.00100
       QSCA =  0.0364
       QCPA =  0.0000 -0.4758

 Wmsg: Iteration    21 Etot =   -3304.964635 err =  0.00000559
       Dyson loops  31 EF   =      -0.146156 err =  0.00001866 DOS(E_F)=    4.20 hx = 0.00100
       QSCA =  0.0364
       QCPA =  0.0000 -0.4758

 Update:   Potential etc. stored on FOR002

 Wmsg: Iteration    22 Etot =   -3304.964640 err =  0.00000418
       Dyson loops  31 EF   =      -0.146168 err =  0.00001377 DOS(E_F)=    4.20 hx = 0.00100
       QSCA =  0.0364
       QCPA =  0.0000 -0.4759

 Wmsg: Iteration    23 Etot =   -3304.964643 err =  0.00000311
       Dyson loops  31 EF   =      -0.146177 err =  0.00001013 DOS(E_F)=    4.20 hx = 0.00100
       QSCA =  0.0364
       QCPA =  0.0000 -0.4759

 Wmsg: Iteration    24 Etot =   -3304.964645 err =  0.00000231
       Dyson loops  31 EF   =      -0.146183 err =  0.00000745 DOS(E_F)=    4.20 hx = 0.00100
       QSCA =  0.0364
       QCPA =  0.0000 -0.4759

 Wmsg: Iteration    25 Etot =   -3304.964647 err =  0.00000171
       Dyson loops  31 EF   =      -0.146188 err =  0.00000549 DOS(E_F)=    4.20 hx = 0.00100
       QSCA =  0.0364
       QCPA =  0.0000 -0.4759

 Wmsg: Iteration    26 Etot =   -3304.964648 err =  0.00000127
       Dyson loops  31 EF   =      -0.146192 err =  0.00000405 DOS(E_F)=    4.20 hx = 0.00100
       QSCA =  0.0364
       QCPA =  0.0000 -0.4759

 Wmsg: Iteration    27 Etot =   -3304.964649 err =  0.00000094
       Dyson loops  31 EF   =      -0.146194 err =  0.00000298 DOS(E_F)=    4.20 hx = 0.00100
       QSCA =  0.0364
       QCPA =  0.0000 -0.4759

 Wmsg: Iteration    28 Etot =   -3304.964650 err =  0.00000069
       Dyson loops  31 EF   =      -0.146196 err =  0.00000220 DOS(E_F)=    4.20 hx = 0.00100
       QSCA =  0.0364
       QCPA =  0.0000 -0.4759

 Update:   Potential etc. stored on FOR002

 Wmsg: Iteration    29 Etot =   -3304.964650 err =  0.00000051
       Dyson loops  31 EF   =      -0.146198 err =  0.00000163 DOS(E_F)=    4.20 hx = 0.00100
       QSCA =  0.0364
       QCPA =  0.0000 -0.4759

 Wmsg: Iteration    30 Etot =   -3304.964651 err =  0.00000038
       Dyson loops  31 EF   =      -0.146199 err =  0.00000121 DOS(E_F)=    4.20 hx = 0.00100
       QSCA =  0.0364
       QCPA =  0.0000 -0.4759

 Wmsg: Iteration    31 Etot =   -3304.964651 err =  0.00000028
       Dyson loops  31 EF   =      -0.146200 err =  0.00000089 DOS(E_F)=    4.20 hx = 0.00100
       QSCA =  0.0364
       QCPA =  0.0000 -0.4759

 Wmsg: Iteration    32 Etot =   -3304.964651 err =  0.00000021
       Dyson loops  31 EF   =      -0.146200 err =  0.00000066 DOS(E_F)=    4.20 hx = 0.00100
       QSCA =  0.0364
       QCPA =  0.0000 -0.4759

 Wmsg: Iteration    33 Etot =   -3304.964651 err =  0.00000015
       Dyson loops  31 EF   =      -0.146201 err =  0.00000049 DOS(E_F)=    4.20 hx = 0.00100
       QSCA =  0.0364
       QCPA =  0.0000 -0.4759

 Wmsg: Iteration    34 Etot =   -3304.964651 err =  0.00000011
       Dyson loops  31 EF   =      -0.146201 err =  0.00000036 DOS(E_F)=    4.20 hx = 0.00100
       QSCA =  0.0364
       QCPA =  0.0000 -0.4759

 Wmsg: Iteration    35 Etot =   -3304.964651 err =  0.00000008
       Dyson loops  31 EF   =      -0.146201 err =  0.00000027 DOS(E_F)=    4.20 hx = 0.00100
       QSCA =  0.0364
       QCPA =  0.0000 -0.4759

 Update:   Potential etc. stored on FOR002

 Wmsg: Iteration    36 Etot =   -3304.964651 err =  0.00000006
       Dyson loops  31 EF   =      -0.146201 err =  0.00000020 DOS(E_F)=    4.20 hx = 0.00100
       QSCA =  0.0364
       QCPA =  0.0000 -0.4759

 Wmsg: Iteration    37 Etot =   -3304.964652 err =  0.00000005
       Dyson loops  31 EF   =      -0.146201 err =  0.00000015 DOS(E_F)=    4.20 hx = 0.00100
       QSCA =  0.0364
       QCPA =  0.0000 -0.4759

 Wmsg: Iteration    38 Etot =   -3304.964652 err =  0.00000003
       Dyson loops  31 EF   =      -0.146202 err =  0.00000011 DOS(E_F)=    4.20 hx = 0.00100
       QSCA =  0.0364
       QCPA =  0.0000 -0.4759

 Wmsg: Iteration    39 Etot =   -3304.964652 err =  0.00000003
       Dyson loops  31 EF   =      -0.146202 err =  0.00000008 DOS(E_F)=    4.20 hx = 0.00100
       QSCA =  0.0364
       QCPA =  0.0000 -0.4759

 Wmsg: Iteration    40 Etot =   -3304.964652 err =  0.00000002
       Dyson loops  31 EF   =      -0.146202 err =  0.00000006 DOS(E_F)=    4.20 hx = 0.00100
       QSCA =  0.0364
       QCPA =  0.0000 -0.4759

 Wmsg: Iteration    41 Etot =   -3304.964652 err =  0.00000001
       Dyson loops  31 EF   =      -0.146202 err =  0.00000004 DOS(E_F)=    4.20 hx = 0.00100
       QSCA =  0.0364
       QCPA =  0.0000 -0.4759

 Wmsg: Iteration    42 Etot =   -3304.964652 err =  0.00000001
       Dyson loops  31 EF   =      -0.146202 err =  0.00000003 DOS(E_F)=    4.20 hx = 0.00100
       QSCA =  0.0364
       QCPA =  0.0000 -0.4759

 Update:   Potential etc. stored on FOR002

 Wmsg: Iteration    43 Etot =   -3304.964652 err =  0.00000001
       Dyson loops  31 EF   =      -0.146202 err =  0.00000002 DOS(E_F)=    4.20 hx = 0.00100
       QSCA =  0.0364
       QCPA =  0.0000 -0.4759

 Wmsg: Iteration    44 Etot =   -3304.964652 err =  0.00000001
       Dyson loops  31 EF   =      -0.146202 err =  0.00000002 DOS(E_F)=    4.20 hx = 0.00100
       QSCA =  0.0364
       QCPA =  0.0000 -0.4759

 Wmsg: Iteration    45 Etot =   -3304.964652 err =  0.00000000
       Dyson loops  31 EF   =      -0.146202 err =  0.00000001 DOS(E_F)=    4.20 hx = 0.00100
       QSCA =  0.0364
       QCPA =  0.0000 -0.4759

 Wmsg: Iteration    46 Etot =   -3304.964652 err =  0.00000000
       Dyson loops  31 EF   =      -0.146202 err =  0.00000001 DOS(E_F)=    4.20 hx = 0.00100
       QSCA =  0.0364
       QCPA =  0.0000 -0.4759

 Wmsg: Iteration    47 Etot =   -3304.964652 err =  0.00000000
       Dyson loops  31 EF   =      -0.146202 err =  0.00000001 DOS(E_F)=    4.20 hx = 0.00100
       QSCA =  0.0364
       QCPA =  0.0000 -0.4759

 Update:   Potential etc. stored on FOR002

 Dospth: CPA equation for IS =  1 converged in  1- 1 iterations

 KGRN:     Calculation of the full charge density, lmaxh =  8

 Kkrfcd:   NOS(Ef) = 10.999975 ELT = 11.000000

 Mgaunt:   Generate real Gaunt numbers

 Grnfcd:   Construct the full charge density

 Eldens:   Calculate multipole moments

 Eldens:   delQ = -0.000025 QTI = -0.000025  0.157864

 Rotchd:   Perform the 3D rotations

 Fcdupd:   Full charge density stored on FOR010

 KGRN: Calculation finished at 14:07 on 23-Jan-26
 
  Total time for the self-consistency loop:      36.825
  Total linear iterations time :      17.166
