
 KGRN: job = CuMg_1.00_2.72 isno =   0 Func = SCA

           Shape function for IQ =  1

 Mgaunt:   Generate real Gaunt numbers

 Setsym:   Set up the site-group symmetry elements for IQ=  1

           E     sigb  C31+  C31-  sigf  sige  C4z+  C4z-
           C2z   sigx  C2d   C4y-  S64-  S62+  sigy  C4x+
           C2c   S62-  S63+  siga  C33+  C34-  S4x+  S4y-
           I     C2b   S61-  S61+  C2f   C2e   S4z-  S4z+
           sigz  C2x   sigd  S4y+  C34+  C32-  C2y   S4x-
           sigc  C32+  C33-  C2a   S63-  S64+  C4x-  C4y+

 Atomc:    Atomic calculations for: Cu  

 Atomc:    Atomic calculations converged

           Number of core electrons  17.99927824
 Atomc:    Atomic calculations for: Mg  

 Atomc:    Atomic calculations converged

           Number of core electrons   9.99670461

 KMESHMP : Monkhorst-Pack k-mesh parameters, NKX,NKY,NKZ= 32 32 31

 Setkms:   NKVEC =     8193

 Blochs:   Bloch sum of slope matrix => array
  1  1  -1.10  1.3205 -1.0945  0.1807 -0.0360  0.0074 -0.0015  0.0002
  2  1  -1.08  1.2540 -1.0487  0.1659 -0.0317  0.0062 -0.0012  0.0002
  3  1  -1.00  0.9916 -0.8593  0.1114 -0.0174  0.0028 -0.0004  0.0001
  4  1  -0.84  0.5336 -0.4930  0.0367 -0.0033  0.0003 -0.0000  0.0000
  5  1  -0.64  0.0323 -0.0319  0.0002 -0.0000  0.0000 -0.0000  0.0000
  6  1  -0.44  0.4509  0.4216  0.0268  0.0021  0.0002  0.0000  0.0000
  7  1  -0.28  0.9154  0.8017  0.0969  0.0142  0.0021  0.0003  0.0000
  8  1  -0.16  1.2980  1.0791  0.1756  0.0345  0.0070  0.0014  0.0002
  9  1  -0.08  1.5657  1.2565  0.2381  0.0545  0.0128  0.0029  0.0006
 10  1  -0.04  1.7267  1.3573  0.2778  0.0687  0.0174  0.0043  0.0009
 11  1  -0.02  1.8121  1.4090  0.2994  0.0768  0.0202  0.0052  0.0011
 12  1  -0.01  1.8528  1.4333  0.3099  0.0809  0.0217  0.0056  0.0012
 13  1  -0.00  1.8704  1.4437  0.3144  0.0827  0.0223  0.0058  0.0013
 14  1  -0.00  1.8769  1.4476  0.3160  0.0833  0.0225  0.0059  0.0013
 15  1  -0.00  1.8788  1.4487  0.3165  0.0835  0.0226  0.0059  0.0013
 16  1  -0.00  1.8792  1.4489  0.3166  0.0835  0.0226  0.0059  0.0013

 Slfcns:   Start LDA iterations by KKR, XC = Perdew-Wang 96 LDA, Soft-core-A 

 Wmsg: Iteration     1 Etot =   -3304.858756 err =  9.24806198
       Dyson loops  31 EF   =      -0.015625 err =  0.06990830 DOS(E_F)=   33.60 hx = 0.10100
       QSCA =  0.0166
       QCPA =  0.0000 -0.0521

 Wmsg: Iteration     2 Etot =   -3304.961493 err =  0.10273716
       Dyson loops  31 EF   =      -0.055423 err =  0.11641702 DOS(E_F)=    3.96 hx = 0.11642
       QSCA =  0.0229
       QCPA =  0.0000 -0.1828

 Wmsg: Iteration     3 Etot =   -3304.961408 err =  0.00008486
       Dyson loops  31 EF   =      -0.059223 err =  0.00776333 DOS(E_F)=    3.72 hx = 0.09313
       QSCA =  0.0273
       QCPA =  0.0000 -0.2711

 Wmsg: Iteration     4 Etot =   -3304.962143 err =  0.00073493
       Dyson loops  31 EF   =      -0.102093 err =  0.04429175 DOS(E_F)=    3.70 hx = 0.07451
       QSCA =  0.0300
       QCPA =  0.0000 -0.3278

 Wmsg: Iteration     5 Etot =   -3304.974006 err =  0.01186283
       Dyson loops  31 EF   =      -0.121567 err =  0.02278839 DOS(E_F)=    4.13 hx = 0.05961
       QSCA =  0.0318
       QCPA =  0.0000 -0.3721

 Wmsg: Iteration     6 Etot =   -3304.972804 err =  0.00120190
       Dyson loops  31 EF   =      -0.113384 err =  0.00903089 DOS(E_F)=    5.02 hx = 0.02980
       QSCA =  0.0330
       QCPA =  0.0000 -0.3988

 Wmsg: Iteration     7 Etot =   -3304.973632 err =  0.00082850
       Dyson loops  31 EF   =      -0.110420 err =  0.00252478 DOS(E_F)=    3.98 hx = 0.01490
       QSCA =  0.0340
       QCPA =  0.0000 -0.4168

 Update:   Potential etc. stored on FOR002

 Wmsg: Iteration     8 Etot =   -3304.974030 err =  0.00039777
       Dyson loops  31 EF   =      -0.109346 err =  0.00089753 DOS(E_F)=    4.04 hx = 0.00745
       QSCA =  0.0347
       QCPA =  0.0000 -0.4286

 Wmsg: Iteration     9 Etot =   -3304.974126 err =  0.00009556
       Dyson loops  31 EF   =      -0.109070 err =  0.00015906 DOS(E_F)=    3.93 hx = 0.00373
       QSCA =  0.0352
       QCPA =  0.0000 -0.4363

 Wmsg: Iteration    10 Etot =   -3304.974203 err =  0.00007694
       Dyson loops  31 EF   =      -0.112463 err =  0.00012153 DOS(E_F)=    4.00 hx = 0.00186
       QSCA =  0.0356
       QCPA =  0.0000 -0.4412

 Wmsg: Iteration    11 Etot =   -3304.974456 err =  0.00025287
       Dyson loops  31 EF   =      -0.111299 err =  0.00224958 DOS(E_F)=    4.10 hx = 0.00225
       QSCA =  0.0358
       QCPA =  0.0000 -0.4444

 Wmsg: Iteration    12 Etot =   -3304.974456 err =  0.00000003
       Dyson loops  31 EF   =      -0.110568 err =  0.00067340 DOS(E_F)=    3.92 hx = 0.00112
       QSCA =  0.0360
       QCPA =  0.0000 -0.4465

 Wmsg: Iteration    13 Etot =   -3304.974469 err =  0.00001357
       Dyson loops  31 EF   =      -0.110232 err =  0.00029799 DOS(E_F)=    3.95 hx = 0.00100
       QSCA =  0.0361
       QCPA =  0.0000 -0.4478

 Wmsg: Iteration    14 Etot =   -3304.974487 err =  0.00001812
       Dyson loops  31 EF   =      -0.110108 err =  0.00009817 DOS(E_F)=    4.01 hx = 0.00100
       QSCA =  0.0362
       QCPA =  0.0000 -0.4487

 Update:   Potential etc. stored on FOR002

 Wmsg: Iteration    15 Etot =   -3304.974508 err =  0.00002031
       Dyson loops  31 EF   =      -0.110090 err =  0.00000045 DOS(E_F)=    4.04 hx = 0.00100
       QSCA =  0.0363
       QCPA =  0.0000 -0.4492

 Wmsg: Iteration    16 Etot =   -3304.974527 err =  0.00001929
       Dyson loops  31 EF   =      -0.110114 err =  0.00003750 DOS(E_F)=    4.06 hx = 0.00100
       QSCA =  0.0364
       QCPA =  0.0000 -0.4496

 Wmsg: Iteration    17 Etot =   -3304.974544 err =  0.00001679
       Dyson loops  31 EF   =      -0.110150 err =  0.00004589 DOS(E_F)=    4.06 hx = 0.00100
       QSCA =  0.0364
       QCPA =  0.0000 -0.4498

 Wmsg: Iteration    18 Etot =   -3304.974557 err =  0.00001370
       Dyson loops  31 EF   =      -0.110185 err =  0.00004210 DOS(E_F)=    4.07 hx = 0.00100
       QSCA =  0.0364
       QCPA =  0.0000 -0.4500

 Wmsg: Iteration    19 Etot =   -3304.974568 err =  0.00001070
       Dyson loops  31 EF   =      -0.110214 err =  0.00003443 DOS(E_F)=    4.07 hx = 0.00100
       QSCA =  0.0364
       QCPA =  0.0000 -0.4501

 Wmsg: Iteration    20 Etot =   -3304.974576 err =  0.00000817
       Dyson loops  31 EF   =      -0.110237 err =  0.00002678 DOS(E_F)=    4.07 hx = 0.00100
       QSCA =  0.0364
       QCPA =  0.0000 -0.4501

 Wmsg: Iteration    21 Etot =   -3304.974582 err =  0.00000616
       Dyson loops  31 EF   =      -0.110255 err =  0.00002030 DOS(E_F)=    4.07 hx = 0.00100
       QSCA =  0.0364
       QCPA =  0.0000 -0.4502

 Update:   Potential etc. stored on FOR002

 Wmsg: Iteration    22 Etot =   -3304.974587 err =  0.00000461
       Dyson loops  31 EF   =      -0.110268 err =  0.00001517 DOS(E_F)=    4.06 hx = 0.00100
       QSCA =  0.0364
       QCPA =  0.0000 -0.4502

 Wmsg: Iteration    23 Etot =   -3304.974590 err =  0.00000343
       Dyson loops  31 EF   =      -0.110278 err =  0.00001125 DOS(E_F)=    4.06 hx = 0.00100
       QSCA =  0.0364
       QCPA =  0.0000 -0.4502

 Wmsg: Iteration    24 Etot =   -3304.974593 err =  0.00000255
       Dyson loops  31 EF   =      -0.110285 err =  0.00000830 DOS(E_F)=    4.06 hx = 0.00100
       QSCA =  0.0364
       QCPA =  0.0000 -0.4502

 Wmsg: Iteration    25 Etot =   -3304.974595 err =  0.00000189
       Dyson loops  31 EF   =      -0.110291 err =  0.00000612 DOS(E_F)=    4.06 hx = 0.00100
       QSCA =  0.0364
       QCPA =  0.0000 -0.4502

 Wmsg: Iteration    26 Etot =   -3304.974596 err =  0.00000140
       Dyson loops  31 EF   =      -0.110295 err =  0.00000452 DOS(E_F)=    4.06 hx = 0.00100
       QSCA =  0.0364
       QCPA =  0.0000 -0.4502

 Wmsg: Iteration    27 Etot =   -3304.974597 err =  0.00000104
       Dyson loops  31 EF   =      -0.110298 err =  0.00000333 DOS(E_F)=    4.06 hx = 0.00100
       QSCA =  0.0364
       QCPA =  0.0000 -0.4502

 Wmsg: Iteration    28 Etot =   -3304.974598 err =  0.00000076
       Dyson loops  31 EF   =      -0.110300 err =  0.00000245 DOS(E_F)=    4.06 hx = 0.00100
       QSCA =  0.0364
       QCPA =  0.0000 -0.4503

 Update:   Potential etc. stored on FOR002

 Wmsg: Iteration    29 Etot =   -3304.974599 err =  0.00000056
       Dyson loops  31 EF   =      -0.110302 err =  0.00000181 DOS(E_F)=    4.06 hx = 0.00100
       QSCA =  0.0364
       QCPA =  0.0000 -0.4503

 Wmsg: Iteration    30 Etot =   -3304.974599 err =  0.00000042
       Dyson loops  31 EF   =      -0.110303 err =  0.00000134 DOS(E_F)=    4.06 hx = 0.00100
       QSCA =  0.0364
       QCPA =  0.0000 -0.4503

 Wmsg: Iteration    31 Etot =   -3304.974599 err =  0.00000031
       Dyson loops  31 EF   =      -0.110304 err =  0.00000099 DOS(E_F)=    4.06 hx = 0.00100
       QSCA =  0.0364
       QCPA =  0.0000 -0.4503

 Wmsg: Iteration    32 Etot =   -3304.974600 err =  0.00000023
       Dyson loops  31 EF   =      -0.110304 err =  0.00000073 DOS(E_F)=    4.06 hx = 0.00100
       QSCA =  0.0364
       QCPA =  0.0000 -0.4503

 Wmsg: Iteration    33 Etot =   -3304.974600 err =  0.00000017
       Dyson loops  31 EF   =      -0.110305 err =  0.00000054 DOS(E_F)=    4.06 hx = 0.00100
       QSCA =  0.0364
       QCPA =  0.0000 -0.4503

 Wmsg: Iteration    34 Etot =   -3304.974600 err =  0.00000012
       Dyson loops  31 EF   =      -0.110305 err =  0.00000040 DOS(E_F)=    4.06 hx = 0.00100
       QSCA =  0.0364
       QCPA =  0.0000 -0.4503

 Wmsg: Iteration    35 Etot =   -3304.974600 err =  0.00000009
       Dyson loops  31 EF   =      -0.110305 err =  0.00000030 DOS(E_F)=    4.06 hx = 0.00100
       QSCA =  0.0364
       QCPA =  0.0000 -0.4503

 Update:   Potential etc. stored on FOR002

 Wmsg: Iteration    36 Etot =   -3304.974600 err =  0.00000007
       Dyson loops  31 EF   =      -0.110306 err =  0.00000022 DOS(E_F)=    4.06 hx = 0.00100
       QSCA =  0.0364
       QCPA =  0.0000 -0.4503

 Wmsg: Iteration    37 Etot =   -3304.974600 err =  0.00000005
       Dyson loops  31 EF   =      -0.110306 err =  0.00000016 DOS(E_F)=    4.06 hx = 0.00100
       QSCA =  0.0364
       QCPA =  0.0000 -0.4503

 Wmsg: Iteration    38 Etot =   -3304.974600 err =  0.00000004
       Dyson loops  31 EF   =      -0.110306 err =  0.00000012 DOS(E_F)=    4.06 hx = 0.00100
       QSCA =  0.0364
       QCPA =  0.0000 -0.4503

 Wmsg: Iteration    39 Etot =   -3304.974600 err =  0.00000003
       Dyson loops  31 EF   =      -0.110306 err =  0.00000009 DOS(E_F)=    4.06 hx = 0.00100
       QSCA =  0.0364
       QCPA =  0.0000 -0.4503

 Wmsg: Iteration    40 Etot =   -3304.974600 err =  0.00000002
       Dyson loops  31 EF   =      -0.110306 err =  0.00000007 DOS(E_F)=    4.06 hx = 0.00100
       QSCA =  0.0364
       QCPA =  0.0000 -0.4503

 Wmsg: Iteration    41 Etot =   -3304.974600 err =  0.00000002
       Dyson loops  31 EF   =      -0.110306 err =  0.00000005 DOS(E_F)=    4.06 hx = 0.00100
       QSCA =  0.0364
       QCPA =  0.0000 -0.4503

 Wmsg: Iteration    42 Etot =   -3304.974600 err =  0.00000001
       Dyson loops  31 EF   =      -0.110306 err =  0.00000004 DOS(E_F)=    4.06 hx = 0.00100
       QSCA =  0.0364
       QCPA =  0.0000 -0.4503

 Update:   Potential etc. stored on FOR002

 Wmsg: Iteration    43 Etot =   -3304.974600 err =  0.00000001
       Dyson loops  31 EF   =      -0.110306 err =  0.00000003 DOS(E_F)=    4.06 hx = 0.00100
       QSCA =  0.0364
       QCPA =  0.0000 -0.4503

 Wmsg: Iteration    44 Etot =   -3304.974600 err =  0.00000001
       Dyson loops  31 EF   =      -0.110306 err =  0.00000002 DOS(E_F)=    4.06 hx = 0.00100
       QSCA =  0.0364
       QCPA =  0.0000 -0.4503

 Wmsg: Iteration    45 Etot =   -3304.974600 err =  0.00000000
       Dyson loops  31 EF   =      -0.110306 err =  0.00000001 DOS(E_F)=    4.06 hx = 0.00100
       QSCA =  0.0364
       QCPA =  0.0000 -0.4503

 Wmsg: Iteration    46 Etot =   -3304.974600 err =  0.00000000
       Dyson loops  31 EF   =      -0.110306 err =  0.00000001 DOS(E_F)=    4.06 hx = 0.00100
       QSCA =  0.0364
       QCPA =  0.0000 -0.4503

 Wmsg: Iteration    47 Etot =   -3304.974600 err =  0.00000000
       Dyson loops  31 EF   =      -0.110306 err =  0.00000001 DOS(E_F)=    4.06 hx = 0.00100
       QSCA =  0.0364
       QCPA =  0.0000 -0.4503

 Update:   Potential etc. stored on FOR002

 Dospth: CPA equation for IS =  1 converged in  1- 1 iterations

 KGRN:     Calculation of the full charge density, lmaxh =  8

 Kkrfcd:   NOS(Ef) = 10.999975 ELT = 11.000000

 Mgaunt:   Generate real Gaunt numbers

 Grnfcd:   Construct the full charge density

 Eldens:   Calculate multipole moments

 Eldens:   delQ = -0.000025 QTI = -0.000025  0.239037

 Rotchd:   Perform the 3D rotations

 Fcdupd:   Full charge density stored on FOR010

 KGRN: Calculation finished at 11:30 on 23-Jan-26
 
  Total time for the self-consistency loop:      35.716
  Total linear iterations time :      16.715
