
 KGRN: job = CuMg_1.00_2.52 isno =   0 Func = SCA

           Shape function for IQ =  1

 Mgaunt:   Generate real Gaunt numbers

 Setsym:   Set up the site-group symmetry elements for IQ=  1

           E     sigb  C31+  C31-  sigf  sige  C4z+  C4z-
           C2z   sigx  C2d   C4y-  S64-  S62+  sigy  C4x+
           C2c   S62-  S63+  siga  C33+  C34-  S4x+  S4y-
           I     C2b   S61-  S61+  C2f   C2e   S4z-  S4z+
           sigz  C2x   sigd  S4y+  C34+  C32-  C2y   S4x-
           sigc  C32+  C33-  C2a   S63-  S64+  C4x-  C4y+

 Atomc:    Atomic calculations for: Cu  

 Atomc:    Atomic calculations converged

           Number of core electrons  17.99822496
 Atomc:    Atomic calculations for: Mg  

 Atomc:    Atomic calculations converged

           Number of core electrons   9.99325642

 KMESHMP : Monkhorst-Pack k-mesh parameters, NKX,NKY,NKZ= 32 32 31

 Setkms:   NKVEC =     8193

 Blochs:   Bloch sum of slope matrix => array
  1  1  -1.10  0.9016 -0.7910  0.0944 -0.0136  0.0020 -0.0003  0.0000
  2  1  -1.08  0.8507 -0.7517  0.0852 -0.0117  0.0016 -0.0002  0.0000
  3  1  -1.00  0.6480 -0.5892  0.0524 -0.0056  0.0006 -0.0001  0.0000
  4  1  -0.84  0.2870 -0.2748  0.0114 -0.0006  0.0000 -0.0000  0.0000
  5  1  -0.64  0.1235  0.1210  0.0022  0.0000  0.0000  0.0000  0.0000
  6  1  -0.44  0.5539  0.5103  0.0393  0.0037  0.0003  0.0000  0.0000
  7  1  -0.28  0.9614  0.8366  0.1055  0.0161  0.0025  0.0004  0.0000
  8  1  -0.16  1.2916  1.0747  0.1742  0.0341  0.0068  0.0013  0.0002
  9  1  -0.08  1.5197  1.2270  0.2271  0.0507  0.0116  0.0026  0.0005
 10  1  -0.04  1.6558  1.3135  0.2602  0.0622  0.0153  0.0036  0.0007
 11  1  -0.02  1.7276  1.3579  0.2781  0.0688  0.0175  0.0043  0.0009
 12  1  -0.01  1.7618  1.3787  0.2867  0.0720  0.0185  0.0046  0.0010
 13  1  -0.00  1.7765  1.3876  0.2904  0.0734  0.0190  0.0048  0.0010
 14  1  -0.00  1.7820  1.3910  0.2918  0.0739  0.0192  0.0048  0.0010
 15  1  -0.00  1.7836  1.3919  0.2922  0.0741  0.0193  0.0049  0.0010
 16  1  -0.00  1.7839  1.3921  0.2923  0.0741  0.0193  0.0049  0.0010

 Slfcns:   Start LDA iterations by KKR, XC = Perdew-Wang 96 LDA, Soft-core-A 

 Wmsg: Iteration     1 Etot =   -3304.869098 err = 12.11173154
       Dyson loops  31 EF   =       0.053430 err =  0.12632063 DOS(E_F)=   24.92 hx = 0.12632
       QSCA =  0.0186
       QCPA =  0.0000 -0.0173

 Wmsg: Iteration     2 Etot =   -3304.970498 err =  0.10139964
       Dyson loops  31 EF   =       0.053094 err =  0.06412823 DOS(E_F)=    3.93 hx = 0.10106
       QSCA =  0.0242
       QCPA =  0.0000 -0.1290

 Wmsg: Iteration     3 Etot =   -3304.974336 err =  0.00383802
       Dyson loops  31 EF   =       0.029742 err =  0.00548028 DOS(E_F)=    4.08 hx = 0.08085
       QSCA =  0.0278
       QCPA =  0.0000 -0.2056

 Wmsg: Iteration     4 Etot =   -3304.973447 err =  0.00088858
       Dyson loops  31 EF   =       0.037048 err =  0.01591478 DOS(E_F)=    3.71 hx = 0.06468
       QSCA =  0.0303
       QCPA =  0.0000 -0.2551

 Wmsg: Iteration     5 Etot =   -3304.976311 err =  0.00286360
       Dyson loops  31 EF   =       0.039386 err =  0.00045222 DOS(E_F)=    4.08 hx = 0.05174
       QSCA =  0.0320
       QCPA =  0.0000 -0.2894

 Wmsg: Iteration     6 Etot =   -3304.977126 err =  0.00081536
       Dyson loops  31 EF   =       0.027531 err =  0.00081501 DOS(E_F)=    3.94 hx = 0.02587
       QSCA =  0.0332
       QCPA =  0.0000 -0.3123

 Wmsg: Iteration     7 Etot =   -3304.976936 err =  0.00018997
       Dyson loops  31 EF   =       0.031866 err =  0.00748868 DOS(E_F)=    3.89 hx = 0.01294
       QSCA =  0.0340
       QCPA =  0.0000 -0.3269

 Update:   Potential etc. stored on FOR002

 Wmsg: Iteration     8 Etot =   -3304.977853 err =  0.00091677
       Dyson loops  31 EF   =       0.033809 err =  0.00143366 DOS(E_F)=    3.92 hx = 0.00647
       QSCA =  0.0346
       QCPA =  0.0000 -0.3371

 Wmsg: Iteration     9 Etot =   -3304.978067 err =  0.00021414
       Dyson loops  31 EF   =       0.034441 err =  0.00054910 DOS(E_F)=    3.90 hx = 0.00323
       QSCA =  0.0350
       QCPA =  0.0000 -0.3437

 Wmsg: Iteration    10 Etot =   -3304.978210 err =  0.00014245
       Dyson loops  31 EF   =       0.031487 err =  0.00018681 DOS(E_F)=    3.90 hx = 0.00162
       QSCA =  0.0353
       QCPA =  0.0000 -0.3481

 Wmsg: Iteration    11 Etot =   -3304.978467 err =  0.00025705
       Dyson loops  31 EF   =       0.032686 err =  0.00038042 DOS(E_F)=    3.93 hx = 0.00100
       QSCA =  0.0355
       QCPA =  0.0000 -0.3511

 Wmsg: Iteration    12 Etot =   -3304.978494 err =  0.00002700
       Dyson loops  31 EF   =       0.033050 err =  0.00114169 DOS(E_F)=    3.88 hx = 0.00114
       QSCA =  0.0356
       QCPA =  0.0000 -0.3530

 Wmsg: Iteration    13 Etot =   -3304.978553 err =  0.00005879
       Dyson loops  31 EF   =       0.033195 err =  0.00009374 DOS(E_F)=    3.90 hx = 0.00100
       QSCA =  0.0357
       QCPA =  0.0000 -0.3542

 Wmsg: Iteration    14 Etot =   -3304.978604 err =  0.00005187
       Dyson loops  31 EF   =       0.033054 err =  0.00004918 DOS(E_F)=    3.90 hx = 0.00100
       QSCA =  0.0358
       QCPA =  0.0000 -0.3550

 Update:   Potential etc. stored on FOR002

 Wmsg: Iteration    15 Etot =   -3304.978652 err =  0.00004760
       Dyson loops  31 EF   =       0.033044 err =  0.00016104 DOS(E_F)=    3.90 hx = 0.00100
       QSCA =  0.0358
       QCPA =  0.0000 -0.3556

 Wmsg: Iteration    16 Etot =   -3304.978683 err =  0.00003081
       Dyson loops  31 EF   =       0.033003 err =  0.00005787 DOS(E_F)=    3.90 hx = 0.00100
       QSCA =  0.0359
       QCPA =  0.0000 -0.3559

 Wmsg: Iteration    17 Etot =   -3304.978707 err =  0.00002455
       Dyson loops  31 EF   =       0.032952 err =  0.00006324 DOS(E_F)=    3.90 hx = 0.00100
       QSCA =  0.0359
       QCPA =  0.0000 -0.3562

 Wmsg: Iteration    18 Etot =   -3304.978726 err =  0.00001911
       Dyson loops  31 EF   =       0.032904 err =  0.00005639 DOS(E_F)=    3.90 hx = 0.00100
       QSCA =  0.0359
       QCPA =  0.0000 -0.3563

 Wmsg: Iteration    19 Etot =   -3304.978741 err =  0.00001463
       Dyson loops  31 EF   =       0.032864 err =  0.00004612 DOS(E_F)=    3.90 hx = 0.00100
       QSCA =  0.0359
       QCPA =  0.0000 -0.3564

 Wmsg: Iteration    20 Etot =   -3304.978752 err =  0.00001107
       Dyson loops  31 EF   =       0.032832 err =  0.00003606 DOS(E_F)=    3.90 hx = 0.00100
       QSCA =  0.0359
       QCPA =  0.0000 -0.3565

 Wmsg: Iteration    21 Etot =   -3304.978760 err =  0.00000831
       Dyson loops  31 EF   =       0.032808 err =  0.00002748 DOS(E_F)=    3.90 hx = 0.00100
       QSCA =  0.0359
       QCPA =  0.0000 -0.3565

 Update:   Potential etc. stored on FOR002

 Wmsg: Iteration    22 Etot =   -3304.978767 err =  0.00000621
       Dyson loops  31 EF   =       0.032789 err =  0.00002062 DOS(E_F)=    3.90 hx = 0.00100
       QSCA =  0.0359
       QCPA =  0.0000 -0.3565

 Wmsg: Iteration    23 Etot =   -3304.978771 err =  0.00000462
       Dyson loops  31 EF   =       0.032776 err =  0.00001532 DOS(E_F)=    3.90 hx = 0.00100
       QSCA =  0.0359
       QCPA =  0.0000 -0.3566

 Wmsg: Iteration    24 Etot =   -3304.978775 err =  0.00000343
       Dyson loops  31 EF   =       0.032766 err =  0.00001132 DOS(E_F)=    3.90 hx = 0.00100
       QSCA =  0.0359
       QCPA =  0.0000 -0.3566

 Wmsg: Iteration    25 Etot =   -3304.978777 err =  0.00000254
       Dyson loops  31 EF   =       0.032758 err =  0.00000834 DOS(E_F)=    3.90 hx = 0.00100
       QSCA =  0.0359
       QCPA =  0.0000 -0.3566

 Wmsg: Iteration    26 Etot =   -3304.978779 err =  0.00000188
       Dyson loops  31 EF   =       0.032753 err =  0.00000613 DOS(E_F)=    3.90 hx = 0.00100
       QSCA =  0.0359
       QCPA =  0.0000 -0.3566

 Wmsg: Iteration    27 Etot =   -3304.978781 err =  0.00000139
       Dyson loops  31 EF   =       0.032749 err =  0.00000450 DOS(E_F)=    3.90 hx = 0.00100
       QSCA =  0.0359
       QCPA =  0.0000 -0.3566

 Wmsg: Iteration    28 Etot =   -3304.978782 err =  0.00000103
       Dyson loops  31 EF   =       0.032746 err =  0.00000331 DOS(E_F)=    3.90 hx = 0.00100
       QSCA =  0.0359
       QCPA =  0.0000 -0.3566

 Update:   Potential etc. stored on FOR002

 Wmsg: Iteration    29 Etot =   -3304.978782 err =  0.00000075
       Dyson loops  31 EF   =       0.032743 err =  0.00000243 DOS(E_F)=    3.90 hx = 0.00100
       QSCA =  0.0359
       QCPA =  0.0000 -0.3566

 Wmsg: Iteration    30 Etot =   -3304.978783 err =  0.00000056
       Dyson loops  31 EF   =       0.032742 err =  0.00000179 DOS(E_F)=    3.90 hx = 0.00100
       QSCA =  0.0359
       QCPA =  0.0000 -0.3566

 Wmsg: Iteration    31 Etot =   -3304.978783 err =  0.00000041
       Dyson loops  31 EF   =       0.032741 err =  0.00000132 DOS(E_F)=    3.90 hx = 0.00100
       QSCA =  0.0359
       QCPA =  0.0000 -0.3566

 Wmsg: Iteration    32 Etot =   -3304.978784 err =  0.00000030
       Dyson loops  31 EF   =       0.032740 err =  0.00000097 DOS(E_F)=    3.90 hx = 0.00100
       QSCA =  0.0359
       QCPA =  0.0000 -0.3566

 Wmsg: Iteration    33 Etot =   -3304.978784 err =  0.00000022
       Dyson loops  31 EF   =       0.032739 err =  0.00000071 DOS(E_F)=    3.90 hx = 0.00100
       QSCA =  0.0359
       QCPA =  0.0000 -0.3566

 Wmsg: Iteration    34 Etot =   -3304.978784 err =  0.00000017
       Dyson loops  31 EF   =       0.032739 err =  0.00000052 DOS(E_F)=    3.90 hx = 0.00100
       QSCA =  0.0359
       QCPA =  0.0000 -0.3566

 Wmsg: Iteration    35 Etot =   -3304.978784 err =  0.00000012
       Dyson loops  31 EF   =       0.032738 err =  0.00000039 DOS(E_F)=    3.90 hx = 0.00100
       QSCA =  0.0359
       QCPA =  0.0000 -0.3566

 Update:   Potential etc. stored on FOR002

 Wmsg: Iteration    36 Etot =   -3304.978784 err =  0.00000009
       Dyson loops  31 EF   =       0.032738 err =  0.00000029 DOS(E_F)=    3.90 hx = 0.00100
       QSCA =  0.0359
       QCPA =  0.0000 -0.3566

 Wmsg: Iteration    37 Etot =   -3304.978784 err =  0.00000007
       Dyson loops  31 EF   =       0.032738 err =  0.00000021 DOS(E_F)=    3.90 hx = 0.00100
       QSCA =  0.0359
       QCPA =  0.0000 -0.3566

 Wmsg: Iteration    38 Etot =   -3304.978784 err =  0.00000005
       Dyson loops  31 EF   =       0.032738 err =  0.00000016 DOS(E_F)=    3.90 hx = 0.00100
       QSCA =  0.0359
       QCPA =  0.0000 -0.3566

 Wmsg: Iteration    39 Etot =   -3304.978784 err =  0.00000004
       Dyson loops  31 EF   =       0.032738 err =  0.00000011 DOS(E_F)=    3.90 hx = 0.00100
       QSCA =  0.0359
       QCPA =  0.0000 -0.3566

 Wmsg: Iteration    40 Etot =   -3304.978784 err =  0.00000003
       Dyson loops  31 EF   =       0.032738 err =  0.00000008 DOS(E_F)=    3.90 hx = 0.00100
       QSCA =  0.0359
       QCPA =  0.0000 -0.3566

 Wmsg: Iteration    41 Etot =   -3304.978784 err =  0.00000002
       Dyson loops  31 EF   =       0.032737 err =  0.00000006 DOS(E_F)=    3.90 hx = 0.00100
       QSCA =  0.0359
       QCPA =  0.0000 -0.3566

 Wmsg: Iteration    42 Etot =   -3304.978784 err =  0.00000001
       Dyson loops  31 EF   =       0.032737 err =  0.00000005 DOS(E_F)=    3.90 hx = 0.00100
       QSCA =  0.0359
       QCPA =  0.0000 -0.3566

 Update:   Potential etc. stored on FOR002

 Wmsg: Iteration    43 Etot =   -3304.978784 err =  0.00000001
       Dyson loops  31 EF   =       0.032737 err =  0.00000003 DOS(E_F)=    3.90 hx = 0.00100
       QSCA =  0.0359
       QCPA =  0.0000 -0.3566

 Wmsg: Iteration    44 Etot =   -3304.978784 err =  0.00000001
       Dyson loops  31 EF   =       0.032737 err =  0.00000003 DOS(E_F)=    3.90 hx = 0.00100
       QSCA =  0.0359
       QCPA =  0.0000 -0.3566

 Wmsg: Iteration    45 Etot =   -3304.978784 err =  0.00000000
       Dyson loops  31 EF   =       0.032737 err =  0.00000002 DOS(E_F)=    3.90 hx = 0.00100
       QSCA =  0.0359
       QCPA =  0.0000 -0.3566

 Wmsg: Iteration    46 Etot =   -3304.978784 err =  0.00000001
       Dyson loops  31 EF   =       0.032737 err =  0.00000001 DOS(E_F)=    3.90 hx = 0.00100
       QSCA =  0.0359
       QCPA =  0.0000 -0.3566

 Wmsg: Iteration    47 Etot =   -3304.978784 err =  0.00000000
       Dyson loops  31 EF   =       0.032737 err =  0.00000001 DOS(E_F)=    3.90 hx = 0.00100
       QSCA =  0.0359
       QCPA =  0.0000 -0.3566

 Wmsg: Iteration    48 Etot =   -3304.978784 err =  0.00000000
       Dyson loops  31 EF   =       0.032737 err =  0.00000001 DOS(E_F)=    3.90 hx = 0.00100
       QSCA =  0.0359
       QCPA =  0.0000 -0.3566

 Update:   Potential etc. stored on FOR002

 Dospth: CPA equation for IS =  1 converged in  1- 1 iterations

 KGRN:     Calculation of the full charge density, lmaxh =  8

 Kkrfcd:   NOS(Ef) = 10.999976 ELT = 11.000000

 Mgaunt:   Generate real Gaunt numbers

 Grnfcd:   Construct the full charge density

 Eldens:   Calculate multipole moments

 Eldens:   delQ = -0.000024 QTI = -0.000024  0.502589

 Rotchd:   Perform the 3D rotations

 Fcdupd:   Full charge density stored on FOR010

 KGRN: Calculation finished at 11:26 on 23-Jan-26
 
  Total time for the self-consistency loop:      35.662
  Total linear iterations time :      16.221
