
 KGRN: job = CuMg_1.00_2.56 isno =   0 Func = SCA

           Shape function for IQ =  1

 Mgaunt:   Generate real Gaunt numbers

 Setsym:   Set up the site-group symmetry elements for IQ=  1

           E     sigb  C31+  C31-  sigf  sige  C4z+  C4z-
           C2z   sigx  C2d   C4y-  S64-  S62+  sigy  C4x+
           C2c   S62-  S63+  siga  C33+  C34-  S4x+  S4y-
           I     C2b   S61-  S61+  C2f   C2e   S4z-  S4z+
           sigz  C2x   sigd  S4y+  C34+  C32-  C2y   S4x-
           sigc  C32+  C33-  C2a   S63-  S64+  C4x-  C4y+

 Atomc:    Atomic calculations for: Cu  

 Atomc:    Atomic calculations converged

           Number of core electrons  17.99851736
 Atomc:    Atomic calculations for: Mg  

 Atomc:    Atomic calculations converged

           Number of core electrons   9.99415620

 KMESHMP : Monkhorst-Pack k-mesh parameters, NKX,NKY,NKZ= 32 32 31

 Setkms:   NKVEC =     8193

 Blochs:   Bloch sum of slope matrix => array
  1  1  -1.10  0.9782 -0.8493  0.1088 -0.0168  0.0027 -0.0004  0.0001
  2  1  -1.08  0.9246 -0.8087  0.0986 -0.0145  0.0022 -0.0003  0.0000
  3  1  -1.00  0.7113 -0.6409  0.0620 -0.0072  0.0009 -0.0001  0.0000
  4  1  -0.84  0.3327 -0.3165  0.0151 -0.0009  0.0001 -0.0000  0.0000
  5  1  -0.64  0.0935  0.0920  0.0013  0.0000  0.0000  0.0000  0.0000
  6  1  -0.44  0.5344  0.4938  0.0368  0.0033  0.0003  0.0000  0.0000
  7  1  -0.28  0.9532  0.8304  0.1040  0.0157  0.0024  0.0004  0.0000
  8  1  -0.16  1.2938  1.0762  0.1747  0.0342  0.0069  0.0013  0.0002
  9  1  -0.08  1.5296  1.2334  0.2294  0.0515  0.0119  0.0027  0.0005
 10  1  -0.04  1.6704  1.3226  0.2638  0.0635  0.0157  0.0038  0.0008
 11  1  -0.02  1.7449  1.3684  0.2824  0.0704  0.0180  0.0045  0.0009
 12  1  -0.01  1.7804  1.3900  0.2914  0.0738  0.0192  0.0048  0.0010
 13  1  -0.00  1.7956  1.3991  0.2952  0.0752  0.0197  0.0050  0.0011
 14  1  -0.00  1.8013  1.4026  0.2967  0.0758  0.0199  0.0051  0.0011
 15  1  -0.00  1.8030  1.4036  0.2971  0.0760  0.0199  0.0051  0.0011
 16  1  -0.00  1.8032  1.4037  0.2972  0.0760  0.0199  0.0051  0.0011

 Slfcns:   Start LDA iterations by KKR, XC = Perdew-Wang 96 LDA, Soft-core-A 

 Wmsg: Iteration     1 Etot =   -3304.861522 err = 11.52368478
       Dyson loops  31 EF   =       0.037166 err =  0.11704991 DOS(E_F)=   25.23 hx = 0.11705
       QSCA =  0.0212
       QCPA =  0.0000 -0.0217

 Wmsg: Iteration     2 Etot =   -3304.972277 err =  0.11075447
       Dyson loops  31 EF   =       0.043363 err =  0.07964132 DOS(E_F)=    4.78 hx = 0.09364
       QSCA =  0.0263
       QCPA =  0.0000 -0.1393

 Wmsg: Iteration     3 Etot =   -3304.969219 err =  0.00305763
       Dyson loops  31 EF   =       0.008730 err =  0.02262567 DOS(E_F)=    3.78 hx = 0.07491
       QSCA =  0.0295
       QCPA =  0.0000 -0.2156

 Wmsg: Iteration     4 Etot =   -3304.979712 err =  0.01049287
       Dyson loops  31 EF   =       0.009685 err =  0.00250230 DOS(E_F)=    4.12 hx = 0.05993
       QSCA =  0.0315
       QCPA =  0.0000 -0.2713

 Wmsg: Iteration     5 Etot =   -3304.979394 err =  0.00031785
       Dyson loops  31 EF   =      -0.004879 err =  0.00196165 DOS(E_F)=    4.04 hx = 0.04794
       QSCA =  0.0330
       QCPA =  0.0000 -0.3077

 Wmsg: Iteration     6 Etot =   -3304.979850 err =  0.00045521
       Dyson loops  31 EF   =      -0.000368 err =  0.00908069 DOS(E_F)=    4.19 hx = 0.02397
       QSCA =  0.0339
       QCPA =  0.0000 -0.3312

 Wmsg: Iteration     7 Etot =   -3304.980709 err =  0.00085940
       Dyson loops  31 EF   =       0.001328 err =  0.00104152 DOS(E_F)=    3.85 hx = 0.01199
       QSCA =  0.0346
       QCPA =  0.0000 -0.3471

 Update:   Potential etc. stored on FOR002

 Wmsg: Iteration     8 Etot =   -3304.981105 err =  0.00039603
       Dyson loops  31 EF   =       0.001462 err =  0.00018475 DOS(E_F)=    3.99 hx = 0.00599
       QSCA =  0.0351
       QCPA =  0.0000 -0.3577

 Wmsg: Iteration     9 Etot =   -3304.981248 err =  0.00014335
       Dyson loops  31 EF   =      -0.004302 err =  0.00055136 DOS(E_F)=    3.80 hx = 0.00300
       QSCA =  0.0354
       QCPA =  0.0000 -0.3646

 Wmsg: Iteration    10 Etot =   -3304.981661 err =  0.00041291
       Dyson loops  31 EF   =      -0.002344 err =  0.00354292 DOS(E_F)=    3.84 hx = 0.00354
       QSCA =  0.0357
       QCPA =  0.0000 -0.3692

 Wmsg: Iteration    11 Etot =   -3304.981690 err =  0.00002896
       Dyson loops  31 EF   =      -0.001318 err =  0.00091548 DOS(E_F)=    3.97 hx = 0.00177
       QSCA =  0.0358
       QCPA =  0.0000 -0.3722

 Wmsg: Iteration    12 Etot =   -3304.981744 err =  0.00005335
       Dyson loops  31 EF   =      -0.001032 err =  0.00020904 DOS(E_F)=    3.91 hx = 0.00100
       QSCA =  0.0359
       QCPA =  0.0000 -0.3742

 Wmsg: Iteration    13 Etot =   -3304.981806 err =  0.00006282
       Dyson loops  31 EF   =      -0.000974 err =  0.00001497 DOS(E_F)=    3.79 hx = 0.00100
       QSCA =  0.0360
       QCPA =  0.0000 -0.3755

 Wmsg: Iteration    14 Etot =   -3304.981857 err =  0.00005055
       Dyson loops  31 EF   =      -0.000994 err =  0.00005035 DOS(E_F)=    3.76 hx = 0.00100
       QSCA =  0.0360
       QCPA =  0.0000 -0.3763

 Update:   Potential etc. stored on FOR002

 Wmsg: Iteration    15 Etot =   -3304.981898 err =  0.00004062
       Dyson loops  31 EF   =      -0.001045 err =  0.00007378 DOS(E_F)=    3.75 hx = 0.00100
       QSCA =  0.0361
       QCPA =  0.0000 -0.3769

 Wmsg: Iteration    16 Etot =   -3304.981930 err =  0.00003233
       Dyson loops  31 EF   =      -0.001102 err =  0.00007475 DOS(E_F)=    3.75 hx = 0.00100
       QSCA =  0.0361
       QCPA =  0.0000 -0.3773

 Wmsg: Iteration    17 Etot =   -3304.981955 err =  0.00002500
       Dyson loops  31 EF   =      -0.001157 err =  0.00006726 DOS(E_F)=    3.75 hx = 0.00100
       QSCA =  0.0361
       QCPA =  0.0000 -0.3775

 Wmsg: Iteration    18 Etot =   -3304.981974 err =  0.00001905
       Dyson loops  31 EF   =      -0.001205 err =  0.00005667 DOS(E_F)=    3.75 hx = 0.00100
       QSCA =  0.0361
       QCPA =  0.0000 -0.3777

 Wmsg: Iteration    19 Etot =   -3304.981988 err =  0.00001439
       Dyson loops  31 EF   =      -0.001245 err =  0.00004592 DOS(E_F)=    3.75 hx = 0.00100
       QSCA =  0.0361
       QCPA =  0.0000 -0.3778

 Wmsg: Iteration    20 Etot =   -3304.981999 err =  0.00001081
       Dyson loops  31 EF   =      -0.001277 err =  0.00003629 DOS(E_F)=    3.75 hx = 0.00100
       QSCA =  0.0361
       QCPA =  0.0000 -0.3778

 Wmsg: Iteration    21 Etot =   -3304.982007 err =  0.00000809
       Dyson loops  31 EF   =      -0.001302 err =  0.00002818 DOS(E_F)=    3.75 hx = 0.00100
       QSCA =  0.0361
       QCPA =  0.0000 -0.3779

 Update:   Potential etc. stored on FOR002

 Wmsg: Iteration    22 Etot =   -3304.982013 err =  0.00000604
       Dyson loops  31 EF   =      -0.001321 err =  0.00002161 DOS(E_F)=    3.75 hx = 0.00100
       QSCA =  0.0361
       QCPA =  0.0000 -0.3779

 Wmsg: Iteration    23 Etot =   -3304.982018 err =  0.00000450
       Dyson loops  31 EF   =      -0.001336 err =  0.00001642 DOS(E_F)=    3.75 hx = 0.00100
       QSCA =  0.0361
       QCPA =  0.0000 -0.3779

 Wmsg: Iteration    24 Etot =   -3304.982021 err =  0.00000334
       Dyson loops  31 EF   =      -0.001347 err =  0.00001239 DOS(E_F)=    3.75 hx = 0.00100
       QSCA =  0.0361
       QCPA =  0.0000 -0.3779

 Wmsg: Iteration    25 Etot =   -3304.982024 err =  0.00000248
       Dyson loops  31 EF   =      -0.001355 err =  0.00000930 DOS(E_F)=    3.75 hx = 0.00100
       QSCA =  0.0361
       QCPA =  0.0000 -0.3779

 Wmsg: Iteration    26 Etot =   -3304.982025 err =  0.00000184
       Dyson loops  31 EF   =      -0.001361 err =  0.00000695 DOS(E_F)=    3.75 hx = 0.00100
       QSCA =  0.0361
       QCPA =  0.0000 -0.3779

 Wmsg: Iteration    27 Etot =   -3304.982027 err =  0.00000136
       Dyson loops  31 EF   =      -0.001366 err =  0.00000518 DOS(E_F)=    3.75 hx = 0.00100
       QSCA =  0.0361
       QCPA =  0.0000 -0.3779

 Wmsg: Iteration    28 Etot =   -3304.982028 err =  0.00000101
       Dyson loops  31 EF   =      -0.001370 err =  0.00000385 DOS(E_F)=    3.75 hx = 0.00100
       QSCA =  0.0361
       QCPA =  0.0000 -0.3779

 Update:   Potential etc. stored on FOR002

 Wmsg: Iteration    29 Etot =   -3304.982029 err =  0.00000074
       Dyson loops  31 EF   =      -0.001372 err =  0.00000286 DOS(E_F)=    3.75 hx = 0.00100
       QSCA =  0.0361
       QCPA =  0.0000 -0.3779

 Wmsg: Iteration    30 Etot =   -3304.982029 err =  0.00000054
       Dyson loops  31 EF   =      -0.001374 err =  0.00000212 DOS(E_F)=    3.75 hx = 0.00100
       QSCA =  0.0361
       QCPA =  0.0000 -0.3779

 Wmsg: Iteration    31 Etot =   -3304.982029 err =  0.00000040
       Dyson loops  31 EF   =      -0.001376 err =  0.00000158 DOS(E_F)=    3.75 hx = 0.00100
       QSCA =  0.0361
       QCPA =  0.0000 -0.3779

 Wmsg: Iteration    32 Etot =   -3304.982030 err =  0.00000030
       Dyson loops  31 EF   =      -0.001377 err =  0.00000117 DOS(E_F)=    3.75 hx = 0.00100
       QSCA =  0.0361
       QCPA =  0.0000 -0.3779

 Wmsg: Iteration    33 Etot =   -3304.982030 err =  0.00000022
       Dyson loops  31 EF   =      -0.001377 err =  0.00000086 DOS(E_F)=    3.75 hx = 0.00100
       QSCA =  0.0361
       QCPA =  0.0000 -0.3779

 Wmsg: Iteration    34 Etot =   -3304.982030 err =  0.00000016
       Dyson loops  31 EF   =      -0.001378 err =  0.00000064 DOS(E_F)=    3.75 hx = 0.00100
       QSCA =  0.0361
       QCPA =  0.0000 -0.3779

 Wmsg: Iteration    35 Etot =   -3304.982030 err =  0.00000012
       Dyson loops  31 EF   =      -0.001378 err =  0.00000047 DOS(E_F)=    3.75 hx = 0.00100
       QSCA =  0.0361
       QCPA =  0.0000 -0.3779

 Update:   Potential etc. stored on FOR002

 Wmsg: Iteration    36 Etot =   -3304.982030 err =  0.00000009
       Dyson loops  31 EF   =      -0.001379 err =  0.00000035 DOS(E_F)=    3.75 hx = 0.00100
       QSCA =  0.0361
       QCPA =  0.0000 -0.3779

 Wmsg: Iteration    37 Etot =   -3304.982030 err =  0.00000007
       Dyson loops  31 EF   =      -0.001379 err =  0.00000026 DOS(E_F)=    3.75 hx = 0.00100
       QSCA =  0.0361
       QCPA =  0.0000 -0.3779

 Wmsg: Iteration    38 Etot =   -3304.982030 err =  0.00000005
       Dyson loops  31 EF   =      -0.001379 err =  0.00000019 DOS(E_F)=    3.75 hx = 0.00100
       QSCA =  0.0361
       QCPA =  0.0000 -0.3779

 Wmsg: Iteration    39 Etot =   -3304.982030 err =  0.00000004
       Dyson loops  31 EF   =      -0.001379 err =  0.00000014 DOS(E_F)=    3.75 hx = 0.00100
       QSCA =  0.0361
       QCPA =  0.0000 -0.3779

 Wmsg: Iteration    40 Etot =   -3304.982031 err =  0.00000003
       Dyson loops  31 EF   =      -0.001379 err =  0.00000010 DOS(E_F)=    3.75 hx = 0.00100
       QSCA =  0.0361
       QCPA =  0.0000 -0.3779

 Wmsg: Iteration    41 Etot =   -3304.982031 err =  0.00000002
       Dyson loops  31 EF   =      -0.001379 err =  0.00000008 DOS(E_F)=    3.75 hx = 0.00100
       QSCA =  0.0361
       QCPA =  0.0000 -0.3779

 Wmsg: Iteration    42 Etot =   -3304.982031 err =  0.00000001
       Dyson loops  31 EF   =      -0.001380 err =  0.00000006 DOS(E_F)=    3.75 hx = 0.00100
       QSCA =  0.0361
       QCPA =  0.0000 -0.3779

 Update:   Potential etc. stored on FOR002

 Wmsg: Iteration    43 Etot =   -3304.982031 err =  0.00000001
       Dyson loops  31 EF   =      -0.001380 err =  0.00000004 DOS(E_F)=    3.75 hx = 0.00100
       QSCA =  0.0361
       QCPA =  0.0000 -0.3779

 Wmsg: Iteration    44 Etot =   -3304.982031 err =  0.00000001
       Dyson loops  31 EF   =      -0.001380 err =  0.00000003 DOS(E_F)=    3.75 hx = 0.00100
       QSCA =  0.0361
       QCPA =  0.0000 -0.3779

 Wmsg: Iteration    45 Etot =   -3304.982031 err =  0.00000001
       Dyson loops  31 EF   =      -0.001380 err =  0.00000002 DOS(E_F)=    3.75 hx = 0.00100
       QSCA =  0.0361
       QCPA =  0.0000 -0.3779

 Wmsg: Iteration    46 Etot =   -3304.982031 err =  0.00000000
       Dyson loops  31 EF   =      -0.001380 err =  0.00000002 DOS(E_F)=    3.75 hx = 0.00100
       QSCA =  0.0361
       QCPA =  0.0000 -0.3779

 Wmsg: Iteration    47 Etot =   -3304.982031 err =  0.00000000
       Dyson loops  31 EF   =      -0.001380 err =  0.00000001 DOS(E_F)=    3.75 hx = 0.00100
       QSCA =  0.0361
       QCPA =  0.0000 -0.3779

 Wmsg: Iteration    48 Etot =   -3304.982031 err =  0.00000000
       Dyson loops  31 EF   =      -0.001380 err =  0.00000001 DOS(E_F)=    3.75 hx = 0.00100
       QSCA =  0.0361
       QCPA =  0.0000 -0.3779

 Update:   Potential etc. stored on FOR002

 Dospth: CPA equation for IS =  1 converged in  1- 1 iterations

 KGRN:     Calculation of the full charge density, lmaxh =  8

 Kkrfcd:   NOS(Ef) = 10.999977 ELT = 11.000000

 Mgaunt:   Generate real Gaunt numbers

 Grnfcd:   Construct the full charge density

 Eldens:   Calculate multipole moments

 Eldens:   delQ = -0.000023 QTI = -0.000023  0.445850

 Rotchd:   Perform the 3D rotations

 Fcdupd:   Full charge density stored on FOR010

 KGRN: Calculation finished at 13:58 on 23-Jan-26
 
  Total time for the self-consistency loop:      36.975
  Total linear iterations time :      17.359
