
 KGRN: job = CuMg_1.00_2.67 isno =   0 Func = SCA

           Shape function for IQ =  1

 Mgaunt:   Generate real Gaunt numbers

 Setsym:   Set up the site-group symmetry elements for IQ=  1

           E     sigb  C31+  C31-  sigf  sige  C4z+  C4z-
           C2z   sigx  C2d   C4y-  S64-  S62+  sigy  C4x+
           C2c   S62-  S63+  siga  C33+  C34-  S4x+  S4y-
           I     C2b   S61-  S61+  C2f   C2e   S4z-  S4z+
           sigz  C2x   sigd  S4y+  C34+  C32-  C2y   S4x-
           sigc  C32+  C33-  C2a   S63-  S64+  C4x-  C4y+

 Atomc:    Atomic calculations for: Cu  

 Atomc:    Atomic calculations converged

           Number of core electrons  17.99909624
 Atomc:    Atomic calculations for: Mg  

 Atomc:    Atomic calculations converged

           Number of core electrons   9.99605897

 KMESHMP : Monkhorst-Pack k-mesh parameters, NKX,NKY,NKZ= 32 32 31

 Setkms:   NKVEC =     8193

 Blochs:   Bloch sum of slope matrix => array
  1  1  -1.10  1.2070 -1.0158  0.1556 -0.0288  0.0055 -0.0010  0.0002
  2  1  -1.08  1.1449 -0.9716  0.1424 -0.0252  0.0046 -0.0008  0.0001
  3  1  -1.00  0.8991 -0.7891  0.0939 -0.0135  0.0020 -0.0003  0.0000
  4  1  -0.84  0.4676 -0.4362  0.0287 -0.0023  0.0002 -0.0000  0.0000
  5  1  -0.64  0.0084  0.0081  0.0000  0.0000  0.0000  0.0000  0.0000
  6  1  -0.44  0.4779  0.4451  0.0299  0.0024  0.0002  0.0000  0.0000
  7  1  -0.28  0.9282  0.8114  0.0993  0.0147  0.0022  0.0003  0.0000
  8  1  -0.16  1.2975  1.0787  0.1755  0.0345  0.0070  0.0014  0.0002
  9  1  -0.08  1.5550  1.2497  0.2355  0.0536  0.0125  0.0028  0.0005
 10  1  -0.04  1.7095  1.3468  0.2735  0.0671  0.0169  0.0041  0.0009
 11  1  -0.02  1.7914  1.3966  0.2942  0.0748  0.0195  0.0049  0.0011
 12  1  -0.01  1.8305  1.4200  0.3041  0.0787  0.0209  0.0054  0.0012
 13  1  -0.00  1.8473  1.4300  0.3084  0.0803  0.0215  0.0056  0.0012
 14  1  -0.00  1.8535  1.4337  0.3100  0.0810  0.0217  0.0056  0.0012
 15  1  -0.00  1.8554  1.4348  0.3105  0.0811  0.0218  0.0057  0.0013
 16  1  -0.00  1.8557  1.4350  0.3106  0.0812  0.0218  0.0057  0.0013

 Slfcns:   Start LDA iterations by KKR, XC = Perdew-Wang 96 LDA, Soft-core-A 

 Wmsg: Iteration     1 Etot =   -3304.860818 err =  9.90484614
       Dyson loops  31 EF   =       0.000350 err =  0.09736720 DOS(E_F)=   29.82 hx = 0.10100
       QSCA =  0.0172
       QCPA =  0.0000 -0.0403

 Wmsg: Iteration     2 Etot =   -3304.964188 err =  0.10336969
       Dyson loops  31 EF   =      -0.032821 err =  0.12089774 DOS(E_F)=    3.92 hx = 0.12090
       QSCA =  0.0235
       QCPA =  0.0000 -0.1683

 Wmsg: Iteration     3 Etot =   -3304.969219 err =  0.00503171
       Dyson loops  31 EF   =      -0.028587 err =  0.00074297 DOS(E_F)=    4.14 hx = 0.09672
       QSCA =  0.0276
       QCPA =  0.0000 -0.2557

 Wmsg: Iteration     4 Etot =   -3304.964659 err =  0.00456026
       Dyson loops  31 EF   =      -0.072048 err =  0.04369936 DOS(E_F)=    3.70 hx = 0.07737
       QSCA =  0.0305
       QCPA =  0.0000 -0.3101

 Wmsg: Iteration     5 Etot =   -3304.978913 err =  0.01425367
       Dyson loops  31 EF   =      -0.092271 err =  0.02397158 DOS(E_F)=    3.87 hx = 0.06190
       QSCA =  0.0322
       QCPA =  0.0000 -0.3531

 Wmsg: Iteration     6 Etot =   -3304.977543 err =  0.00136957
       Dyson loops  31 EF   =      -0.084240 err =  0.00882891 DOS(E_F)=    5.14 hx = 0.03095
       QSCA =  0.0333
       QCPA =  0.0000 -0.3791

 Wmsg: Iteration     7 Etot =   -3304.978487 err =  0.00094378
       Dyson loops  31 EF   =      -0.080738 err =  0.00302216 DOS(E_F)=    4.04 hx = 0.01547
       QSCA =  0.0342
       QCPA =  0.0000 -0.3966

 Update:   Potential etc. stored on FOR002

 Wmsg: Iteration     8 Etot =   -3304.979021 err =  0.00053407
       Dyson loops  31 EF   =      -0.079737 err =  0.00080529 DOS(E_F)=    4.19 hx = 0.00774
       QSCA =  0.0348
       QCPA =  0.0000 -0.4083

 Wmsg: Iteration     9 Etot =   -3304.979148 err =  0.00012702
       Dyson loops  31 EF   =      -0.079500 err =  0.00012969 DOS(E_F)=    3.75 hx = 0.00387
       QSCA =  0.0353
       QCPA =  0.0000 -0.4158

 Wmsg: Iteration    10 Etot =   -3304.979251 err =  0.00010249
       Dyson loops  31 EF   =      -0.079492 err =  0.00005427 DOS(E_F)=    3.73 hx = 0.00193
       QSCA =  0.0357
       QCPA =  0.0000 -0.4207

 Wmsg: Iteration    11 Etot =   -3304.979336 err =  0.00008511
       Dyson loops  31 EF   =      -0.081361 err =  0.00021312 DOS(E_F)=    3.80 hx = 0.00100
       QSCA =  0.0359
       QCPA =  0.0000 -0.4239

 Wmsg: Iteration    12 Etot =   -3304.979486 err =  0.00015069
       Dyson loops  31 EF   =      -0.080945 err =  0.00137302 DOS(E_F)=    3.79 hx = 0.00137
       QSCA =  0.0360
       QCPA =  0.0000 -0.4260

 Wmsg: Iteration    13 Etot =   -3304.979524 err =  0.00003761
       Dyson loops  31 EF   =      -0.080623 err =  0.00028033 DOS(E_F)=    3.71 hx = 0.00100
       QSCA =  0.0362
       QCPA =  0.0000 -0.4273

 Wmsg: Iteration    14 Etot =   -3304.979554 err =  0.00003030
       Dyson loops  31 EF   =      -0.080478 err =  0.00011235 DOS(E_F)=    3.75 hx = 0.00100
       QSCA =  0.0362
       QCPA =  0.0000 -0.4282

 Update:   Potential etc. stored on FOR002

 Wmsg: Iteration    15 Etot =   -3304.979580 err =  0.00002601
       Dyson loops  31 EF   =      -0.080436 err =  0.00002067 DOS(E_F)=    3.80 hx = 0.00100
       QSCA =  0.0363
       QCPA =  0.0000 -0.4288

 Wmsg: Iteration    16 Etot =   -3304.979601 err =  0.00002102
       Dyson loops  31 EF   =      -0.080444 err =  0.00002197 DOS(E_F)=    3.82 hx = 0.00100
       QSCA =  0.0363
       QCPA =  0.0000 -0.4291

 Wmsg: Iteration    17 Etot =   -3304.979618 err =  0.00001701
       Dyson loops  31 EF   =      -0.080471 err =  0.00003643 DOS(E_F)=    3.83 hx = 0.00100
       QSCA =  0.0364
       QCPA =  0.0000 -0.4294

 Wmsg: Iteration    18 Etot =   -3304.979632 err =  0.00001387
       Dyson loops  31 EF   =      -0.080501 err =  0.00003746 DOS(E_F)=    3.83 hx = 0.00100
       QSCA =  0.0364
       QCPA =  0.0000 -0.4295

 Wmsg: Iteration    19 Etot =   -3304.979643 err =  0.00001093
       Dyson loops  31 EF   =      -0.080528 err =  0.00003259 DOS(E_F)=    3.83 hx = 0.00100
       QSCA =  0.0364
       QCPA =  0.0000 -0.4296

 Wmsg: Iteration    20 Etot =   -3304.979652 err =  0.00000843
       Dyson loops  31 EF   =      -0.080551 err =  0.00002626 DOS(E_F)=    3.83 hx = 0.00100
       QSCA =  0.0364
       QCPA =  0.0000 -0.4297

 Wmsg: Iteration    21 Etot =   -3304.979658 err =  0.00000640
       Dyson loops  31 EF   =      -0.080568 err =  0.00002038 DOS(E_F)=    3.83 hx = 0.00100
       QSCA =  0.0364
       QCPA =  0.0000 -0.4297

 Update:   Potential etc. stored on FOR002

 Wmsg: Iteration    22 Etot =   -3304.979663 err =  0.00000482
       Dyson loops  31 EF   =      -0.080582 err =  0.00001548 DOS(E_F)=    3.83 hx = 0.00100
       QSCA =  0.0364
       QCPA =  0.0000 -0.4297

 Wmsg: Iteration    23 Etot =   -3304.979666 err =  0.00000360
       Dyson loops  31 EF   =      -0.080592 err =  0.00001161 DOS(E_F)=    3.83 hx = 0.00100
       QSCA =  0.0364
       QCPA =  0.0000 -0.4298

 Wmsg: Iteration    24 Etot =   -3304.979669 err =  0.00000268
       Dyson loops  31 EF   =      -0.080599 err =  0.00000864 DOS(E_F)=    3.83 hx = 0.00100
       QSCA =  0.0364
       QCPA =  0.0000 -0.4298

 Wmsg: Iteration    25 Etot =   -3304.979671 err =  0.00000199
       Dyson loops  31 EF   =      -0.080605 err =  0.00000640 DOS(E_F)=    3.83 hx = 0.00100
       QSCA =  0.0364
       QCPA =  0.0000 -0.4298

 Wmsg: Iteration    26 Etot =   -3304.979673 err =  0.00000148
       Dyson loops  31 EF   =      -0.080609 err =  0.00000475 DOS(E_F)=    3.83 hx = 0.00100
       QSCA =  0.0364
       QCPA =  0.0000 -0.4298

 Wmsg: Iteration    27 Etot =   -3304.979674 err =  0.00000110
       Dyson loops  31 EF   =      -0.080612 err =  0.00000351 DOS(E_F)=    3.83 hx = 0.00100
       QSCA =  0.0364
       QCPA =  0.0000 -0.4298

 Wmsg: Iteration    28 Etot =   -3304.979674 err =  0.00000080
       Dyson loops  31 EF   =      -0.080614 err =  0.00000259 DOS(E_F)=    3.83 hx = 0.00100
       QSCA =  0.0364
       QCPA =  0.0000 -0.4298

 Update:   Potential etc. stored on FOR002

 Wmsg: Iteration    29 Etot =   -3304.979675 err =  0.00000059
       Dyson loops  31 EF   =      -0.080616 err =  0.00000192 DOS(E_F)=    3.83 hx = 0.00100
       QSCA =  0.0364
       QCPA =  0.0000 -0.4298

 Wmsg: Iteration    30 Etot =   -3304.979675 err =  0.00000044
       Dyson loops  31 EF   =      -0.080617 err =  0.00000142 DOS(E_F)=    3.83 hx = 0.00100
       QSCA =  0.0364
       QCPA =  0.0000 -0.4298

 Wmsg: Iteration    31 Etot =   -3304.979676 err =  0.00000033
       Dyson loops  31 EF   =      -0.080618 err =  0.00000105 DOS(E_F)=    3.83 hx = 0.00100
       QSCA =  0.0364
       QCPA =  0.0000 -0.4298

 Wmsg: Iteration    32 Etot =   -3304.979676 err =  0.00000024
       Dyson loops  31 EF   =      -0.080619 err =  0.00000078 DOS(E_F)=    3.83 hx = 0.00100
       QSCA =  0.0364
       QCPA =  0.0000 -0.4298

 Wmsg: Iteration    33 Etot =   -3304.979676 err =  0.00000018
       Dyson loops  31 EF   =      -0.080619 err =  0.00000058 DOS(E_F)=    3.83 hx = 0.00100
       QSCA =  0.0364
       QCPA =  0.0000 -0.4298

 Wmsg: Iteration    34 Etot =   -3304.979676 err =  0.00000013
       Dyson loops  31 EF   =      -0.080620 err =  0.00000043 DOS(E_F)=    3.83 hx = 0.00100
       QSCA =  0.0364
       QCPA =  0.0000 -0.4298

 Wmsg: Iteration    35 Etot =   -3304.979676 err =  0.00000010
       Dyson loops  31 EF   =      -0.080620 err =  0.00000032 DOS(E_F)=    3.83 hx = 0.00100
       QSCA =  0.0364
       QCPA =  0.0000 -0.4298

 Update:   Potential etc. stored on FOR002

 Wmsg: Iteration    36 Etot =   -3304.979677 err =  0.00000007
       Dyson loops  31 EF   =      -0.080620 err =  0.00000023 DOS(E_F)=    3.83 hx = 0.00100
       QSCA =  0.0364
       QCPA =  0.0000 -0.4298

 Wmsg: Iteration    37 Etot =   -3304.979677 err =  0.00000005
       Dyson loops  31 EF   =      -0.080620 err =  0.00000017 DOS(E_F)=    3.83 hx = 0.00100
       QSCA =  0.0364
       QCPA =  0.0000 -0.4298

 Wmsg: Iteration    38 Etot =   -3304.979677 err =  0.00000004
       Dyson loops  31 EF   =      -0.080621 err =  0.00000013 DOS(E_F)=    3.83 hx = 0.00100
       QSCA =  0.0364
       QCPA =  0.0000 -0.4298

 Wmsg: Iteration    39 Etot =   -3304.979677 err =  0.00000003
       Dyson loops  31 EF   =      -0.080621 err =  0.00000009 DOS(E_F)=    3.83 hx = 0.00100
       QSCA =  0.0364
       QCPA =  0.0000 -0.4298

 Wmsg: Iteration    40 Etot =   -3304.979677 err =  0.00000002
       Dyson loops  31 EF   =      -0.080621 err =  0.00000007 DOS(E_F)=    3.83 hx = 0.00100
       QSCA =  0.0364
       QCPA =  0.0000 -0.4298

 Wmsg: Iteration    41 Etot =   -3304.979677 err =  0.00000002
       Dyson loops  31 EF   =      -0.080621 err =  0.00000005 DOS(E_F)=    3.83 hx = 0.00100
       QSCA =  0.0364
       QCPA =  0.0000 -0.4298

 Wmsg: Iteration    42 Etot =   -3304.979677 err =  0.00000001
       Dyson loops  31 EF   =      -0.080621 err =  0.00000004 DOS(E_F)=    3.83 hx = 0.00100
       QSCA =  0.0364
       QCPA =  0.0000 -0.4298

 Update:   Potential etc. stored on FOR002

 Wmsg: Iteration    43 Etot =   -3304.979677 err =  0.00000001
       Dyson loops  31 EF   =      -0.080621 err =  0.00000003 DOS(E_F)=    3.83 hx = 0.00100
       QSCA =  0.0364
       QCPA =  0.0000 -0.4298

 Wmsg: Iteration    44 Etot =   -3304.979677 err =  0.00000001
       Dyson loops  31 EF   =      -0.080621 err =  0.00000002 DOS(E_F)=    3.83 hx = 0.00100
       QSCA =  0.0364
       QCPA =  0.0000 -0.4298

 Wmsg: Iteration    45 Etot =   -3304.979677 err =  0.00000000
       Dyson loops  31 EF   =      -0.080621 err =  0.00000002 DOS(E_F)=    3.83 hx = 0.00100
       QSCA =  0.0364
       QCPA =  0.0000 -0.4298

 Wmsg: Iteration    46 Etot =   -3304.979677 err =  0.00000000
       Dyson loops  31 EF   =      -0.080621 err =  0.00000001 DOS(E_F)=    3.83 hx = 0.00100
       QSCA =  0.0364
       QCPA =  0.0000 -0.4298

 Wmsg: Iteration    47 Etot =   -3304.979677 err =  0.00000000
       Dyson loops  31 EF   =      -0.080621 err =  0.00000001 DOS(E_F)=    3.83 hx = 0.00100
       QSCA =  0.0364
       QCPA =  0.0000 -0.4298

 Update:   Potential etc. stored on FOR002

 Dospth: CPA equation for IS =  1 converged in  1- 1 iterations

 KGRN:     Calculation of the full charge density, lmaxh =  8

 Kkrfcd:   NOS(Ef) = 10.999977 ELT = 11.000000

 Mgaunt:   Generate real Gaunt numbers

 Grnfcd:   Construct the full charge density

 Eldens:   Calculate multipole moments

 Eldens:   delQ = -0.000023 QTI = -0.000023  0.300398

 Rotchd:   Perform the 3D rotations

 Fcdupd:   Full charge density stored on FOR010

 KGRN: Calculation finished at 11:29 on 23-Jan-26
 
  Total time for the self-consistency loop:      35.125
  Total linear iterations time :      16.273
