
 KGRN: job = CuMg_1.00_2.59 isno =   0 Func = SCA

           Shape function for IQ =  1

 Mgaunt:   Generate real Gaunt numbers

 Setsym:   Set up the site-group symmetry elements for IQ=  1

           E     sigb  C31+  C31-  sigf  sige  C4z+  C4z-
           C2z   sigx  C2d   C4y-  S64-  S62+  sigy  C4x+
           C2c   S62-  S63+  siga  C33+  C34-  S4x+  S4y-
           I     C2b   S61-  S61+  C2f   C2e   S4z-  S4z+
           sigz  C2x   sigd  S4y+  C34+  C32-  C2y   S4x-
           sigc  C32+  C33-  C2a   S63-  S64+  C4x-  C4y+

 Atomc:    Atomic calculations for: Cu  

 Atomc:    Atomic calculations converged

           Number of core electrons  17.99870467
 Atomc:    Atomic calculations for: Mg  

 Atomc:    Atomic calculations converged

           Number of core electrons   9.99475180

 KMESHMP : Monkhorst-Pack k-mesh parameters, NKX,NKY,NKZ= 32 32 31

 Setkms:   NKVEC =     8193

 Blochs:   Bloch sum of slope matrix => array
  1  1  -1.10  1.0379 -0.8938  0.1205 -0.0196  0.0033 -0.0005  0.0001
  2  1  -1.08  0.9821 -0.8522  0.1095 -0.0170  0.0027 -0.0004  0.0001
  3  1  -1.00  0.7605 -0.6805  0.0698 -0.0087  0.0011 -0.0001  0.0000
  4  1  -0.84  0.3682 -0.3484  0.0183 -0.0012  0.0001 -0.0000  0.0000
  5  1  -0.64  0.0707  0.0697  0.0007  0.0000  0.0000  0.0000  0.0000
  6  1  -0.44  0.5194  0.4809  0.0349  0.0031  0.0003  0.0000  0.0000
  7  1  -0.28  0.9468  0.8255  0.1028  0.0155  0.0024  0.0004  0.0000
  8  1  -0.16  1.2951  1.0771  0.1750  0.0343  0.0069  0.0013  0.0002
  9  1  -0.08  1.5367  1.2380  0.2311  0.0521  0.0121  0.0027  0.0005
 10  1  -0.04  1.6812  1.3293  0.2665  0.0645  0.0160  0.0039  0.0008
 11  1  -0.02  1.7577  1.3762  0.2857  0.0716  0.0184  0.0046  0.0010
 12  1  -0.01  1.7941  1.3983  0.2949  0.0751  0.0196  0.0050  0.0011
 13  1  -0.00  1.8098  1.4077  0.2988  0.0766  0.0202  0.0051  0.0011
 14  1  -0.00  1.8156  1.4112  0.3003  0.0772  0.0204  0.0052  0.0011
 15  1  -0.00  1.8173  1.4122  0.3008  0.0774  0.0204  0.0052  0.0011
 16  1  -0.00  1.8176  1.4124  0.3009  0.0774  0.0204  0.0052  0.0011

 Slfcns:   Start LDA iterations by KKR, XC = Perdew-Wang 96 LDA, Soft-core-A 

 Wmsg: Iteration     1 Etot =   -3304.860583 err = 11.03982277
       Dyson loops  31 EF   =       0.026501 err =  0.10702014 DOS(E_F)=   25.88 hx = 0.10702
       QSCA =  0.0191
       QCPA =  0.0000 -0.0343

 Wmsg: Iteration     2 Etot =   -3304.963690 err =  0.10310645
       Dyson loops  31 EF   =       0.020560 err =  0.08603941 DOS(E_F)=    4.55 hx = 0.08604
       QSCA =  0.0249
       QCPA =  0.0000 -0.1489

 Wmsg: Iteration     3 Etot =   -3304.971017 err =  0.00732725
       Dyson loops  31 EF   =      -0.011149 err =  0.02736538 DOS(E_F)=    4.23 hx = 0.06883
       QSCA =  0.0285
       QCPA =  0.0000 -0.2277

 Wmsg: Iteration     4 Etot =   -3304.980382 err =  0.00936537
       Dyson loops  31 EF   =      -0.027582 err =  0.00346075 DOS(E_F)=    3.98 hx = 0.05507
       QSCA =  0.0308
       QCPA =  0.0000 -0.2848

 Wmsg: Iteration     5 Etot =   -3304.980324 err =  0.00005817
       Dyson loops  31 EF   =      -0.022370 err =  0.01034275 DOS(E_F)=    4.36 hx = 0.04405
       QSCA =  0.0324
       QCPA =  0.0000 -0.3213

 Wmsg: Iteration     6 Etot =   -3304.981274 err =  0.00094935
       Dyson loops  31 EF   =      -0.020738 err =  0.00082848 DOS(E_F)=    3.92 hx = 0.02203
       QSCA =  0.0336
       QCPA =  0.0000 -0.3458

 Wmsg: Iteration     7 Etot =   -3304.981703 err =  0.00042920
       Dyson loops  31 EF   =      -0.040701 err =  0.00062432 DOS(E_F)=    4.01 hx = 0.01101
       QSCA =  0.0344
       QCPA =  0.0000 -0.3620

 Update:   Potential etc. stored on FOR002

 Wmsg: Iteration     8 Etot =   -3304.982760 err =  0.00105734
       Dyson loops  31 EF   =      -0.030920 err =  0.00026334 DOS(E_F)=    4.28 hx = 0.00551
       QSCA =  0.0349
       QCPA =  0.0000 -0.3726

 Wmsg: Iteration     9 Etot =   -3304.982545 err =  0.00021536
       Dyson loops  31 EF   =      -0.027838 err =  0.00719167 DOS(E_F)=    4.38 hx = 0.00719
       QSCA =  0.0353
       QCPA =  0.0000 -0.3796

 Wmsg: Iteration    10 Etot =   -3304.982523 err =  0.00002147
       Dyson loops  31 EF   =      -0.025722 err =  0.00202420 DOS(E_F)=    3.98 hx = 0.00360
       QSCA =  0.0356
       QCPA =  0.0000 -0.3843

 Wmsg: Iteration    11 Etot =   -3304.982537 err =  0.00001333
       Dyson loops  31 EF   =      -0.024861 err =  0.00077651 DOS(E_F)=    3.96 hx = 0.00180
       QSCA =  0.0358
       QCPA =  0.0000 -0.3873

 Wmsg: Iteration    12 Etot =   -3304.982586 err =  0.00004913
       Dyson loops  31 EF   =      -0.024654 err =  0.00013880 DOS(E_F)=    3.85 hx = 0.00100
       QSCA =  0.0359
       QCPA =  0.0000 -0.3893

 Wmsg: Iteration    13 Etot =   -3304.982641 err =  0.00005522
       Dyson loops  31 EF   =      -0.024627 err =  0.00001268 DOS(E_F)=    3.78 hx = 0.00100
       QSCA =  0.0360
       QCPA =  0.0000 -0.3906

 Wmsg: Iteration    14 Etot =   -3304.982690 err =  0.00004858
       Dyson loops  31 EF   =      -0.024670 err =  0.00007475 DOS(E_F)=    3.77 hx = 0.00100
       QSCA =  0.0361
       QCPA =  0.0000 -0.3914

 Update:   Potential etc. stored on FOR002

 Wmsg: Iteration    15 Etot =   -3304.982729 err =  0.00003935
       Dyson loops  31 EF   =      -0.024736 err =  0.00008989 DOS(E_F)=    3.76 hx = 0.00100
       QSCA =  0.0362
       QCPA =  0.0000 -0.3920

 Wmsg: Iteration    16 Etot =   -3304.982760 err =  0.00003083
       Dyson loops  31 EF   =      -0.024804 err =  0.00008477 DOS(E_F)=    3.76 hx = 0.00100
       QSCA =  0.0362
       QCPA =  0.0000 -0.3924

 Wmsg: Iteration    17 Etot =   -3304.982783 err =  0.00002375
       Dyson loops  31 EF   =      -0.024865 err =  0.00007274 DOS(E_F)=    3.76 hx = 0.00100
       QSCA =  0.0362
       QCPA =  0.0000 -0.3926

 Wmsg: Iteration    18 Etot =   -3304.982802 err =  0.00001811
       Dyson loops  31 EF   =      -0.024916 err =  0.00005920 DOS(E_F)=    3.76 hx = 0.00100
       QSCA =  0.0362
       QCPA =  0.0000 -0.3928

 Wmsg: Iteration    19 Etot =   -3304.982815 err =  0.00001371
       Dyson loops  31 EF   =      -0.024956 err =  0.00004665 DOS(E_F)=    3.76 hx = 0.00100
       QSCA =  0.0362
       QCPA =  0.0000 -0.3929

 Wmsg: Iteration    20 Etot =   -3304.982826 err =  0.00001032
       Dyson loops  31 EF   =      -0.024988 err =  0.00003599 DOS(E_F)=    3.76 hx = 0.00100
       QSCA =  0.0362
       QCPA =  0.0000 -0.3929

 Wmsg: Iteration    21 Etot =   -3304.982833 err =  0.00000773
       Dyson loops  31 EF   =      -0.025012 err =  0.00002737 DOS(E_F)=    3.76 hx = 0.00100
       QSCA =  0.0363
       QCPA =  0.0000 -0.3930

 Update:   Potential etc. stored on FOR002

 Wmsg: Iteration    22 Etot =   -3304.982839 err =  0.00000577
       Dyson loops  31 EF   =      -0.025030 err =  0.00002062 DOS(E_F)=    3.76 hx = 0.00100
       QSCA =  0.0363
       QCPA =  0.0000 -0.3930

 Wmsg: Iteration    23 Etot =   -3304.982843 err =  0.00000430
       Dyson loops  31 EF   =      -0.025044 err =  0.00001542 DOS(E_F)=    3.76 hx = 0.00100
       QSCA =  0.0363
       QCPA =  0.0000 -0.3930

 Wmsg: Iteration    24 Etot =   -3304.982847 err =  0.00000319
       Dyson loops  31 EF   =      -0.025054 err =  0.00001148 DOS(E_F)=    3.76 hx = 0.00100
       QSCA =  0.0363
       QCPA =  0.0000 -0.3930

 Wmsg: Iteration    25 Etot =   -3304.982849 err =  0.00000237
       Dyson loops  31 EF   =      -0.025062 err =  0.00000851 DOS(E_F)=    3.76 hx = 0.00100
       QSCA =  0.0363
       QCPA =  0.0000 -0.3930

 Wmsg: Iteration    26 Etot =   -3304.982851 err =  0.00000175
       Dyson loops  31 EF   =      -0.025068 err =  0.00000630 DOS(E_F)=    3.76 hx = 0.00100
       QSCA =  0.0363
       QCPA =  0.0000 -0.3930

 Wmsg: Iteration    27 Etot =   -3304.982852 err =  0.00000130
       Dyson loops  31 EF   =      -0.025072 err =  0.00000465 DOS(E_F)=    3.76 hx = 0.00100
       QSCA =  0.0363
       QCPA =  0.0000 -0.3930

 Wmsg: Iteration    28 Etot =   -3304.982853 err =  0.00000096
       Dyson loops  31 EF   =      -0.025075 err =  0.00000343 DOS(E_F)=    3.76 hx = 0.00100
       QSCA =  0.0363
       QCPA =  0.0000 -0.3930

 Update:   Potential etc. stored on FOR002

 Wmsg: Iteration    29 Etot =   -3304.982854 err =  0.00000070
       Dyson loops  31 EF   =      -0.025077 err =  0.00000253 DOS(E_F)=    3.76 hx = 0.00100
       QSCA =  0.0363
       QCPA =  0.0000 -0.3930

 Wmsg: Iteration    30 Etot =   -3304.982854 err =  0.00000052
       Dyson loops  31 EF   =      -0.025079 err =  0.00000186 DOS(E_F)=    3.76 hx = 0.00100
       QSCA =  0.0363
       QCPA =  0.0000 -0.3930

 Wmsg: Iteration    31 Etot =   -3304.982855 err =  0.00000038
       Dyson loops  31 EF   =      -0.025080 err =  0.00000137 DOS(E_F)=    3.76 hx = 0.00100
       QSCA =  0.0363
       QCPA =  0.0000 -0.3930

 Wmsg: Iteration    32 Etot =   -3304.982855 err =  0.00000028
       Dyson loops  31 EF   =      -0.025081 err =  0.00000101 DOS(E_F)=    3.76 hx = 0.00100
       QSCA =  0.0363
       QCPA =  0.0000 -0.3930

 Wmsg: Iteration    33 Etot =   -3304.982855 err =  0.00000021
       Dyson loops  31 EF   =      -0.025082 err =  0.00000074 DOS(E_F)=    3.76 hx = 0.00100
       QSCA =  0.0363
       QCPA =  0.0000 -0.3930

 Wmsg: Iteration    34 Etot =   -3304.982855 err =  0.00000015
       Dyson loops  31 EF   =      -0.025082 err =  0.00000055 DOS(E_F)=    3.76 hx = 0.00100
       QSCA =  0.0363
       QCPA =  0.0000 -0.3930

 Wmsg: Iteration    35 Etot =   -3304.982855 err =  0.00000011
       Dyson loops  31 EF   =      -0.025083 err =  0.00000040 DOS(E_F)=    3.76 hx = 0.00100
       QSCA =  0.0363
       QCPA =  0.0000 -0.3930

 Update:   Potential etc. stored on FOR002

 Wmsg: Iteration    36 Etot =   -3304.982855 err =  0.00000008
       Dyson loops  31 EF   =      -0.025083 err =  0.00000030 DOS(E_F)=    3.76 hx = 0.00100
       QSCA =  0.0363
       QCPA =  0.0000 -0.3930

 Wmsg: Iteration    37 Etot =   -3304.982855 err =  0.00000006
       Dyson loops  31 EF   =      -0.025083 err =  0.00000022 DOS(E_F)=    3.76 hx = 0.00100
       QSCA =  0.0363
       QCPA =  0.0000 -0.3930

 Wmsg: Iteration    38 Etot =   -3304.982856 err =  0.00000005
       Dyson loops  31 EF   =      -0.025083 err =  0.00000016 DOS(E_F)=    3.76 hx = 0.00100
       QSCA =  0.0363
       QCPA =  0.0000 -0.3930

 Wmsg: Iteration    39 Etot =   -3304.982856 err =  0.00000003
       Dyson loops  31 EF   =      -0.025083 err =  0.00000012 DOS(E_F)=    3.76 hx = 0.00100
       QSCA =  0.0363
       QCPA =  0.0000 -0.3930

 Wmsg: Iteration    40 Etot =   -3304.982856 err =  0.00000003
       Dyson loops  31 EF   =      -0.025083 err =  0.00000009 DOS(E_F)=    3.76 hx = 0.00100
       QSCA =  0.0363
       QCPA =  0.0000 -0.3930

 Wmsg: Iteration    41 Etot =   -3304.982856 err =  0.00000002
       Dyson loops  31 EF   =      -0.025083 err =  0.00000007 DOS(E_F)=    3.76 hx = 0.00100
       QSCA =  0.0363
       QCPA =  0.0000 -0.3930

 Wmsg: Iteration    42 Etot =   -3304.982856 err =  0.00000001
       Dyson loops  31 EF   =      -0.025083 err =  0.00000005 DOS(E_F)=    3.76 hx = 0.00100
       QSCA =  0.0363
       QCPA =  0.0000 -0.3930

 Update:   Potential etc. stored on FOR002

 Wmsg: Iteration    43 Etot =   -3304.982856 err =  0.00000001
       Dyson loops  31 EF   =      -0.025083 err =  0.00000004 DOS(E_F)=    3.76 hx = 0.00100
       QSCA =  0.0363
       QCPA =  0.0000 -0.3930

 Wmsg: Iteration    44 Etot =   -3304.982856 err =  0.00000001
       Dyson loops  31 EF   =      -0.025083 err =  0.00000003 DOS(E_F)=    3.76 hx = 0.00100
       QSCA =  0.0363
       QCPA =  0.0000 -0.3930

 Wmsg: Iteration    45 Etot =   -3304.982856 err =  0.00000001
       Dyson loops  31 EF   =      -0.025083 err =  0.00000002 DOS(E_F)=    3.76 hx = 0.00100
       QSCA =  0.0363
       QCPA =  0.0000 -0.3930

 Wmsg: Iteration    46 Etot =   -3304.982856 err =  0.00000000
       Dyson loops  31 EF   =      -0.025084 err =  0.00000001 DOS(E_F)=    3.76 hx = 0.00100
       QSCA =  0.0363
       QCPA =  0.0000 -0.3930

 Wmsg: Iteration    47 Etot =   -3304.982856 err =  0.00000000
       Dyson loops  31 EF   =      -0.025084 err =  0.00000001 DOS(E_F)=    3.76 hx = 0.00100
       QSCA =  0.0363
       QCPA =  0.0000 -0.3930

 Wmsg: Iteration    48 Etot =   -3304.982856 err =  0.00000000
       Dyson loops  31 EF   =      -0.025084 err =  0.00000001 DOS(E_F)=    3.76 hx = 0.00100
       QSCA =  0.0363
       QCPA =  0.0000 -0.3930

 Update:   Potential etc. stored on FOR002

 Dospth: CPA equation for IS =  1 converged in  1- 1 iterations

 KGRN:     Calculation of the full charge density, lmaxh =  8

 Kkrfcd:   NOS(Ef) = 10.999977 ELT = 11.000000

 Mgaunt:   Generate real Gaunt numbers

 Grnfcd:   Construct the full charge density

 Eldens:   Calculate multipole moments

 Eldens:   delQ = -0.000023 QTI = -0.000023  0.404715

 Rotchd:   Perform the 3D rotations

 Fcdupd:   Full charge density stored on FOR010

 KGRN: Calculation finished at 13:59 on 23-Jan-26
 
  Total time for the self-consistency loop:      36.870
  Total linear iterations time :      17.175
