
 KGRN: job = CuMg_1.00_2.82 isno =   0 Func = SCA

           Shape function for IQ =  1

 Mgaunt:   Generate real Gaunt numbers

 Setsym:   Set up the site-group symmetry elements for IQ=  1

           E     sigb  C31+  C31-  sigf  sige  C4z+  C4z-
           C2z   sigx  C2d   C4y-  S64-  S62+  sigy  C4x+
           C2c   S62-  S63+  siga  C33+  C34-  S4x+  S4y-
           I     C2b   S61-  S61+  C2f   C2e   S4z-  S4z+
           sigz  C2x   sigd  S4y+  C34+  C32-  C2y   S4x-
           sigc  C32+  C33-  C2a   S63-  S64+  C4x-  C4y+

 Atomc:    Atomic calculations for: Cu  

 Atomc:    Atomic calculations converged

           Number of core electrons  17.99953965
 Atomc:    Atomic calculations for: Mg  

 Atomc:    Atomic calculations converged

           Number of core electrons   9.99769608

 KMESHMP : Monkhorst-Pack k-mesh parameters, NKX,NKY,NKZ= 32 32 31

 Setkms:   NKVEC =     8193

 Blochs:   Bloch sum of slope matrix => array
  1  1  -1.10  1.5680 -1.2580  0.2387 -0.0547  0.0129 -0.0029  0.0006
  2  1  -1.08  1.4916 -1.2087  0.2204 -0.0485  0.0110 -0.0024  0.0004
  3  1  -1.00  1.1920 -1.0052  0.1524 -0.0279  0.0052 -0.0010  0.0001
  4  1  -0.84  0.6752 -0.6115  0.0564 -0.0063  0.0007 -0.0001  0.0000
  5  1  -0.64  0.1181 -0.1158  0.0020 -0.0000  0.0000 -0.0000  0.0000
  6  1  -0.44  0.3942  0.3717  0.0208  0.0014  0.0001  0.0000  0.0000
  7  1  -0.28  0.8875  0.7802  0.0918  0.0130  0.0019  0.0003  0.0000
  8  1  -0.16  1.2970  1.0784  0.1754  0.0344  0.0069  0.0014  0.0002
  9  1  -0.08  1.5854  1.2691  0.2429  0.0561  0.0133  0.0031  0.0006
 10  1  -0.04  1.7596  1.3774  0.2861  0.0718  0.0185  0.0046  0.0010
 11  1  -0.02  1.8523  1.4330  0.3097  0.0808  0.0216  0.0056  0.0012
 12  1  -0.01  1.8966  1.4592  0.3211  0.0853  0.0233  0.0062  0.0014
 13  1  -0.00  1.9157  1.4703  0.3260  0.0873  0.0240  0.0064  0.0015
 14  1  -0.00  1.9228  1.4744  0.3279  0.0880  0.0243  0.0065  0.0015
 15  1  -0.00  1.9249  1.4757  0.3284  0.0883  0.0243  0.0065  0.0015
 16  1  -0.00  1.9253  1.4759  0.3285  0.0883  0.0244  0.0065  0.0015

 Slfcns:   Start LDA iterations by KKR, XC = Perdew-Wang 96 LDA, Soft-core-A 

 Wmsg: Iteration     1 Etot =   -3304.860288 err =  8.10428085
       Dyson loops  31 EF   =      -0.064028 err =  0.01400762 DOS(E_F)=   12.33 hx = 0.10100
       QSCA =  0.0158
       QCPA =  0.0000 -0.0862

 Wmsg: Iteration     2 Etot =   -3304.945097 err =  0.08480891
       Dyson loops  31 EF   =      -0.106074 err =  0.10887019 DOS(E_F)=    3.65 hx = 0.10887
       QSCA =  0.0224
       QCPA =  0.0000 -0.2175

 Wmsg: Iteration     3 Etot =   -3304.946597 err =  0.00149979
       Dyson loops  31 EF   =      -0.117678 err =  0.01767904 DOS(E_F)=    3.39 hx = 0.08710
       QSCA =  0.0266
       QCPA =  0.0000 -0.3055

 Wmsg: Iteration     4 Etot =   -3304.947793 err =  0.00119622
       Dyson loops  31 EF   =      -0.156336 err =  0.04064307 DOS(E_F)=    3.35 hx = 0.06968
       QSCA =  0.0294
       QCPA =  0.0000 -0.3634

 Wmsg: Iteration     5 Etot =   -3304.960016 err =  0.01222239
       Dyson loops  31 EF   =      -0.155257 err =  0.00205004 DOS(E_F)=    3.95 hx = 0.05574
       QSCA =  0.0312
       QCPA =  0.0000 -0.4083

 Wmsg: Iteration     6 Etot =   -3304.958819 err =  0.00119669
       Dyson loops  31 EF   =      -0.168012 err =  0.00024692 DOS(E_F)=    4.03 hx = 0.02787
       QSCA =  0.0326
       QCPA =  0.0000 -0.4365

 Wmsg: Iteration     7 Etot =   -3304.958457 err =  0.00036196
       Dyson loops  31 EF   =      -0.163739 err =  0.00799665 DOS(E_F)=    4.78 hx = 0.01394
       QSCA =  0.0336
       QCPA =  0.0000 -0.4534

 Update:   Potential etc. stored on FOR002

 Wmsg: Iteration     8 Etot =   -3304.959262 err =  0.00080536
       Dyson loops  31 EF   =      -0.161331 err =  0.00201528 DOS(E_F)=    4.21 hx = 0.00697
       QSCA =  0.0343
       QCPA =  0.0000 -0.4650

 Wmsg: Iteration     9 Etot =   -3304.959324 err =  0.00006103
       Dyson loops  31 EF   =      -0.160144 err =  0.00109670 DOS(E_F)=    3.90 hx = 0.00348
       QSCA =  0.0349
       QCPA =  0.0000 -0.4725

 Wmsg: Iteration    10 Etot =   -3304.959340 err =  0.00001630
       Dyson loops  31 EF   =      -0.159676 err =  0.00039866 DOS(E_F)=    3.91 hx = 0.00174
       QSCA =  0.0353
       QCPA =  0.0000 -0.4773

 Wmsg: Iteration    11 Etot =   -3304.959394 err =  0.00005438
       Dyson loops  31 EF   =      -0.159488 err =  0.00013178 DOS(E_F)=    3.99 hx = 0.00100
       QSCA =  0.0356
       QCPA =  0.0000 -0.4804

 Wmsg: Iteration    12 Etot =   -3304.959438 err =  0.00004402
       Dyson loops  31 EF   =      -0.159453 err =  0.00000140 DOS(E_F)=    4.05 hx = 0.00100
       QSCA =  0.0358
       QCPA =  0.0000 -0.4823

 Wmsg: Iteration    13 Etot =   -3304.959474 err =  0.00003590
       Dyson loops  31 EF   =      -0.159493 err =  0.00006897 DOS(E_F)=    4.09 hx = 0.00100
       QSCA =  0.0360
       QCPA =  0.0000 -0.4836

 Wmsg: Iteration    14 Etot =   -3304.959505 err =  0.00003087
       Dyson loops  31 EF   =      -0.159558 err =  0.00008679 DOS(E_F)=    4.11 hx = 0.00100
       QSCA =  0.0361
       QCPA =  0.0000 -0.4844

 Update:   Potential etc. stored on FOR002

 Wmsg: Iteration    15 Etot =   -3304.959531 err =  0.00002588
       Dyson loops  31 EF   =      -0.159625 err =  0.00008332 DOS(E_F)=    4.11 hx = 0.00100
       QSCA =  0.0362
       QCPA =  0.0000 -0.4849

 Wmsg: Iteration    16 Etot =   -3304.959552 err =  0.00002074
       Dyson loops  31 EF   =      -0.159684 err =  0.00007087 DOS(E_F)=    4.11 hx = 0.00100
       QSCA =  0.0362
       QCPA =  0.0000 -0.4853

 Wmsg: Iteration    17 Etot =   -3304.959568 err =  0.00001619
       Dyson loops  31 EF   =      -0.159733 err =  0.00005693 DOS(E_F)=    4.11 hx = 0.00100
       QSCA =  0.0363
       QCPA =  0.0000 -0.4855

 Wmsg: Iteration    18 Etot =   -3304.959580 err =  0.00001242
       Dyson loops  31 EF   =      -0.159771 err =  0.00004432 DOS(E_F)=    4.11 hx = 0.00100
       QSCA =  0.0363
       QCPA =  0.0000 -0.4856

 Wmsg: Iteration    19 Etot =   -3304.959590 err =  0.00000944
       Dyson loops  31 EF   =      -0.159800 err =  0.00003383 DOS(E_F)=    4.11 hx = 0.00100
       QSCA =  0.0363
       QCPA =  0.0000 -0.4857

 Wmsg: Iteration    20 Etot =   -3304.959597 err =  0.00000711
       Dyson loops  31 EF   =      -0.159823 err =  0.00002552 DOS(E_F)=    4.11 hx = 0.00100
       QSCA =  0.0363
       QCPA =  0.0000 -0.4858

 Wmsg: Iteration    21 Etot =   -3304.959602 err =  0.00000534
       Dyson loops  31 EF   =      -0.159839 err =  0.00001909 DOS(E_F)=    4.11 hx = 0.00100
       QSCA =  0.0363
       QCPA =  0.0000 -0.4858

 Update:   Potential etc. stored on FOR002

 Wmsg: Iteration    22 Etot =   -3304.959606 err =  0.00000399
       Dyson loops  31 EF   =      -0.159852 err =  0.00001421 DOS(E_F)=    4.11 hx = 0.00100
       QSCA =  0.0363
       QCPA =  0.0000 -0.4858

 Wmsg: Iteration    23 Etot =   -3304.959609 err =  0.00000298
       Dyson loops  31 EF   =      -0.159861 err =  0.00001055 DOS(E_F)=    4.11 hx = 0.00100
       QSCA =  0.0363
       QCPA =  0.0000 -0.4858

 Wmsg: Iteration    24 Etot =   -3304.959611 err =  0.00000221
       Dyson loops  31 EF   =      -0.159868 err =  0.00000781 DOS(E_F)=    4.11 hx = 0.00100
       QSCA =  0.0363
       QCPA =  0.0000 -0.4858

 Wmsg: Iteration    25 Etot =   -3304.959613 err =  0.00000165
       Dyson loops  31 EF   =      -0.159873 err =  0.00000578 DOS(E_F)=    4.11 hx = 0.00100
       QSCA =  0.0363
       QCPA =  0.0000 -0.4858

 Wmsg: Iteration    26 Etot =   -3304.959614 err =  0.00000122
       Dyson loops  31 EF   =      -0.159877 err =  0.00000431 DOS(E_F)=    4.11 hx = 0.00100
       QSCA =  0.0363
       QCPA =  0.0000 -0.4858

 Wmsg: Iteration    27 Etot =   -3304.959615 err =  0.00000090
       Dyson loops  31 EF   =      -0.159880 err =  0.00000318 DOS(E_F)=    4.11 hx = 0.00100
       QSCA =  0.0363
       QCPA =  0.0000 -0.4858

 Wmsg: Iteration    28 Etot =   -3304.959616 err =  0.00000066
       Dyson loops  31 EF   =      -0.159882 err =  0.00000236 DOS(E_F)=    4.11 hx = 0.00100
       QSCA =  0.0363
       QCPA =  0.0000 -0.4858

 Update:   Potential etc. stored on FOR002

 Wmsg: Iteration    29 Etot =   -3304.959616 err =  0.00000049
       Dyson loops  31 EF   =      -0.159884 err =  0.00000176 DOS(E_F)=    4.11 hx = 0.00100
       QSCA =  0.0363
       QCPA =  0.0000 -0.4858

 Wmsg: Iteration    30 Etot =   -3304.959617 err =  0.00000037
       Dyson loops  31 EF   =      -0.159885 err =  0.00000131 DOS(E_F)=    4.11 hx = 0.00100
       QSCA =  0.0363
       QCPA =  0.0000 -0.4858

 Wmsg: Iteration    31 Etot =   -3304.959617 err =  0.00000027
       Dyson loops  31 EF   =      -0.159886 err =  0.00000098 DOS(E_F)=    4.11 hx = 0.00100
       QSCA =  0.0363
       QCPA =  0.0000 -0.4858

 Wmsg: Iteration    32 Etot =   -3304.959617 err =  0.00000020
       Dyson loops  31 EF   =      -0.159886 err =  0.00000073 DOS(E_F)=    4.11 hx = 0.00100
       QSCA =  0.0363
       QCPA =  0.0000 -0.4858

 Wmsg: Iteration    33 Etot =   -3304.959617 err =  0.00000015
       Dyson loops  31 EF   =      -0.159887 err =  0.00000054 DOS(E_F)=    4.11 hx = 0.00100
       QSCA =  0.0363
       QCPA =  0.0000 -0.4858

 Wmsg: Iteration    34 Etot =   -3304.959617 err =  0.00000011
       Dyson loops  31 EF   =      -0.159887 err =  0.00000040 DOS(E_F)=    4.11 hx = 0.00100
       QSCA =  0.0363
       QCPA =  0.0000 -0.4858

 Wmsg: Iteration    35 Etot =   -3304.959617 err =  0.00000008
       Dyson loops  31 EF   =      -0.159887 err =  0.00000030 DOS(E_F)=    4.11 hx = 0.00100
       QSCA =  0.0363
       QCPA =  0.0000 -0.4858

 Update:   Potential etc. stored on FOR002

 Wmsg: Iteration    36 Etot =   -3304.959617 err =  0.00000006
       Dyson loops  31 EF   =      -0.159888 err =  0.00000022 DOS(E_F)=    4.11 hx = 0.00100
       QSCA =  0.0363
       QCPA =  0.0000 -0.4858

 Wmsg: Iteration    37 Etot =   -3304.959618 err =  0.00000005
       Dyson loops  31 EF   =      -0.159888 err =  0.00000016 DOS(E_F)=    4.11 hx = 0.00100
       QSCA =  0.0363
       QCPA =  0.0000 -0.4858

 Wmsg: Iteration    38 Etot =   -3304.959618 err =  0.00000003
       Dyson loops  31 EF   =      -0.159888 err =  0.00000012 DOS(E_F)=    4.11 hx = 0.00100
       QSCA =  0.0363
       QCPA =  0.0000 -0.4858

 Wmsg: Iteration    39 Etot =   -3304.959618 err =  0.00000002
       Dyson loops  31 EF   =      -0.159888 err =  0.00000009 DOS(E_F)=    4.11 hx = 0.00100
       QSCA =  0.0363
       QCPA =  0.0000 -0.4858

 Wmsg: Iteration    40 Etot =   -3304.959618 err =  0.00000002
       Dyson loops  31 EF   =      -0.159888 err =  0.00000007 DOS(E_F)=    4.11 hx = 0.00100
       QSCA =  0.0363
       QCPA =  0.0000 -0.4858

 Wmsg: Iteration    41 Etot =   -3304.959618 err =  0.00000001
       Dyson loops  31 EF   =      -0.159888 err =  0.00000005 DOS(E_F)=    4.11 hx = 0.00100
       QSCA =  0.0363
       QCPA =  0.0000 -0.4858

 Wmsg: Iteration    42 Etot =   -3304.959618 err =  0.00000001
       Dyson loops  31 EF   =      -0.159888 err =  0.00000004 DOS(E_F)=    4.11 hx = 0.00100
       QSCA =  0.0363
       QCPA =  0.0000 -0.4858

 Update:   Potential etc. stored on FOR002

 Wmsg: Iteration    43 Etot =   -3304.959618 err =  0.00000001
       Dyson loops  31 EF   =      -0.159888 err =  0.00000003 DOS(E_F)=    4.11 hx = 0.00100
       QSCA =  0.0363
       QCPA =  0.0000 -0.4858

 Wmsg: Iteration    44 Etot =   -3304.959618 err =  0.00000000
       Dyson loops  31 EF   =      -0.159888 err =  0.00000002 DOS(E_F)=    4.11 hx = 0.00100
       QSCA =  0.0363
       QCPA =  0.0000 -0.4858

 Wmsg: Iteration    45 Etot =   -3304.959618 err =  0.00000000
       Dyson loops  31 EF   =      -0.159888 err =  0.00000002 DOS(E_F)=    4.11 hx = 0.00100
       QSCA =  0.0363
       QCPA =  0.0000 -0.4858

 Wmsg: Iteration    46 Etot =   -3304.959618 err =  0.00000000
       Dyson loops  31 EF   =      -0.159888 err =  0.00000001 DOS(E_F)=    4.11 hx = 0.00100
       QSCA =  0.0363
       QCPA =  0.0000 -0.4858

 Wmsg: Iteration    47 Etot =   -3304.959618 err =  0.00000000
       Dyson loops  31 EF   =      -0.159888 err =  0.00000001 DOS(E_F)=    4.11 hx = 0.00100
       QSCA =  0.0363
       QCPA =  0.0000 -0.4858

 Update:   Potential etc. stored on FOR002

 Dospth: CPA equation for IS =  1 converged in  1- 1 iterations

 KGRN:     Calculation of the full charge density, lmaxh =  8

 Kkrfcd:   NOS(Ef) = 10.999975 ELT = 11.000000

 Mgaunt:   Generate real Gaunt numbers

 Grnfcd:   Construct the full charge density

 Eldens:   Calculate multipole moments

 Eldens:   delQ = -0.000025 QTI = -0.000025  0.124731

 Rotchd:   Perform the 3D rotations

 Fcdupd:   Full charge density stored on FOR010

 KGRN: Calculation finished at 11:32 on 23-Jan-26
 
  Total time for the self-consistency loop:      34.600
  Total linear iterations time :      16.215
