
 KGRN: job = CuMg_1.00_2.63 isno =   0 Func = SCA

           Shape function for IQ =  1

 Mgaunt:   Generate real Gaunt numbers

 Setsym:   Set up the site-group symmetry elements for IQ=  1

           E     sigb  C31+  C31-  sigf  sige  C4z+  C4z-
           C2z   sigx  C2d   C4y-  S64-  S62+  sigy  C4x+
           C2c   S62-  S63+  siga  C33+  C34-  S4x+  S4y-
           I     C2b   S61-  S61+  C2f   C2e   S4z-  S4z+
           sigz  C2x   sigd  S4y+  C34+  C32-  C2y   S4x-
           sigc  C32+  C33-  C2a   S63-  S64+  C4x-  C4y+

 Atomc:    Atomic calculations for: Cu  

 Atomc:    Atomic calculations converged

           Number of core electrons  17.99891800
 Atomc:    Atomic calculations for: Mg  

 Atomc:    Atomic calculations converged

           Number of core electrons   9.99545180

 KMESHMP : Monkhorst-Pack k-mesh parameters, NKX,NKY,NKZ= 32 32 31

 Setkms:   NKVEC =     8193

 Blochs:   Bloch sum of slope matrix => array
  1  1  -1.10  1.1206 -0.9541  0.1373 -0.0239  0.0043 -0.0007  0.0001
  2  1  -1.08  1.0617 -0.9113  0.1252 -0.0208  0.0035 -0.0006  0.0001
  3  1  -1.00  0.8283 -0.7342  0.0813 -0.0109  0.0015 -0.0002  0.0000
  4  1  -0.84  0.4169 -0.3918  0.0231 -0.0017  0.0001 -0.0000  0.0000
  5  1  -0.64  0.0398  0.0393  0.0002  0.0000  0.0000  0.0000  0.0000
  6  1  -0.44  0.4989  0.4633  0.0324  0.0027  0.0002  0.0000  0.0000
  7  1  -0.28  0.9377  0.8187  0.1011  0.0151  0.0023  0.0003  0.0000
  8  1  -0.16  1.2965  1.0781  0.1753  0.0344  0.0069  0.0014  0.0002
  9  1  -0.08  1.5460  1.2439  0.2334  0.0529  0.0123  0.0028  0.0005
 10  1  -0.04  1.6955  1.3381  0.2701  0.0658  0.0165  0.0040  0.0008
 11  1  -0.02  1.7746  1.3865  0.2899  0.0732  0.0190  0.0048  0.0010
 12  1  -0.01  1.8124  1.4092  0.2995  0.0769  0.0202  0.0052  0.0011
 13  1  -0.00  1.8286  1.4189  0.3037  0.0785  0.0208  0.0054  0.0012
 14  1  -0.00  1.8347  1.4225  0.3052  0.0791  0.0210  0.0054  0.0012
 15  1  -0.00  1.8364  1.4236  0.3057  0.0792  0.0211  0.0054  0.0012
 16  1  -0.00  1.8367  1.4238  0.3057  0.0793  0.0211  0.0054  0.0012

 Slfcns:   Start LDA iterations by KKR, XC = Perdew-Wang 96 LDA, Soft-core-A 

 Wmsg: Iteration     1 Etot =   -3304.856131 err = 10.34587313
       Dyson loops  31 EF   =       0.009944 err =  0.06197147 DOS(E_F)=   26.58 hx = 0.10100
       QSCA =  0.0151
       QCPA =  0.0000 -0.0458

 Wmsg: Iteration     2 Etot =   -3304.965008 err =  0.10887763
       Dyson loops  31 EF   =      -0.011066 err =  0.06170217 DOS(E_F)=    4.19 hx = 0.08080
       QSCA =  0.0221
       QCPA =  0.0000 -0.1622

 Wmsg: Iteration     3 Etot =   -3304.971926 err =  0.00691720
       Dyson loops  31 EF   =      -0.042929 err =  0.03878107 DOS(E_F)=    4.29 hx = 0.06464
       QSCA =  0.0264
       QCPA =  0.0000 -0.2441

 Wmsg: Iteration     4 Etot =   -3304.980614 err =  0.00868798
       Dyson loops  31 EF   =      -0.057809 err =  0.00261374 DOS(E_F)=    4.20 hx = 0.05171
       QSCA =  0.0293
       QCPA =  0.0000 -0.3024

 Wmsg: Iteration     5 Etot =   -3304.979890 err =  0.00072343
       Dyson loops  31 EF   =      -0.052685 err =  0.00957425 DOS(E_F)=    4.58 hx = 0.04137
       QSCA =  0.0314
       QCPA =  0.0000 -0.3395

 Wmsg: Iteration     6 Etot =   -3304.980763 err =  0.00087306
       Dyson loops  31 EF   =      -0.050772 err =  0.00118790 DOS(E_F)=    4.06 hx = 0.02068
       QSCA =  0.0328
       QCPA =  0.0000 -0.3644

 Wmsg: Iteration     7 Etot =   -3304.981179 err =  0.00041596
       Dyson loops  31 EF   =      -0.050710 err =  0.00032402 DOS(E_F)=    3.78 hx = 0.01034
       QSCA =  0.0339
       QCPA =  0.0000 -0.3809

 Update:   Potential etc. stored on FOR002

 Wmsg: Iteration     8 Etot =   -3304.981276 err =  0.00009678
       Dyson loops  31 EF   =      -0.060357 err =  0.00063205 DOS(E_F)=    3.78 hx = 0.00517
       QSCA =  0.0346
       QCPA =  0.0000 -0.3916

 Wmsg: Iteration     9 Etot =   -3304.981897 err =  0.00062154
       Dyson loops  31 EF   =      -0.056964 err =  0.00607486 DOS(E_F)=    4.38 hx = 0.00607
       QSCA =  0.0351
       QCPA =  0.0000 -0.3987

 Wmsg: Iteration    10 Etot =   -3304.981840 err =  0.00005783
       Dyson loops  31 EF   =      -0.055003 err =  0.00183869 DOS(E_F)=    4.18 hx = 0.00304
       QSCA =  0.0355
       QCPA =  0.0000 -0.4033

 Wmsg: Iteration    11 Etot =   -3304.981862 err =  0.00002277
       Dyson loops  31 EF   =      -0.054186 err =  0.00073860 DOS(E_F)=    3.75 hx = 0.00152
       QSCA =  0.0357
       QCPA =  0.0000 -0.4063

 Wmsg: Iteration    12 Etot =   -3304.981918 err =  0.00005573
       Dyson loops  31 EF   =      -0.053819 err =  0.00029415 DOS(E_F)=    3.71 hx = 0.00100
       QSCA =  0.0359
       QCPA =  0.0000 -0.4083

 Wmsg: Iteration    13 Etot =   -3304.981958 err =  0.00004008
       Dyson loops  31 EF   =      -0.053693 err =  0.00008537 DOS(E_F)=    3.77 hx = 0.00100
       QSCA =  0.0361
       QCPA =  0.0000 -0.4096

 Wmsg: Iteration    14 Etot =   -3304.981995 err =  0.00003698
       Dyson loops  31 EF   =      -0.053689 err =  0.00002603 DOS(E_F)=    3.81 hx = 0.00100
       QSCA =  0.0362
       QCPA =  0.0000 -0.4105

 Update:   Potential etc. stored on FOR002

 Wmsg: Iteration    15 Etot =   -3304.982027 err =  0.00003183
       Dyson loops  31 EF   =      -0.053735 err =  0.00006725 DOS(E_F)=    3.83 hx = 0.00100
       QSCA =  0.0362
       QCPA =  0.0000 -0.4110

 Wmsg: Iteration    16 Etot =   -3304.982054 err =  0.00002673
       Dyson loops  31 EF   =      -0.053794 err =  0.00007412 DOS(E_F)=    3.84 hx = 0.00100
       QSCA =  0.0363
       QCPA =  0.0000 -0.4114

 Wmsg: Iteration    17 Etot =   -3304.982075 err =  0.00002128
       Dyson loops  31 EF   =      -0.053849 err =  0.00006608 DOS(E_F)=    3.84 hx = 0.00100
       QSCA =  0.0363
       QCPA =  0.0000 -0.4116

 Wmsg: Iteration    18 Etot =   -3304.982091 err =  0.00001644
       Dyson loops  31 EF   =      -0.053894 err =  0.00005360 DOS(E_F)=    3.84 hx = 0.00100
       QSCA =  0.0363
       QCPA =  0.0000 -0.4118

 Wmsg: Iteration    19 Etot =   -3304.982104 err =  0.00001250
       Dyson loops  31 EF   =      -0.053930 err =  0.00004162 DOS(E_F)=    3.84 hx = 0.00100
       QSCA =  0.0363
       QCPA =  0.0000 -0.4119

 Wmsg: Iteration    20 Etot =   -3304.982113 err =  0.00000940
       Dyson loops  31 EF   =      -0.053957 err =  0.00003153 DOS(E_F)=    3.84 hx = 0.00100
       QSCA =  0.0364
       QCPA =  0.0000 -0.4119

 Wmsg: Iteration    21 Etot =   -3304.982120 err =  0.00000703
       Dyson loops  31 EF   =      -0.053978 err =  0.00002355 DOS(E_F)=    3.84 hx = 0.00100
       QSCA =  0.0364
       QCPA =  0.0000 -0.4120

 Update:   Potential etc. stored on FOR002

 Wmsg: Iteration    22 Etot =   -3304.982126 err =  0.00000524
       Dyson loops  31 EF   =      -0.053993 err =  0.00001744 DOS(E_F)=    3.84 hx = 0.00100
       QSCA =  0.0364
       QCPA =  0.0000 -0.4120

 Wmsg: Iteration    23 Etot =   -3304.982130 err =  0.00000389
       Dyson loops  31 EF   =      -0.054004 err =  0.00001286 DOS(E_F)=    3.84 hx = 0.00100
       QSCA =  0.0364
       QCPA =  0.0000 -0.4120

 Wmsg: Iteration    24 Etot =   -3304.982132 err =  0.00000289
       Dyson loops  31 EF   =      -0.054013 err =  0.00000946 DOS(E_F)=    3.84 hx = 0.00100
       QSCA =  0.0364
       QCPA =  0.0000 -0.4120

 Wmsg: Iteration    25 Etot =   -3304.982135 err =  0.00000214
       Dyson loops  31 EF   =      -0.054019 err =  0.00000694 DOS(E_F)=    3.84 hx = 0.00100
       QSCA =  0.0364
       QCPA =  0.0000 -0.4120

 Wmsg: Iteration    26 Etot =   -3304.982136 err =  0.00000158
       Dyson loops  31 EF   =      -0.054023 err =  0.00000511 DOS(E_F)=    3.84 hx = 0.00100
       QSCA =  0.0364
       QCPA =  0.0000 -0.4120

 Wmsg: Iteration    27 Etot =   -3304.982137 err =  0.00000117
       Dyson loops  31 EF   =      -0.054027 err =  0.00000376 DOS(E_F)=    3.84 hx = 0.00100
       QSCA =  0.0364
       QCPA =  0.0000 -0.4120

 Wmsg: Iteration    28 Etot =   -3304.982138 err =  0.00000086
       Dyson loops  31 EF   =      -0.054029 err =  0.00000276 DOS(E_F)=    3.84 hx = 0.00100
       QSCA =  0.0364
       QCPA =  0.0000 -0.4120

 Update:   Potential etc. stored on FOR002

 Wmsg: Iteration    29 Etot =   -3304.982139 err =  0.00000063
       Dyson loops  31 EF   =      -0.054031 err =  0.00000204 DOS(E_F)=    3.84 hx = 0.00100
       QSCA =  0.0364
       QCPA =  0.0000 -0.4120

 Wmsg: Iteration    30 Etot =   -3304.982139 err =  0.00000047
       Dyson loops  31 EF   =      -0.054032 err =  0.00000151 DOS(E_F)=    3.84 hx = 0.00100
       QSCA =  0.0364
       QCPA =  0.0000 -0.4120

 Wmsg: Iteration    31 Etot =   -3304.982140 err =  0.00000035
       Dyson loops  31 EF   =      -0.054033 err =  0.00000112 DOS(E_F)=    3.84 hx = 0.00100
       QSCA =  0.0364
       QCPA =  0.0000 -0.4120

 Wmsg: Iteration    32 Etot =   -3304.982140 err =  0.00000026
       Dyson loops  31 EF   =      -0.054034 err =  0.00000082 DOS(E_F)=    3.84 hx = 0.00100
       QSCA =  0.0364
       QCPA =  0.0000 -0.4120

 Wmsg: Iteration    33 Etot =   -3304.982140 err =  0.00000019
       Dyson loops  31 EF   =      -0.054034 err =  0.00000061 DOS(E_F)=    3.84 hx = 0.00100
       QSCA =  0.0364
       QCPA =  0.0000 -0.4120

 Wmsg: Iteration    34 Etot =   -3304.982140 err =  0.00000014
       Dyson loops  31 EF   =      -0.054035 err =  0.00000045 DOS(E_F)=    3.84 hx = 0.00100
       QSCA =  0.0364
       QCPA =  0.0000 -0.4120

 Wmsg: Iteration    35 Etot =   -3304.982140 err =  0.00000010
       Dyson loops  31 EF   =      -0.054035 err =  0.00000033 DOS(E_F)=    3.84 hx = 0.00100
       QSCA =  0.0364
       QCPA =  0.0000 -0.4120

 Update:   Potential etc. stored on FOR002

 Wmsg: Iteration    36 Etot =   -3304.982140 err =  0.00000008
       Dyson loops  31 EF   =      -0.054035 err =  0.00000025 DOS(E_F)=    3.84 hx = 0.00100
       QSCA =  0.0364
       QCPA =  0.0000 -0.4120

 Wmsg: Iteration    37 Etot =   -3304.982140 err =  0.00000006
       Dyson loops  31 EF   =      -0.054035 err =  0.00000018 DOS(E_F)=    3.84 hx = 0.00100
       QSCA =  0.0364
       QCPA =  0.0000 -0.4120

 Wmsg: Iteration    38 Etot =   -3304.982140 err =  0.00000004
       Dyson loops  31 EF   =      -0.054036 err =  0.00000013 DOS(E_F)=    3.84 hx = 0.00100
       QSCA =  0.0364
       QCPA =  0.0000 -0.4120

 Wmsg: Iteration    39 Etot =   -3304.982140 err =  0.00000003
       Dyson loops  31 EF   =      -0.054036 err =  0.00000010 DOS(E_F)=    3.84 hx = 0.00100
       QSCA =  0.0364
       QCPA =  0.0000 -0.4120

 Wmsg: Iteration    40 Etot =   -3304.982141 err =  0.00000002
       Dyson loops  31 EF   =      -0.054036 err =  0.00000007 DOS(E_F)=    3.84 hx = 0.00100
       QSCA =  0.0364
       QCPA =  0.0000 -0.4120

 Wmsg: Iteration    41 Etot =   -3304.982141 err =  0.00000002
       Dyson loops  31 EF   =      -0.054036 err =  0.00000005 DOS(E_F)=    3.84 hx = 0.00100
       QSCA =  0.0364
       QCPA =  0.0000 -0.4120

 Wmsg: Iteration    42 Etot =   -3304.982141 err =  0.00000001
       Dyson loops  31 EF   =      -0.054036 err =  0.00000004 DOS(E_F)=    3.84 hx = 0.00100
       QSCA =  0.0364
       QCPA =  0.0000 -0.4120

 Update:   Potential etc. stored on FOR002

 Wmsg: Iteration    43 Etot =   -3304.982141 err =  0.00000001
       Dyson loops  31 EF   =      -0.054036 err =  0.00000003 DOS(E_F)=    3.84 hx = 0.00100
       QSCA =  0.0364
       QCPA =  0.0000 -0.4120

 Wmsg: Iteration    44 Etot =   -3304.982141 err =  0.00000001
       Dyson loops  31 EF   =      -0.054036 err =  0.00000002 DOS(E_F)=    3.84 hx = 0.00100
       QSCA =  0.0364
       QCPA =  0.0000 -0.4120

 Wmsg: Iteration    45 Etot =   -3304.982141 err =  0.00000001
       Dyson loops  31 EF   =      -0.054036 err =  0.00000002 DOS(E_F)=    3.84 hx = 0.00100
       QSCA =  0.0364
       QCPA =  0.0000 -0.4120

 Wmsg: Iteration    46 Etot =   -3304.982141 err =  0.00000000
       Dyson loops  31 EF   =      -0.054036 err =  0.00000001 DOS(E_F)=    3.84 hx = 0.00100
       QSCA =  0.0364
       QCPA =  0.0000 -0.4120

 Wmsg: Iteration    47 Etot =   -3304.982141 err =  0.00000000
       Dyson loops  31 EF   =      -0.054036 err =  0.00000001 DOS(E_F)=    3.84 hx = 0.00100
       QSCA =  0.0364
       QCPA =  0.0000 -0.4120

 Update:   Potential etc. stored on FOR002

 Dospth: CPA equation for IS =  1 converged in  1- 1 iterations

 KGRN:     Calculation of the full charge density, lmaxh =  8

 Kkrfcd:   NOS(Ef) = 10.999977 ELT = 11.000000

 Mgaunt:   Generate real Gaunt numbers

 Grnfcd:   Construct the full charge density

 Eldens:   Calculate multipole moments

 Eldens:   delQ = -0.000023 QTI = -0.000023  0.351568

 Rotchd:   Perform the 3D rotations

 Fcdupd:   Full charge density stored on FOR010

 KGRN: Calculation finished at 14:01 on 23-Jan-26
 
  Total time for the self-consistency loop:      37.815
  Total linear iterations time :      16.476
