
 KGRN: job = CuMg_1.00_2.75 isno =   0 Func = SCA

           Shape function for IQ =  1

 Mgaunt:   Generate real Gaunt numbers

 Setsym:   Set up the site-group symmetry elements for IQ=  1

           E     sigb  C31+  C31-  sigf  sige  C4z+  C4z-
           C2z   sigx  C2d   C4y-  S64-  S62+  sigy  C4x+
           C2c   S62-  S63+  siga  C33+  C34-  S4x+  S4y-
           I     C2b   S61-  S61+  C2f   C2e   S4z-  S4z+
           sigz  C2x   sigd  S4y+  C34+  C32-  C2y   S4x-
           sigc  C32+  C33-  C2a   S63-  S64+  C4x-  C4y+

 Atomc:    Atomic calculations for: Cu  

 Atomc:    Atomic calculations converged

           Number of core electrons  17.99936936
 Atomc:    Atomic calculations for: Mg  

 Atomc:    Atomic calculations converged

           Number of core electrons   9.99704034

 KMESHMP : Monkhorst-Pack k-mesh parameters, NKX,NKY,NKZ= 32 32 31

 Setkms:   NKVEC =     8193

 Blochs:   Bloch sum of slope matrix => array
  1  1  -1.10  1.3918 -1.1428  0.1970 -0.0410  0.0088 -0.0018  0.0003
  2  1  -1.08  1.3225 -1.0959  0.1811 -0.0362  0.0074 -0.0015  0.0002
  3  1  -1.00  1.0496 -0.9023  0.1228 -0.0202  0.0034 -0.0006  0.0001
  4  1  -0.84  0.5747 -0.5279  0.0420 -0.0040  0.0004 -0.0000  0.0000
  5  1  -0.64  0.0573 -0.0566  0.0005 -0.0000  0.0000 -0.0000  0.0000
  6  1  -0.44  0.4342  0.4070  0.0250  0.0019  0.0001  0.0000  0.0000
  7  1  -0.28  0.9074  0.7955  0.0954  0.0138  0.0021  0.0003  0.0000
  8  1  -0.16  1.2980  1.0791  0.1756  0.0345  0.0070  0.0014  0.0002
  9  1  -0.08  1.5718  1.2605  0.2396  0.0550  0.0130  0.0030  0.0006
 10  1  -0.04  1.7367  1.3635  0.2804  0.0696  0.0177  0.0044  0.0009
 11  1  -0.02  1.8243  1.4163  0.3025  0.0780  0.0207  0.0053  0.0012
 12  1  -0.01  1.8661  1.4412  0.3133  0.0822  0.0221  0.0058  0.0013
 13  1  -0.00  1.8841  1.4518  0.3179  0.0840  0.0228  0.0060  0.0013
 14  1  -0.00  1.8908  1.4557  0.3196  0.0847  0.0231  0.0061  0.0014
 15  1  -0.00  1.8928  1.4569  0.3201  0.0849  0.0231  0.0061  0.0014
 16  1  -0.00  1.8931  1.4571  0.3202  0.0850  0.0231  0.0061  0.0014

 Slfcns:   Start LDA iterations by KKR, XC = Perdew-Wang 96 LDA, Soft-core-A 

 Wmsg: Iteration     1 Etot =   -3304.853786 err =  8.87991180
       Dyson loops  31 EF   =      -0.028695 err =  0.04872451 DOS(E_F)=   37.93 hx = 0.10100
       QSCA =  0.0160
       QCPA =  0.0000 -0.0644

 Wmsg: Iteration     2 Etot =   -3304.957129 err =  0.10334352
       Dyson loops  31 EF   =      -0.069658 err =  0.10810106 DOS(E_F)=    3.97 hx = 0.10810
       QSCA =  0.0225
       QCPA =  0.0000 -0.1944

 Wmsg: Iteration     3 Etot =   -3304.957775 err =  0.00064631
       Dyson loops  31 EF   =      -0.083164 err =  0.01900577 DOS(E_F)=    3.40 hx = 0.08648
       QSCA =  0.0267
       QCPA =  0.0000 -0.2816

 Wmsg: Iteration     4 Etot =   -3304.960222 err =  0.00244637
       Dyson loops  31 EF   =      -0.121642 err =  0.04083686 DOS(E_F)=    3.77 hx = 0.06918
       QSCA =  0.0296
       QCPA =  0.0000 -0.3401

 Wmsg: Iteration     5 Etot =   -3304.970501 err =  0.01027971
       Dyson loops  31 EF   =      -0.120979 err =  0.00141061 DOS(E_F)=    3.83 hx = 0.05535
       QSCA =  0.0315
       QCPA =  0.0000 -0.3843

 Wmsg: Iteration     6 Etot =   -3304.969500 err =  0.00100135
       Dyson loops  31 EF   =      -0.133786 err =  0.00009086 DOS(E_F)=    3.90 hx = 0.02767
       QSCA =  0.0329
       QCPA =  0.0000 -0.4118

 Wmsg: Iteration     7 Etot =   -3304.969531 err =  0.00003087
       Dyson loops  31 EF   =      -0.129409 err =  0.00799943 DOS(E_F)=    4.99 hx = 0.01384
       QSCA =  0.0339
       QCPA =  0.0000 -0.4288

 Update:   Potential etc. stored on FOR002

 Wmsg: Iteration     8 Etot =   -3304.970181 err =  0.00064984
       Dyson loops  31 EF   =      -0.127176 err =  0.00177855 DOS(E_F)=    3.88 hx = 0.00692
       QSCA =  0.0346
       QCPA =  0.0000 -0.4404

 Wmsg: Iteration     9 Etot =   -3304.970304 err =  0.00012302
       Dyson loops  31 EF   =      -0.126207 err =  0.00085238 DOS(E_F)=    3.91 hx = 0.00346
       QSCA =  0.0351
       QCPA =  0.0000 -0.4480

 Wmsg: Iteration    10 Etot =   -3304.970356 err =  0.00005260
       Dyson loops  31 EF   =      -0.125791 err =  0.00036353 DOS(E_F)=    3.82 hx = 0.00173
       QSCA =  0.0355
       QCPA =  0.0000 -0.4528

 Wmsg: Iteration    11 Etot =   -3304.970416 err =  0.00005933
       Dyson loops  31 EF   =      -0.125677 err =  0.00004865 DOS(E_F)=    3.93 hx = 0.00100
       QSCA =  0.0358
       QCPA =  0.0000 -0.4560

 Wmsg: Iteration    12 Etot =   -3304.970471 err =  0.00005539
       Dyson loops  31 EF   =      -0.126374 err =  0.00009549 DOS(E_F)=    4.00 hx = 0.00100
       QSCA =  0.0360
       QCPA =  0.0000 -0.4580

 Wmsg: Iteration    13 Etot =   -3304.970555 err =  0.00008343
       Dyson loops  31 EF   =      -0.126193 err =  0.00050800 DOS(E_F)=    3.91 hx = 0.00100
       QSCA =  0.0361
       QCPA =  0.0000 -0.4593

 Wmsg: Iteration    14 Etot =   -3304.970578 err =  0.00002322
       Dyson loops  31 EF   =      -0.126112 err =  0.00005131 DOS(E_F)=    3.98 hx = 0.00100
       QSCA =  0.0362
       QCPA =  0.0000 -0.4601

 Update:   Potential etc. stored on FOR002

 Wmsg: Iteration    15 Etot =   -3304.970600 err =  0.00002223
       Dyson loops  31 EF   =      -0.126109 err =  0.00001563 DOS(E_F)=    4.01 hx = 0.00100
       QSCA =  0.0363
       QCPA =  0.0000 -0.4607

 Wmsg: Iteration    16 Etot =   -3304.970619 err =  0.00001892
       Dyson loops  31 EF   =      -0.126136 err =  0.00003894 DOS(E_F)=    4.03 hx = 0.00100
       QSCA =  0.0363
       QCPA =  0.0000 -0.4610

 Wmsg: Iteration    17 Etot =   -3304.970635 err =  0.00001581
       Dyson loops  31 EF   =      -0.126170 err =  0.00004332 DOS(E_F)=    4.03 hx = 0.00100
       QSCA =  0.0364
       QCPA =  0.0000 -0.4613

 Wmsg: Iteration    18 Etot =   -3304.970648 err =  0.00001272
       Dyson loops  31 EF   =      -0.126202 err =  0.00003927 DOS(E_F)=    4.04 hx = 0.00100
       QSCA =  0.0364
       QCPA =  0.0000 -0.4614

 Wmsg: Iteration    19 Etot =   -3304.970657 err =  0.00000993
       Dyson loops  31 EF   =      -0.126230 err =  0.00003224 DOS(E_F)=    4.04 hx = 0.00100
       QSCA =  0.0364
       QCPA =  0.0000 -0.4615

 Wmsg: Iteration    20 Etot =   -3304.970665 err =  0.00000762
       Dyson loops  31 EF   =      -0.126252 err =  0.00002532 DOS(E_F)=    4.04 hx = 0.00100
       QSCA =  0.0364
       QCPA =  0.0000 -0.4616

 Wmsg: Iteration    21 Etot =   -3304.970671 err =  0.00000577
       Dyson loops  31 EF   =      -0.126268 err =  0.00001938 DOS(E_F)=    4.03 hx = 0.00100
       QSCA =  0.0364
       QCPA =  0.0000 -0.4616

 Update:   Potential etc. stored on FOR002

 Wmsg: Iteration    22 Etot =   -3304.970675 err =  0.00000434
       Dyson loops  31 EF   =      -0.126281 err =  0.00001461 DOS(E_F)=    4.03 hx = 0.00100
       QSCA =  0.0364
       QCPA =  0.0000 -0.4616

 Wmsg: Iteration    23 Etot =   -3304.970678 err =  0.00000324
       Dyson loops  31 EF   =      -0.126291 err =  0.00001092 DOS(E_F)=    4.03 hx = 0.00100
       QSCA =  0.0364
       QCPA =  0.0000 -0.4616

 Wmsg: Iteration    24 Etot =   -3304.970681 err =  0.00000242
       Dyson loops  31 EF   =      -0.126298 err =  0.00000811 DOS(E_F)=    4.03 hx = 0.00100
       QSCA =  0.0364
       QCPA =  0.0000 -0.4616

 Wmsg: Iteration    25 Etot =   -3304.970683 err =  0.00000180
       Dyson loops  31 EF   =      -0.126303 err =  0.00000601 DOS(E_F)=    4.03 hx = 0.00100
       QSCA =  0.0364
       QCPA =  0.0000 -0.4617

 Wmsg: Iteration    26 Etot =   -3304.970684 err =  0.00000134
       Dyson loops  31 EF   =      -0.126307 err =  0.00000447 DOS(E_F)=    4.03 hx = 0.00100
       QSCA =  0.0364
       QCPA =  0.0000 -0.4617

 Wmsg: Iteration    27 Etot =   -3304.970685 err =  0.00000099
       Dyson loops  31 EF   =      -0.126310 err =  0.00000330 DOS(E_F)=    4.03 hx = 0.00100
       QSCA =  0.0364
       QCPA =  0.0000 -0.4617

 Wmsg: Iteration    28 Etot =   -3304.970686 err =  0.00000072
       Dyson loops  31 EF   =      -0.126312 err =  0.00000244 DOS(E_F)=    4.03 hx = 0.00100
       QSCA =  0.0364
       QCPA =  0.0000 -0.4617

 Update:   Potential etc. stored on FOR002

 Wmsg: Iteration    29 Etot =   -3304.970686 err =  0.00000054
       Dyson loops  31 EF   =      -0.126314 err =  0.00000182 DOS(E_F)=    4.03 hx = 0.00100
       QSCA =  0.0365
       QCPA =  0.0000 -0.4617

 Wmsg: Iteration    30 Etot =   -3304.970687 err =  0.00000040
       Dyson loops  31 EF   =      -0.126315 err =  0.00000135 DOS(E_F)=    4.03 hx = 0.00100
       QSCA =  0.0365
       QCPA =  0.0000 -0.4617

 Wmsg: Iteration    31 Etot =   -3304.970687 err =  0.00000030
       Dyson loops  31 EF   =      -0.126316 err =  0.00000100 DOS(E_F)=    4.03 hx = 0.00100
       QSCA =  0.0365
       QCPA =  0.0000 -0.4617

 Wmsg: Iteration    32 Etot =   -3304.970687 err =  0.00000022
       Dyson loops  31 EF   =      -0.126317 err =  0.00000074 DOS(E_F)=    4.03 hx = 0.00100
       QSCA =  0.0365
       QCPA =  0.0000 -0.4617

 Wmsg: Iteration    33 Etot =   -3304.970687 err =  0.00000016
       Dyson loops  31 EF   =      -0.126317 err =  0.00000055 DOS(E_F)=    4.03 hx = 0.00100
       QSCA =  0.0365
       QCPA =  0.0000 -0.4617

 Wmsg: Iteration    34 Etot =   -3304.970687 err =  0.00000012
       Dyson loops  31 EF   =      -0.126317 err =  0.00000041 DOS(E_F)=    4.03 hx = 0.00100
       QSCA =  0.0365
       QCPA =  0.0000 -0.4617

 Wmsg: Iteration    35 Etot =   -3304.970687 err =  0.00000009
       Dyson loops  31 EF   =      -0.126318 err =  0.00000030 DOS(E_F)=    4.03 hx = 0.00100
       QSCA =  0.0365
       QCPA =  0.0000 -0.4617

 Update:   Potential etc. stored on FOR002

 Wmsg: Iteration    36 Etot =   -3304.970688 err =  0.00000007
       Dyson loops  31 EF   =      -0.126318 err =  0.00000022 DOS(E_F)=    4.03 hx = 0.00100
       QSCA =  0.0365
       QCPA =  0.0000 -0.4617

 Wmsg: Iteration    37 Etot =   -3304.970688 err =  0.00000005
       Dyson loops  31 EF   =      -0.126318 err =  0.00000017 DOS(E_F)=    4.03 hx = 0.00100
       QSCA =  0.0365
       QCPA =  0.0000 -0.4617

 Wmsg: Iteration    38 Etot =   -3304.970688 err =  0.00000004
       Dyson loops  31 EF   =      -0.126318 err =  0.00000012 DOS(E_F)=    4.03 hx = 0.00100
       QSCA =  0.0365
       QCPA =  0.0000 -0.4617

 Wmsg: Iteration    39 Etot =   -3304.970688 err =  0.00000003
       Dyson loops  31 EF   =      -0.126318 err =  0.00000009 DOS(E_F)=    4.03 hx = 0.00100
       QSCA =  0.0365
       QCPA =  0.0000 -0.4617

 Wmsg: Iteration    40 Etot =   -3304.970688 err =  0.00000002
       Dyson loops  31 EF   =      -0.126318 err =  0.00000007 DOS(E_F)=    4.03 hx = 0.00100
       QSCA =  0.0365
       QCPA =  0.0000 -0.4617

 Wmsg: Iteration    41 Etot =   -3304.970688 err =  0.00000001
       Dyson loops  31 EF   =      -0.126318 err =  0.00000005 DOS(E_F)=    4.03 hx = 0.00100
       QSCA =  0.0365
       QCPA =  0.0000 -0.4617

 Wmsg: Iteration    42 Etot =   -3304.970688 err =  0.00000001
       Dyson loops  31 EF   =      -0.126318 err =  0.00000004 DOS(E_F)=    4.03 hx = 0.00100
       QSCA =  0.0365
       QCPA =  0.0000 -0.4617

 Update:   Potential etc. stored on FOR002

 Wmsg: Iteration    43 Etot =   -3304.970688 err =  0.00000001
       Dyson loops  31 EF   =      -0.126318 err =  0.00000003 DOS(E_F)=    4.03 hx = 0.00100
       QSCA =  0.0365
       QCPA =  0.0000 -0.4617

 Wmsg: Iteration    44 Etot =   -3304.970688 err =  0.00000001
       Dyson loops  31 EF   =      -0.126318 err =  0.00000002 DOS(E_F)=    4.03 hx = 0.00100
       QSCA =  0.0365
       QCPA =  0.0000 -0.4617

 Wmsg: Iteration    45 Etot =   -3304.970688 err =  0.00000001
       Dyson loops  31 EF   =      -0.126318 err =  0.00000002 DOS(E_F)=    4.03 hx = 0.00100
       QSCA =  0.0365
       QCPA =  0.0000 -0.4617

 Wmsg: Iteration    46 Etot =   -3304.970688 err =  0.00000000
       Dyson loops  31 EF   =      -0.126318 err =  0.00000001 DOS(E_F)=    4.03 hx = 0.00100
       QSCA =  0.0365
       QCPA =  0.0000 -0.4617

 Wmsg: Iteration    47 Etot =   -3304.970688 err =  0.00000000
       Dyson loops  31 EF   =      -0.126318 err =  0.00000001 DOS(E_F)=    4.03 hx = 0.00100
       QSCA =  0.0365
       QCPA =  0.0000 -0.4617

 Update:   Potential etc. stored on FOR002

 Dospth: CPA equation for IS =  1 converged in  1- 1 iterations

 KGRN:     Calculation of the full charge density, lmaxh =  8

 Kkrfcd:   NOS(Ef) = 10.999975 ELT = 11.000000

 Mgaunt:   Generate real Gaunt numbers

 Grnfcd:   Construct the full charge density

 Eldens:   Calculate multipole moments

 Eldens:   delQ = -0.000025 QTI = -0.000025  0.203583

 Rotchd:   Perform the 3D rotations

 Fcdupd:   Full charge density stored on FOR010

 KGRN: Calculation finished at 14:05 on 23-Jan-26
 
  Total time for the self-consistency loop:      36.728
  Total linear iterations time :      17.142
