
 KGRN: job = CuMg_1.62_3.30 isno =   0 Func = SCA

           Shape function for IQ =  1

           Shape function for IQ =  2

 Mgaunt:   Generate real Gaunt numbers

 Setsym:   Set up the site-group symmetry elements for IQ=  1

           E     C3-   C211  C212  sigm  c3-   c211  c212


 Setsym:   Set up the site-group symmetry elements for IQ=  2

           E     C3-   C211  C212  sigm  c3-   c211  c212


           The irreducible Brillouin zone will be increased 
           by applying the following missing symmetry elements:

           C3+   C221  c3+   c221  I3+   I221  i3+   i221

 Atomc:    Atomic calculations for: Cu  

 Atomc:    Atomic calculations converged

           Number of core electrons  17.99994677
 Atomc:    Atomic calculations for: Mg  

 Atomc:    Atomic calculations converged

           Number of core electrons   9.99958612

 KMESHMP : Monkhorst-Pack k-mesh parameters, NKX,NKY,NKZ= 21 21 21

 Setkms:   NKVEC =     1331

 Blochs:   Bloch sum of slope matrix => array
  1  1  -1.10  3.2786 -1.5113  0.4087 -0.1474  0.0569 -0.0224  0.0083
  2  1  -1.08  3.1792 -1.4630  0.3830 -0.1337  0.0500 -0.0191  0.0068
  3  1  -1.00  2.7987 -1.2635  0.2857 -0.0861  0.0278 -0.0092  0.0028
  4  1  -0.84  2.1762 -0.8776  0.1378 -0.0289  0.0065 -0.0015  0.0003
  5  1  -0.64  1.5457 -0.3918  0.0275 -0.0026  0.0003 -0.0000  0.0000
  6  1  -0.44  1.2109  0.0860  0.0013  0.0000  0.0000  0.0000  0.0000
  7  1  -0.28  1.6579  0.4864  0.0423  0.0049  0.0006  0.0001  0.0000
  8  1  -0.16  2.0359  0.7787  0.1085  0.0202  0.0040  0.0008  0.0002
  9  1  -0.08  2.3069  0.9656  0.1668  0.0384  0.0095  0.0024  0.0006
 10  1  -0.04  2.4729  1.0717  0.2055  0.0526  0.0144  0.0040  0.0011
 11  1  -0.02  2.5619  1.1262  0.2270  0.0610  0.0176  0.0052  0.0014
 12  1  -0.01  2.6047  1.1518  0.2374  0.0653  0.0192  0.0058  0.0016
 13  1  -0.00  2.6231  1.1628  0.2419  0.0671  0.0200  0.0060  0.0017
 14  1  -0.00  2.6300  1.1668  0.2436  0.0678  0.0202  0.0062  0.0018
 15  1  -0.00  2.6321  1.1680  0.2441  0.0680  0.0203  0.0062  0.0018
 16  1  -0.00  2.6324  1.1682  0.2442  0.0681  0.0203  0.0062  0.0018

 Slfcns:   Start LDA iterations by KKR, XC = Perdew-Wang 96 LDA, Soft-core-A 
                -0.2020     34.5281
                -0.1010     27.9092
                -0.0000     20.4554
                 0.1010     23.1015
                 0.2020     25.6727

 Wmsg: Iteration     1 Etot =   -2724.719207 err =  3.60284900
       Dyson loops  11 EF   =      -0.234681 err =  0.27775432 DOS(E_F)=   12.23 hx = 0.27775
       QSCA =  0.0052
       QCPA =  0.0121 -0.0484

 Wmsg: Iteration     2 Etot =   -2723.726916 err =  0.99229158
       Dyson loops  31 EF   =      -0.058809 err =  0.17397556 DOS(E_F)=   -7.32 hx = 0.22220
       QSCA =  0.0294
       QCPA =  0.0429 -0.1717

 Wmsg: Iteration     3 Etot =   -2723.668138 err =  0.05877745
       Dyson loops  31 EF   =      -0.198025 err =  0.07271886 DOS(E_F)=   11.75 hx = 0.17776
       QSCA =  0.0314
       QCPA =  0.0638 -0.2553

 Wmsg: Iteration     4 Etot =   -2723.652838 err =  0.01530085
       Dyson loops  31 EF   =      -0.247167 err =  0.07079668 DOS(E_F)=   11.58 hx = 0.14221
       QSCA =  0.0313
       QCPA =  0.0766 -0.3063

 Wmsg: Iteration     5 Etot =   -2723.715144 err =  0.06230611
       Dyson loops  31 EF   =      -0.249418 err =  0.03582285 DOS(E_F)=    9.64 hx = 0.11377
       QSCA =  0.0303
       QCPA =  0.0941 -0.3764

 Wmsg: Iteration     6 Etot =   -2724.365458 err =  0.65031407
       Dyson loops  26 EF   =      -0.432685 err =  0.04207860 DOS(E_F)=  228.27 hx = 0.05688
       QSCA =  0.0417
       QCPA =  0.0909 -0.3635
                -0.6815     -1.6173
                -0.5677     -1.1778
                -0.4540      1.6737
                -0.3402      5.1353
                -0.2264      6.7716

 Wmsg: Iteration     7 Etot =   -2723.733227 err =  0.63223116
       Dyson loops  31 EF   =      -0.174865 err =  0.06355032 DOS(E_F)=   11.44 hx = 0.06355
       QSCA =  0.0380
       QCPA =  0.1018 -0.4073

 Update:   Potential etc. stored on FOR002

 Wmsg: Iteration     8 Etot =   -2723.512768 err =  0.22045900
       Dyson loops   8 EF   =      -0.179128 err =  0.00469591 DOS(E_F)=    9.89 hx = 0.03178
       QSCA =  0.0353
       QCPA =  0.0982 -0.3928
                -0.3069     44.0258
                -0.2434     31.5582
                -0.1798     19.2012
                -0.1163     19.8680
                -0.0527     20.6693

 Wmsg: Iteration     9 Etot =   -2724.722220 err =  1.20945240
       Dyson loops   6 EF   =      -0.348090 err =  0.18164662 DOS(E_F)=   78.64 hx = 0.18165
       QSCA =  0.0346
       QCPA =  0.1052 -0.4209

 Wmsg: Iteration    10 Etot =   -2723.769160 err =  0.95306013
       Dyson loops  31 EF   =      -0.310925 err =  0.01858818 DOS(E_F)=  235.32 hx = 0.09082
       QSCA =  0.0319
       QCPA =  0.1180 -0.4719

 Wmsg: Iteration    11 Etot =   -2723.693874 err =  0.07528610
       Dyson loops  31 EF   =      -0.276514 err =  0.05663046 DOS(E_F)=   30.13 hx = 0.05663
       QSCA =  0.0311
       QCPA =  0.1156 -0.4626
                -0.4579     -9.8597
                -0.3670      4.0956
                -0.2762     17.9392
                -0.1854     18.1634
                -0.0946     18.2806
                -0.0946     18.7484
                -0.0379     19.9688
                 0.0187     21.3227
                 0.0753     22.8226
                 0.1319     24.4830

 Wmsg: Iteration    12 Etot =   -2723.684060 err =  0.00981349
       Dyson loops  31 EF   =      -0.227834 err =  0.07422876 DOS(E_F)= -868.89 hx = 0.07423
       QSCA =  0.0437
       QCPA =  0.1121 -0.4486

 Wmsg: Iteration    13 Etot =   -2723.722422 err =  0.03836221
       Dyson loops  31 EF   =      -0.225117 err =  0.00966688 DOS(E_F)=  121.35 hx = 0.03711
       QSCA =  0.0382
       QCPA =  0.1078 -0.4312
                -0.3747      9.5086
                -0.3005     18.2952
                -0.2263     16.9272
                -0.1521     15.4471
                -0.0778     16.1932
                -0.0778     19.3808
                -0.0407     20.1888
                -0.0036     21.0739
                 0.0335     22.0287
                 0.0706     23.0376
                -0.2263     20.1956
                -0.1892     18.6064
                -0.1521     19.4063
                -0.1149     20.1770
                -0.0778     20.9700

 Wmsg: Iteration    14 Etot =   -2723.723131 err =  0.00070825
       Dyson loops  31 EF   =      -0.281276 err =  0.07196422 DOS(E_F)=   11.48 hx = 0.07196
       QSCA =  0.0363
       QCPA =  0.1155 -0.4619

 Update:   Potential etc. stored on FOR002

 Wmsg: Iteration    15 Etot =   -2723.706620 err =  0.01651060
       Dyson loops  31 EF   =      -0.265715 err =  0.02479593 DOS(E_F)=   15.46 hx = 0.03598
       QSCA =  0.0358
       QCPA =  0.1151 -0.4605

 Wmsg: Iteration    16 Etot =   -2723.710092 err =  0.00347243
       Dyson loops  31 EF   =      -0.260611 err =  0.00021136 DOS(E_F)=  165.73 hx = 0.01799
       QSCA =  0.0368
       QCPA =  0.1131 -0.4523

 Wmsg: Iteration    17 Etot =   -2724.536353 err =  0.82626055
       Dyson loops   6 EF   =      -0.316850 err =  0.01862307 DOS(E_F)=   73.56 hx = 0.01862
       QSCA =  0.0375
       QCPA =  0.1139 -0.4554

 Wmsg: Iteration    18 Etot =   -2723.759149 err =  0.77720383
       Dyson loops  31 EF   =      -0.307096 err =  0.02833431 DOS(E_F)=   90.30 hx = 0.02833
       QSCA =  0.0337
       QCPA =  0.1250 -0.4999

 Wmsg: Iteration    19 Etot =   -2723.734362 err =  0.02478673
       Dyson loops  31 EF   =      -0.293182 err =  0.01680625 DOS(E_F)=  204.16 hx = 0.01681
       QSCA =  0.0331
       QCPA =  0.1248 -0.4991

 Wmsg: Iteration    20 Etot =   -2723.773870 err =  0.03950784
       Dyson loops  19 EF   =      -0.248629 err =  0.04040646 DOS(E_F)=   29.00 hx = 0.04041
       QSCA =  0.0330
       QCPA =  0.1184 -0.4737

 Wmsg: Iteration    21 Etot =   -2723.763195 err =  0.01067549
       Dyson loops   3 EF   =      -0.226111 err =  0.03909587 DOS(E_F)=   19.74 hx = 0.03910
       QSCA =  0.0339
       QCPA =  0.1154 -0.4617

 Update:   Potential etc. stored on FOR002

 Wmsg: Iteration    22 Etot =   -2723.689127 err =  0.07406790
       Dyson loops  31 EF   =      -0.232958 err =  0.00784674 DOS(E_F)=  121.47 hx = 0.01955
       QSCA =  0.0408
       QCPA =  0.1064 -0.4257

 Wmsg: Iteration    23 Etot =   -2723.706733 err =  0.01760608
       Dyson loops  31 EF   =      -0.258822 err =  0.03843090 DOS(E_F)=   48.44 hx = 0.03843
       QSCA =  0.0394
       QCPA =  0.1063 -0.4252
                -0.2980     12.5364
                -0.2784     13.6286
                -0.2589     16.3508
                -0.2393      5.6129
                -0.2198     -8.7163
                -0.2198     20.2314
                -0.1813     18.6587
                -0.1429     19.4951
                -0.1045     20.3025
                -0.0660     21.2051

 Stop:     KGRN Efxmom
           Low precision Fermi level
           EFGS = -0.361967 HX =  0.0384
           ELT= 18.400000 NOS(Ef)= 16.808162
            -0.373490  1  3  3  2
Process    0 called pstop()
