======================================================================
DMAX OPTIMIZATION LOG
======================================================================
Job Name: Cu
Timestamp: 2026-01-14 10:43:51
Target Vectors: 100
Number of Ratios: 1

======================================================================
OPTIMIZED DMAX VALUES
======================================================================
Ratio (c/a)     DMAX         Shells     Vectors   
----------------------------------------------------------------------
1.00            1.870829     8          88        
======================================================================

STATISTICS
----------------------------------------------------------------------
DMAX Range: 1.870829 - 1.870829 (Δ=0.000000)
Shell Range: 8 - 8 (Δ=0)
Vector Range: 88 - 88 (Δ=0)
Average Vectors: 88.0

✓ Perfect shell consistency across all ratios
