
 KGRN: job = CuMg_1.00_3.40 isno =   0 Func = SCA

           Shape function for IQ =  1

 Mgaunt:   Generate real Gaunt numbers

 Setsym:   Set up the site-group symmetry elements for IQ=  1

           E     sigb  C31+  C31-  sigf  sige  C4z+  C4z-
           C2z   sigx  C2d   C4y-  S64-  S62+  sigy  C4x+
           C2c   S62-  S63+  siga  C33+  C34-  S4x+  S4y-
           I     C2b   S61-  S61+  C2f   C2e   S4z-  S4z+
           sigz  C2x   sigd  S4y+  C34+  C32-  C2y   S4x-
           sigc  C32+  C33-  C2a   S63-  S64+  C4x-  C4y+

 Atomc:    Atomic calculations for: Cu  

 Atomc:    Atomic calculations converged

           Number of core electrons  17.99996604
 Atomc:    Atomic calculations for: Mg  

 Atomc:    Atomic calculations converged

           Number of core electrons   9.99971057

 KMESHMP : Monkhorst-Pack k-mesh parameters, NKX,NKY,NKZ= 32 32 31

 Setkms:   NKVEC =     8193

 Blochs:   Bloch sum of slope matrix => array
  1  1  -1.10  3.3612 -2.1810  0.7174 -0.2850  0.1162 -0.0459  0.0155
  2  1  -1.08  3.1917 -2.1094  0.6711 -0.2578  0.1016 -0.0389  0.0127
  3  1  -1.00  2.5525 -1.8135  0.4960 -0.1638  0.0555 -0.0183  0.0051
  4  1  -0.84  1.5417 -1.2412  0.2323 -0.0525  0.0122 -0.0027  0.0005
  5  1  -0.64  0.5661 -0.5207  0.0409 -0.0039  0.0004 -0.0000  0.0000
  6  1  -0.44  0.1937  0.1879  0.0053  0.0002  0.0000  0.0000  0.0000
  7  1  -0.28  0.8896  0.7818  0.0922  0.0131  0.0019  0.0003  0.0000
  8  1  -0.16  1.5017  1.2153  0.2228  0.0493  0.0112  0.0025  0.0005
  9  1  -0.08  1.9540  1.4925  0.3360  0.0913  0.0255  0.0069  0.0016
 10  1  -0.04  2.2365  1.6500  0.4106  0.1234  0.0380  0.0114  0.0029
 11  1  -0.02  2.3896  1.7308  0.4518  0.1424  0.0461  0.0145  0.0039
 12  1  -0.01  2.4636  1.7688  0.4719  0.1520  0.0502  0.0161  0.0044
 13  1  -0.00  2.4956  1.7850  0.4805  0.1562  0.0521  0.0169  0.0047
 14  1  -0.00  2.5075  1.7910  0.4838  0.1578  0.0528  0.0172  0.0047
 15  1  -0.00  2.5111  1.7928  0.4847  0.1583  0.0530  0.0172  0.0048
 16  1  -0.00  2.5117  1.7931  0.4849  0.1584  0.0531  0.0173  0.0048

 Slfcns:   Start LDA iterations by KKR, XC = Perdew-Wang 96 LDA, Soft-core-A 

 Wmsg: Iteration     1 Etot =    -399.030604 err =  3.66876912
       Dyson loops  31 EF   =      -0.049985 err =  0.04643163 DOS(E_F)=    6.70 hx = 0.10100
       QSCA =  0.0042
       QCPA =  0.2171  0.0000

 Wmsg: Iteration     2 Etot =    -399.028256 err =  0.00234757
       Dyson loops  31 EF   =      -0.082157 err =  0.03294537 DOS(E_F)=    6.22 hx = 0.08080
       QSCA =  0.0071
       QCPA =  0.3365  0.0000

 Wmsg: Iteration     3 Etot =    -399.031320 err =  0.00306392
       Dyson loops  31 EF   =      -0.123114 err =  0.04155594 DOS(E_F)=    5.80 hx = 0.06464
       QSCA =  0.0090
       QCPA =  0.4041  0.0000

 Wmsg: Iteration     4 Etot =    -399.040317 err =  0.00899715
       Dyson loops  31 EF   =      -0.137912 err =  0.00110385 DOS(E_F)=    7.05 hx = 0.05171
       QSCA =  0.0097
       QCPA =  0.4493  0.0000

 Wmsg: Iteration     5 Etot =    -399.039610 err =  0.00070726
       Dyson loops  31 EF   =      -0.132730 err =  0.00965527 DOS(E_F)=    6.13 hx = 0.04137
       QSCA =  0.0102
       QCPA =  0.4740  0.0000

 Wmsg: Iteration     6 Etot =    -399.042370 err =  0.00275993
       Dyson loops  31 EF   =      -0.130549 err =  0.00189447 DOS(E_F)=    6.50 hx = 0.02068
       QSCA =  0.0107
       QCPA =  0.4888  0.0000

 Wmsg: Iteration     7 Etot =    -399.043784 err =  0.00141375
       Dyson loops  31 EF   =      -0.130523 err =  0.00018346 DOS(E_F)=    6.73 hx = 0.01034
       QSCA =  0.0110
       QCPA =  0.4978  0.0000

 Update:   Potential etc. stored on FOR002

 Wmsg: Iteration     8 Etot =    -399.044270 err =  0.00048656
       Dyson loops  31 EF   =      -0.141462 err =  0.01107663 DOS(E_F)=    6.52 hx = 0.01108
       QSCA =  0.0112
       QCPA =  0.5034  0.0000

 Wmsg: Iteration     9 Etot =    -399.044631 err =  0.00036044
       Dyson loops  31 EF   =      -0.136645 err =  0.00470347 DOS(E_F)=    6.49 hx = 0.00554
       QSCA =  0.0113
       QCPA =  0.5074  0.0000

 Wmsg: Iteration    10 Etot =    -399.044889 err =  0.00025812
       Dyson loops  31 EF   =      -0.134623 err =  0.00192825 DOS(E_F)=    6.77 hx = 0.00277
       QSCA =  0.0114
       QCPA =  0.5095  0.0000

 Wmsg: Iteration    11 Etot =    -399.045172 err =  0.00028345
       Dyson loops  31 EF   =      -0.134033 err =  0.00053979 DOS(E_F)=    6.79 hx = 0.00138
       QSCA =  0.0116
       QCPA =  0.5109  0.0000

 Wmsg: Iteration    12 Etot =    -399.045325 err =  0.00015303
       Dyson loops  31 EF   =      -0.133908 err =  0.00008554 DOS(E_F)=    6.59 hx = 0.00100
       QSCA =  0.0116
       QCPA =  0.5118  0.0000

 Wmsg: Iteration    13 Etot =    -399.045426 err =  0.00010099
       Dyson loops  31 EF   =      -0.134313 err =  0.00009174 DOS(E_F)=    6.55 hx = 0.00100
       QSCA =  0.0117
       QCPA =  0.5124  0.0000

 Wmsg: Iteration    14 Etot =    -399.045497 err =  0.00007095
       Dyson loops  31 EF   =      -0.134267 err =  0.00031981 DOS(E_F)=    6.58 hx = 0.00100
       QSCA =  0.0117
       QCPA =  0.5128  0.0000

 Update:   Potential etc. stored on FOR002

 Wmsg: Iteration    15 Etot =    -399.045550 err =  0.00005251
       Dyson loops  31 EF   =      -0.134288 err =  0.00003617 DOS(E_F)=    6.55 hx = 0.00100
       QSCA =  0.0118
       QCPA =  0.5131  0.0000

 Wmsg: Iteration    16 Etot =    -399.045587 err =  0.00003743
       Dyson loops  31 EF   =      -0.134344 err =  0.00006689 DOS(E_F)=    6.54 hx = 0.00100
       QSCA =  0.0118
       QCPA =  0.5133  0.0000

 Wmsg: Iteration    17 Etot =    -399.045615 err =  0.00002730
       Dyson loops  31 EF   =      -0.134404 err =  0.00006806 DOS(E_F)=    6.54 hx = 0.00100
       QSCA =  0.0118
       QCPA =  0.5134  0.0000

 Wmsg: Iteration    18 Etot =    -399.045635 err =  0.00001992
       Dyson loops  31 EF   =      -0.134458 err =  0.00005924 DOS(E_F)=    6.54 hx = 0.00100
       QSCA =  0.0118
       QCPA =  0.5135  0.0000

 Wmsg: Iteration    19 Etot =    -399.045649 err =  0.00001456
       Dyson loops  31 EF   =      -0.134502 err =  0.00004793 DOS(E_F)=    6.54 hx = 0.00100
       QSCA =  0.0118
       QCPA =  0.5135  0.0000

 Wmsg: Iteration    20 Etot =    -399.045660 err =  0.00001065
       Dyson loops  31 EF   =      -0.134536 err =  0.00003733 DOS(E_F)=    6.54 hx = 0.00100
       QSCA =  0.0118
       QCPA =  0.5136  0.0000

 Wmsg: Iteration    21 Etot =    -399.045668 err =  0.00000780
       Dyson loops  31 EF   =      -0.134562 err =  0.00002846 DOS(E_F)=    6.55 hx = 0.00100
       QSCA =  0.0119
       QCPA =  0.5136  0.0000

 Update:   Potential etc. stored on FOR002

 Wmsg: Iteration    22 Etot =    -399.045673 err =  0.00000572
       Dyson loops  31 EF   =      -0.134582 err =  0.00002142 DOS(E_F)=    6.55 hx = 0.00100
       QSCA =  0.0119
       QCPA =  0.5136  0.0000

 Wmsg: Iteration    23 Etot =    -399.045677 err =  0.00000419
       Dyson loops  31 EF   =      -0.134597 err =  0.00001599 DOS(E_F)=    6.55 hx = 0.00100
       QSCA =  0.0119
       QCPA =  0.5136  0.0000

 Wmsg: Iteration    24 Etot =    -399.045681 err =  0.00000308
       Dyson loops  31 EF   =      -0.134608 err =  0.00001189 DOS(E_F)=    6.55 hx = 0.00100
       QSCA =  0.0119
       QCPA =  0.5136  0.0000

 Wmsg: Iteration    25 Etot =    -399.045683 err =  0.00000226
       Dyson loops  31 EF   =      -0.134616 err =  0.00000881 DOS(E_F)=    6.55 hx = 0.00100
       QSCA =  0.0119
       QCPA =  0.5136  0.0000

 Wmsg: Iteration    26 Etot =    -399.045684 err =  0.00000166
       Dyson loops  31 EF   =      -0.134622 err =  0.00000651 DOS(E_F)=    6.55 hx = 0.00100
       QSCA =  0.0119
       QCPA =  0.5136  0.0000

 Wmsg: Iteration    27 Etot =    -399.045686 err =  0.00000122
       Dyson loops  31 EF   =      -0.134627 err =  0.00000481 DOS(E_F)=    6.55 hx = 0.00100
       QSCA =  0.0119
       QCPA =  0.5136  0.0000

 Wmsg: Iteration    28 Etot =    -399.045687 err =  0.00000090
       Dyson loops  31 EF   =      -0.134630 err =  0.00000354 DOS(E_F)=    6.55 hx = 0.00100
       QSCA =  0.0119
       QCPA =  0.5136  0.0000

 Update:   Potential etc. stored on FOR002

 Wmsg: Iteration    29 Etot =    -399.045687 err =  0.00000065
       Dyson loops  31 EF   =      -0.134632 err =  0.00000261 DOS(E_F)=    6.55 hx = 0.00100
       QSCA =  0.0119
       QCPA =  0.5136  0.0000

 Wmsg: Iteration    30 Etot =    -399.045688 err =  0.00000048
       Dyson loops  31 EF   =      -0.134634 err =  0.00000192 DOS(E_F)=    6.55 hx = 0.00100
       QSCA =  0.0119
       QCPA =  0.5136  0.0000

 Wmsg: Iteration    31 Etot =    -399.045688 err =  0.00000035
       Dyson loops  31 EF   =      -0.134635 err =  0.00000141 DOS(E_F)=    6.55 hx = 0.00100
       QSCA =  0.0119
       QCPA =  0.5136  0.0000

 Wmsg: Iteration    32 Etot =    -399.045688 err =  0.00000026
       Dyson loops  31 EF   =      -0.134636 err =  0.00000104 DOS(E_F)=    6.55 hx = 0.00100
       QSCA =  0.0119
       QCPA =  0.5136  0.0000

 Wmsg: Iteration    33 Etot =    -399.045688 err =  0.00000019
       Dyson loops  31 EF   =      -0.134637 err =  0.00000076 DOS(E_F)=    6.55 hx = 0.00100
       QSCA =  0.0119
       QCPA =  0.5136  0.0000

 Wmsg: Iteration    34 Etot =    -399.045689 err =  0.00000014
       Dyson loops  31 EF   =      -0.134638 err =  0.00000056 DOS(E_F)=    6.55 hx = 0.00100
       QSCA =  0.0119
       QCPA =  0.5136  0.0000

 Wmsg: Iteration    35 Etot =    -399.045689 err =  0.00000010
       Dyson loops  31 EF   =      -0.134638 err =  0.00000042 DOS(E_F)=    6.55 hx = 0.00100
       QSCA =  0.0119
       QCPA =  0.5136  0.0000

 Update:   Potential etc. stored on FOR002

 Wmsg: Iteration    36 Etot =    -399.045689 err =  0.00000008
       Dyson loops  31 EF   =      -0.134638 err =  0.00000031 DOS(E_F)=    6.55 hx = 0.00100
       QSCA =  0.0119
       QCPA =  0.5136  0.0000

 Wmsg: Iteration    37 Etot =    -399.045689 err =  0.00000006
       Dyson loops  31 EF   =      -0.134639 err =  0.00000023 DOS(E_F)=    6.55 hx = 0.00100
       QSCA =  0.0119
       QCPA =  0.5136  0.0000

 Wmsg: Iteration    38 Etot =    -399.045689 err =  0.00000004
       Dyson loops  31 EF   =      -0.134639 err =  0.00000017 DOS(E_F)=    6.55 hx = 0.00100
       QSCA =  0.0119
       QCPA =  0.5136  0.0000

 Wmsg: Iteration    39 Etot =    -399.045689 err =  0.00000003
       Dyson loops  31 EF   =      -0.134639 err =  0.00000012 DOS(E_F)=    6.55 hx = 0.00100
       QSCA =  0.0119
       QCPA =  0.5136  0.0000

 Wmsg: Iteration    40 Etot =    -399.045689 err =  0.00000002
       Dyson loops  31 EF   =      -0.134639 err =  0.00000009 DOS(E_F)=    6.55 hx = 0.00100
       QSCA =  0.0119
       QCPA =  0.5136  0.0000

 Wmsg: Iteration    41 Etot =    -399.045689 err =  0.00000002
       Dyson loops  31 EF   =      -0.134639 err =  0.00000007 DOS(E_F)=    6.55 hx = 0.00100
       QSCA =  0.0119
       QCPA =  0.5136  0.0000

 Wmsg: Iteration    42 Etot =    -399.045689 err =  0.00000001
       Dyson loops  31 EF   =      -0.134639 err =  0.00000005 DOS(E_F)=    6.55 hx = 0.00100
       QSCA =  0.0119
       QCPA =  0.5136  0.0000

 Update:   Potential etc. stored on FOR002

 Wmsg: Iteration    43 Etot =    -399.045689 err =  0.00000001
       Dyson loops  31 EF   =      -0.134639 err =  0.00000004 DOS(E_F)=    6.55 hx = 0.00100
       QSCA =  0.0119
       QCPA =  0.5136  0.0000

 Wmsg: Iteration    44 Etot =    -399.045689 err =  0.00000001
       Dyson loops  31 EF   =      -0.134639 err =  0.00000003 DOS(E_F)=    6.55 hx = 0.00100
       QSCA =  0.0119
       QCPA =  0.5136  0.0000

 Wmsg: Iteration    45 Etot =    -399.045689 err =  0.00000000
       Dyson loops  31 EF   =      -0.134639 err =  0.00000002 DOS(E_F)=    6.55 hx = 0.00100
       QSCA =  0.0119
       QCPA =  0.5136  0.0000

 Wmsg: Iteration    46 Etot =    -399.045689 err =  0.00000000
       Dyson loops  31 EF   =      -0.134639 err =  0.00000002 DOS(E_F)=    6.55 hx = 0.00100
       QSCA =  0.0119
       QCPA =  0.5136  0.0000

 Wmsg: Iteration    47 Etot =    -399.045689 err =  0.00000000
       Dyson loops  31 EF   =      -0.134639 err =  0.00000001 DOS(E_F)=    6.55 hx = 0.00100
       QSCA =  0.0119
       QCPA =  0.5136  0.0000

 Wmsg: Iteration    48 Etot =    -399.045689 err =  0.00000000
       Dyson loops  31 EF   =      -0.134639 err =  0.00000001 DOS(E_F)=    6.55 hx = 0.00100
       QSCA =  0.0119
       QCPA =  0.5136  0.0000

 Update:   Potential etc. stored on FOR002

 Dospth: CPA equation for IS =  1 converged in  1- 1 iterations

 KGRN:     Calculation of the full charge density, lmaxh =  8

 Kkrfcd:   NOS(Ef) =  1.999961 ELT =  2.000000

 Mgaunt:   Generate real Gaunt numbers

 Grnfcd:   Construct the full charge density

 Eldens:   Calculate multipole moments

 Eldens:   delQ = -0.000039 QTI =  0.308195 -0.000039

 Rotchd:   Perform the 3D rotations

 Fcdupd:   Full charge density stored on FOR010

 KGRN: Calculation finished at 15:05 on 23-Jan-26
 
  Total time for the self-consistency loop:      44.447
  Total linear iterations time :      25.442
