======================================================================
DMAX OPTIMIZATION LOG
======================================================================
Job Name: fept
Timestamp: 2026-01-13 17:19:16
Target Vectors: 100
Number of Ratios: 1

======================================================================
OPTIMIZED DMAX VALUES
======================================================================
Ratio (c/a)     DMAX         Shells     Vectors   
----------------------------------------------------------------------
1.04            2.236068     14         90        
======================================================================

STATISTICS
----------------------------------------------------------------------
DMAX Range: 2.236068 - 2.236068 (Δ=0.000000)
Shell Range: 14 - 14 (Δ=0)
Vector Range: 90 - 90 (Δ=0)
Average Vectors: 90.0

✓ Perfect shell consistency across all ratios
